2ba   @   2024-08-02T16:31:57.318

Control Parameters
mcalc = 8
νmax = 20.0
maxiter = 60
overwrite =  flase
Irrep = Ir
goal = 1.0
λlm0 = 0.0001
apology = true
Jmax = 16
S = 0.0
assign = RAM36
turducken = 1
REJECT = 10.0
TK = 25.0
RUNmode =  EF
INTThresh = 0.0
vtmax = 0
NFOLD = 3
νmin = 0.0
INTthres = 1.0e-5
LIMIT = 100

Initial Parameters
 BK;          10496.172837952305;   1.0
 BN;          1640.8833434910644;   1.0
 B⨦;           55.65125111675047;   1.0
 Dab;        -16.185008941764856;   1.0
 T⁰₀(ϵ);                    -0.0;   0.0
 T¹₁(ϵ);                     0.0;   0.0
 T²₀(ϵ);                     0.0;   0.0
 T²₁(ϵ);                    -0.0;   0.0
 T²₂(ϵ);                     0.0;   0.0
 T²₀(χ);                     0.0;   0.0
 T²₁(χ);                    -0.0;   0.0
 T²₂(χ);                     0.0;   0.0
 F;                169682.531228;   0.0
 -2ρzF;      -24274.341931508632;   1.0
 -ρxF;                      -0.0;   0.0
 V3/2;        15124.950380060945;   1.0
 ηz;                         0.0;   0.0
 ηx;                         0.0;   0.0

 ΔN;         -4.36707802770381e-5;   1.0
 ΔNK;       -0.011352074685446559;   1.0
 ΔK;        -0.002639063914417349;   1.0
 δN;       -2.3665300840304506e-5;   1.0
 δK;        -2.990586338373187e-5;   1.0
 FN;         -0.03725612111823862;   1.0
 ρN;          0.03520364324277837;   1.0
 ρK;         0.015020957057119913;   1.0
 ρbc;      -0.0007518809788148443;   1.0

Number of lines = 89

Initial RMS = 1.4236768820597827 MHz
Initial λ = 1.4226648948702937e-7

-------------------------------------

After   1 Iterations:

RMS = 0.0026 MHz, log₁₀(λ) = -6.8469

                        Parameter     Change
  BK;          10497.172839926037;     1.0000
  BN;          1640.8833503464218;     0.0000
  B⨦;           55.65125235082439;     0.0000
  Dab;        -16.185034886101846;    -0.0000
  T⁰₀(ϵ);                    -0.0;      Fixed
  T¹₁(ϵ);                     0.0;      Fixed
  T²₀(ϵ);                     0.0;      Fixed
  T²₁(ϵ);                    -0.0;      Fixed
  T²₂(ϵ);                     0.0;      Fixed
  T²₀(χ);                     0.0;      Fixed
  T²₁(χ);                    -0.0;      Fixed
  T²₂(χ);                     0.0;      Fixed
  F;                169682.531228;      Fixed
  -2ρzF;      -24274.342325354126;    -0.0004
  -ρxF;                      -0.0;      Fixed
  V3/2;        15125.158297432714;     0.2079
  ηz;                         0.0;      Fixed
  ηx;                         0.0;      Fixed
 ΔN;          -4.3746987157364e-5;    -0.0000
 ΔNK;        -0.01135244720765598;    -0.0000
 ΔK;       -0.0026351908530956496;     0.0000
 δN;       -2.3693255700238132e-5;    -0.0000
 δK;       -2.9954548923829397e-5;    -0.0000
 FN;         -0.03725709448074248;    -0.0000
 ρN;         0.035203564911283146;    -0.0000
 ρK;         0.015023263287418494;     0.0000
 ρbc;      -0.0007481485674135371;     0.0000

Max Change; ρbc, 0.4964%

-------------------------------------

 A miracle has come to pass. The fit has converged.

After   1 iterations:

Final RMS = 0.0026 MHz
Final log₁₀(λ) = -6.8469


                         Parameter                   Uncertainty
 A;             11269.90009449746;          0.001084726730694705
 B;            1752.1858550480706;         0.0001491268877800788
 C;             1529.580845644773;         0.0001491268877800788
 Dab;         -16.185034886101846;          0.004787465863491404
 ϵzz;                         0.0;                           0.0
 ϵxx;                         0.0;                           0.0
 ϵzx;                        -0.0;                           0.0
 ϵxz;                         0.0;                           0.0
 ϵyy;                        -0.0;                           0.0
 χzz;                         0.0;                           0.0
 χxz;                         0.0;                           0.0
 χxx-χyy;                     0.0;                           0.0
 F;                          5.66;                           0.0
 ρz;          0.07152870171631585;          3.730323196477577e-8
 ρx;                          0.0;                           0.0
 V3;            1.009041948442393;         0.0004100000396836242
 ηz;                          0.0;                           0.0
 ηx;                          0.0;                           0.0
 ΔN;          -4.3746987157364e-5;         1.6881587781846527e-6
 ΔNK;        -0.01135244720765598;            9.6864013636926e-6
 ΔK;       -0.0026351908530956496;        0.00020968914315903643
 δN;       -2.3693255700238132e-5;         1.2714715149935049e-6
 δK;       -2.9954548923829397e-5;          3.712491359566436e-6
 FN;         -0.03725709448074248;          9.592100527926793e-5
 ρN;         0.035203564911283146;          3.533426741231818e-5
 ρK;         0.015023263287418494;         0.0007439525437251232
 ρbc;      -0.0007481485674135371;          6.236163041018229e-5


Journal Formatted Values
 A;              11.2699001(11)e3
 B;              1.75218586(15)e3
 C;              1.52958085(15)e3
 Dab;               -16.185(48)e0
 ϵzz;               0.0e0 (Fixed)
 ϵxx;               0.0e0 (Fixed)
 ϵzx;              -0.0e0 (Fixed)
 ϵxz;               0.0e0 (Fixed)
 ϵyy;              -0.0e0 (Fixed)
 χzz;               0.0e0 (Fixed)
 χxz;               0.0e0 (Fixed)
 χxx-χyy;           0.0e0 (Fixed)
 F;                5.66e0 (Fixed)
 ρz;             71.528702(37)e-3
 ρx;                0.0e0 (Fixed)
 V3;                1.00904(41)e0
 ηz;                0.0e0 (Fixed)
 ηx;                0.0e0 (Fixed)
 ΔN;                 -43.7(17)e-6
 ΔNK;             -11.3524(97)e-3
 ΔK;                 -2.64(21)e-3
 δN;                 -23.7(13)e-6
 δK;                 -30.0(37)e-6
 FN;               -37.257(96)e-3
 ρN;                35.204(35)e-3
 ρK;                 15.02(74)e-3
 ρbc;               -748.0(62)e-6


 Again, sorry about the name...


