4cl2ftol   @   2024-06-12T15:54:36.867

Control Parameters
mcalc = 6
νmax = 23.0
maxiter = 60
overwrite = false
Irrep = Ir
λlm0 = 0.1
apology = true
Jmax = 1.5
S = 1.5
assign = RAM36
turducken = 2
REJECT = 10.0
TK = 25.0
RUNmode =  EF
vtmax = 0
NFOLD = 3
νmin = 4.0
INTthres = 1.0e-5

Initial Parameters
 BK;          2314.4671312962264;   1.0
 BN;           769.3802420470164;   1.0
 B⨦;           48.46225519287128;   1.0
 Dab;        -126.68112589973111;   1.0
 T⁰₀(ϵ);                    -0.0;   0.0
 T¹₁(ϵ);                     0.0;   0.0
 T²₀(ϵ);                     0.0;   0.0
 T²₁(ϵ);                    -0.0;   0.0
 T²₂(ϵ);                     0.0;   0.0
 T²₀(χ);      -69.21833687588034;   1.0
 T²₁(χ);                    -0.0;   0.0
 T²₂(χ);      0.9871639007786803;   1.0
 F;            161663.7125406618;   0.0
 -2ρzF;       -5957.395962170719;   1.0
 -ρxF;                      -0.0;   0.0
 V3/2;       3.358818303872564e6;   1.0
 ηz;                         0.0;   0.0
 ηx;                         0.0;   0.0

 DN;        -8.097205890036752e-7;   1.0
 DK;        -8.097205890036752e-7;   1.0
 V3N;         -0.3798687828662461;   1.0
 V3N;                        -1.0;   1.0

Number of lines = 312

Initial RMS = 0.9170290078572649 MHz
Initial λ = 9.166089219875674e-5

-------------------------------------

After   1 Iterations:

RMS = 0.0302 MHz, log₁₀(λ) = -4.0378

                        Parameter     Change
  BK;           2314.537381367145;     0.0703
  BN;           769.3896707844536;     0.0094
  B⨦;          48.468813112262644;     0.0066
  Dab;        -125.18341093631498;     1.4977
  T⁰₀(ϵ);                    -0.0;      Fixed
  T¹₁(ϵ);                     0.0;      Fixed
  T²₀(ϵ);                     0.0;      Fixed
  T²₁(ϵ);                    -0.0;      Fixed
  T²₂(ϵ);                     0.0;      Fixed
  T²₀(χ);      -69.23701282239877;    -0.0187
  T²₁(χ);                    -0.0;      Fixed
  T²₂(χ);      0.9814449672057934;    -0.0057
  F;            161663.7125406618;      Fixed
  -2ρzF;       -5951.846894273078;     5.5491
  -ρxF;                      -0.0;      Fixed
  V3/2;      3.3590012901467467e6;   182.9863
  ηz;                         0.0;      Fixed
  ηx;                         0.0;      Fixed
 DN;       -7.6151555686306534e-6;    -0.0000
 DK;        -0.003250520930694633;    -0.0032
 V3N;        -0.37044004542899006;     0.0094
 V3N;                        -1.0;      Fixed

Max Change; DK, 401337.3569%

-------------------------------------

After   2 Iterations:

RMS = 0.0255 MHz, log₁₀(λ) = -5.7930

                        Parameter     Change
  BK;           2314.468060562704;    -0.0693
  BN;           769.3930077739315;     0.0033
  B⨦;           48.47075918536691;     0.0019
  Dab;        -125.24976790134036;    -0.0664
  T⁰₀(ϵ);                    -0.0;      Fixed
  T¹₁(ϵ);                     0.0;      Fixed
  T²₀(ϵ);                     0.0;      Fixed
  T²₁(ϵ);                    -0.0;      Fixed
  T²₂(ϵ);                     0.0;      Fixed
  T²₀(χ);      -69.23787145212977;    -0.0009
  T²₁(χ);                    -0.0;      Fixed
  T²₂(χ);      0.9815436756600221;     0.0001
  F;            161663.7125406618;      Fixed
  -2ρzF;       -5948.699270188384;     3.1476
  -ρxF;                      -0.0;      Fixed
  V3/2;      3.3584468158788513e6;  -554.4743
  ηz;                         0.0;      Fixed
  ηx;                         0.0;      Fixed
 DN;        -7.613763591486649e-6;     0.0000
 DK;       -0.0032725614937747366;    -0.0000
 V3N;          -0.367103055951034;     0.0033
 V3N;                        -1.0;      Fixed

Max Change; V3N, 0.9008%

-------------------------------------

After   3 Iterations:

RMS = 0.0128 MHz, log₁₀(λ) = -5.5382

                        Parameter     Change
  BK;          2314.4447538551294;    -0.0233
  BN;           769.3946918389687;     0.0017
  B⨦;           48.47148046600471;     0.0007
  Dab;        -125.27489926079026;    -0.0251
  T⁰₀(ϵ);                    -0.0;      Fixed
  T¹₁(ϵ);                     0.0;      Fixed
  T²₀(ϵ);                     0.0;      Fixed
  T²₁(ϵ);                    -0.0;      Fixed
  T²₂(ϵ);                     0.0;      Fixed
  T²₀(χ);      -69.23826801632698;    -0.0004
  T²₁(χ);                    -0.0;      Fixed
  T²₂(χ);      0.9815913827248955;     0.0000
  F;            161663.7125406618;      Fixed
  -2ρzF;       -5947.662400926198;     1.0369
  -ρxF;                      -0.0;      Fixed
  V3/2;       3.358269100441847e6;  -177.7154
  ηz;                         0.0;      Fixed
  ηx;                         0.0;      Fixed
 DN;        -7.612304475373383e-6;     0.0000
 DK;       -0.0032760015204673595;    -0.0000
 V3N;          -0.365418990913837;     0.0017
 V3N;                        -1.0;      Fixed

Max Change; V3N, 0.4587%

-------------------------------------

After   4 Iterations:

RMS = 0.0102 MHz, log₁₀(λ) = -5.5084

                        Parameter     Change
  BK;           2314.430216366989;    -0.0145
  BN;           769.3958838756503;     0.0012
  B⨦;           48.47214745074413;     0.0007
  Dab;        -125.29796037072627;    -0.0231
  T⁰₀(ϵ);                    -0.0;      Fixed
  T¹₁(ϵ);                     0.0;      Fixed
  T²₀(ϵ);                     0.0;      Fixed
  T²₁(ϵ);                    -0.0;      Fixed
  T²₂(ϵ);                     0.0;      Fixed
  T²₀(χ);      -69.23855090233587;    -0.0003
  T²₁(χ);                    -0.0;      Fixed
  T²₂(χ);      0.9816393305670754;     0.0000
  F;            161663.7125406618;      Fixed
  -2ρzF;       -5947.086927282429;     0.5755
  -ρxF;                      -0.0;      Fixed
  V3/2;      3.3581700338737816e6;   -99.0666
  ηz;                         0.0;      Fixed
  ηx;                         0.0;      Fixed
 DN;       -7.6114907599858235e-6;     0.0000
 DK;        -0.003277703210825738;    -0.0000
 V3N;          -0.364226954232342;     0.0012
 V3N;                        -1.0;      Fixed

Max Change; V3N, 0.3262%

-------------------------------------

After   5 Iterations:

RMS = 0.0068 MHz, log₁₀(λ) = -5.2768

                        Parameter     Change
  BK;          2314.4212999457004;    -0.0089
  BN;           769.3965540916906;     0.0007
  B⨦;           48.47246113392011;     0.0003
  Dab;        -125.30885657947955;    -0.0109
  T⁰₀(ϵ);                    -0.0;      Fixed
  T¹₁(ϵ);                     0.0;      Fixed
  T²₀(ϵ);                     0.0;      Fixed
  T²₁(ϵ);                    -0.0;      Fixed
  T²₂(ϵ);                     0.0;      Fixed
  T²₀(χ);      -69.23870916090432;    -0.0002
  T²₁(χ);                    -0.0;      Fixed
  T²₂(χ);      0.9816607804427617;     0.0000
  F;            161663.7125406618;      Fixed
  -2ρzF;       -5946.702561894245;     0.3844
  -ρxF;                      -0.0;      Fixed
  V3/2;       3.358104084058761e6;   -65.9498
  ηz;                         0.0;      Fixed
  ηx;                         0.0;      Fixed
 DN;       -7.6109508437378844e-6;     0.0000
 DK;       -0.0032789282302721004;    -0.0000
 V3N;        -0.36355673819201634;     0.0007
 V3N;                        -1.0;      Fixed

Max Change; V3N, 0.1840%

-------------------------------------

After   6 Iterations:

RMS = 0.0057 MHz, log₁₀(λ) = -5.1212

                        Parameter     Change
  BK;          2314.4159893403626;    -0.0053
  BN;           769.3969698254441;     0.0004
  B⨦;           48.47267510194622;     0.0002
  Dab;        -125.31626693456917;    -0.0074
  T⁰₀(ϵ);                    -0.0;      Fixed
  T¹₁(ϵ);                     0.0;      Fixed
  T²₀(ϵ);                     0.0;      Fixed
  T²₁(ϵ);                    -0.0;      Fixed
  T²₂(ϵ);                     0.0;      Fixed
  T²₀(χ);      -69.23880744930062;    -0.0001
  T²₁(χ);                    -0.0;      Fixed
  T²₂(χ);      0.9816758193350373;     0.0000
  F;            161663.7125406618;      Fixed
  -2ρzF;       -5946.482527752189;     0.2200
  -ρxF;                      -0.0;      Fixed
  V3/2;      3.3580662599201067e6;   -37.8241
  ηz;                         0.0;      Fixed
  ηx;                         0.0;      Fixed
 DN;        -7.610640593432997e-6;     0.0000
 DK;        -0.003279610954667067;    -0.0000
 V3N;        -0.36314100443856107;     0.0004
 V3N;                        -1.0;      Fixed

Max Change; V3N, 0.1144%

-------------------------------------

After   7 Iterations:

RMS = 0.0051 MHz, log₁₀(λ) = -4.8695

                        Parameter     Change
  BK;          2314.4129285914123;    -0.0031
  BN;           769.3972006312137;     0.0002
  B⨦;           48.47278327477772;     0.0001
  Dab;        -125.32002250240625;    -0.0038
  T⁰₀(ϵ);                    -0.0;      Fixed
  T¹₁(ϵ);                     0.0;      Fixed
  T²₀(ϵ);                     0.0;      Fixed
  T²₁(ϵ);                    -0.0;      Fixed
  T²₂(ϵ);                     0.0;      Fixed
  T²₀(χ);      -69.23886190235493;    -0.0001
  T²₁(χ);                    -0.0;      Fixed
  T²₂(χ);      0.9816832253307063;     0.0000
  F;            161663.7125406618;      Fixed
  -2ρzF;       -5946.350727568893;     0.1318
  -ρxF;                      -0.0;      Fixed
  V3/2;       3.358043646053156e6;   -22.6139
  ηz;                         0.0;      Fixed
  ηx;                         0.0;      Fixed
 DN;       -7.6104564106298235e-6;     0.0000
 DK;       -0.0032800242760347804;    -0.0000
 V3N;        -0.36291019866903224;     0.0002
 V3N;                        -1.0;      Fixed

Max Change; V3N, 0.0636%

-------------------------------------

After   8 Iterations:

RMS = 0.0049 MHz, log₁₀(λ) = -4.5908

                        Parameter     Change
  BK;          2314.4113158471814;    -0.0016
  BN;           769.3973205817326;     0.0001
  B⨦;           48.47283753611923;     0.0001
  Dab;        -125.32190719088786;    -0.0019
  T⁰₀(ϵ);                    -0.0;      Fixed
  T¹₁(ϵ);                     0.0;      Fixed
  T²₀(ϵ);                     0.0;      Fixed
  T²₁(ϵ);                    -0.0;      Fixed
  T²₂(ϵ);                     0.0;      Fixed
  T²₀(χ);      -69.23889032379395;    -0.0000
  T²₁(χ);                    -0.0;      Fixed
  T²₂(χ);       0.981686882641177;     0.0000
  F;            161663.7125406618;      Fixed
  -2ρzF;       -5946.280372407281;     0.0704
  -ρxF;                      -0.0;      Fixed
  V3/2;       3.358031580113406e6;   -12.0659
  ηz;                         0.0;      Fixed
  ηx;                         0.0;      Fixed
 DN;        -7.610358809456555e-6;     0.0000
 DK;       -0.0032802454148468307;    -0.0000
 V3N;         -0.3627902481500299;     0.0001
 V3N;                        -1.0;      Fixed

Max Change; V3N, 0.0331%

-------------------------------------

After   9 Iterations:

RMS = 0.0048 MHz, log₁₀(λ) = -4.2800

                        Parameter     Change
  BK;           2314.410519439597;    -0.0008
  BN;            769.397379437401;     0.0001
  B⨦;           48.47286301568833;     0.0000
  Dab;        -125.32279301478371;    -0.0009
  T⁰₀(ϵ);                    -0.0;      Fixed
  T¹₁(ϵ);                     0.0;      Fixed
  T²₀(ϵ);                     0.0;      Fixed
  T²₁(ϵ);                    -0.0;      Fixed
  T²₂(ϵ);                     0.0;      Fixed
  T²₀(χ);      -69.23890416887909;    -0.0000
  T²₁(χ);                    -0.0;      Fixed
  T²₂(χ);       0.981688565499041;     0.0000
  F;            161663.7125406618;      Fixed
  -2ρzF;       -5946.245194150773;     0.0352
  -ρxF;                      -0.0;      Fixed
  V3/2;      3.3580255540949833e6;    -6.0260
  ηz;                         0.0;      Fixed
  ηx;                         0.0;      Fixed
 DN;       -7.6103106908352755e-6;     0.0000
 DK;        -0.003280352269917361;    -0.0000
 V3N;        -0.36273139248170333;     0.0001
 V3N;                        -1.0;      Fixed

Max Change; V3N, 0.0162%

-------------------------------------

After  10 Iterations:

RMS = 0.0048 MHz, log₁₀(λ) = -3.9563

                        Parameter     Change
  BK;           2314.410141408101;    -0.0004
  BN;           769.3974074078507;     0.0000
  B⨦;          48.472874873946374;     0.0000
  Dab;        -125.32320541343307;    -0.0004
  T⁰₀(ϵ);                    -0.0;      Fixed
  T¹₁(ϵ);                     0.0;      Fixed
  T²₀(ϵ);                     0.0;      Fixed
  T²₁(ϵ);                    -0.0;      Fixed
  T²₂(ϵ);                     0.0;      Fixed
  T²₀(χ);      -69.23891078515453;    -0.0000
  T²₁(χ);                    -0.0;      Fixed
  T²₂(χ);      0.9816893708522269;     0.0000
  F;            161663.7125406618;      Fixed
  -2ρzF;       -5946.228416683452;     0.0168
  -ρxF;                      -0.0;      Fixed
  V3/2;       3.358022682303152e6;    -2.8718
  ηz;                         0.0;      Fixed
  ηx;                         0.0;      Fixed
 DN;        -7.610288257733179e-6;     0.0000
 DK;       -0.0032804019820134546;    -0.0000
 V3N;         -0.3627034220321015;     0.0000
 V3N;                        -1.0;      Fixed

Max Change; V3N, 0.0077%

-------------------------------------

After  11 Iterations:

RMS = 0.0048 MHz, log₁₀(λ) = -3.6286

                        Parameter     Change
  BK;          2314.4099642170336;    -0.0002
  BN;           769.3974205498766;     0.0000
  B⨦;            48.4728804083758;     0.0000
  Dab;         -125.3233978993909;    -0.0002
  T⁰₀(ϵ);                    -0.0;      Fixed
  T¹₁(ϵ);                     0.0;      Fixed
  T²₀(ϵ);                     0.0;      Fixed
  T²₁(ϵ);                    -0.0;      Fixed
  T²₂(ϵ);                     0.0;      Fixed
  T²₀(χ);      -69.23891372861524;    -0.0000
  T²₁(χ);                    -0.0;      Fixed
  T²₂(χ);       0.981689740230152;     0.0000
  F;            161663.7125406618;      Fixed
  -2ρzF;       -5946.220544434303;     0.0079
  -ρxF;                      -0.0;      Fixed
  V3/2;      3.3580213350685216e6;    -1.3472
  ηz;                         0.0;      Fixed
  ηx;                         0.0;      Fixed
 DN;        -7.610277526243103e-6;     0.0000
 DK;       -0.0032804252503290925;    -0.0000
 V3N;        -0.36269028000615494;     0.0000
 V3N;                        -1.0;      Fixed

Max Change; V3N, 0.0036%

-------------------------------------

After  12 Iterations:

RMS = 0.0048 MHz, log₁₀(λ) = -3.2998

                        Parameter     Change
  BK;           2314.409881324759;    -0.0001
  BN;           769.3974267080131;     0.0000
  B⨦;           48.47288299821026;     0.0000
  Dab;        -125.32348797338399;    -0.0001
  T⁰₀(ϵ);                    -0.0;      Fixed
  T¹₁(ϵ);                     0.0;      Fixed
  T²₀(ϵ);                     0.0;      Fixed
  T²₁(ϵ);                    -0.0;      Fixed
  T²₂(ϵ);                     0.0;      Fixed
  T²₀(χ);      -69.23891533129695;    -0.0000
  T²₁(χ);                    -0.0;      Fixed
  T²₂(χ);      0.9816899041323682;     0.0000
  F;            161663.7125406618;      Fixed
  -2ρzF;       -5946.216861727878;     0.0037
  -ρxF;                      -0.0;      Fixed
  V3/2;      3.3580207048149114e6;    -0.6303
  ηz;                         0.0;      Fixed
  ηx;                         0.0;      Fixed
 DN;        -7.610272824910906e-6;     0.0000
 DK;       -0.0032804359299979076;    -0.0000
 V3N;         -0.3626841218697601;     0.0000
 V3N;                        -1.0;      Fixed

Max Change; V3N, 0.0017%

-------------------------------------

After  13 Iterations:

RMS = 0.0048 MHz, log₁₀(λ) = -2.9708

                        Parameter     Change
  BK;          2314.4098425298826;    -0.0000
  BN;           769.3974295929415;     0.0000
  B⨦;           48.47288421145987;     0.0000
  Dab;        -125.32353017163418;    -0.0000
  T⁰₀(ϵ);                    -0.0;      Fixed
  T¹₁(ϵ);                     0.0;      Fixed
  T²₀(ϵ);                     0.0;      Fixed
  T²₁(ϵ);                    -0.0;      Fixed
  T²₂(ϵ);                     0.0;      Fixed
  T²₀(χ);      -69.23891595449683;    -0.0000
  T²₁(χ);                    -0.0;      Fixed
  T²₂(χ);      0.9816899736209093;     0.0000
  F;            161663.7125406618;      Fixed
  -2ρzF;       -5946.215138717374;     0.0017
  -ρxF;                      -0.0;      Fixed
  V3/2;        3.35802041027262e6;    -0.2945
  ηz;                         0.0;      Fixed
  ηx;                         0.0;      Fixed
 DN;       -7.6102705108571895e-6;     0.0000
 DK;        -0.003280440189208602;    -0.0000
 V3N;         -0.3626812369412806;     0.0000
 V3N;                        -1.0;      Fixed

Max Change; V3N, 0.0008%

-------------------------------------

 It would appear step size has converged.

After  13 iterations:

Final RMS = 0.0048 MHz
Final log₁₀(λ) = -2.9708


                         Parameter                   Uncertainty
 A;            3029.1297660822856;           0.15243752608264244
 B;             866.3431980158613;          0.039639392222525535
 C;             672.4516611700218;          0.039639392222525535
 Dab;         -125.32353017163418;            0.6767839591892798
 ϵzz;                         0.0;                           0.0
 ϵxx;                         0.0;                           0.0
 ϵzx;                        -0.0;                           0.0
 ϵxz;                         0.0;                           0.0
 ϵyy;                        -0.0;                           0.0
 χzz;          -69.23891595449683;           0.04641412745328489
 χxz;                         0.0;                           0.0
 χxx-χyy;      2.4046395209775056;           0.02821908575706767
 F;            5.3925209999999995;                           0.0
 ρz;          0.01839069215122032;          1.443746721498184e-5
 ρx;                          0.0;                           0.0
 V3;           224.02300796190278;           0.05761544857067739
 ηz;                          0.0;                           0.0
 ηx;                          0.0;                           0.0
 DN;       -7.6102705108571895e-6;         1.5324984502195024e-7
 DK;        -0.003280440189208602;        0.00042348312727272236
 V3N;         -0.3626812369412806;                          -0.0
 V3N;                        -1.0;                           0.0


Journal Formatted Values
 A;                 3.02913(15)e3
 B;                  866.343(4)e0
 C;                  672.452(4)e0
 Dab;               -125.32(68)e0
 ϵzz;               0.0e0 (Fixed)
 ϵxx;               0.0e0 (Fixed)
 ϵzx;              -0.0e0 (Fixed)
 ϵxz;               0.0e0 (Fixed)
 ϵyy;              -0.0e0 (Fixed)
 χzz;               -69.239(46)e0
 χxz;               0.0e0 (Fixed)
 χxx-χyy;             2.405(28)e0
 F;             5.39252e0 (Fixed)
 ρz;                18.391(14)e-3
 ρx;                0.0e0 (Fixed)
 V3;                224.023(58)e0
 ηz;                0.0e0 (Fixed)
 ηx;                0.0e0 (Fixed)
 DN;                 -7.61(15)e-6
 DK;                 -3.28(42)e-3
 V3N;          -362.68e-3 (Fixed)
 V3N;               -1.e0 (Fixed)


 Again, sorry about the name...


