4cl2ftol   @   2024-06-11T23:56:38.424

Control Parameters
mcalc = 6
νmax = 23.0
maxiter = 60
overwrite = false
Irrep = Ir
λlm0 = 0.0001
apology = true
Jmax = 1.5
S = 1.5
assign = RAM36
turducken = 2
REJECT = 10.0
TK = 25.0
RUNmode =  EF
vtmax = 0
NFOLD = 3
νmin = 4.0
INTthres = 1.0e-5

Initial Parameters
 BK;          2314.3671312962265;   1.0
 BN;           769.4802420470164;   1.0
 B⨦;          48.512255192871294;   1.0
 Dab;        -126.68112589973111;   1.0
 T⁰₀(ϵ);                    -0.0;   0.0
 T¹₁(ϵ);                     0.0;   0.0
 T²₀(ϵ);                     0.0;   0.0
 T²₁(ϵ);                    -0.0;   0.0
 T²₂(ϵ);                     0.0;   0.0
 T²₀(χ);      -69.21833687588034;   1.0
 T²₁(χ);      -0.816496580927726;   1.0
 T²₂(χ);      0.9871639007786803;   1.0
 F;            161663.7125406618;   0.0
 -2ρzF;       -5957.395962170719;   1.0
 -ρxF;                      -0.0;   0.0
 V3/2;       3.358818303872564e6;   1.0
 ηz;                         0.0;   0.0
 ηx;                         0.0;   0.0

 DN;        -8.097205890036752e-6;   1.0
 V3N;         -0.3798687828662461;   1.0
 V3N;                        -1.0;   1.0

Number of lines = 312

Initial RMS = 0.006086833210524271 MHz
Initial λ = 6.086814685867761e-10

-------------------------------------

After   1 Iterations:

RMS = 0.0053 MHz, log₁₀(λ) = -3.1950

                        Parameter     Change
  BK;          2314.3483931173887;    -0.0187
  BN;           769.4802509005419;     0.0000
  B⨦;          48.512252098671944;    -0.0000
  Dab;        -126.67946186806266;     0.0017
  T⁰₀(ϵ);                    -0.0;      Fixed
  T¹₁(ϵ);                     0.0;      Fixed
  T²₀(ϵ);                     0.0;      Fixed
  T²₁(ϵ);                    -0.0;      Fixed
  T²₂(ϵ);                     0.0;      Fixed
  T²₀(χ);      -67.22754929183036;     1.9908
  T²₁(χ);      -12.40909124097065;   -11.5926
  T²₂(χ);      0.2681788460545518;    -0.7190
  F;            161663.7125406618;      Fixed
  -2ρzF;      -5956.1663640388515;     1.2296
  -ρxF;                      -0.0;      Fixed
  V3/2;       3.359438942470305e6;   620.6386
  ηz;                         0.0;      Fixed
  ηx;                         0.0;      Fixed
 DN;        -8.229473356032279e-6;    -0.0000
 V3N;        -0.37985992934069157;     0.0000
 V3N;                        -1.0;      Fixed

Max Change;  T²₁(χ), 1419.7971%

-------------------------------------

After   2 Iterations:

RMS = 0.0048 MHz, log₁₀(λ) = -2.3273

                        Parameter     Change
  BK;          2314.3462194549925;    -0.0022
  BN;           769.4802404561078;    -0.0000
  B⨦;          48.512249120299245;    -0.0000
  Dab;        -126.68055708483617;    -0.0011
  T⁰₀(ϵ);                    -0.0;      Fixed
  T¹₁(ϵ);                     0.0;      Fixed
  T²₀(ϵ);                     0.0;      Fixed
  T²₁(ϵ);                    -0.0;      Fixed
  T²₂(ϵ);                     0.0;      Fixed
  T²₀(χ);      -69.70468417867568;    -2.4771
  T²₁(χ);      3.7675116083037876;    16.1766
  T²₂(χ);      1.2074102191649385;     0.9392
  F;            161663.7125406618;      Fixed
  -2ρzF;       -5956.205498601132;    -0.0391
  -ρxF;                      -0.0;      Fixed
  V3/2;       3.359946238207717e6;   507.2957
  ηz;                         0.0;      Fixed
  ηx;                         0.0;      Fixed
 DN;        -8.127539759717996e-6;     0.0000
 V3N;        -0.37987037377473576;    -0.0000
 V3N;                        -1.0;      Fixed

Max Change;  T²₂(χ), 350.2257%

-------------------------------------

After   3 Iterations:

RMS = 0.0043 MHz, log₁₀(λ) = -3.8457

                        Parameter     Change
  BK;           2314.298947258859;    -0.0473
  BN;            769.480233625846;    -0.0000
  B⨦;           48.51223571722487;    -0.0000
  Dab;        -126.67917529673957;     0.0014
  T⁰₀(ϵ);                    -0.0;      Fixed
  T¹₁(ϵ);                     0.0;      Fixed
  T²₀(ϵ);                     0.0;      Fixed
  T²₁(ϵ);                    -0.0;      Fixed
  T²₂(ϵ);                     0.0;      Fixed
  T²₀(χ);      -66.21268854409642;     3.4920
  T²₁(χ);       -19.7060322738815;   -23.4735
  T²₂(χ);    -0.16138217237915908;    -1.3688
  F;            161663.7125406618;      Fixed
  -2ρzF;      -5953.4967518458625;     2.7087
  -ρxF;                      -0.0;      Fixed
  V3/2;      3.3590666734541734e6;  -879.5648
  ηz;                         0.0;      Fixed
  ηx;                         0.0;      Fixed
 DN;        -8.204629958929395e-6;    -0.0000
 V3N;         -0.3798772040364493;    -0.0000
 V3N;                        -1.0;      Fixed

Max Change;  T²₁(χ), 623.0517%

-------------------------------------

After   4 Iterations:

RMS = 0.0043 MHz, log₁₀(λ) = 0.0453

                        Parameter     Change
  BK;          2314.2989419947535;    -0.0000
  BN;           769.4802327191724;    -0.0000
  B⨦;           48.51223628972926;     0.0000
  Dab;        -126.67919263880508;    -0.0000
  T⁰₀(ϵ);                    -0.0;      Fixed
  T¹₁(ϵ);                     0.0;      Fixed
  T²₀(ϵ);                     0.0;      Fixed
  T²₁(ϵ);                    -0.0;      Fixed
  T²₂(ϵ);                     0.0;      Fixed
  T²₀(χ);      -66.21004030502765;     0.0026
  T²₁(χ);      -19.71671879859118;    -0.0107
  T²₂(χ);    -0.16197094437037718;    -0.0006
  F;            161663.7125406618;      Fixed
  -2ρzF;       -5953.496438072153;     0.0003
  -ρxF;                      -0.0;      Fixed
  V3/2;      3.3590603200243386e6;    -6.3534
  ηz;                         0.0;      Fixed
  ηx;                         0.0;      Fixed
 DN;        -8.207639906529001e-6;    -0.0000
 V3N;        -0.37987811071020255;    -0.0000
 V3N;                        -1.0;      Fixed

Max Change;  T²₂(χ), 0.3648%

-------------------------------------

 It would appear step size has converged.

After   4 iterations:

Final RMS = 0.0043 MHz
Final log₁₀(λ) = 1.5784


                         Parameter                   Uncertainty
 A;            3028.9676785514475;           0.13502369386607518
 B;             866.5047052986308;          0.035081462868098955
 C;             672.4557601397139;          0.035081462868098955
 Dab;         -126.67919263880508;            0.5988892657868273
 ϵzz;                         0.0;                           0.0
 ϵxx;                         0.0;                           0.0
 ϵzx;                        -0.0;                           0.0
 ϵxz;                         0.0;                           0.0
 ϵyy;                        -0.0;                           0.0
 χzz;          -66.21004030502765;           0.23417821957630014
 χxz;          24.147950229244678;             2.081086936144478
 χxx-χyy;     -0.3967461668641436;           0.24627779334394742
 F;            5.3925209999999995;                           0.0
 ρz;         0.018413212045265644;         1.2734943563263662e-5
 ρx;                          0.0;                           0.0
 V3;            224.0923832729867;          0.050707864782035414
 ηz;                          0.0;                           0.0
 ηx;                          0.0;                           0.0
 DN;        -8.207639906529001e-6;         1.2385762631245213e-7
 V3N;        -0.37987811071020255;                          -0.0
 V3N;                        -1.0;                           0.0


Journal Formatted Values
 A;                 3.02897(14)e3
 B;                 866.505(35)e0
 C;                 672.456(35)e0
 Dab;                -126.68(6)e0
 ϵzz;               0.0e0 (Fixed)
 ϵxx;               0.0e0 (Fixed)
 ϵzx;              -0.0e0 (Fixed)
 ϵxz;               0.0e0 (Fixed)
 ϵyy;              -0.0e0 (Fixed)
 χzz;                -66.21(23)e0
 χxz;                  24.1(21)e0
 χxx-χyy;           -400.0(25)e-3
 F;             5.39252e0 (Fixed)
 ρz;                18.413(13)e-3
 ρx;                0.0e0 (Fixed)
 V3;                224.092(51)e0
 ηz;                0.0e0 (Fixed)
 ηx;                0.0e0 (Fixed)
 DN;                 -8.21(12)e-6
 V3N;          -379.88e-3 (Fixed)
 V3N;               -1.e0 (Fixed)


 Again, sorry about the name...


