phenyl   @   2023-12-06T20:44:40.419

Control Parameters
mcalc = 0
νmax = 27.2
maxiter = 60
overwrite = false
Irrep = Ir
λlm0 = 0.0001
apology = true
Jmax = 49.5
S = 0.5
assign = eeo
turducken = 1
REJECT = 10.0
TK = 25.0
RUNmode =  F
vtmax = 0
NFOLD = 0
νmin = 157.0
INTthres = 1.0e-5

Initial Parameters
 BK;          2000.7039300000006;   1.0
 BN;                  4279.49907;   1.0
 B⨦;                  660.048965;   1.0
 Dab;                        0.0;   0.0
 T⁰₀(ϵ);     -2.7568475353804636;   1.0
 T²₀(ϵ);      3.8987711739298923;   1.0
 T²₁(ϵ);                    -0.0;   0.0
 T²₂(ϵ);                     0.0;   1.0
 T²₀(χ);                     0.0;   0.0
 T²₁(χ);                    -0.0;   0.0
 T²₂(χ);                     0.0;   0.0
 F;                          0.0;   0.0
 -2ρF;                      -0.0;   0.0
 V3/2;                       0.0;   0.0
 η;                          0.0;   0.0

 DN;                   0.00143716;   1.0
 DNK;                  -0.0024335;   1.0
 DK;                   0.00111047;   1.0
 d1;                    0.0001182;   1.0
 d2;                     2.909e-5;   1.0

Number of lines = 200

Initial RMS = 38084.06710157717 MHz
Initial λ = 0.001952924061399671

-------------------------------------

After   1 Iterations:

RMS = 2560.1334 MHz, log₁₀(λ) = -2.7093

                        Parameter     Change
 BK;           125.20686538647647; -1875.4971
 BN;           4086.1084918106853;  -193.3906
 B⨦;            788.6302142169523;   128.5812
 Dab;                         0.0;      Fixed
 T⁰₀(ϵ);       238.79815836423333;   241.5550
 T²₀(ϵ);       -46.38504805207069;   -50.2838
 T²₁(ϵ);                     -0.0;      Fixed
 T²₂(ϵ);      -131.56729542563744;  -131.5673
 T²₀(χ);                      0.0;      Fixed
 T²₁(χ);                     -0.0;      Fixed
 T²₂(χ);                      0.0;      Fixed
 F;                           0.0;      Fixed
 -2ρF;                       -0.0;      Fixed
 V3/2;                        0.0;      Fixed
 η;                           0.0;      Fixed
 DN;        0.0002644072908365295;    -0.0012
 DNK;       -0.010098889658246207;    -0.0077
 DK;          0.02780965370495739;     0.0267
 d1;        0.0018799904929886222;     0.0018
 d2;         0.001158767766104699;     0.0011

Max Change; T⁰₀(ϵ), 8762.0009%

-------------------------------------

After   2 Iterations:

RMS = 535.7150 MHz, log₁₀(λ) = -3.8822

                        Parameter     Change
 BK;            498.6225961753909;   373.4157
 BN;           4092.8843367519157;     6.7758
 B⨦;            792.6138309731153;     3.9836
 Dab;                         0.0;      Fixed
 T⁰₀(ϵ);        17.85363309361159;  -220.9445
 T²₀(ϵ);       150.29834225546517;   196.6834
 T²₁(ϵ);                     -0.0;      Fixed
 T²₂(ϵ);       -76.56341514655578;    55.0039
 T²₀(χ);                      0.0;      Fixed
 T²₁(χ);                     -0.0;      Fixed
 T²₂(χ);                      0.0;      Fixed
 F;                           0.0;      Fixed
 -2ρF;                       -0.0;      Fixed
 V3/2;                        0.0;      Fixed
 η;                           0.0;      Fixed
 DN;        0.0012992391749129801;     0.0010
 DNK;       -0.004245315933893029;     0.0059
 DK;         -0.05466891822743093;    -0.0825
 d1;       0.00016247648739003105;    -0.0017
 d2;       -0.0015684436196897397;    -0.0027

Max Change; T²₀(ϵ), 424.0233%

-------------------------------------

After   3 Iterations:

RMS = 254.1557 MHz, log₁₀(λ) = -5.7522

                        Parameter     Change
 BK;            328.3955953104844;  -170.2270
 BN;            4099.191044800307;     6.3067
 B⨦;            796.1104186511061;     3.4966
 Dab;                         0.0;      Fixed
 T⁰₀(ϵ);        71.74839764695051;    53.8948
 T²₀(ϵ);        661.1039820444691;   510.8056
 T²₁(ϵ);                     -0.0;      Fixed
 T²₂(ϵ);       -318.7150420706041;  -242.1516
 T²₀(χ);                      0.0;      Fixed
 T²₁(χ);                     -0.0;      Fixed
 T²₂(χ);                      0.0;      Fixed
 F;                           0.0;      Fixed
 -2ρF;                       -0.0;      Fixed
 V3/2;                        0.0;      Fixed
 η;                           0.0;      Fixed
 DN;        0.0010848910651684257;    -0.0002
 DNK;      -0.0043711091058361564;    -0.0001
 DK;         0.056119953171493556;     0.1108
 d1;        0.0004900058523979807;     0.0003
 d2;       -0.0007178737806180467;     0.0009

Max Change; T²₀(ϵ), 339.8611%

-------------------------------------

After   4 Iterations:

RMS = 187.0254 MHz, log₁₀(λ) = -0.7176

                        Parameter     Change
 BK;            331.2226064136806;     2.8270
 BN;            4099.891779479771;     0.7007
 B⨦;            795.5607985871352;    -0.5496
 Dab;                         0.0;      Fixed
 T⁰₀(ϵ);        46.41939214533642;   -25.3290
 T²₀(ϵ);         638.393018040155;   -22.7110
 T²₁(ϵ);                     -0.0;      Fixed
 T²₂(ϵ);      -327.95627451728785;    -9.2412
 T²₀(χ);                      0.0;      Fixed
 T²₁(χ);                     -0.0;      Fixed
 T²₂(χ);                      0.0;      Fixed
 F;                           0.0;      Fixed
 -2ρF;                       -0.0;      Fixed
 V3/2;                        0.0;      Fixed
 η;                           0.0;      Fixed
 DN;        0.0008899397399501451;    -0.0002
 DNK;       -0.007740281646166424;    -0.0034
 DK;          0.02647380355485733;    -0.0296
 d1;        0.0005870847397010528;     0.0001
 d2;      -0.00044288588496779025;     0.0003

Max Change; DNK, 77.0782%

-------------------------------------

After   5 Iterations:

RMS = 54.0615 MHz, log₁₀(λ) = -0.9370

                        Parameter     Change
 BK;            345.8285375019286;    14.6059
 BN;            4100.563835056632;     0.6721
 B⨦;             795.302426502312;    -0.2584
 Dab;                         0.0;      Fixed
 T⁰₀(ϵ);        38.60957563430584;    -7.8098
 T²₀(ϵ);        645.9473684004673;     7.5544
 T²₁(ϵ);                     -0.0;      Fixed
 T²₂(ϵ);      -325.06686754472156;     2.8894
 T²₀(χ);                      0.0;      Fixed
 T²₁(χ);                     -0.0;      Fixed
 T²₂(χ);                      0.0;      Fixed
 F;                           0.0;      Fixed
 -2ρF;                       -0.0;      Fixed
 V3/2;                        0.0;      Fixed
 η;                           0.0;      Fixed
 DN;        0.0009238724845905359;     0.0000
 DNK;       -0.007035978999136439;     0.0007
 DK;         0.020841440538658444;    -0.0056
 d1;        0.0005773606686826018;    -0.0000
 d2;       -0.0009933517591987175;    -0.0006

Max Change; d2, 124.2907%

-------------------------------------

After   6 Iterations:

RMS = 52.9432 MHz, log₁₀(λ) = -0.9465

                        Parameter     Change
 BK;           351.21862655272906;     5.3901
 BN;            4100.614409894738;     0.0506
 B⨦;            795.3842781776275;     0.0819
 Dab;                         0.0;      Fixed
 T⁰₀(ϵ);       31.778052513335176;    -6.8315
 T²₀(ϵ);        650.3550289826313;     4.4077
 T²₁(ϵ);                     -0.0;      Fixed
 T²₂(ϵ);       -323.7430865304868;     1.3238
 T²₀(χ);                      0.0;      Fixed
 T²₁(χ);                     -0.0;      Fixed
 T²₂(χ);                      0.0;      Fixed
 F;                           0.0;      Fixed
 -2ρF;                       -0.0;      Fixed
 V3/2;                        0.0;      Fixed
 η;                           0.0;      Fixed
 DN;        0.0009495826815524496;     0.0000
 DNK;       -0.007051968236815087;    -0.0000
 DK;         0.013261947077696588;    -0.0076
 d1;         0.000519059516154744;    -0.0001
 d2;       -0.0011550417177389242;    -0.0002

Max Change; DK, 36.3674%

-------------------------------------

After   7 Iterations:

RMS = 34.0892 MHz, log₁₀(λ) = -1.0522

                        Parameter     Change
 BK;            356.7706839309443;     5.5521
 BN;            4100.567516018724;    -0.0469
 B⨦;            795.5555591254653;     0.1713
 Dab;                         0.0;      Fixed
 T⁰₀(ϵ);       24.882146180928917;    -6.8959
 T²₀(ϵ);        656.1226848310588;     5.7677
 T²₁(ϵ);                     -0.0;      Fixed
 T²₂(ϵ);       -322.0582562374959;     1.6848
 T²₀(χ);                      0.0;      Fixed
 T²₁(χ);                     -0.0;      Fixed
 T²₂(χ);                      0.0;      Fixed
 F;                           0.0;      Fixed
 -2ρF;                       -0.0;      Fixed
 V3/2;                        0.0;      Fixed
 η;                           0.0;      Fixed
 DN;        0.0010138477630660268;     0.0001
 DNK;       -0.006642258837218481;     0.0004
 DK;         0.009156886489002532;    -0.0041
 d1;       0.00041899013329792353;    -0.0001
 d2;        -0.001296143508015306;    -0.0001

Max Change; DK, 30.9537%

-------------------------------------

After   8 Iterations:

RMS = 28.9749 MHz, log₁₀(λ) = -1.3365

                        Parameter     Change
 BK;           362.88540434303883;     6.1147
 BN;            4100.410636117743;    -0.1569
 B⨦;            795.8383364060754;     0.2828
 Dab;                         0.0;      Fixed
 T⁰₀(ϵ);       13.339892129878995;   -11.5423
 T²₀(ϵ);        665.7025760273773;     9.5799
 T²₁(ϵ);                     -0.0;      Fixed
 T²₂(ϵ);      -319.50404597552574;     2.5542
 T²₀(χ);                      0.0;      Fixed
 T²₁(χ);                     -0.0;      Fixed
 T²₂(χ);                      0.0;      Fixed
 F;                           0.0;      Fixed
 -2ρF;                       -0.0;      Fixed
 V3/2;                        0.0;      Fixed
 η;                           0.0;      Fixed
 DN;        0.0010856605236948317;     0.0001
 DNK;        -0.00639245655710042;     0.0002
 DK;         0.003054851289981445;    -0.0061
 d1;       0.00028781863570708725;    -0.0001
 d2;       -0.0013675221538037479;    -0.0001

Max Change; DK, 66.6388%

-------------------------------------

After   9 Iterations:

RMS = 15.1332 MHz, log₁₀(λ) = -1.5029

                        Parameter     Change
 BK;           368.49010096855335;     5.6047
 BN;           4100.2494236944385;    -0.1612
 B⨦;            796.1128086648372;     0.2745
 Dab;                         0.0;      Fixed
 T⁰₀(ϵ);      -0.9877285432268277;   -14.3276
 T²₀(ϵ);        677.9703653850061;    12.2678
 T²₁(ϵ);                     -0.0;      Fixed
 T²₂(ϵ);        -316.481377143785;     3.0227
 T²₀(χ);                      0.0;      Fixed
 T²₁(χ);                     -0.0;      Fixed
 T²₂(χ);                      0.0;      Fixed
 F;                           0.0;      Fixed
 -2ρF;                       -0.0;      Fixed
 V3/2;                        0.0;      Fixed
 η;                           0.0;      Fixed
 DN;         0.001149407493895361;     0.0001
 DNK;       -0.006083448749251339;     0.0003
 DK;        1.5048336854501469e-5;    -0.0030
 d1;        0.0001800701557707205;    -0.0001
 d2;       -0.0013996095860731638;    -0.0000

Max Change; T⁰₀(ϵ), 107.4043%

-------------------------------------

After  10 Iterations:

RMS = 12.0271 MHz, log₁₀(λ) = -1.8790

                        Parameter     Change
 BK;           373.10209932018455;     4.6120
 BN;            4100.102006194503;    -0.1474
 B⨦;            796.3553034695698;     0.2425
 Dab;                         0.0;      Fixed
 T⁰₀(ϵ);      -28.342223741033067;   -27.3545
 T²₀(ϵ);        702.4366198385493;    24.4663
 T²₁(ϵ);                     -0.0;      Fixed
 T²₂(ϵ);       -310.9615042146288;     5.5199
 T²₀(χ);                      0.0;      Fixed
 T²₁(χ);                     -0.0;      Fixed
 T²₂(χ);                      0.0;      Fixed
 F;                           0.0;      Fixed
 -2ρF;                       -0.0;      Fixed
 V3/2;                        0.0;      Fixed
 η;                           0.0;      Fixed
 DN;        0.0011911489668607132;     0.0000
 DNK;       -0.006006165736938697;     0.0001
 DK;        -0.003207234637450842;    -0.0032
 d1;         9.772386945643561e-5;    -0.0001
 d2;       -0.0013820424782483567;     0.0000

Max Change; DK, 21412.8844%

-------------------------------------

After  11 Iterations:

RMS = 11.1306 MHz, log₁₀(λ) = -0.8709

                        Parameter     Change
 BK;            373.4221174858543;     0.3200
 BN;            4100.068522141694;    -0.0335
 B⨦;            796.3926516655196;     0.0373
 Dab;                         0.0;      Fixed
 T⁰₀(ϵ);      -31.926052338837422;    -3.5838
 T²₀(ϵ);         703.121906718741;     0.6853
 T²₁(ϵ);                     -0.0;      Fixed
 T²₂(ϵ);       -311.1272887272537;    -0.1658
 T²₀(χ);                      0.0;      Fixed
 T²₁(χ);                     -0.0;      Fixed
 T²₂(χ);                      0.0;      Fixed
 F;                           0.0;      Fixed
 -2ρF;                       -0.0;      Fixed
 V3/2;                        0.0;      Fixed
 η;                           0.0;      Fixed
 DN;        0.0011989355536523747;     0.0000
 DNK;      -0.0059100003079361006;     0.0001
 DK;       -0.0025218089897171077;     0.0007
 d1;         9.019845546193999e-5;    -0.0000
 d2;        -0.001385711424003423;    -0.0000

Max Change; DK, 21.3712%

-------------------------------------

After  12 Iterations:

RMS = 9.6724 MHz, log₁₀(λ) = -1.0013

                        Parameter     Change
 BK;            373.5115692116944;     0.0895
 BN;            4100.042215382015;    -0.0263
 B⨦;             796.418727317972;     0.0261
 Dab;                         0.0;      Fixed
 T⁰₀(ϵ);      -35.389606879670836;    -3.4636
 T²₀(ϵ);        705.9435549281561;     2.8216
 T²₁(ϵ);                     -0.0;      Fixed
 T²₂(ϵ);      -310.56540008808304;     0.5619
 T²₀(χ);                      0.0;      Fixed
 T²₁(χ);                     -0.0;      Fixed
 T²₂(χ);                      0.0;      Fixed
 F;                           0.0;      Fixed
 -2ρF;                       -0.0;      Fixed
 V3/2;                        0.0;      Fixed
 η;                           0.0;      Fixed
 DN;        0.0011997894155200623;     0.0000
 DNK;       -0.005945342151553293;    -0.0000
 DK;        -0.002764270949831212;    -0.0002
 d1;         8.510327365659021e-5;    -0.0000
 d2;       -0.0013665494602023856;     0.0000

Max Change; T⁰₀(ϵ), 10.8487%

-------------------------------------

After  13 Iterations:

RMS = 9.5647 MHz, log₁₀(λ) = -1.1589

                        Parameter     Change
 BK;           373.89453069796576;     0.3830
 BN;            4100.030826822332;    -0.0114
 B⨦;            796.4385572458624;     0.0198
 Dab;                         0.0;      Fixed
 T⁰₀(ϵ);      -40.122401803489325;    -4.7328
 T²₀(ϵ);        710.2211839090114;     4.2776
 T²₁(ϵ);                     -0.0;      Fixed
 T²₂(ϵ);       -309.6507907415928;     0.9146
 T²₀(χ);                      0.0;      Fixed
 T²₁(χ);                     -0.0;      Fixed
 T²₂(χ);                      0.0;      Fixed
 F;                           0.0;      Fixed
 -2ρF;                       -0.0;      Fixed
 V3/2;                        0.0;      Fixed
 η;                           0.0;      Fixed
 DN;        0.0012022395646082659;     0.0000
 DNK;        -0.00593892049409864;     0.0000
 DK;        -0.002764872570392937;    -0.0000
 d1;         8.049444302703391e-5;    -0.0000
 d2;         -0.00135966163924646;     0.0000

Max Change; T⁰₀(ϵ), 13.3734%

-------------------------------------

After  14 Iterations:

RMS = 9.4112 MHz, log₁₀(λ) = -1.2606

                        Parameter     Change
 BK;            374.1773315373279;     0.2828
 BN;             4100.02109421118;    -0.0097
 B⨦;             796.454952911942;     0.0164
 Dab;                         0.0;      Fixed
 T⁰₀(ϵ);      -46.003214026696384;    -5.8808
 T²₀(ϵ);        715.4006741095988;     5.1795
 T²₁(ϵ);                     -0.0;      Fixed
 T²₂(ϵ);       -308.5729964739141;     1.0778
 T²₀(χ);                      0.0;      Fixed
 T²₁(χ);                     -0.0;      Fixed
 T²₂(χ);                      0.0;      Fixed
 F;                           0.0;      Fixed
 -2ρF;                       -0.0;      Fixed
 V3/2;                        0.0;      Fixed
 η;                           0.0;      Fixed
 DN;        0.0012030960528980653;     0.0000
 DNK;      -0.0059538240475305705;    -0.0000
 DK;        -0.002936389476772188;    -0.0002
 d1;          7.72596246516132e-5;    -0.0000
 d2;       -0.0013521434948809382;     0.0000

Max Change; T⁰₀(ϵ), 14.6572%

-------------------------------------

After  15 Iterations:

RMS = 9.3593 MHz, log₁₀(λ) = -1.3645

                        Parameter     Change
 BK;            374.4425187484614;     0.2652
 BN;            4100.014692491112;    -0.0064
 B⨦;            796.4683372166655;     0.0134
 Dab;                         0.0;      Fixed
 T⁰₀(ϵ);      -53.211982209165654;    -7.2088
 T²₀(ϵ);        721.8062573585065;     6.4056
 T²₁(ϵ);                     -0.0;      Fixed
 T²₂(ϵ);        -307.247864034612;     1.3251
 T²₀(χ);                      0.0;      Fixed
 T²₁(χ);                     -0.0;      Fixed
 T²₂(χ);                      0.0;      Fixed
 F;                           0.0;      Fixed
 -2ρF;                       -0.0;      Fixed
 V3/2;                        0.0;      Fixed
 η;                           0.0;      Fixed
 DN;        0.0012044521953027128;     0.0000
 DNK;       -0.005954447810045364;    -0.0000
 DK;       -0.0030070408967272427;    -0.0001
 d1;          7.42893080495759e-5;    -0.0000
 d2;       -0.0013483879756476696;     0.0000

Max Change; T⁰₀(ϵ), 15.6701%

-------------------------------------

After  16 Iterations:

RMS = 9.3218 MHz, log₁₀(λ) = -1.4638

                        Parameter     Change
 BK;            374.6143034387057;     0.1718
 BN;           4100.0098910922525;    -0.0048
 B⨦;            796.4786118090759;     0.0103
 Dab;                         0.0;      Fixed
 T⁰₀(ϵ);       -61.94165419547902;    -8.7297
 T²₀(ϵ);        729.5443938164871;     7.7381
 T²₁(ϵ);                     -0.0;      Fixed
 T²₂(ϵ);      -305.66600056199616;     1.5819
 T²₀(χ);                      0.0;      Fixed
 T²₁(χ);                     -0.0;      Fixed
 T²₂(χ);                      0.0;      Fixed
 F;                           0.0;      Fixed
 -2ρF;                       -0.0;      Fixed
 V3/2;                        0.0;      Fixed
 η;                           0.0;      Fixed
 DN;        0.0012053368441300061;     0.0000
 DNK;       -0.005958724460105119;    -0.0000
 DK;       -0.0031024848464002628;    -0.0001
 d1;         7.196830527613564e-5;    -0.0000
 d2;       -0.0013453765451279663;     0.0000

Max Change; T⁰₀(ϵ), 16.4055%

-------------------------------------

After  17 Iterations:

RMS = 9.3035 MHz, log₁₀(λ) = -1.5625

                        Parameter     Change
 BK;            374.7317001426111;     0.1174
 BN;            4100.007387763801;    -0.0025
 B⨦;             796.486132320411;     0.0075
 Dab;                         0.0;      Fixed
 T⁰₀(ϵ);       -72.41556540968101;   -10.4739
 T²₀(ϵ);        738.8458768191294;     9.3015
 T²₁(ϵ);                     -0.0;      Fixed
 T²₂(ϵ);       -303.7775076243853;     1.8885
 T²₀(χ);                      0.0;      Fixed
 T²₁(χ);                     -0.0;      Fixed
 T²₂(χ);                      0.0;      Fixed
 F;                           0.0;      Fixed
 -2ρF;                       -0.0;      Fixed
 V3/2;                        0.0;      Fixed
 η;                           0.0;      Fixed
 DN;        0.0012061905155533344;     0.0000
 DNK;       -0.005957957086236273;     0.0000
 DK;       -0.0031448198293305947;    -0.0000
 d1;         7.017812058922897e-5;    -0.0000
 d2;       -0.0013440887691627142;     0.0000

Max Change; T⁰₀(ϵ), 16.9093%

-------------------------------------

After  18 Iterations:

RMS = 9.2934 MHz, log₁₀(λ) = -1.6602

                        Parameter     Change
 BK;           374.79068570242555;     0.0590
 BN;            4100.006660709728;    -0.0007
 B⨦;            796.4914079970465;     0.0053
 Dab;                         0.0;      Fixed
 T⁰₀(ϵ);       -84.86858641394957;   -12.4530
 T²₀(ϵ);        749.8927168490447;    11.0468
 T²₁(ϵ);                     -0.0;      Fixed
 T²₂(ϵ);       -301.5508165902749;     2.2267
 T²₀(χ);                      0.0;      Fixed
 T²₁(χ);                     -0.0;      Fixed
 T²₂(χ);                      0.0;      Fixed
 F;                           0.0;      Fixed
 -2ρF;                       -0.0;      Fixed
 V3/2;                        0.0;      Fixed
 η;                           0.0;      Fixed
 DN;        0.0012067635481319593;     0.0000
 DNK;       -0.005958242697488304;    -0.0000
 DK;        -0.003188553461756255;    -0.0000
 d1;         6.887427535405702e-5;    -0.0000
 d2;       -0.0013435969322842527;     0.0000

Max Change; T⁰₀(ϵ), 17.1966%

-------------------------------------

After  19 Iterations:

RMS = 9.2891 MHz, log₁₀(λ) = -1.7576

                        Parameter     Change
 BK;            374.8200395037508;     0.0294
 BN;             4100.00754322468;     0.0009
 B⨦;            796.4953961125074;     0.0040
 Dab;                         0.0;      Fixed
 T⁰₀(ϵ);       -99.50525692369845;   -14.6367
 T²₀(ϵ);        762.8666500765795;    12.9739
 T²₁(ϵ);                     -0.0;      Fixed
 T²₂(ϵ);      -298.95200621358964;     2.5988
 T²₀(χ);                      0.0;      Fixed
 T²₁(χ);                     -0.0;      Fixed
 T²₂(χ);                      0.0;      Fixed
 F;                           0.0;      Fixed
 -2ρF;                       -0.0;      Fixed
 V3/2;                        0.0;      Fixed
 η;                           0.0;      Fixed
 DN;        0.0012072973430284136;     0.0000
 DNK;       -0.005956507638010639;     0.0000
 DK;       -0.0032100497579835396;    -0.0000
 d1;         6.783099781677958e-5;    -0.0000
 d2;       -0.0013440186221782106;    -0.0000

Max Change; T⁰₀(ϵ), 17.2463%

-------------------------------------

After  20 Iterations:

RMS = 9.2645 MHz, log₁₀(λ) = -1.2527

                        Parameter     Change
 BK;            374.8260665183152;     0.0060
 BN;            4100.007612590349;     0.0001
 B⨦;            796.4967558943713;     0.0014
 Dab;                         0.0;      Fixed
 T⁰₀(ϵ);      -104.59872436252162;    -5.0935
 T²₀(ϵ);        766.1733746444517;     3.3067
 T²₁(ϵ);                     -0.0;      Fixed
 T²₂(ϵ);       -298.4456472867079;     0.5064
 T²₀(χ);                      0.0;      Fixed
 T²₁(χ);                     -0.0;      Fixed
 T²₂(χ);                      0.0;      Fixed
 F;                           0.0;      Fixed
 -2ρF;                       -0.0;      Fixed
 V3/2;                        0.0;      Fixed
 η;                           0.0;      Fixed
 DN;        0.0012075466637701878;     0.0000
 DNK;       -0.005954917083087252;     0.0000
 DK;       -0.0032197697605619137;    -0.0000
 d1;         6.742479463089247e-5;    -0.0000
 d2;       -0.0013446067775880809;    -0.0000

Max Change; T⁰₀(ϵ), 5.1188%

-------------------------------------

After  21 Iterations:

RMS = 9.2635 MHz, log₁₀(λ) = -1.3507

                        Parameter     Change
 BK;           374.83210009047696;     0.0060
 BN;            4100.008180444889;     0.0006
 B⨦;            796.4979973035363;     0.0012
 Dab;                         0.0;      Fixed
 T⁰₀(ϵ);        -110.150889229948;    -5.5522
 T²₀(ϵ);         771.074724971829;     4.9014
 T²₁(ϵ);                     -0.0;      Fixed
 T²₂(ϵ);      -297.47060928989623;     0.9750
 T²₀(χ);                      0.0;      Fixed
 T²₁(χ);                     -0.0;      Fixed
 T²₂(χ);                      0.0;      Fixed
 F;                           0.0;      Fixed
 -2ρF;                       -0.0;      Fixed
 V3/2;                        0.0;      Fixed
 η;                           0.0;      Fixed
 DN;        0.0012078000435159014;     0.0000
 DNK;       -0.005953770248242531;     0.0000
 DK;       -0.0032354242891849813;    -0.0000
 d1;         6.696305671404282e-5;    -0.0000
 d2;       -0.0013451677564809282;    -0.0000

Max Change; T⁰₀(ϵ), 5.3081%

-------------------------------------

After  22 Iterations:

RMS = 9.2634 MHz, log₁₀(λ) = -1.4477

                        Parameter     Change
 BK;            374.8374408470337;     0.0053
 BN;            4100.009020125089;     0.0008
 B⨦;            796.4993790889573;     0.0014
 Dab;                         0.0;      Fixed
 T⁰₀(ϵ);      -116.86454139391012;    -6.7137
 T²₀(ϵ);         777.032278640051;     5.9576
 T²₁(ϵ);                     -0.0;      Fixed
 T²₂(ϵ);       -296.2844531043029;     1.1862
 T²₀(χ);                      0.0;      Fixed
 T²₁(χ);                     -0.0;      Fixed
 T²₂(χ);                      0.0;      Fixed
 F;                           0.0;      Fixed
 -2ρF;                       -0.0;      Fixed
 V3/2;                        0.0;      Fixed
 η;                           0.0;      Fixed
 DN;        0.0012080648037973082;     0.0000
 DNK;      -0.0059524020777924624;     0.0000
 DK;       -0.0032470926549289093;    -0.0000
 d1;          6.64926576412041e-5;    -0.0000
 d2;       -0.0013457621387714495;    -0.0000

Max Change; T⁰₀(ϵ), 6.0950%

-------------------------------------

After  23 Iterations:

RMS = 9.2571 MHz, log₁₀(λ) = -0.9425

                        Parameter     Change
 BK;            374.8396874300558;     0.0022
 BN;             4100.00920715753;     0.0002
 B⨦;            796.4998910562977;     0.0005
 Dab;                         0.0;      Fixed
 T⁰₀(ϵ);      -119.20128687683066;    -2.3367
 T²₀(ϵ);         778.542760422505;     1.5105
 T²₁(ϵ);                     -0.0;      Fixed
 T²₂(ϵ);      -296.05671463690453;     0.2277
 T²₀(χ);                      0.0;      Fixed
 T²₁(χ);                     -0.0;      Fixed
 T²₂(χ);                      0.0;      Fixed
 F;                           0.0;      Fixed
 -2ρF;                       -0.0;      Fixed
 V3/2;                        0.0;      Fixed
 η;                           0.0;      Fixed
 DN;        0.0012081835591832516;     0.0000
 DNK;       -0.005951416135150941;     0.0000
 DK;       -0.0032496787641234388;    -0.0000
 d1;         6.632052585955203e-5;    -0.0000
 d2;        -0.001346125435568932;    -0.0000

Max Change; T⁰₀(ϵ), 1.9995%

-------------------------------------

After  24 Iterations:

RMS = 9.2571 MHz, log₁₀(λ) = -1.0397

                        Parameter     Change
 BK;           374.84074256550866;     0.0011
 BN;            4100.009506648289;     0.0003
 B⨦;            796.5004333539798;     0.0005
 Dab;                         0.0;      Fixed
 T⁰₀(ϵ);      -121.79122367408306;    -2.5899
 T²₀(ϵ);        780.8194061839455;     2.2766
 T²₁(ϵ);                     -0.0;      Fixed
 T²₂(ϵ);       -295.6071760722664;     0.4495
 T²₀(χ);                      0.0;      Fixed
 T²₁(χ);                     -0.0;      Fixed
 T²₂(χ);                      0.0;      Fixed
 F;                           0.0;      Fixed
 -2ρF;                       -0.0;      Fixed
 V3/2;                        0.0;      Fixed
 η;                           0.0;      Fixed
 DN;        0.0012082965848860586;     0.0000
 DNK;        -0.00595091353611912;     0.0000
 DK;        -0.003257173436696201;    -0.0000
 d1;         6.611275991903423e-5;    -0.0000
 d2;       -0.0013464036289190906;    -0.0000

Max Change; T⁰₀(ϵ), 2.1727%

-------------------------------------

After  25 Iterations:

RMS = 9.2557 MHz, log₁₀(λ) = -0.5346

                        Parameter     Change
 BK;            374.8421996149696;     0.0015
 BN;            4100.009616645648;     0.0001
 B⨦;            796.5006137363208;     0.0002
 Dab;                         0.0;      Fixed
 T⁰₀(ϵ);      -122.68467952612619;    -0.8935
 T²₀(ϵ);        781.4050971159314;     0.5857
 T²₁(ϵ);                     -0.0;      Fixed
 T²₂(ϵ);       -295.5177020065046;     0.0895
 T²₀(χ);                      0.0;      Fixed
 T²₁(χ);                     -0.0;      Fixed
 T²₂(χ);                      0.0;      Fixed
 F;                           0.0;      Fixed
 -2ρF;                       -0.0;      Fixed
 V3/2;                        0.0;      Fixed
 η;                           0.0;      Fixed
 DN;         0.001208352212004654;     0.0000
 DNK;       -0.005950369506852661;     0.0000
 DK;       -0.0032574486126875054;    -0.0000
 d1;         6.604066582297083e-5;    -0.0000
 d2;        -0.001346584099438363;    -0.0000

Max Change; T⁰₀(ϵ), 0.7336%

-------------------------------------

After  26 Iterations:

RMS = 9.2556 MHz, log₁₀(λ) = -0.6316

                        Parameter     Change
 BK;            374.8423871047716;     0.0002
 BN;            4100.009713373323;     0.0001
 B⨦;            796.5008383690589;     0.0002
 Dab;                         0.0;      Fixed
 T⁰₀(ϵ);      -123.69401515190685;    -1.0093
 T²₀(ϵ);        782.2820886582643;     0.8770
 T²₁(ϵ);                     -0.0;      Fixed
 T²₂(ϵ);       -295.3460393623949;     0.1717
 T²₀(χ);                      0.0;      Fixed
 T²₁(χ);                     -0.0;      Fixed
 T²₂(χ);                      0.0;      Fixed
 F;                           0.0;      Fixed
 -2ρF;                       -0.0;      Fixed
 V3/2;                        0.0;      Fixed
 η;                           0.0;      Fixed
 DN;        0.0012083974690016883;     0.0000
 DNK;       -0.005950174228534817;     0.0000
 DK;       -0.0032605561559164073;    -0.0000
 d1;         6.595703657552194e-5;    -0.0000
 d2;       -0.0013466936991034697;    -0.0000

Max Change; T⁰₀(ϵ), 0.8227%

-------------------------------------

After  27 Iterations:

RMS = 9.2553 MHz, log₁₀(λ) = -0.1264

                        Parameter     Change
 BK;           374.84294879012026;     0.0006
 BN;           4100.0097615288205;     0.0000
 B⨦;             796.500904065719;     0.0001
 Dab;                         0.0;      Fixed
 T⁰₀(ϵ);      -124.03705620537549;    -0.3430
 T²₀(ϵ);        782.5146611987591;     0.2326
 T²₁(ϵ);                     -0.0;      Fixed
 T²₂(ϵ);       -295.3092016940252;     0.0368
 T²₀(χ);                      0.0;      Fixed
 T²₁(χ);                     -0.0;      Fixed
 T²₂(χ);                      0.0;      Fixed
 F;                           0.0;      Fixed
 -2ρF;                       -0.0;      Fixed
 V3/2;                        0.0;      Fixed
 η;                           0.0;      Fixed
 DN;         0.001208419328946985;     0.0000
 DNK;       -0.005949970328543563;     0.0000
 DK;       -0.0032607554840208327;    -0.0000
 d1;          6.59277939039127e-5;    -0.0000
 d2;        -0.001346761132928067;    -0.0000

Max Change; T⁰₀(ϵ), 0.2773%

-------------------------------------

After  28 Iterations:

RMS = 9.2552 MHz, log₁₀(λ) = -0.2233

                        Parameter     Change
 BK;            374.8430810945402;     0.0001
 BN;            4100.009798659796;     0.0000
 B⨦;            796.5009937102294;     0.0001
 Dab;                         0.0;      Fixed
 T⁰₀(ϵ);      -124.43344324333766;    -0.3964
 T²₀(ϵ);        782.8516126471781;     0.3370
 T²₁(ϵ);                     -0.0;      Fixed
 T²₂(ϵ);      -295.24425989112945;     0.0649
 T²₀(χ);                      0.0;      Fixed
 T²₁(χ);                     -0.0;      Fixed
 T²₂(χ);                      0.0;      Fixed
 F;                           0.0;      Fixed
 -2ρF;                       -0.0;      Fixed
 V3/2;                        0.0;      Fixed
 η;                           0.0;      Fixed
 DN;        0.0012084380033791922;     0.0000
 DNK;       -0.005949870556738197;     0.0000
 DK;       -0.0032618469683463863;    -0.0000
 d1;          6.58951933520891e-5;    -0.0000
 d2;       -0.0013468108534229848;    -0.0000

Max Change; T⁰₀(ϵ), 0.3196%

-------------------------------------

After  29 Iterations:

RMS = 9.2551 MHz, log₁₀(λ) = 0.2818

                        Parameter     Change
 BK;            374.8432471141735;     0.0002
 BN;            4100.009816056879;     0.0000
 B⨦;            796.5010194152992;     0.0000
 Dab;                         0.0;      Fixed
 T⁰₀(ϵ);      -124.56493943665353;    -0.1315
 T²₀(ϵ);        782.9454295618468;     0.0938
 T²₁(ϵ);                     -0.0;      Fixed
 T²₂(ϵ);         -295.22861444572;     0.0156
 T²₀(χ);                      0.0;      Fixed
 T²₁(χ);                     -0.0;      Fixed
 T²₂(χ);                      0.0;      Fixed
 F;                           0.0;      Fixed
 -2ρF;                       -0.0;      Fixed
 V3/2;                        0.0;      Fixed
 η;                           0.0;      Fixed
 DN;         0.001208445899707272;     0.0000
 DNK;       -0.005949805637386112;     0.0000
 DK;       -0.0032620123176919148;    -0.0000
 d1;         6.588376630289322e-5;    -0.0000
 d2;       -0.0013468333563358248;    -0.0000

Max Change; T⁰₀(ϵ), 0.1057%

-------------------------------------

After  30 Iterations:

RMS = 9.2551 MHz, log₁₀(λ) = 0.1849

                        Parameter     Change
 BK;             374.843333179356;     0.0001
 BN;            4100.009831804501;     0.0000
 B⨦;            796.5010541076733;     0.0000
 Dab;                         0.0;      Fixed
 T⁰₀(ϵ);      -124.72120911925013;    -0.1563
 T²₀(ϵ);        783.0745183259327;     0.1291
 T²₁(ϵ);                     -0.0;      Fixed
 T²₂(ϵ);       -295.2042465966526;     0.0244
 T²₀(χ);                      0.0;      Fixed
 T²₁(χ);                     -0.0;      Fixed
 T²₂(χ);                      0.0;      Fixed
 F;                           0.0;      Fixed
 -2ρF;                       -0.0;      Fixed
 V3/2;                        0.0;      Fixed
 η;                           0.0;      Fixed
 DN;         0.001208453719003552;     0.0000
 DNK;       -0.005949756806801151;     0.0000
 DK;       -0.0032623877355383237;    -0.0000
 d1;         6.587083345815525e-5;    -0.0000
 d2;        -0.001346855193098791;    -0.0000

Max Change; T⁰₀(ϵ), 0.1255%

-------------------------------------

After  31 Iterations:

RMS = 9.2551 MHz, log₁₀(λ) = 0.0880

                        Parameter     Change
 BK;            374.8434330842495;     0.0001
 BN;            4100.009852803348;     0.0000
 B⨦;            796.5010961299347;     0.0000
 Dab;                         0.0;      Fixed
 T⁰₀(ϵ);      -124.91271589815388;    -0.1915
 T²₀(ϵ);        783.2411780045513;     0.1667
 T²₁(ϵ);                     -0.0;      Fixed
 T²₂(ϵ);       -295.1716069517087;     0.0326
 T²₀(χ);                      0.0;      Fixed
 T²₁(χ);                     -0.0;      Fixed
 T²₂(χ);                      0.0;      Fixed
 F;                           0.0;      Fixed
 -2ρF;                       -0.0;      Fixed
 V3/2;                        0.0;      Fixed
 η;                           0.0;      Fixed
 DN;        0.0012084635958662577;     0.0000
 DNK;       -0.005949699941478885;     0.0000
 DK;       -0.0032628750809252575;    -0.0000
 d1;         6.585406701213188e-5;    -0.0000
 d2;       -0.0013468797948787072;    -0.0000

Max Change; T⁰₀(ϵ), 0.1535%

-------------------------------------

After  32 Iterations:

RMS = 9.2551 MHz, log₁₀(λ) = 0.5931

                        Parameter     Change
 BK;           374.84349608132607;     0.0001
 BN;            4100.009860815879;     0.0000
 B⨦;            796.5011086967849;     0.0000
 Dab;                         0.0;      Fixed
 T⁰₀(ϵ);       -124.9754274058421;    -0.0627
 T²₀(ϵ);        783.2889511967535;     0.0478
 T²₁(ϵ);                     -0.0;      Fixed
 T²₂(ϵ);      -295.16315224986056;     0.0085
 T²₀(χ);                      0.0;      Fixed
 T²₁(χ);                     -0.0;      Fixed
 T²₂(χ);                      0.0;      Fixed
 F;                           0.0;      Fixed
 -2ρF;                       -0.0;      Fixed
 V3/2;                        0.0;      Fixed
 η;                           0.0;      Fixed
 DN;        0.0012084671864977395;     0.0000
 DNK;       -0.005949673625151088;     0.0000
 DK;       -0.0032629827092192825;    -0.0000
 d1;         6.584855122695647e-5;    -0.0000
 d2;       -0.0013468893253395671;    -0.0000

Max Change; T⁰₀(ϵ), 0.0502%

-------------------------------------

After  33 Iterations:

RMS = 9.2550 MHz, log₁₀(λ) = 0.4962

                        Parameter     Change
 BK;            374.8435450222445;     0.0000
 BN;            4100.009869147634;     0.0000
 B⨦;             796.501125221215;     0.0000
 Dab;                         0.0;      Fixed
 T⁰₀(ϵ);       -125.0517539856318;    -0.0763
 T²₀(ϵ);         783.351689233138;     0.0627
 T²₁(ϵ);                     -0.0;      Fixed
 T²₂(ϵ);      -295.15135457741604;     0.0118
 T²₀(χ);                      0.0;      Fixed
 T²₁(χ);                     -0.0;      Fixed
 T²₂(χ);                      0.0;      Fixed
 F;                           0.0;      Fixed
 -2ρF;                       -0.0;      Fixed
 V3/2;                        0.0;      Fixed
 η;                           0.0;      Fixed
 DN;         0.001208471107014786;     0.0000
 DNK;      -0.0059496486300526456;     0.0000
 DK;       -0.0032631570824128435;    -0.0000
 d1;         6.584212741879043e-5;    -0.0000
 d2;       -0.0013468999595210066;    -0.0000

Max Change; T⁰₀(ϵ), 0.0611%

-------------------------------------

After  34 Iterations:

RMS = 9.2550 MHz, log₁₀(λ) = 0.3993

                        Parameter     Change
 BK;            374.8435965017268;     0.0001
 BN;           4100.0098794225305;     0.0000
 B⨦;            796.5011457797588;     0.0000
 Dab;                         0.0;      Fixed
 T⁰₀(ϵ);      -125.14566460933652;    -0.0939
 T²₀(ϵ);        783.4322528802549;     0.0806
 T²₁(ϵ);                     -0.0;      Fixed
 T²₂(ϵ);      -295.13573220192103;     0.0156
 T²₀(χ);                      0.0;      Fixed
 T²₁(χ);                     -0.0;      Fixed
 T²₂(χ);                      0.0;      Fixed
 F;                           0.0;      Fixed
 -2ρF;                       -0.0;      Fixed
 V3/2;                        0.0;      Fixed
 η;                           0.0;      Fixed
 DN;        0.0012084758975122456;     0.0000
 DNK;       -0.005949620353748606;     0.0000
 DK;        -0.003263389713056842;    -0.0000
 d1;         6.583405689265017e-5;    -0.0000
 d2;        -0.001346912272664174;    -0.0000

Max Change; T⁰₀(ϵ), 0.0751%

-------------------------------------

After  35 Iterations:

RMS = 9.2550 MHz, log₁₀(λ) = 0.3024

                        Parameter     Change
 BK;           374.84365769368446;     0.0001
 BN;            4100.009892555391;     0.0000
 B⨦;            796.5011711481145;     0.0000
 Dab;                         0.0;      Fixed
 T⁰₀(ϵ);       -125.2620714071846;    -0.1164
 T²₀(ϵ);         783.534270107301;     0.1020
 T²₁(ϵ);                     -0.0;      Fixed
 T²₂(ϵ);       -295.1156607145676;     0.0201
 T²₀(χ);                      0.0;      Fixed
 T²₁(χ);                     -0.0;      Fixed
 T²₂(χ);                      0.0;      Fixed
 F;                           0.0;      Fixed
 -2ρF;                       -0.0;      Fixed
 V3/2;                        0.0;      Fixed
 η;                           0.0;      Fixed
 DN;        0.0012084818631744039;     0.0000
 DNK;      -0.0059495865953904156;     0.0000
 DK;        -0.003263686219326752;    -0.0000
 d1;         6.582387076219157e-5;    -0.0000
 d2;       -0.0013469268855785207;    -0.0000

Max Change; T⁰₀(ϵ), 0.0930%

-------------------------------------

After  36 Iterations:

RMS = 9.2550 MHz, log₁₀(λ) = 0.8076

                        Parameter     Change
 BK;            374.8436915705108;     0.0000
 BN;            4100.009897385931;     0.0000
 B⨦;            796.5011787663291;     0.0000
 Dab;                         0.0;      Fixed
 T⁰₀(ϵ);      -125.29976137683934;    -0.0377
 T²₀(ϵ);        783.5641775074646;     0.0299
 T²₁(ϵ);                     -0.0;      Fixed
 T²₂(ϵ);       -295.1101876671332;     0.0055
 T²₀(χ);                      0.0;      Fixed
 T²₁(χ);                     -0.0;      Fixed
 T²₂(χ);                      0.0;      Fixed
 F;                           0.0;      Fixed
 -2ρF;                       -0.0;      Fixed
 V3/2;                        0.0;      Fixed
 η;                           0.0;      Fixed
 DN;         0.001208483972454287;     0.0000
 DNK;       -0.005949572120636241;     0.0000
 DK;       -0.0032637584626929094;    -0.0000
 d1;         6.582053222137114e-5;    -0.0000
 d2;        -0.001346932238671963;    -0.0000

Max Change; T⁰₀(ϵ), 0.0301%

-------------------------------------

After  37 Iterations:

RMS = 9.2550 MHz, log₁₀(λ) = 0.7106

                        Parameter     Change
 BK;            374.8437228009456;     0.0000
 BN;            4100.009902733885;     0.0000
 B⨦;            796.5011886484384;     0.0000
 Dab;                         0.0;      Fixed
 T⁰₀(ϵ);       -125.3461715993418;    -0.0464
 T²₀(ϵ);        783.6025891666084;     0.0384
 T²₁(ϵ);                     -0.0;      Fixed
 T²₂(ϵ);      -295.10292829583153;     0.0073
 T²₀(χ);                      0.0;      Fixed
 T²₁(χ);                     -0.0;      Fixed
 T²₂(χ);                      0.0;      Fixed
 F;                           0.0;      Fixed
 -2ρF;                       -0.0;      Fixed
 V3/2;                        0.0;      Fixed
 η;                           0.0;      Fixed
 DN;        0.0012084863772302632;     0.0000
 DNK;       -0.005949556967795084;     0.0000
 DK;       -0.0032638632242317244;    -0.0000
 d1;          6.58165777391767e-5;    -0.0000
 d2;       -0.0013469385365201944;    -0.0000

Max Change; T⁰₀(ϵ), 0.0370%

-------------------------------------

After  38 Iterations:

RMS = 9.2550 MHz, log₁₀(λ) = 0.6137

                        Parameter     Change
 BK;           374.84375597235413;     0.0000
 BN;            4100.009909182568;     0.0000
 B⨦;            796.5012010770104;     0.0000
 Dab;                         0.0;      Fixed
 T⁰₀(ϵ);      -125.40354158098667;    -0.0574
 T²₀(ϵ);        783.6515292252753;     0.0489
 T²₁(ϵ);                     -0.0;      Fixed
 T²₂(ϵ);      -295.09347627286843;     0.0095
 T²₀(χ);                      0.0;      Fixed
 T²₁(χ);                     -0.0;      Fixed
 T²₂(χ);                      0.0;      Fixed
 F;                           0.0;      Fixed
 -2ρF;                       -0.0;      Fixed
 V3/2;                        0.0;      Fixed
 η;                           0.0;      Fixed
 DN;        0.0012084892856288104;     0.0000
 DNK;        -0.00594953969344612;     0.0000
 DK;       -0.0032640022997623493;    -0.0000
 d1;         6.581168718666311e-5;    -0.0000
 d2;       -0.0013469460231215872;    -0.0000

Max Change; T⁰₀(ϵ), 0.0458%

-------------------------------------

After  39 Iterations:

RMS = 9.2550 MHz, log₁₀(λ) = 0.5168

                        Parameter     Change
 BK;            374.8437945896242;     0.0000
 BN;            4100.009917261952;     0.0000
 B⨦;            796.5012165310605;     0.0000
 Dab;                         0.0;      Fixed
 T⁰₀(ϵ);      -125.47471561257561;    -0.0712
 T²₀(ϵ);        783.7134527284517;     0.0619
 T²₁(ϵ);                     -0.0;      Fixed
 T²₂(ϵ);      -295.08135365531376;     0.0121
 T²₀(χ);                      0.0;      Fixed
 T²₁(χ);                     -0.0;      Fixed
 T²₂(χ);                      0.0;      Fixed
 F;                           0.0;      Fixed
 -2ρF;                       -0.0;      Fixed
 V3/2;                        0.0;      Fixed
 η;                           0.0;      Fixed
 DN;        0.0012084928881523958;     0.0000
 DNK;       -0.005949519098287309;     0.0000
 DK;        -0.003264180480522302;    -0.0000
 d1;         6.580555193490536e-5;    -0.0000
 d2;        -0.001346955009775893;    -0.0000

Max Change; T⁰₀(ϵ), 0.0568%

-------------------------------------

 The RMS has stopped decreasing. Hopefully it is low.

After  39 iterations:

Final RMS = 9.2550 MHz
Final log₁₀(λ) = 0.4199


                         Parameter                   Uncertainty
 A;             4474.853711851576;               114.01767553143
 B;             5693.012350324073;             44.77491476528981
 C;             2507.007484199831;             44.77491476528981
 Dab;                         0.0;                           0.0
 ϵzz;           712.3422154152562;            1124.2331006371583
 ϵxx;          -542.5881701098235;             882.2399158788428
 ϵxz;                         0.0;                           0.0
 ϵyy;           47.57453720080406;             882.2399158788428
 χzz;                         0.0;                           0.0
 χxz;                         0.0;                           0.0
 χxx-χyy;                     0.0;                           0.0
 F;                           0.0;                           0.0
 ρ;                           0.0;                           0.0
 V3;                          0.0;                           0.0
 η;                           0.0;                           0.0
 DN;        0.0012084928881523958;           0.13329429807840779
 DNK;       -0.005949519098287309;            1.0697816835368272
 DK;        -0.003264180480522302;            1.2090987379593112
 d1;         6.580555193490536e-5;            0.0802459162732155
 d2;        -0.001346955009775893;            0.0756171697939894


Journal Formatted Values
 A;                    4.47(11)e3
 B;                   5.693(45)e3
 C;                   2.507(45)e3
 Dab;               0.0e0 (Fixed)
 ϵzz;         700e0(Undetermined)
 ϵxx;         -54e0(Undetermined)
 ϵxz;               0.0e0 (Fixed)
 ϵyy;         50.e0(Undetermined)
 χzz;               0.0e0 (Fixed)
 χxz;               0.0e0 (Fixed)
 χxx-χyy;           0.0e0 (Fixed)
 F;                 0.0e0 (Fixed)
 ρ;                 0.0e0 (Fixed)
 V3;                0.0e0 (Fixed)
 η;                 0.0e0 (Fixed)
 DN;          0.0e0(Undetermined)
 DNK;         -0.e0(Undetermined)
 DK;          -0.e0(Undetermined)
 d1;          0.0e0(Undetermined)
 d2;         -1.e-3(Undetermined)


 Again, sorry about the name...


