mcltol   @   2023-10-30T17:52:43.924

Control Parameters
mcalc = 5
νmax = 40.0
maxiter = 100
overwrite = false
λlm0 = 0.0001
apology = true
Jmax = 7.5
S = 1.5
assign = expect
turducken = 2
REJECT = 10.0
TK = 25.0
RUNmode =  F
vtmax = 0
NFOLD = 3
νmin = 0.01
INTthres = 1.0e-5

Initial Parameters
 BN;          2036.9859989067565;   1.0
 BK;          1138.1367192237374;   1.0
 B⨦;          127.81769402214715;   1.0
 Dab;         -626.7491131052599;   1.0
 T⁰₀(ϵ);                    -0.0;   0.0
 T²₀(ϵ);                     0.0;   0.0
 T²₁(ϵ);                     0.0;   0.0
 T²₂(ϵ);                     0.0;   0.0
 T²₀(χ);      -33.12373440133825;   1.0
 T²₁(χ);      -42.29060497314534;   1.0
 T²₂(χ);     -13.366535791418938;   1.0
 F;           157932.28605346568;   0.0
 -2ρF;        -5265.760679183337;   1.0
 V3/2;        1809.2315862347784;   0.0
 η;                          0.0;   0.0

 V6;           282393.79782318725;   1.0
 V6;                         -1.0;   0.0
 DN;      -0.00011789976774684105;   1.0
 DNK;        0.001808651231946005;   1.0
 DK;         -0.00587483526351202;   1.0
 d1;       -3.8516832626248766e-5;   1.0
 d2;        2.6703080376152093e-5;   1.0

Number of lines = 336

Initial RMS = 0.07463639632309413 MHz
Initial λ = 7.4633611235135e-9

-------------------------------------

After   1 Iterations:

RMS = 0.0181 MHz, log₁₀(λ) = -8.1271

                        Parameter     Change
 BN;           2036.9859213605537;    -0.0001
 BK;           1138.1367221263101;     0.0000
 B⨦;           127.81769539724262;     0.0000
 Dab;          -626.7491198869733;    -0.0000
 T⁰₀(ϵ);                     -0.0;      Fixed
 T²₀(ϵ);                      0.0;      Fixed
 T²₁(ϵ);                      0.0;      Fixed
 T²₂(ϵ);                      0.0;      Fixed
 T²₀(χ);       -33.12282513920402;     0.0009
 T²₁(χ);      -42.291669463508235;    -0.0011
 T²₂(χ);      -13.366914953681473;    -0.0004
 F;            157932.28605346568;      Fixed
 -2ρF;         -5265.750869877581;     0.0098
 V3/2;         1809.2315862347784;      Fixed
 η;                           0.0;      Fixed
 V6;            282350.2468002764;   -43.5510
 V6;                         -1.0;      Fixed
 DN;      -0.00011788711701769118;     0.0000
 DNK;       0.0018083419324562428;    -0.0000
 DK;        -0.005873892954378621;     0.0000
 d1;        -7.702593227186356e-5;    -0.0000
 d2;        2.6695725705554627e-5;    -0.0000

Max Change; d1, 99.9799%

-------------------------------------

 The RMS has stopped decreasing. Hopefully it is low.

After   1 iterations:

Final RMS = 0.0181 MHz
Final log₁₀(λ) = -8.8400


                         Parameter                   Uncertainty
 A;            3131.2302056001777;          0.011460392678561858
 B;            1393.7721129207953;         0.0011265252714804223
 C;             882.5013313318249;         0.0011265252714804223
 Dab;          -626.7491198869733;          0.002004001404846045
 ϵzz;                         0.0;                           0.0
 ϵxx;                         0.0;                           0.0
 ϵxz;                        -0.0;                           0.0
 ϵyy;                        -0.0;                           0.0
 χzz;          -33.12282513920402;           0.14464997392332407
 χxz;          51.796505278019985;           0.19933871055504046
 χxx-χyy;     -32.742121071697845;           0.15474468650061957
 F;                    5.26805401;                           0.0
 ρ;          0.016670913216867315;          4.545593286773106e-6
 V3;          0.12069893941326425;                           0.0
 η;                           0.0;                           0.0
 V6;            282350.2468002764;            6359.6200211273435
 V6;                         -1.0;                           0.0
 DN;      -0.00011788711701769118;          4.476794072283107e-6
 DNK;       0.0018083419324562428;          8.006788116427042e-5
 DK;        -0.005873892954378621;         0.0002539923611180961
 d1;        -7.702593227186356e-5;          4.244107800055222e-6
 d2;        2.6695725705554627e-5;          2.277220636623804e-6


Journal Formatted Values
 A;                 3.13123(11)e3
 B;               1.3937721(11)e3
 C;                882.5013(11)e0
 Dab;              -626.7491(2)e0
 ϵzz;               0.0e0 (Fixed)
 ϵxx;               0.0e0 (Fixed)
 ϵxz;              -0.0e0 (Fixed)
 ϵyy;              -0.0e0 (Fixed)
 χzz;                -33.12(14)e0
 χxz;                   51.8(2)e0
 χxx-χyy;            -32.74(15)e0
 F;             5.26805e0 (Fixed)
 ρ;                16.6709(45)e-3
 V3;             120.7e-3 (Fixed)
 η;                 0.0e0 (Fixed)
 V6;                  282.4(64)e3
 V6;                -1.e0 (Fixed)
 DN;                -117.9(45)e-6
 DNK;                 1.808(8)e-3
 DK;                 -5.87(25)e-3
 d1;                 -77.0(42)e-6
 d2;                  26.7(23)e-6


 Again, sorry about the name...


