4cl2ftol   @   2023-10-30T15:50:13.993

Control Parameters
mcalc = 8
νmax = 23.0
maxiter = 60
overwrite = false
λlm0 = 0.0001
apology = true
Jmax = 6.5
S = 1.5
assign = RAM36
turducken = 1
REJECT = 10.0
TK = 25.0
RUNmode =  EF
vtmax = 0
NFOLD = 3
νmin = 4.0
INTthres = 1.0e-5

Initial Parameters
 BN;           2315.019272108233;   1.0
 BK;           768.3240092629799;   1.0
 B⨦;          47.978585918403155;   1.0
 Dab;        -106.90097231578284;   1.0
 T⁰₀(ϵ);                    -0.0;   0.0
 T²₀(ϵ);                     0.0;   0.0
 T²₁(ϵ);                     0.0;   0.0
 T²₂(ϵ);                     0.0;   0.0
 T²₀(χ);      -69.11504606644935;   1.0
 T²₁(χ);                    -0.0;   0.0
 T²₂(χ);      0.9443951666300852;   1.0
 F;            161663.7125406618;   0.0
 -2ρF;        -5816.578435761569;   1.0
 V3/2;      3.3371237372203935e6;   1.0
 η;                          0.0;   0.0

 DN;         -8.05930115394202e-6;   1.0
 V3N;        -8.05930115394202e-6;   1.0

Number of lines = 310

Initial RMS = 0.01045894271537097 MHz
Initial λ = 1.045888802120165e-9

-------------------------------------

After   1 Iterations:

RMS = 0.0089 MHz, log₁₀(λ) = -5.3682

                        Parameter     Change
 BN;            2315.495351869816;     0.4761
 BK;            768.2970295279072;    -0.0270
 B⨦;           47.998867134297925;     0.0203
 Dab;         -107.72212406851355;    -0.8212
 T⁰₀(ϵ);                     -0.0;      Fixed
 T²₀(ϵ);                      0.0;      Fixed
 T²₁(ϵ);                      0.0;      Fixed
 T²₂(ϵ);                      0.0;      Fixed
 T²₀(χ);       -69.11232516344103;     0.0027
 T²₁(χ);                     -0.0;      Fixed
 T²₂(χ);       0.9463375732858249;     0.0019
 F;             161663.7125406618;      Fixed
 -2ρF;         -5849.961408701069;   -33.3830
 V3/2;        3.342809601272816e6;  5685.8641
 η;                           0.0;      Fixed
 DN;        -8.077482945479427e-6;    -0.0000
 V3N;         0.08828695947167806;     0.0883

Max Change; V3N, 1095566.6886%

-------------------------------------

After   2 Iterations:

RMS = 0.0087 MHz, log₁₀(λ) = -5.5350

                        Parameter     Change
 BN;           2315.9104834384484;     0.4151
 BK;            768.2804568837519;    -0.0166
 B⨦;            48.01819184562869;     0.0193
 Dab;         -108.50165308883302;    -0.7795
 T⁰₀(ϵ);                     -0.0;      Fixed
 T²₀(ϵ);                      0.0;      Fixed
 T²₁(ϵ);                      0.0;      Fixed
 T²₂(ϵ);                      0.0;      Fixed
 T²₀(χ);       -69.11113717981068;     0.0012
 T²₁(χ);                     -0.0;      Fixed
 T²₂(χ);       0.9480705786945806;     0.0017
 F;             161663.7125406618;      Fixed
 -2ρF;         -5879.521719733052;   -29.5603
 V3/2;       3.3478561130744857e6;  5046.5118
 η;                           0.0;      Fixed
 DN;        -8.089859523912258e-6;    -0.0000
 V3N;         0.16044169366463873;     0.0722

Max Change; V3N, 81.7275%

-------------------------------------

After   3 Iterations:

RMS = 0.0078 MHz, log₁₀(λ) = -5.0390

                        Parameter     Change
 BN;            2316.011972546484;     0.1015
 BK;             768.276916918857;    -0.0035
 B⨦;            48.02359937902406;     0.0054
 Dab;         -108.71177853599187;    -0.2101
 T⁰₀(ϵ);                     -0.0;      Fixed
 T²₀(ϵ);                      0.0;      Fixed
 T²₁(ϵ);                      0.0;      Fixed
 T²₂(ϵ);                      0.0;      Fixed
 T²₀(χ);        -69.1110596176937;     0.0001
 T²₁(χ);                     -0.0;      Fixed
 T²₂(χ);       0.9485482840925628;     0.0005
 F;             161663.7125406618;      Fixed
 -2ρF;         -5886.755155732556;    -7.2334
 V3/2;        3.349058926820034e6;  1202.8137
 η;                           0.0;      Fixed
 DN;        -8.092591185874897e-6;    -0.0000
 V3N;         0.17914696417445894;     0.0187

Max Change; V3N, 11.6586%

-------------------------------------

After   4 Iterations:

RMS = 0.0078 MHz, log₁₀(λ) = -5.1847

                        Parameter     Change
 BN;            2316.115936637479;     0.1040
 BK;            768.2746075053278;    -0.0023
 B⨦;           48.029894844171814;     0.0063
 Dab;         -108.96342292531139;    -0.2516
 T⁰₀(ϵ);                     -0.0;      Fixed
 T²₀(ϵ);                      0.0;      Fixed
 T²₁(ϵ);                      0.0;      Fixed
 T²₂(ϵ);                      0.0;      Fixed
 T²₀(χ);       -69.11104474071416;     0.0000
 T²₁(χ);                     -0.0;      Fixed
 T²₂(χ);       0.9490998516465013;     0.0006
 F;             161663.7125406618;      Fixed
 -2ρF;         -5894.587228621803;    -7.8321
 V3/2;        3.350386149586007e6;  1327.2228
 η;                           0.0;      Fixed
 DN;         -8.09571431185581e-6;    -0.0000
 V3N;         0.19860284944333192;     0.0195

Max Change; V3N, 10.8603%

-------------------------------------

After   5 Iterations:

RMS = 0.0078 MHz, log₁₀(λ) = -5.2834

                        Parameter     Change
 BN;           2316.2014724133237;     0.0855
 BK;            768.2745638354468;    -0.0000
 B⨦;            48.03646654554514;     0.0066
 Dab;         -109.22506949566727;    -0.2616
 T⁰₀(ϵ);                     -0.0;      Fixed
 T²₀(ϵ);                      0.0;      Fixed
 T²₁(ϵ);                      0.0;      Fixed
 T²₂(ϵ);                      0.0;      Fixed
 T²₀(χ);       -69.11130138875554;    -0.0003
 T²₁(χ);                     -0.0;      Fixed
 T²₂(χ);       0.9496669964492916;     0.0006
 F;             161663.7125406618;      Fixed
 -2ρF;         -5901.466007326538;    -6.8788
 V3/2;       3.3515467088367487e6;  1160.5593
 η;                           0.0;      Fixed
 DN;        -8.098372583731175e-6;    -0.0000
 V3N;         0.21581554882821444;     0.0172

Max Change; V3N, 8.6669%

-------------------------------------

After   6 Iterations:

RMS = 0.0074 MHz, log₁₀(λ) = -4.7784

                        Parameter     Change
 BN;            2316.223509050811;     0.0220
 BK;            768.2747819693823;     0.0002
 B⨦;           48.038433317068225;     0.0020
 Dab;         -109.29933627298102;    -0.0743
 T⁰₀(ϵ);                     -0.0;      Fixed
 T²₀(ϵ);                      0.0;      Fixed
 T²₁(ϵ);                      0.0;      Fixed
 T²₂(ϵ);                      0.0;      Fixed
 T²₀(χ);       -69.11144568411791;    -0.0001
 T²₁(χ);                     -0.0;      Fixed
 T²₂(χ);       0.9498344351692399;     0.0002
 F;             161663.7125406618;      Fixed
 -2ρF;         -5903.259022654342;    -1.7930
 V3/2;       3.3518389818781354e6;   292.2730
 η;                           0.0;      Fixed
 DN;        -8.098964227830883e-6;    -0.0000
 V3N;         0.22064918947863615;     0.0048

Max Change; V3N, 2.2397%

-------------------------------------

After   7 Iterations:

RMS = 0.0074 MHz, log₁₀(λ) = -4.8960

                        Parameter     Change
 BN;            2316.247943001844;     0.0244
 BK;            768.2754157831984;     0.0006
 B⨦;            48.04081722588189;     0.0024
 Dab;         -109.39427188301062;    -0.0949
 T⁰₀(ϵ);                     -0.0;      Fixed
 T²₀(ϵ);                      0.0;      Fixed
 T²₁(ϵ);                      0.0;      Fixed
 T²₂(ϵ);                      0.0;      Fixed
 T²₀(χ);       -69.11160189012698;    -0.0002
 T²₁(χ);                     -0.0;      Fixed
 T²₂(χ);       0.9500377249819882;     0.0002
 F;             161663.7125406618;      Fixed
 -2ρF;        -5905.3959287734915;    -2.1369
 V3/2;        3.352199441998406e6;   360.4601
 η;                           0.0;      Fixed
 DN;        -8.099754618358345e-6;    -0.0000
 V3N;         0.22604616208358969;     0.0054

Max Change; V3N, 2.4460%

-------------------------------------

After   8 Iterations:

RMS = 0.0073 MHz, log₁₀(λ) = -4.3909

                        Parameter     Change
 BN;           2316.2549042404194;     0.0070
 BK;            768.2756481745885;     0.0002
 B⨦;            48.04155527996293;     0.0007
 Dab;         -109.42198392368356;    -0.0277
 T⁰₀(ϵ);                     -0.0;      Fixed
 T²₀(ϵ);                      0.0;      Fixed
 T²₁(ϵ);                      0.0;      Fixed
 T²₂(ϵ);                      0.0;      Fixed
 T²₀(χ);        -69.1116707815717;    -0.0001
 T²₁(χ);                     -0.0;      Fixed
 T²₂(χ);       0.9501003639148783;     0.0001
 F;             161663.7125406618;      Fixed
 -2ρF;         -5905.999670698012;    -0.6037
 V3/2;       3.3522978242607564e6;    98.3823
 η;                           0.0;      Fixed
 DN;        -8.099952155301554e-6;    -0.0000
 V3N;         0.22766416453131147;     0.0016

Max Change; V3N, 0.7158%

-------------------------------------

After   9 Iterations:

RMS = 0.0073 MHz, log₁₀(λ) = -4.4917

                        Parameter     Change
 BN;           2316.2630932862194;     0.0082
 BK;            768.2759852081241;     0.0003
 B⨦;            48.04245340292012;     0.0009
 Dab;         -109.45771921512153;    -0.0357
 T⁰₀(ϵ);                     -0.0;      Fixed
 T²₀(ϵ);                      0.0;      Fixed
 T²₁(ϵ);                      0.0;      Fixed
 T²₂(ϵ);                      0.0;      Fixed
 T²₀(χ);       -69.11174004402346;    -0.0001
 T²₁(χ);                     -0.0;      Fixed
 T²₂(χ);       0.9501767344712547;     0.0001
 F;             161663.7125406618;      Fixed
 -2ρF;         -5906.748706567778;    -0.7490
 V3/2;       3.3524240448003113e6;   126.2205
 η;                           0.0;      Fixed
 DN;        -8.100218584060828e-6;    -0.0000
 V3N;         0.22956919767791692;     0.0019

Max Change; V3N, 0.8368%

-------------------------------------

After  10 Iterations:

RMS = 0.0073 MHz, log₁₀(λ) = -4.5890

                        Parameter     Change
 BN;            2316.272397655548;     0.0093
 BK;             768.276477981027;     0.0005
 B⨦;            48.04354316508607;     0.0011
 Dab;         -109.50101992175281;    -0.0433
 T⁰₀(ϵ);                     -0.0;      Fixed
 T²₀(ϵ);                      0.0;      Fixed
 T²₁(ϵ);                      0.0;      Fixed
 T²₂(ϵ);                      0.0;      Fixed
 T²₀(χ);        -69.1118345058598;    -0.0001
 T²₁(χ);                     -0.0;      Fixed
 T²₂(χ);       0.9502685799129422;     0.0001
 F;             161663.7125406618;      Fixed
 -2ρF;         -5907.621950169563;    -0.8732
 V3/2;        3.352571121261633e6;   147.0765
 η;                           0.0;      Fixed
 DN;        -8.100532539024248e-6;    -0.0000
 V3N;         0.23177110187322555;     0.0022

Max Change; V3N, 0.9591%

-------------------------------------

After  11 Iterations:

RMS = 0.0073 MHz, log₁₀(λ) = -4.6862

                        Parameter     Change
 BN;            2316.282521131632;     0.0101
 BK;            768.2771936725333;     0.0007
 B⨦;             48.0448586828857;     0.0013
 Dab;         -109.55327227990429;    -0.0523
 T⁰₀(ϵ);                     -0.0;      Fixed
 T²₀(ϵ);                      0.0;      Fixed
 T²₁(ϵ);                      0.0;      Fixed
 T²₂(ϵ);                      0.0;      Fixed
 T²₀(χ);       -69.11196284859541;    -0.0001
 T²₁(χ);                     -0.0;      Fixed
 T²₂(χ);       0.9503793493549588;     0.0001
 F;             161663.7125406618;      Fixed
 -2ρF;         -5908.614578687785;    -0.9926
 V3/2;         3.35273816337332e6;   167.0421
 η;                           0.0;      Fixed
 DN;        -8.100891888570495e-6;    -0.0000
 V3N;         0.23427130936347904;     0.0025

Max Change; V3N, 1.0787%

-------------------------------------

After  12 Iterations:

RMS = 0.0073 MHz, log₁₀(λ) = -4.7834

                        Parameter     Change
 BN;            2316.293027726087;     0.0105
 BK;            768.2782241570022;     0.0010
 B⨦;            48.04643836453266;     0.0016
 Dab;         -109.61598962878158;    -0.0627
 T⁰₀(ϵ);                     -0.0;      Fixed
 T²₀(ϵ);                      0.0;      Fixed
 T²₁(ϵ);                      0.0;      Fixed
 T²₂(ϵ);                      0.0;      Fixed
 T²₀(χ);        -69.1121339050559;    -0.0002
 T²₁(χ);                     -0.0;      Fixed
 T²₂(χ);       0.9505114618692099;     0.0001
 F;             161663.7125406618;      Fixed
 -2ρF;         -5909.715144973777;    -1.1006
 V3/2;        3.352923116362159e6;   184.9530
 η;                           0.0;      Fixed
 DN;        -8.101284841722001e-6;    -0.0000
 V3N;         0.23705013041827785;     0.0028

Max Change; V3N, 1.1862%

-------------------------------------

After  13 Iterations:

RMS = 0.0073 MHz, log₁₀(λ) = -4.2784

                        Parameter     Change
 BN;            2316.296007334918;     0.0030
 BK;            768.2785609856995;     0.0003
 B⨦;             48.0469315644207;     0.0005
 Dab;          -109.6343860120618;    -0.0184
 T⁰₀(ϵ);                     -0.0;      Fixed
 T²₀(ϵ);                      0.0;      Fixed
 T²₁(ϵ);                      0.0;      Fixed
 T²₂(ϵ);                      0.0;      Fixed
 T²₀(χ);        -69.1121990894925;    -0.0001
 T²₁(χ);                     -0.0;      Fixed
 T²₂(χ);       0.9505527043944859;     0.0000
 F;             161663.7125406618;      Fixed
 -2ρF;         -5910.029276225724;    -0.3141
 V3/2;        3.352974067434462e6;    50.9511
 η;                           0.0;      Fixed
 DN;         -8.10138241000049e-6;    -0.0000
 V3N;         0.23789502267971782;     0.0008

Max Change; V3N, 0.3564%

-------------------------------------

After  14 Iterations:

RMS = 0.0073 MHz, log₁₀(λ) = -4.3774

                        Parameter     Change
 BN;            2316.299495621419;     0.0035
 BK;            768.2789985603353;     0.0004
 B⨦;            48.04753538933839;     0.0006
 Dab;         -109.65838198912819;    -0.0240
 T⁰₀(ϵ);                     -0.0;      Fixed
 T²₀(ϵ);                      0.0;      Fixed
 T²₁(ϵ);                      0.0;      Fixed
 T²₂(ϵ);                      0.0;      Fixed
 T²₀(χ);       -69.11226749858056;    -0.0001
 T²₁(χ);                     -0.0;      Fixed
 T²₂(χ);       0.9506032439265713;     0.0001
 F;             161663.7125406618;      Fixed
 -2ρF;         -5910.421422512968;    -0.3921
 V3/2;       3.3530399209569944e6;    65.8535
 η;                           0.0;      Fixed
 DN;        -8.101510537656729e-6;    -0.0000
 V3N;         0.23890032118307014;     0.0010

Max Change; V3N, 0.4226%

-------------------------------------

After  15 Iterations:

RMS = 0.0073 MHz, log₁₀(λ) = -4.4745

                        Parameter     Change
 BN;           2316.3035037559353;     0.0040
 BK;            768.2795736766687;     0.0006
 B⨦;            48.04827691760926;     0.0007
 Dab;         -109.68780988608616;    -0.0294
 T⁰₀(ϵ);                     -0.0;      Fixed
 T²₀(ϵ);                      0.0;      Fixed
 T²₁(ϵ);                      0.0;      Fixed
 T²₂(ϵ);                      0.0;      Fixed
 T²₀(χ);       -69.11235757939035;    -0.0001
 T²₁(χ);                     -0.0;      Fixed
 T²₂(χ);       0.9506649179836354;     0.0001
 F;             161663.7125406618;      Fixed
 -2ρF;         -5910.887490599397;    -0.4661
 V3/2;       3.3531181604259606e6;    78.2395
 η;                           0.0;      Fixed
 DN;        -8.101667369277217e-6;    -0.0000
 V3N;          0.2400855172108267;     0.0012

Max Change; V3N, 0.4961%

-------------------------------------

After  16 Iterations:

RMS = 0.0073 MHz, log₁₀(λ) = -4.5716

                        Parameter     Change
 BN;           2316.3079163062816;     0.0044
 BK;            768.2803326487781;     0.0008
 B⨦;            48.04918450465813;     0.0009
 Dab;         -109.72381964168707;    -0.0360
 T⁰₀(ϵ);                     -0.0;      Fixed
 T²₀(ϵ);                      0.0;      Fixed
 T²₁(ϵ);                      0.0;      Fixed
 T²₂(ϵ);                      0.0;      Fixed
 T²₀(χ);       -69.11247419210193;    -0.0001
 T²₁(χ);                     -0.0;      Fixed
 T²₂(χ);       0.9507406146903408;     0.0001
 F;             161663.7125406618;      Fixed
 -2ρF;        -5911.4305869216505;    -0.5431
 V3/2;        3.353209255022237e6;    91.0946
 η;                           0.0;      Fixed
 DN;        -8.101852381383044e-6;    -0.0000
 V3N;         0.24146420638578658;     0.0014

Max Change; V3N, 0.5742%

-------------------------------------

After  17 Iterations:

RMS = 0.0073 MHz, log₁₀(λ) = -4.6687

                        Parameter     Change
 BN;           2316.3125454113615;     0.0046
 BK;            768.2813374718344;     0.0010
 B⨦;            48.05029146820189;     0.0011
 Dab;         -109.76772677965315;    -0.0439
 T⁰₀(ϵ);                     -0.0;      Fixed
 T²₀(ϵ);                      0.0;      Fixed
 T²₁(ϵ);                      0.0;      Fixed
 T²₂(ϵ);                      0.0;      Fixed
 T²₀(χ);       -69.11262460286193;    -0.0002
 T²₁(χ);                     -0.0;      Fixed
 T²₂(χ);       0.9508322417412683;     0.0001
 F;             161663.7125406618;      Fixed
 -2ρF;         -5912.051327082166;    -0.6207
 V3/2;         3.35331325517114e6;   104.0001
 η;                           0.0;      Fixed
 DN;        -8.102058837776522e-6;    -0.0000
 V3N;         0.24304243058619093;     0.0016

Max Change; V3N, 0.6536%

-------------------------------------

After  18 Iterations:

RMS = 0.0072 MHz, log₁₀(λ) = -4.1637

                        Parameter     Change
 BN;           2316.3138590634976;     0.0013
 BK;            768.2816589239322;     0.0003
 B⨦;           48.050638700517666;     0.0003
 Dab;         -109.78061907409273;    -0.0129
 T⁰₀(ϵ);                     -0.0;      Fixed
 T²₀(ϵ);                      0.0;      Fixed
 T²₁(ϵ);                      0.0;      Fixed
 T²₂(ϵ);                      0.0;      Fixed
 T²₀(χ);       -69.11267839073736;    -0.0001
 T²₁(χ);                     -0.0;      Fixed
 T²₂(χ);       0.9508606792088905;     0.0000
 F;             161663.7125406618;      Fixed
 -2ρF;         -5912.230899583949;    -0.1796
 V3/2;       3.3533422703466113e6;    29.0152
 η;                           0.0;      Fixed
 DN;        -8.102113110473868e-6;    -0.0000
 V3N;         0.24352757282672796;     0.0005

Max Change; V3N, 0.1996%

-------------------------------------

After  19 Iterations:

RMS = 0.0072 MHz, log₁₀(λ) = -4.2618

                        Parameter     Change
 BN;           2316.3153851355337;     0.0015
 BK;            768.2820662490661;     0.0004
 B⨦;            48.05106532899418;     0.0004
 Dab;         -109.79755899802828;    -0.0169
 T⁰₀(ϵ);                     -0.0;      Fixed
 T²₀(ϵ);                      0.0;      Fixed
 T²₁(ϵ);                      0.0;      Fixed
 T²₂(ϵ);                      0.0;      Fixed
 T²₀(χ);       -69.11273759258584;    -0.0001
 T²₁(χ);                     -0.0;      Fixed
 T²₂(χ);       0.9508961621541625;     0.0000
 F;             161663.7125406618;      Fixed
 -2ρF;          -5912.45618442939;    -0.2253
 V3/2;        3.353379977806305e6;    37.7075
 η;                           0.0;      Fixed
 DN;        -8.102181584446564e-6;    -0.0000
 V3N;         0.24410970039246144;     0.0006

Max Change; V3N, 0.2390%

-------------------------------------

After  20 Iterations:

RMS = 0.0072 MHz, log₁₀(λ) = -4.3588

                        Parameter     Change
 BN;            2316.317153653094;     0.0018
 BK;            768.2825874709167;     0.0005
 B⨦;             48.0515928507866;     0.0005
 Dab;         -109.81847594577573;    -0.0209
 T⁰₀(ϵ);                     -0.0;      Fixed
 T²₀(ϵ);                      0.0;      Fixed
 T²₁(ϵ);                      0.0;      Fixed
 T²₂(ϵ);                      0.0;      Fixed
 T²₀(χ);       -69.11281302793012;    -0.0001
 T²₁(χ);                     -0.0;      Fixed
 T²₂(χ);       0.9509397459441686;     0.0000
 F;             161663.7125406618;      Fixed
 -2ρF;         -5912.728069337041;    -0.2719
 V3/2;         3.35342546974515e6;    45.4919
 η;                           0.0;      Fixed
 DN;        -8.102258776991441e-6;    -0.0000
 V3N;         0.24480652029852476;     0.0007

Max Change; V3N, 0.2855%

-------------------------------------

After  21 Iterations:

RMS = 0.0072 MHz, log₁₀(λ) = -4.4558

                        Parameter     Change
 BN;            2316.319109227918;     0.0020
 BK;            768.2832564362687;     0.0007
 B⨦;             48.0522436326876;     0.0007
 Dab;         -109.84427637710556;    -0.0258
 T⁰₀(ϵ);                     -0.0;      Fixed
 T²₀(ϵ);                      0.0;      Fixed
 T²₁(ϵ);                      0.0;      Fixed
 T²₂(ϵ);                      0.0;      Fixed
 T²₀(χ);        -69.1129102288493;    -0.0001
 T²₁(χ);                     -0.0;      Fixed
 T²₂(χ);       0.9509931380562019;     0.0001
 F;             161663.7125406618;      Fixed
 -2ρF;         -5913.050949295965;    -0.3229
 V3/2;        3.353479461724316e6;    53.9920
 η;                           0.0;      Fixed
 DN;        -8.102363307996627e-6;    -0.0000
 V3N;          0.2456322618943935;     0.0008

Max Change; V3N, 0.3373%

-------------------------------------

After  22 Iterations:

RMS = 0.0072 MHz, log₁₀(λ) = -4.5529

                        Parameter     Change
 BN;           2316.3211589698194;     0.0020
 BK;            768.2841176012008;     0.0009
 B⨦;            48.05304456928046;     0.0008
 Dab;         -109.87602297925936;    -0.0317
 T⁰₀(ϵ);                     -0.0;      Fixed
 T²₀(ϵ);                      0.0;      Fixed
 T²₁(ϵ);                      0.0;      Fixed
 T²₂(ϵ);                      0.0;      Fixed
 T²₀(χ);       -69.11303282269895;    -0.0001
 T²₁(χ);                     -0.0;      Fixed
 T²₂(χ);       0.9510591314246001;     0.0001
 F;             161663.7125406618;      Fixed
 -2ρF;         -5913.428572969804;    -0.3776
 V3/2;         3.35354254237522e6;    63.0807
 η;                           0.0;      Fixed
 DN;        -8.102479061911107e-6;    -0.0000
 V3N;         0.24659909620903062;     0.0010

Max Change; V3N, 0.3936%

-------------------------------------

After  23 Iterations:

RMS = 0.0072 MHz, log₁₀(λ) = -4.6499

                        Parameter     Change
 BN;            2316.323153206268;     0.0020
 BK;            768.2852290723288;     0.0011
 B⨦;            48.05402775109111;     0.0010
 Dab;         -109.91498317549066;    -0.0390
 T⁰₀(ϵ);                     -0.0;      Fixed
 T²₀(ϵ);                      0.0;      Fixed
 T²₁(ϵ);                      0.0;      Fixed
 T²₂(ϵ);                      0.0;      Fixed
 T²₀(χ);       -69.11319010241411;    -0.0002
 T²₁(χ);                     -0.0;      Fixed
 T²₂(χ);       0.9511397976973553;     0.0001
 F;             161663.7125406618;      Fixed
 -2ρF;         -5913.863270577614;    -0.4347
 V3/2;       3.3536150505637494e6;    72.5082
 η;                           0.0;      Fixed
 DN;        -8.102609200274727e-6;    -0.0000
 V3N;         0.24771494231659336;     0.0011

Max Change; V3N, 0.4525%

-------------------------------------

After  24 Iterations:

RMS = 0.0072 MHz, log₁₀(λ) = -4.1448

                        Parameter     Change
 BN;           2316.3236873293126;     0.0005
 BK;            768.2855819872675;     0.0004
 B⨦;            48.05433678520741;     0.0003
 Dab;         -109.92640602906391;    -0.0114
 T⁰₀(ϵ);                     -0.0;      Fixed
 T²₀(ϵ);                      0.0;      Fixed
 T²₁(ϵ);                      0.0;      Fixed
 T²₂(ϵ);                      0.0;      Fixed
 T²₀(χ);         -69.113243234188;    -0.0001
 T²₁(χ);                     -0.0;      Fixed
 T²₂(χ);       0.9511648133362915;     0.0000
 F;             161663.7125406618;      Fixed
 -2ρF;         -5913.989427100495;    -0.1262
 V3/2;       3.3536353238049974e6;    20.2732
 η;                           0.0;      Fixed
 DN;        -8.102640811906627e-6;    -0.0000
 V3N;          0.2480597820032259;     0.0003

Max Change; V3N, 0.1392%

-------------------------------------

After  25 Iterations:

RMS = 0.0072 MHz, log₁₀(λ) = -4.2428

                        Parameter     Change
 BN;            2316.324281760533;     0.0006
 BK;            768.2860256934374;     0.0004
 B⨦;           48.054717182590856;     0.0004
 Dab;          -109.9414974281239;    -0.0151
 T⁰₀(ϵ);                     -0.0;      Fixed
 T²₀(ϵ);                      0.0;      Fixed
 T²₁(ϵ);                      0.0;      Fixed
 T²₂(ϵ);                      0.0;      Fixed
 T²₀(χ);       -69.11330516668089;    -0.0001
 T²₁(χ);                     -0.0;      Fixed
 T²₂(χ);        0.951196018420811;     0.0000
 F;             161663.7125406618;      Fixed
 -2ρF;         -5914.148036979498;    -0.1586
 V3/2;       3.3536617469901433e6;    26.4232
 η;                           0.0;      Fixed
 DN;        -8.102679275648137e-6;    -0.0000
 V3N;         0.24847370061733903;     0.0004

Max Change; V3N, 0.1669%

-------------------------------------

After  26 Iterations:

RMS = 0.0072 MHz, log₁₀(λ) = -4.3398

                        Parameter     Change
 BN;           2316.3249369354658;     0.0007
 BK;            768.2865879384614;     0.0006
 B⨦;           48.055188927069686;     0.0005
 Dab;         -109.96018491699195;    -0.0187
 T⁰₀(ϵ);                     -0.0;      Fixed
 T²₀(ϵ);                      0.0;      Fixed
 T²₁(ϵ);                      0.0;      Fixed
 T²₂(ϵ);                      0.0;      Fixed
 T²₀(χ);       -69.11338349409203;    -0.0001
 T²₁(χ);                     -0.0;      Fixed
 T²₂(χ);       0.9512345516958765;     0.0000
 F;             161663.7125406618;      Fixed
 -2ρF;         -5914.340121732104;    -0.1921
 V3/2;        3.353693736768144e6;    31.9898
 η;                           0.0;      Fixed
 DN;        -8.102739804169193e-6;    -0.0000
 V3N;          0.2489713457445085;     0.0005

Max Change; V3N, 0.2003%

-------------------------------------

After  27 Iterations:

RMS = 0.0072 MHz, log₁₀(λ) = -4.4368

                        Parameter     Change
 BN;           2316.3255953142657;     0.0007
 BK;            768.2873016923181;     0.0007
 B⨦;            48.05577293569675;     0.0006
 Dab;         -109.98331661552176;    -0.0231
 T⁰₀(ϵ);                     -0.0;      Fixed
 T²₀(ϵ);                      0.0;      Fixed
 T²₁(ϵ);                      0.0;      Fixed
 T²₂(ϵ);                      0.0;      Fixed
 T²₀(χ);       -69.11348255044373;    -0.0001
 T²₁(χ);                     -0.0;      Fixed
 T²₂(χ);       0.9512823584932569;     0.0000
 F;             161663.7125406618;      Fixed
 -2ρF;         -5914.569457975609;    -0.2293
 V3/2;       3.3537319032113836e6;    38.1664
 η;                           0.0;      Fixed
 DN;         -8.10279853816489e-6;    -0.0000
 V3N;          0.2495642855213593;     0.0006

Max Change; V3N, 0.2382%

-------------------------------------

After  28 Iterations:

RMS = 0.0072 MHz, log₁₀(λ) = -4.5339

                        Parameter     Change
 BN;            2316.326167164366;     0.0006
 BK;            768.2882095734644;     0.0009
 B⨦;            48.05649464208274;     0.0007
 Dab;         -110.01189702159571;    -0.0286
 T⁰₀(ϵ);                     -0.0;      Fixed
 T²₀(ϵ);                      0.0;      Fixed
 T²₁(ϵ);                      0.0;      Fixed
 T²₂(ϵ);                      0.0;      Fixed
 T²₀(χ);       -69.11360733380779;    -0.0001
 T²₁(χ);                     -0.0;      Fixed
 T²₂(χ);        0.951341262904209;     0.0001
 F;             161663.7125406618;      Fixed
 -2ρF;         -5914.839496737294;    -0.2700
 V3/2;       3.3537767878023586e6;    44.8846
 η;                           0.0;      Fixed
 DN;        -8.102873044401284e-6;    -0.0000
 V3N;         0.25026329015404103;     0.0007

Max Change; V3N, 0.2801%

-------------------------------------

After  29 Iterations:

RMS = 0.0072 MHz, log₁₀(λ) = -4.6309

                        Parameter     Change
 BN;             2316.32651586853;     0.0003
 BK;             768.289366427408;     0.0012
 B⨦;           48.057384780365645;     0.0009
 Dab;          -110.0471395551808;    -0.0352
 T⁰₀(ϵ);                     -0.0;      Fixed
 T²₀(ϵ);                      0.0;      Fixed
 T²₁(ϵ);                      0.0;      Fixed
 T²₂(ϵ);                      0.0;      Fixed
 T²₀(χ);       -69.11376555513489;    -0.0002
 T²₁(χ);                     -0.0;      Fixed
 T²₂(χ);       0.9514134647130074;     0.0001
 F;             161663.7125406618;      Fixed
 -2ρF;         -5915.152855691853;    -0.3134
 V3/2;       3.3538287811875795e6;    51.9934
 η;                           0.0;      Fixed
 DN;        -8.102957032400392e-6;    -0.0000
 V3N;         0.25107699547125684;     0.0008

Max Change; V3N, 0.3251%

-------------------------------------

After  30 Iterations:

RMS = 0.0072 MHz, log₁₀(λ) = -4.1258

                        Parameter     Change
 BN;           2316.3265647784465;     0.0000
 BK;            768.2897323536146;     0.0004
 B⨦;            48.05766501471455;     0.0003
 Dab;         -110.05745627029391;    -0.0103
 T⁰₀(ϵ);                     -0.0;      Fixed
 T²₀(ϵ);                      0.0;      Fixed
 T²₁(ϵ);                      0.0;      Fixed
 T²₂(ϵ);                      0.0;      Fixed
 T²₀(χ);       -69.11381785793513;    -0.0001
 T²₁(χ);                     -0.0;      Fixed
 T²₂(χ);        0.951436508882405;     0.0000
 F;             161663.7125406618;      Fixed
 -2ρF;         -5915.244226255353;    -0.0914
 V3/2;         3.35384337484027e6;    14.5937
 η;                           0.0;      Fixed
 DN;        -8.102972471496692e-6;    -0.0000
 V3N;         0.25132999730281674;     0.0003

Max Change; V3N, 0.1008%

-------------------------------------

After  31 Iterations:

RMS = 0.0072 MHz, log₁₀(λ) = -4.2236

                        Parameter     Change
 BN;           2316.3265784199393;     0.0000
 BK;            768.2901904990263;     0.0005
 B⨦;            48.05801039874294;     0.0003
 Dab;         -110.07114799119772;    -0.0137
 T⁰₀(ϵ);                     -0.0;      Fixed
 T²₀(ϵ);                      0.0;      Fixed
 T²₁(ϵ);                      0.0;      Fixed
 T²₂(ϵ);                      0.0;      Fixed
 T²₀(χ);       -69.11388039025047;    -0.0001
 T²₁(χ);                     -0.0;      Fixed
 T²₂(χ);       0.9514644391665925;     0.0000
 F;             161663.7125406618;      Fixed
 -2ρF;         -5915.359235594595;    -0.1150
 V3/2;         3.35386243033939e6;    19.0555
 η;                           0.0;      Fixed
 DN;        -8.102997616562547e-6;    -0.0000
 V3N;         0.25163364793903914;     0.0003

Max Change; V3N, 0.1208%

-------------------------------------

After  32 Iterations:

RMS = 0.0072 MHz, log₁₀(λ) = -4.3206

                        Parameter     Change
 BN;            2316.326541685635;    -0.0000
 BK;             768.290768026376;     0.0006
 B⨦;           48.058439648094456;     0.0004
 Dab;         -110.08813718902307;    -0.0170
 T⁰₀(ϵ);                     -0.0;      Fixed
 T²₀(ϵ);                      0.0;      Fixed
 T²₁(ϵ);                      0.0;      Fixed
 T²₂(ϵ);                      0.0;      Fixed
 T²₀(χ);        -69.1139583551812;    -0.0001
 T²₁(χ);                     -0.0;      Fixed
 T²₂(χ);       0.9514995005342373;     0.0000
 F;             161663.7125406618;      Fixed
 -2ρF;          -5915.49915282418;    -0.1399
 V3/2;       3.3538856024016547e6;    23.1721
 η;                           0.0;      Fixed
 DN;        -8.103029761157469e-6;    -0.0000
 V3N;          0.2520003944381707;     0.0004

Max Change; V3N, 0.1457%

-------------------------------------

After  33 Iterations:

RMS = 0.0072 MHz, log₁₀(λ) = -4.4176

                        Parameter     Change
 BN;           2316.3263932956156;    -0.0001
 BK;            768.2914968568379;     0.0007
 B⨦;            48.05897239751104;     0.0005
 Dab;         -110.10922063806571;    -0.0211
 T⁰₀(ϵ);                     -0.0;      Fixed
 T²₀(ϵ);                      0.0;      Fixed
 T²₁(ϵ);                      0.0;      Fixed
 T²₂(ϵ);                      0.0;      Fixed
 T²₀(χ);       -69.11405637982732;    -0.0001
 T²₁(χ);                     -0.0;      Fixed
 T²₂(χ);       0.9515427102200499;     0.0000
 F;             161663.7125406618;      Fixed
 -2ρF;         -5915.667109761614;    -0.1680
 V3/2;       3.3539133940503728e6;    27.7916
 η;                           0.0;      Fixed
 DN;        -8.103070820326932e-6;    -0.0000
 V3N;          0.2524398331541934;     0.0004

Max Change; V3N, 0.1744%

-------------------------------------

After  34 Iterations:

RMS = 0.0072 MHz, log₁₀(λ) = -4.5146

                        Parameter     Change
 BN;            2316.326044655802;    -0.0003
 BK;            768.2924178157018;     0.0009
 B⨦;            48.05963271892718;     0.0007
 Dab;         -110.13534833146399;    -0.0261
 T⁰₀(ϵ);                     -0.0;      Fixed
 T²₀(ϵ);                      0.0;      Fixed
 T²₁(ϵ);                      0.0;      Fixed
 T²₂(ϵ);                      0.0;      Fixed
 T²₀(χ);       -69.11418106792169;    -0.0001
 T²₁(χ);                     -0.0;      Fixed
 T²₂(χ);       0.9515958737274135;     0.0001
 F;             161663.7125406618;      Fixed
 -2ρF;         -5915.866180059253;    -0.1991
 V3/2;        3.353946293852988e6;    32.8998
 η;                           0.0;      Fixed
 DN;        -8.103116780207746e-6;    -0.0000
 V3N;         0.25296151202168976;     0.0005

Max Change; V3N, 0.2067%

-------------------------------------

After  35 Iterations:

RMS = 0.0072 MHz, log₁₀(λ) = -4.6116

                        Parameter     Change
 BN;            2316.325368608036;    -0.0007
 BK;            768.2935828833972;     0.0012
 B⨦;            48.06044995074074;     0.0008
 Dab;         -110.16767816541875;    -0.0323
 T⁰₀(ϵ);                     -0.0;      Fixed
 T²₀(ϵ);                      0.0;      Fixed
 T²₁(ϵ);                      0.0;      Fixed
 T²₂(ϵ);                      0.0;      Fixed
 T²₀(χ);       -69.11433637009202;    -0.0002
 T²₁(χ);                     -0.0;      Fixed
 T²₂(χ);       0.9516620332782327;     0.0001
 F;             161663.7125406618;      Fixed
 -2ρF;         -5916.099045444609;    -0.2329
 V3/2;       3.3539846969455103e6;    38.4031
 η;                           0.0;      Fixed
 DN;        -8.103161944563652e-6;    -0.0000
 V3N;         0.25357416584656467;     0.0006

Max Change; V3N, 0.2422%

-------------------------------------

After  36 Iterations:

RMS = 0.0072 MHz, log₁₀(λ) = -4.1065

                        Parameter     Change
 BN;            2316.325116538909;    -0.0003
 BK;             768.293950632293;     0.0004
 B⨦;           48.060707546117314;     0.0003
 Dab;         -110.17712648966715;    -0.0094
 T⁰₀(ϵ);                     -0.0;      Fixed
 T²₀(ϵ);                      0.0;      Fixed
 T²₁(ϵ);                      0.0;      Fixed
 T²₂(ϵ);                      0.0;      Fixed
 T²₀(χ);       -69.11438827371296;    -0.0001
 T²₁(χ);                     -0.0;      Fixed
 T²₂(χ);       0.9516828913559745;     0.0000
 F;             161663.7125406618;      Fixed
 -2ρF;         -5916.167350997912;    -0.0683
 V3/2;       3.3539955372491674e6;    10.8403
 η;                           0.0;      Fixed
 DN;        -8.103175112472002e-6;    -0.0000
 V3N;          0.2537659171448289;     0.0002

Max Change; V3N, 0.0756%

-------------------------------------

After  37 Iterations:

RMS = 0.0072 MHz, log₁₀(λ) = -4.2043

                        Parameter     Change
 BN;           2316.3247697090574;    -0.0003
 BK;            768.2944099062578;     0.0005
 B⨦;            48.06102529052802;     0.0003
 Dab;         -110.18971351655543;    -0.0126
 T⁰₀(ϵ);                     -0.0;      Fixed
 T²₀(ϵ);                      0.0;      Fixed
 T²₁(ϵ);                      0.0;      Fixed
 T²₂(ϵ);                      0.0;      Fixed
 T²₀(χ);       -69.11444949254043;    -0.0001
 T²₁(χ);                     -0.0;      Fixed
 T²₂(χ);       0.9517086882167709;     0.0000
 F;             161663.7125406618;      Fixed
 -2ρF;         -5916.253349371215;    -0.0860
 V3/2;       3.3540096939353123e6;    14.1567
 η;                           0.0;      Fixed
 DN;         -8.10319499950548e-6;    -0.0000
 V3N;          0.2539959313694338;     0.0002

Max Change; V3N, 0.0906%

-------------------------------------

After  38 Iterations:

RMS = 0.0072 MHz, log₁₀(λ) = -4.3013

                        Parameter     Change
 BN;           2316.3243026341743;    -0.0005
 BK;            768.2949871086909;     0.0006
 B⨦;            48.06142080252697;     0.0004
 Dab;         -110.20535469847064;    -0.0156
 T⁰₀(ϵ);                     -0.0;      Fixed
 T²₀(ϵ);                      0.0;      Fixed
 T²₁(ϵ);                      0.0;      Fixed
 T²₂(ϵ);                      0.0;      Fixed
 T²₀(χ);       -69.11452603874184;    -0.0001
 T²₁(χ);                     -0.0;      Fixed
 T²₂(χ);       0.9517406374036633;     0.0000
 F;             161663.7125406618;      Fixed
 -2ρF;        -5916.3584080374785;    -0.1051
 V3/2;       3.3540269833279857e6;    17.2894
 η;                           0.0;      Fixed
 DN;         -8.10321109248521e-6;    -0.0000
 V3N;         0.25427502191887785;     0.0003

Max Change; V3N, 0.1099%

-------------------------------------

After  39 Iterations:

RMS = 0.0072 MHz, log₁₀(λ) = -4.3983

                        Parameter     Change
 BN;           2316.3236528065886;    -0.0006
 BK;            768.2957130134705;     0.0007
 B⨦;            48.06191257072145;     0.0005
 Dab;         -110.22480079914689;    -0.0194
 T⁰₀(ϵ);                     -0.0;      Fixed
 T²₀(ϵ);                      0.0;      Fixed
 T²₁(ϵ);                      0.0;      Fixed
 T²₂(ϵ);                      0.0;      Fixed
 T²₀(χ);       -69.11462323412441;    -0.0001
 T²₁(χ);                     -0.0;      Fixed
 T²₂(χ);       0.9517803156707512;     0.0000
 F;             161663.7125406618;      Fixed
 -2ρF;         -5916.485207973276;    -0.1268
 V3/2;       3.3540478317369474e6;    20.8484
 η;                           0.0;      Fixed
 DN;        -8.103237864896478e-6;    -0.0000
 V3N;         0.25461129157512297;     0.0003

Max Change; V3N, 0.1322%

-------------------------------------

After  40 Iterations:

RMS = 0.0072 MHz, log₁₀(λ) = -4.4953

                        Parameter     Change
 BN;           2316.3227330340023;    -0.0009
 BK;            768.2966266683129;     0.0009
 B⨦;           48.062523401226116;     0.0006
 Dab;          -110.2489513527377;    -0.0242
 T⁰₀(ϵ);                     -0.0;      Fixed
 T²₀(ϵ);                      0.0;      Fixed
 T²₁(ϵ);                      0.0;      Fixed
 T²₂(ϵ);                      0.0;      Fixed
 T²₀(χ);       -69.11474431021152;    -0.0001
 T²₁(χ);                     -0.0;      Fixed
 T²₂(χ);       0.9518293131873847;     0.0000
 F;             161663.7125406618;      Fixed
 -2ρF;         -5916.636482993623;    -0.1513
 V3/2;       3.3540726703000898e6;    24.8386
 η;                           0.0;      Fixed
 DN;        -8.103256984155176e-6;    -0.0000
 V3N;          0.2550133006471834;     0.0004

Max Change; V3N, 0.1579%

-------------------------------------

After  41 Iterations:

RMS = 0.0072 MHz, log₁₀(λ) = -4.5923

                        Parameter     Change
 BN;            2316.321425911607;    -0.0013
 BK;            768.2977774975345;     0.0012
 B⨦;           48.063281236231504;     0.0008
 Dab;         -110.27890856355954;    -0.0300
 T⁰₀(ϵ);                     -0.0;      Fixed
 T²₀(ϵ);                      0.0;      Fixed
 T²₁(ϵ);                      0.0;      Fixed
 T²₂(ϵ);                      0.0;      Fixed
 T²₀(χ);       -69.11489650244258;    -0.0002
 T²₁(χ);                     -0.0;      Fixed
 T²₂(χ);        0.951890835667061;     0.0001
 F;             161663.7125406618;      Fixed
 -2ρF;         -5916.814999025715;    -0.1785
 V3/2;       3.3541019164703256e6;    29.2462
 η;                           0.0;      Fixed
 DN;         -8.10328645269284e-6;    -0.0000
 V3N;          0.2554894846998242;     0.0005

Max Change; V3N, 0.1867%

-------------------------------------

After  42 Iterations:

RMS = 0.0072 MHz, log₁₀(λ) = -4.0872

                        Parameter     Change
 BN;            2316.320987793516;    -0.0004
 BK;            768.2981403023912;     0.0004
 B⨦;            48.06352033804903;     0.0002
 Dab;         -110.28764860891349;    -0.0087
 T⁰₀(ϵ);                     -0.0;      Fixed
 T²₀(ϵ);                      0.0;      Fixed
 T²₁(ϵ);                      0.0;      Fixed
 T²₂(ϵ);                      0.0;      Fixed
 T²₀(χ);       -69.11494587914855;    -0.0000
 T²₁(χ);                     -0.0;      Fixed
 T²₂(χ);       0.9519098105655159;     0.0000
 F;             161663.7125406618;      Fixed
 -2ρF;         -5916.867625682761;    -0.0526
 V3/2;        3.354110209506498e6;     8.2930
 η;                           0.0;      Fixed
 DN;        -8.103296688231552e-6;    -0.0000
 V3N;           0.255639567403689;     0.0002

Max Change; V3N, 0.0587%

-------------------------------------

After  43 Iterations:

RMS = 0.0072 MHz, log₁₀(λ) = -4.1849

                        Parameter     Change
 BN;            2316.320420439084;    -0.0006
 BK;            768.2985926739784;     0.0005
 B⨦;            48.06381541377159;     0.0003
 Dab;         -110.29932984460454;    -0.0117
 T⁰₀(ϵ);                     -0.0;      Fixed
 T²₀(ϵ);                      0.0;      Fixed
 T²₁(ϵ);                      0.0;      Fixed
 T²₂(ϵ);                      0.0;      Fixed
 T²₀(χ);       -69.11500563876278;    -0.0001
 T²₁(χ);                     -0.0;      Fixed
 T²₂(χ);        0.951933571129221;     0.0000
 F;             161663.7125406618;      Fixed
 -2ρF;         -5916.933973930764;    -0.0663
 V3/2;        3.354121056971197e6;    10.8475
 η;                           0.0;      Fixed
 DN;        -8.103302608508992e-6;    -0.0000
 V3N;         0.25581940539978415;     0.0002

Max Change; V3N, 0.0703%

-------------------------------------

After  44 Iterations:

RMS = 0.0071 MHz, log₁₀(λ) = -4.2819

                        Parameter     Change
 BN;           2316.3196899727045;    -0.0007
 BK;            768.2991601516569;     0.0006
 B⨦;            48.06418311613765;     0.0004
 Dab;          -110.3138601473725;    -0.0145
 T⁰₀(ϵ);                     -0.0;      Fixed
 T²₀(ϵ);                      0.0;      Fixed
 T²₁(ϵ);                      0.0;      Fixed
 T²₂(ϵ);                      0.0;      Fixed
 T²₀(χ);        -69.1150802876882;    -0.0001
 T²₁(χ);                     -0.0;      Fixed
 T²₂(χ);       0.9519631393563376;     0.0000
 F;             161663.7125406618;      Fixed
 -2ρF;         -5917.015332598201;    -0.0814
 V3/2;        3.354134357003832e6;    13.3000
 η;                           0.0;      Fixed
 DN;        -8.103314764205421e-6;    -0.0000
 V3N;         0.25603858925274126;     0.0002

Max Change; V3N, 0.0857%

-------------------------------------

After  45 Iterations:

RMS = 0.0071 MHz, log₁₀(λ) = -4.3789

                        Parameter     Change
 BN;           2316.3187338110884;    -0.0010
 BK;            768.2998722876791;     0.0007
 B⨦;             48.0646409022068;     0.0005
 Dab;         -110.33194890439046;    -0.0181
 T⁰₀(ϵ);                     -0.0;      Fixed
 T²₀(ϵ);                      0.0;      Fixed
 T²₁(ϵ);                      0.0;      Fixed
 T²₂(ϵ);                      0.0;      Fixed
 T²₀(χ);       -69.11517380493373;    -0.0001
 T²₁(χ);                     -0.0;      Fixed
 T²₂(χ);       0.9519998904460301;     0.0000
 F;             161663.7125406618;      Fixed
 -2ρF;         -5917.114034871441;    -0.0987
 V3/2;       3.3541504714383003e6;    16.1144
 η;                           0.0;      Fixed
 DN;        -8.103327807659235e-6;    -0.0000
 V3N;         0.25630411549441817;     0.0003

Max Change; V3N, 0.1037%

-------------------------------------

After  46 Iterations:

RMS = 0.0071 MHz, log₁₀(λ) = -4.4759

                        Parameter     Change
 BN;             2316.31746731501;    -0.0013
 BK;            768.3007664238042;     0.0009
 B⨦;            48.06521038724987;     0.0006
 Dab;         -110.35444817724041;    -0.0225
 T⁰₀(ϵ);                     -0.0;      Fixed
 T²₀(ϵ);                      0.0;      Fixed
 T²₁(ϵ);                      0.0;      Fixed
 T²₂(ϵ);                      0.0;      Fixed
 T²₀(χ);        -69.1152912349975;    -0.0001
 T²₁(χ);                     -0.0;      Fixed
 T²₂(χ);       0.9520458546901849;     0.0000
 F;             161663.7125406618;      Fixed
 -2ρF;          -5917.23256319845;    -0.1185
 V3/2;        3.354169798196243e6;    19.3268
 η;                           0.0;      Fixed
 DN;           -8.103340010815e-6;    -0.0000
 V3N;         0.25662366922960267;     0.0003

Max Change; V3N, 0.1247%

-------------------------------------

After  47 Iterations:

RMS = 0.0071 MHz, log₁₀(λ) = -4.5729

                        Parameter     Change
 BN;           2316.3157811844685;    -0.0017
 BK;            768.3018895850603;     0.0011
 B⨦;            48.06591816864775;     0.0007
 Dab;         -110.38240653665258;    -0.0280
 T⁰₀(ϵ);                     -0.0;      Fixed
 T²₀(ϵ);                      0.0;      Fixed
 T²₁(ϵ);                      0.0;      Fixed
 T²₂(ϵ);                      0.0;      Fixed
 T²₀(χ);       -69.11543836827242;    -0.0001
 T²₁(χ);                     -0.0;      Fixed
 T²₂(χ);       0.9521028194849989;     0.0001
 F;             161663.7125406618;      Fixed
 -2ρF;         -5917.373686658903;    -0.1411
 V3/2;        3.354192759214629e6;    22.9610
 η;                           0.0;      Fixed
 DN;        -8.103353114823013e-6;    -0.0000
 V3N;         0.25700530053310217;     0.0004

Max Change; V3N, 0.1487%

-------------------------------------

After  48 Iterations:

RMS = 0.0071 MHz, log₁₀(λ) = -4.0678

                        Parameter     Change
 BN;           2316.3152320545223;    -0.0005
 BK;             768.302243407776;     0.0004
 B⨦;           48.066141647547894;     0.0002
 Dab;         -110.39054939994325;    -0.0081
 T⁰₀(ϵ);                     -0.0;      Fixed
 T²₀(ϵ);                      0.0;      Fixed
 T²₁(ϵ);                      0.0;      Fixed
 T²₂(ϵ);                      0.0;      Fixed
 T²₀(χ);       -69.11548679759436;    -0.0000
 T²₁(χ);                     -0.0;      Fixed
 T²₂(χ);       0.9521205535379291;     0.0000
 F;             161663.7125406618;      Fixed
 -2ρF;         -5917.415510254673;    -0.0418
 V3/2;       3.3541992995817224e6;     6.5404
 η;                           0.0;      Fixed
 DN;        -8.103359289782137e-6;    -0.0000
 V3N;          0.2571264321280209;     0.0001

Max Change; V3N, 0.0471%

-------------------------------------

After  49 Iterations:

RMS = 0.0071 MHz, log₁₀(λ) = -4.1654

                        Parameter     Change
 BN;           2316.3145329526346;    -0.0007
 BK;            768.3026840962754;     0.0004
 B⨦;           48.066417511589734;     0.0003
 Dab;         -110.40146324624789;    -0.0109
 T⁰₀(ϵ);                     -0.0;      Fixed
 T²₀(ϵ);                      0.0;      Fixed
 T²₁(ϵ);                      0.0;      Fixed
 T²₂(ϵ);                      0.0;      Fixed
 T²₀(χ);       -69.11554472628715;    -0.0001
 T²₁(χ);                     -0.0;      Fixed
 T²₂(χ);       0.9521425643805788;     0.0000
 F;             161663.7125406618;      Fixed
 -2ρF;         -5917.468246052098;    -0.0527
 V3/2;       3.3542078614929146e6;     8.5619
 η;                           0.0;      Fixed
 DN;        -8.103359888227313e-6;    -0.0000
 V3N;         0.25727136300047065;     0.0001

Max Change; V3N, 0.0564%

-------------------------------------

After  50 Iterations:

RMS = 0.0071 MHz, log₁₀(λ) = -4.2624

                        Parameter     Change
 BN;            2316.313643881515;    -0.0009
 BK;             768.303236262322;     0.0006
 B⨦;            48.06676154859528;     0.0003
 Dab;         -110.41504856965565;    -0.0136
 T⁰₀(ϵ);                     -0.0;      Fixed
 T²₀(ϵ);                      0.0;      Fixed
 T²₁(ϵ);                      0.0;      Fixed
 T²₂(ϵ);                      0.0;      Fixed
 T²₀(χ);       -69.11561722863561;    -0.0001
 T²₁(χ);                     -0.0;      Fixed
 T²₂(χ);       0.9521701616165827;     0.0000
 F;             161663.7125406618;      Fixed
 -2ρF;         -5917.533048481846;    -0.0648
 V3/2;       3.3542183799797483e6;    10.5185
 η;                           0.0;      Fixed
 DN;        -8.103368635696912e-6;    -0.0000
 V3N;         0.25744875297271114;     0.0002

Max Change; V3N, 0.0690%

-------------------------------------

After  51 Iterations:

RMS = 0.0071 MHz, log₁₀(λ) = -4.3594

                        Parameter     Change
 BN;           2316.3125068318636;    -0.0011
 BK;            768.3039282320971;     0.0007
 B⨦;           48.067190267058756;     0.0004
 Dab;         -110.43197675954129;    -0.0169
 T⁰₀(ϵ);                     -0.0;      Fixed
 T²₀(ϵ);                      0.0;      Fixed
 T²₁(ϵ);                      0.0;      Fixed
 T²₂(ϵ);                      0.0;      Fixed
 T²₀(χ);       -69.11570755681416;    -0.0001
 T²₁(χ);                     -0.0;      Fixed
 T²₂(χ);       0.9522046423530666;     0.0000
 F;             161663.7125406618;      Fixed
 -2ρF;        -5917.6121864112065;    -0.0791
 V3/2;        3.354231211343138e6;    12.8314
 η;                           0.0;      Fixed
 DN;        -8.103376771357327e-6;    -0.0000
 V3N;         0.25766471954058046;     0.0002

Max Change; V3N, 0.0839%

-------------------------------------

After  52 Iterations:

RMS = 0.0071 MHz, log₁₀(λ) = -4.4564

                        Parameter     Change
 BN;           2316.3110400565056;    -0.0015
 BK;            768.3047956748738;     0.0009
 B⨦;            48.06772417261678;     0.0005
 Dab;         -110.45305560195055;    -0.0211
 T⁰₀(ϵ);                     -0.0;      Fixed
 T²₀(ϵ);                      0.0;      Fixed
 T²₁(ϵ);                      0.0;      Fixed
 T²₂(ϵ);                      0.0;      Fixed
 T²₀(χ);       -69.11582008589015;    -0.0001
 T²₁(χ);                     -0.0;      Fixed
 T²₂(χ);       0.9522473938656719;     0.0000
 F;             161663.7125406618;      Fixed
 -2ρF;         -5917.707931195342;    -0.0957
 V3/2;       3.3542467079960625e6;    15.4967
 η;                           0.0;      Fixed
 DN;        -8.103376209863623e-6;     0.0000
 V3N;          0.2579262311795892;     0.0003

Max Change; V3N, 0.1015%

-------------------------------------

After  53 Iterations:

RMS = 0.0071 MHz, log₁₀(λ) = -4.5534

                        Parameter     Change
 BN;           2316.3091345279136;    -0.0019
 BK;            768.3058833634873;     0.0011
 B⨦;           48.068388572238085;     0.0007
 Dab;         -110.47928233482033;    -0.0262
 T⁰₀(ϵ);                     -0.0;      Fixed
 T²₀(ϵ);                      0.0;      Fixed
 T²₁(ϵ);                      0.0;      Fixed
 T²₂(ϵ);                      0.0;      Fixed
 T²₀(χ);       -69.11596159393395;    -0.0001
 T²₁(χ);                     -0.0;      Fixed
 T²₂(χ);        0.952300721308923;     0.0001
 F;             161663.7125406618;      Fixed
 -2ρF;         -5917.822649776516;    -0.1147
 V3/2;        3.354265247276955e6;    18.5393
 η;                           0.0;      Fixed
 DN;        -8.103386129373455e-6;    -0.0000
 V3N;         0.25824091836802876;     0.0003

Max Change; V3N, 0.1220%

-------------------------------------

After  54 Iterations:

RMS = 0.0071 MHz, log₁₀(λ) = -4.0483

                        Parameter     Change
 BN;            2316.308522611981;    -0.0006
 BK;            768.3062258645731;     0.0003
 B⨦;           48.068598482372124;     0.0002
 Dab;         -110.48690780214548;    -0.0076
 T⁰₀(ϵ);                     -0.0;      Fixed
 T²₀(ϵ);                      0.0;      Fixed
 T²₁(ϵ);                      0.0;      Fixed
 T²₂(ϵ);                      0.0;      Fixed
 T²₀(χ);       -69.11600760003932;    -0.0000
 T²₁(χ);                     -0.0;      Fixed
 T²₂(χ);       0.9523174600047117;     0.0000
 F;             161663.7125406618;      Fixed
 -2ρF;         -5917.856865649955;    -0.0342
 V3/2;       3.3542705575587135e6;     5.3103
 η;                           0.0;      Fixed
 DN;        -8.103388568302048e-6;    -0.0000
 V3N;         0.25834148220989145;     0.0001

Max Change; V3N, 0.0389%

-------------------------------------

After  55 Iterations:

RMS = 0.0071 MHz, log₁₀(λ) = -4.1459

                        Parameter     Change
 BN;           2316.3077496831997;    -0.0008
 BK;            768.3066521143717;     0.0004
 B⨦;            48.06885761872329;     0.0003
 Dab;          -110.4971538227828;    -0.0102
 T⁰₀(ϵ);                     -0.0;      Fixed
 T²₀(ϵ);                      0.0;      Fixed
 T²₁(ϵ);                      0.0;      Fixed
 T²₂(ϵ);                      0.0;      Fixed
 T²₀(χ);       -69.11606344862695;    -0.0001
 T²₁(χ);                     -0.0;      Fixed
 T²₂(χ);       0.9523381178998871;     0.0000
 F;             161663.7125406618;      Fixed
 -2ρF;         -5917.900003999263;    -0.0431
 V3/2;        3.354277511785073e6;     6.9542
 η;                           0.0;      Fixed
 DN;        -8.103389917536234e-6;    -0.0000
 V3N;         0.25846159100471944;     0.0001

Max Change; V3N, 0.0465%

-------------------------------------

After  56 Iterations:

RMS = 0.0071 MHz, log₁₀(λ) = -4.2429

                        Parameter     Change
 BN;            2316.306772976129;    -0.0010
 BK;             768.307185780525;     0.0005
 B⨦;            48.06918097781319;     0.0003
 Dab;         -110.50991389003768;    -0.0128
 T⁰₀(ϵ);                     -0.0;      Fixed
 T²₀(ϵ);                      0.0;      Fixed
 T²₁(ϵ);                      0.0;      Fixed
 T²₂(ϵ);                      0.0;      Fixed
 T²₀(χ);       -69.11613294006645;    -0.0001
 T²₁(χ);                     -0.0;      Fixed
 T²₂(χ);       0.9523639843589609;     0.0000
 F;             161663.7125406618;      Fixed
 -2ρF;         -5917.953142418318;    -0.0531
 V3/2;       3.3542860773541327e6;     8.5656
 η;                           0.0;      Fixed
 DN;         -8.10339010953668e-6;    -0.0000
 V3N;          0.2586091450614544;     0.0001

Max Change; V3N, 0.0571%

-------------------------------------

After  57 Iterations:

RMS = 0.0071 MHz, log₁₀(λ) = -4.3399

                        Parameter     Change
 BN;           2316.3055363335666;    -0.0012
 BK;            768.3078539542536;     0.0007
 B⨦;             48.0695841981478;     0.0004
 Dab;         -110.52582456315481;    -0.0159
 T⁰₀(ϵ);                     -0.0;      Fixed
 T²₀(ϵ);                      0.0;      Fixed
 T²₁(ϵ);                      0.0;      Fixed
 T²₂(ϵ);                      0.0;      Fixed
 T²₀(χ);       -69.11621929594845;    -0.0001
 T²₁(χ);                     -0.0;      Fixed
 T²₂(χ);       0.9523964928848548;     0.0000
 F;             161663.7125406618;      Fixed
 -2ρF;          -5918.01836768586;    -0.0652
 V3/2;       3.3542965763159557e6;    10.4990
 η;                           0.0;      Fixed
 DN;        -8.103387532337468e-6;     0.0000
 V3N;         0.25878960488881336;     0.0002

Max Change; V3N, 0.0698%

-------------------------------------

After  58 Iterations:

RMS = 0.0071 MHz, log₁₀(λ) = -4.4368

                        Parameter     Change
 BN;            2316.303958146746;    -0.0016
 BK;            768.3086906928828;     0.0008
 B⨦;              48.070086742078;     0.0005
 Dab;         -110.54565209809289;    -0.0198
 T⁰₀(ϵ);                     -0.0;      Fixed
 T²₀(ϵ);                      0.0;      Fixed
 T²₁(ϵ);                      0.0;      Fixed
 T²₂(ϵ);                      0.0;      Fixed
 T²₀(χ);       -69.11632931150217;    -0.0001
 T²₁(χ);                     -0.0;      Fixed
 T²₂(χ);       0.9524365652418741;     0.0000
 F;             161663.7125406618;      Fixed
 -2ρF;         -5918.097619810191;    -0.0793
 V3/2;       3.3543093194050784e6;    12.7431
 η;                           0.0;      Fixed
 DN;        -8.103393388239862e-6;    -0.0000
 V3N;          0.2590093289329025;     0.0002

Max Change; V3N, 0.0849%

-------------------------------------

After  59 Iterations:

RMS = 0.0071 MHz, log₁₀(λ) = -4.5338

                        Parameter     Change
 BN;            2316.301938131813;    -0.0020
 BK;            768.3097386489628;     0.0010
 B⨦;            48.07071268413555;     0.0006
 Dab;         -110.57034460451743;    -0.0247
 T⁰₀(ϵ);                     -0.0;      Fixed
 T²₀(ϵ);                      0.0;      Fixed
 T²₁(ϵ);                      0.0;      Fixed
 T²₂(ϵ);                      0.0;      Fixed
 T²₀(χ);       -69.11646434016549;    -0.0001
 T²₁(χ);                     -0.0;      Fixed
 T²₂(χ);       0.9524866174677893;     0.0001
 F;             161663.7125406618;      Fixed
 -2ρF;         -5918.193331640245;    -0.0957
 V3/2;       3.3543246800021827e6;    15.3606
 η;                           0.0;      Fixed
 DN;         -8.10339200748058e-6;     0.0000
 V3N;         0.25927548250766785;     0.0003

Max Change; V3N, 0.1028%

-------------------------------------

After  60 Iterations:

RMS = 0.0071 MHz, log₁₀(λ) = -4.0287

                        Parameter     Change
 BN;           2316.3012946275962;    -0.0006
 BK;              768.31006855994;     0.0003
 B⨦;            48.07091054395025;     0.0002
 Dab;         -110.57751192735891;    -0.0072
 T⁰₀(ϵ);                     -0.0;      Fixed
 T²₀(ϵ);                      0.0;      Fixed
 T²₁(ϵ);                      0.0;      Fixed
 T²₂(ϵ);                      0.0;      Fixed
 T²₀(χ);        -69.1165079664058;    -0.0000
 T²₁(χ);                     -0.0;      Fixed
 T²₂(χ);       0.9525024899423976;     0.0000
 F;             161663.7125406618;      Fixed
 -2ρF;        -5918.2220706429225;    -0.0287
 V3/2;        3.354329106115388e6;     4.4261
 η;                           0.0;      Fixed
 DN;        -8.103391480137946e-6;     0.0000
 V3N;         0.25936107778925815;     0.0001

Max Change; V3N, 0.0330%

-------------------------------------

 Alas, the iteration count has exceeded the limit.

After  60 iterations:

Final RMS = 0.0071 MHz
Final log₁₀(λ) = -4.0287


                         Parameter                   Uncertainty
 A;            3030.4474572512618;           0.23994938542553332
 B;             864.4518896478405;           0.10430106103695111
 C;             672.1682474720394;           0.10430106103695111
 Dab;         -110.57751192735891;            1.5683708128290732
 ϵzz;                         0.0;                           0.0
 ϵxx;                         0.0;                           0.0
 ϵxz;                        -0.0;                           0.0
 ϵyy;                        -0.0;                           0.0
 χzz;           -69.1165079664058;           0.06825712065924945
 χxz;                         0.0;                           0.0
 χxx-χyy;        2.33314507908934;           0.04251380147152241
 F;            5.3925209999999995;                           0.0
 ρ;          0.018304114069984525;         2.9624640976896292e-5
 V3;            223.7767506556411;           0.11316686013771995
 η;                           0.0;                           0.0
 DN;        -8.103391480137946e-6;         2.0645979170975254e-7
 V3N;         0.25936107778925815;          0.016760112359005028


Journal Formatted Values
 A;                 3.03045(24)e3
 B;                  864.45(10)e0
 C;                  672.17(10)e0
 Dab;                -110.6(16)e0
 ϵzz;               0.0e0 (Fixed)
 ϵxx;               0.0e0 (Fixed)
 ϵxz;              -0.0e0 (Fixed)
 ϵyy;              -0.0e0 (Fixed)
 χzz;               -69.117(68)e0
 χxz;               0.0e0 (Fixed)
 χxx-χyy;             2.333(43)e0
 F;             5.39252e0 (Fixed)
 ρ;                  18.304(3)e-3
 V3;                 223.78(11)e0
 η;                 0.0e0 (Fixed)
 DN;                  -8.1(21)e-6
 V3N;                259.0(17)e-3


 Again, sorry about the name...


