4cl2ftol   @   2024-06-11T22:42:50.151

Control Parameters
mcalc = 5
νmax = 23.0
maxiter = 60
overwrite = true
Irrep = Ir
λlm0 = 0.0001
apology = true
Jmax = 16.5
S = 1.5
assign = RAM36
turducken = 3
REJECT = 10.0
TK = 25.0
RUNmode =  EF
vtmax = 0
NFOLD = 3
νmin = 4.0
INTthres = 1.0e-5

Initial Parameters
 BK;          2325.5045512537527;   1.0
 BN;                 765.6929375;   1.0
 B⨦;          46.663486250000005;   1.0
 Dab;                -124.023834;   1.0
 T⁰₀(ϵ);                    -0.0;   0.0
 T¹₁(ϵ);                     0.0;   0.0
 T²₀(ϵ);                     0.0;   0.0
 T²₁(ϵ);                    -0.0;   0.0
 T²₂(ϵ);                     0.0;   0.0
 T²₀(χ);              -69.836652;   1.0
 T²₁(χ);                    -0.0;   0.0
 T²₂(χ);       1.191850796110241;   1.0
 F;            161663.7125406618;   0.0
 -2ρzF;       -5958.924444248794;   1.0
 -ρxF;                      -0.0;   0.0
 V3/2;          3.360973246638e6;   1.0
 ηz;                         0.0;   0.0
 ηx;                         0.0;   0.0

 DN;        -8.097205890036752e-6;   1.0
 V3N;         -0.3798687828662461;   1.0
 V3N;                        -1.0;   1.0

Number of lines = 312

Initial RMS = 34.453688693841166 MHz
Initial λ = 3.3879928516084462e-6

-------------------------------------

After   1 Iterations:

RMS = 2.2132 MHz, log₁₀(λ) = -5.4701

                        Parameter     Change
  BK;           2323.174115653466;    -2.3304
  BN;           766.2177414425425;     0.5248
  B⨦;           46.97222210035979;     0.3087
  Dab;        -57.122113988622196;    66.9017
  T⁰₀(ϵ);                    -0.0;      Fixed
  T¹₁(ϵ);                     0.0;      Fixed
  T²₀(ϵ);                     0.0;      Fixed
  T²₁(ϵ);                    -0.0;      Fixed
  T²₂(ϵ);                     0.0;      Fixed
  T²₀(χ);      -69.61489217800671;     0.2218
  T²₁(χ);                    -0.0;      Fixed
  T²₂(χ);     0.20943068530471698;    -0.9824
  F;            161663.7125406618;      Fixed
  -2ρzF;       -5926.050312999881;    32.8741
  -ρxF;                      -0.0;      Fixed
  V3/2;      3.3631619659106815e6;  2188.7193
  ηz;                         0.0;      Fixed
  ηx;                         0.0;      Fixed
 DN;         -9.79979136659597e-6;    -0.0000
 V3N;         0.14493515971452783;     0.5248
 V3N;                        -1.0;      Fixed

Max Change; V3N, 138.1540%

-------------------------------------

After   2 Iterations:

RMS = 0.6213 MHz, log₁₀(λ) = -6.9285

                        Parameter     Change
  BK;          2316.1803293996477;    -6.9938
  BN;           766.6005985113817;     0.3829
  B⨦;           47.19820049978399;     0.2260
  Dab;         -66.82727026989853;    -9.7052
  T⁰₀(ϵ);                    -0.0;      Fixed
  T¹₁(ϵ);                     0.0;      Fixed
  T²₀(ϵ);                     0.0;      Fixed
  T²₁(ϵ);                    -0.0;      Fixed
  T²₂(ϵ);                     0.0;      Fixed
  T²₀(χ);      -68.92673233345094;     0.6882
  T²₁(χ);                    -0.0;      Fixed
  T²₂(χ);      0.9275250026437145;     0.7181
  F;            161663.7125406618;      Fixed
  -2ρzF;       -5612.106995424193;   313.9433
  -ρxF;                      -0.0;      Fixed
  V3/2;       3.301932822847666e6; -61229.1431
  ηz;                         0.0;      Fixed
  ηx;                         0.0;      Fixed
 DN;        -8.057183558662965e-6;     0.0000
 V3N;          0.5277922292724659;     0.3829
 V3N;                        -1.0;      Fixed

Max Change;  T²₂(χ), 342.8792%

-------------------------------------

After   3 Iterations:

RMS = 0.2298 MHz, log₁₀(λ) = -7.1508

                        Parameter     Change
  BK;          2315.9058449404292;    -0.2745
  BN;            766.581932743831;    -0.0187
  B⨦;          47.160728536799226;    -0.0375
  Dab;         -66.28709789190373;     0.5402
  T⁰₀(ϵ);                    -0.0;      Fixed
  T¹₁(ϵ);                     0.0;      Fixed
  T²₀(ϵ);                     0.0;      Fixed
  T²₁(ϵ);                    -0.0;      Fixed
  T²₂(ϵ);                     0.0;      Fixed
  T²₀(χ);      -68.93149644842264;    -0.0048
  T²₁(χ);                    -0.0;      Fixed
  T²₂(χ);      0.8970499047708191;    -0.0305
  F;            161663.7125406618;      Fixed
  -2ρzF;       -5588.931957455136;    23.1750
  -ρxF;                      -0.0;      Fixed
  V3/2;       3.298169775095878e6; -3763.0478
  ηz;                         0.0;      Fixed
  ηx;                         0.0;      Fixed
 DN;        -7.894185092380681e-6;     0.0000
 V3N;          0.5091264618080861;    -0.0187
 V3N;                        -1.0;      Fixed

Max Change; V3N, 3.5366%

-------------------------------------

After   4 Iterations:

RMS = 0.1829 MHz, log₁₀(λ) = -7.2535

                        Parameter     Change
  BK;           2316.083047817703;     0.1772
  BN;           766.5974232151941;     0.0155
  B⨦;           47.18276047063744;     0.0220
  Dab;         -66.83164271365763;    -0.5445
  T⁰₀(ϵ);                    -0.0;      Fixed
  T¹₁(ϵ);                     0.0;      Fixed
  T²₀(ϵ);                     0.0;      Fixed
  T²₁(ϵ);                    -0.0;      Fixed
  T²₂(ϵ);                     0.0;      Fixed
  T²₀(χ);      -68.97214415717482;    -0.0406
  T²₁(χ);                    -0.0;      Fixed
  T²₂(χ);      0.8754793537414255;    -0.0216
  F;            161663.7125406618;      Fixed
  -2ρzF;       -5604.244219425014;   -15.3123
  -ρxF;                      -0.0;      Fixed
  V3/2;      3.3011512336819945e6;  2981.4586
  ηz;                         0.0;      Fixed
  ηx;                         0.0;      Fixed
 DN;         -8.06314931948142e-6;    -0.0000
 V3N;          0.5246169330592353;     0.0155
 V3N;                        -1.0;      Fixed

Max Change; V3N, 3.0426%

-------------------------------------

After   5 Iterations:

RMS = 0.0489 MHz, log₁₀(λ) = -7.0235

                        Parameter     Change
  BK;           2315.995176998549;    -0.0879
  BN;           766.5893236906666;    -0.0081
  B⨦;           47.17091453361914;    -0.0118
  Dab;         -66.56321402764667;     0.2684
  T⁰₀(ϵ);                    -0.0;      Fixed
  T¹₁(ϵ);                     0.0;      Fixed
  T²₀(ϵ);                     0.0;      Fixed
  T²₁(ϵ);                    -0.0;      Fixed
  T²₂(ϵ);                     0.0;      Fixed
  T²₀(χ);      -68.95352255187193;     0.0186
  T²₁(χ);                    -0.0;      Fixed
  T²₂(χ);      0.8844762094327379;     0.0090
  F;            161663.7125406618;      Fixed
  -2ρzF;      -5596.4096723891225;     7.8345
  -ρxF;                      -0.0;      Fixed
  V3/2;      3.2996566171803344e6; -1494.6165
  ηz;                         0.0;      Fixed
  ηx;                         0.0;      Fixed
 DN;        -7.981648391036248e-6;     0.0000
 V3N;          0.5165174085482064;    -0.0081
 V3N;                        -1.0;      Fixed

Max Change; V3N, 1.5439%

-------------------------------------

After   6 Iterations:

RMS = 0.0410 MHz, log₁₀(λ) = -7.2676

                        Parameter     Change
  BK;           2316.030834707891;     0.0357
  BN;           766.5919325632925;     0.0026
  B⨦;          47.174883444371616;     0.0040
  Dab;         -66.65044626166954;    -0.0872
  T⁰₀(ϵ);                    -0.0;      Fixed
  T¹₁(ϵ);                     0.0;      Fixed
  T²₀(ϵ);                     0.0;      Fixed
  T²₁(ϵ);                    -0.0;      Fixed
  T²₂(ϵ);                     0.0;      Fixed
  T²₀(χ);      -68.96003616569789;    -0.0065
  T²₁(χ);                    -0.0;      Fixed
  T²₂(χ);      0.8814486428419852;    -0.0030
  F;            161663.7125406618;      Fixed
  -2ρzF;       -5599.307956686223;    -2.8983
  -ρxF;                      -0.0;      Fixed
  V3/2;      3.3002101268352224e6;   553.5097
  ηz;                         0.0;      Fixed
  ηx;                         0.0;      Fixed
 DN;         -8.01302202366243e-6;    -0.0000
 V3N;          0.5191262811954485;     0.0026
 V3N;                        -1.0;      Fixed

Max Change; V3N, 0.5051%

-------------------------------------

After   7 Iterations:

RMS = 0.0241 MHz, log₁₀(λ) = -7.0150

                        Parameter     Change
  BK;          2316.0144347169107;    -0.0164
  BN;           766.5903947959046;    -0.0015
  B⨦;          47.172660310375505;    -0.0022
  Dab;          -66.5985253015371;     0.0519
  T⁰₀(ϵ);                    -0.0;      Fixed
  T¹₁(ϵ);                     0.0;      Fixed
  T²₀(ϵ);                     0.0;      Fixed
  T²₁(ϵ);                    -0.0;      Fixed
  T²₂(ϵ);                     0.0;      Fixed
  T²₀(χ);       -68.9564275400997;     0.0036
  T²₁(χ);                    -0.0;      Fixed
  T²₂(χ);      0.8832455476357909;     0.0018
  F;            161663.7125406618;      Fixed
  -2ρzF;       -5597.838040117598;     1.4699
  -ρxF;                      -0.0;      Fixed
  V3/2;      3.2999281607306437e6;  -281.9661
  ηz;                         0.0;      Fixed
  ηx;                         0.0;      Fixed
 DN;        -7.997573807963787e-6;     0.0000
 V3N;          0.5175885138025222;    -0.0015
 V3N;                        -1.0;      Fixed

Max Change; V3N, 0.2962%

-------------------------------------

After   8 Iterations:

RMS = 0.0228 MHz, log₁₀(λ) = -6.9167

                        Parameter     Change
  BK;          2316.0192429744507;     0.0048
  BN;           766.5906449491911;     0.0003
  B⨦;           47.17308042537449;     0.0004
  Dab;         -66.60651878018604;    -0.0080
  T⁰₀(ϵ);                    -0.0;      Fixed
  T¹₁(ϵ);                     0.0;      Fixed
  T²₀(ϵ);                     0.0;      Fixed
  T²₁(ϵ);                    -0.0;      Fixed
  T²₂(ϵ);                     0.0;      Fixed
  T²₀(χ);      -68.95708552838067;    -0.0007
  T²₁(χ);                    -0.0;      Fixed
  T²₂(χ);      0.8829918115481402;    -0.0003
  F;            161663.7125406618;      Fixed
  -2ρzF;       -5598.188015514693;    -0.3500
  -ρxF;                      -0.0;      Fixed
  V3/2;      3.2999942480966137e6;    66.0874
  ηz;                         0.0;      Fixed
  ηx;                         0.0;      Fixed
 DN;         -8.00146007029158e-6;    -0.0000
 V3N;          0.5178386670847727;     0.0003
 V3N;                        -1.0;      Fixed

Max Change; DN, 0.0486%

-------------------------------------

After   9 Iterations:

RMS = 0.0228 MHz, log₁₀(λ) = -7.2134

                        Parameter     Change
  BK;          2316.0184127444454;    -0.0008
  BN;           766.5906007601242;    -0.0000
  B⨦;           47.17300903008761;    -0.0001
  Dab;         -66.60501179996386;     0.0015
  T⁰₀(ϵ);                    -0.0;      Fixed
  T¹₁(ϵ);                     0.0;      Fixed
  T²₀(ϵ);                     0.0;      Fixed
  T²₁(ϵ);                    -0.0;      Fixed
  T²₂(ϵ);                     0.0;      Fixed
  T²₀(χ);      -68.95696264533782;     0.0001
  T²₁(χ);                    -0.0;      Fixed
  T²₂(χ);      0.8830448987708471;     0.0001
  F;            161663.7125406618;      Fixed
  -2ρzF;        -5598.12778741608;     0.0602
  -ρxF;                      -0.0;      Fixed
  V3/2;      3.2999827187581165e6;   -11.5293
  ηz;                         0.0;      Fixed
  ηx;                         0.0;      Fixed
 DN;        -8.000764688126074e-6;     0.0000
 V3N;          0.5177944780155949;    -0.0000
 V3N;                        -1.0;      Fixed

Max Change; DN, 0.0087%

-------------------------------------

After  10 Iterations:

RMS = 0.0228 MHz, log₁₀(λ) = -6.8845

                        Parameter     Change
  BK;           2316.018669996612;     0.0003
  BN;           766.5906223267112;     0.0000
  B⨦;           47.17304091858786;     0.0000
  Dab;          -66.6057353110004;    -0.0007
  T⁰₀(ϵ);                    -0.0;      Fixed
  T¹₁(ϵ);                     0.0;      Fixed
  T²₀(ϵ);                     0.0;      Fixed
  T²₁(ϵ);                    -0.0;      Fixed
  T²₂(ϵ);                     0.0;      Fixed
  T²₀(χ);      -68.95701552715572;    -0.0001
  T²₁(χ);                    -0.0;      Fixed
  T²₂(χ);        0.88301872470424;    -0.0000
  F;            161663.7125406618;      Fixed
  -2ρzF;        -5598.14989252315;    -0.0221
  -ρxF;                      -0.0;      Fixed
  V3/2;       3.299986956309937e6;     4.2376
  ηz;                         0.0;      Fixed
  ηx;                         0.0;      Fixed
 DN;        -8.000998416492373e-6;    -0.0000
 V3N;          0.5178160446017211;     0.0000
 V3N;                        -1.0;      Fixed

Max Change; V3N, 0.0042%

-------------------------------------

After  11 Iterations:

RMS = 0.0228 MHz, log₁₀(λ) = -6.5556

                        Parameter     Change
  BK;          2316.0186387509398;    -0.0000
  BN;             766.59062124063;    -0.0000
  B⨦;           47.17303845789111;    -0.0000
  Dab;         -66.60571056533776;     0.0000
  T⁰₀(ϵ);                    -0.0;      Fixed
  T¹₁(ϵ);                     0.0;      Fixed
  T²₀(ϵ);                     0.0;      Fixed
  T²₁(ϵ);                    -0.0;      Fixed
  T²₂(ϵ);                     0.0;      Fixed
  T²₀(χ);      -68.95701525459332;     0.0000
  T²₁(χ);                    -0.0;      Fixed
  T²₂(χ);       0.883017197754682;    -0.0000
  F;            161663.7125406618;      Fixed
  -2ρzF;       -5598.147729705336;     0.0022
  -ρxF;                      -0.0;      Fixed
  V3/2;       3.299986569531692e6;    -0.3868
  ηz;                         0.0;      Fixed
  ηx;                         0.0;      Fixed
 DN;        -8.000978581283062e-6;     0.0000
 V3N;          0.5178149585198158;    -0.0000
 V3N;                        -1.0;      Fixed

Max Change; DN, 0.0002%

-------------------------------------

After  12 Iterations:

RMS = 0.0228 MHz, log₁₀(λ) = -8.0327

                        Parameter     Change
  BK;          2316.0186399296995;     0.0000
  BN;           766.5906211523451;    -0.0000
  B⨦;           47.17303844661638;    -0.0000
  Dab;         -66.60570732926553;     0.0000
  T⁰₀(ϵ);                    -0.0;      Fixed
  T¹₁(ϵ);                     0.0;      Fixed
  T²₀(ϵ);                     0.0;      Fixed
  T²₁(ϵ);                    -0.0;      Fixed
  T²₂(ϵ);                     0.0;      Fixed
  T²₀(χ);      -68.95701480654327;     0.0000
  T²₁(χ);                    -0.0;      Fixed
  T²₂(χ);      0.8830174198891808;     0.0000
  F;            161663.7125406618;      Fixed
  -2ρzF;        -5598.14780735061;    -0.0001
  -ρxF;                      -0.0;      Fixed
  V3/2;       3.299986584030243e6;     0.0145
  ηz;                         0.0;      Fixed
  ηx;                         0.0;      Fixed
 DN;        -8.000978195243449e-6;     0.0000
 V3N;          0.5178148702155362;    -0.0000
 V3N;                        -1.0;      Fixed

Max Change;  T²₂(χ), 0.0000%

-------------------------------------

 It would appear step size has converged.

After  12 iterations:

Final RMS = 0.0228 MHz
Final log₁₀(λ) = -8.0327


                         Parameter                   Uncertainty
 A;            3034.1456040553294;             0.691620733647181
 B;             860.9366980455778;           0.18149541447322684
 C;             672.2445442591123;           0.18149541447322684
 Dab;          -66.60570732926553;             3.186380812212962
 ϵzz;                         0.0;                           0.0
 ϵxx;                         0.0;                           0.0
 ϵzx;                        -0.0;                           0.0
 ϵxz;                         0.0;                           0.0
 ϵyy;                        -0.0;                           0.0
 χzz;          -68.95701480654327;           0.21855330643666682
 χxz;                         0.0;                           0.0
 χxx-χyy;       2.162942112717415;           0.12808250312571764
 F;            5.3925209999999995;                           0.0
 ρz;          0.01731417557895857;          6.716450957978181e-5
 ρx;                          0.0;                           0.0
 V3;            220.1514078136177;           0.26223087794604527
 ηz;                          0.0;                           0.0
 ηx;                          0.0;                           0.0
 DN;        -8.000978195243449e-6;          6.615244625670312e-7
 V3N;          0.5178148702155362;                          -0.0
 V3N;                        -1.0;                           0.0


Journal Formatted Values
 A;                 3.03415(69)e3
 B;                  860.94(18)e0
 C;                  672.24(18)e0
 Dab;                 -66.6(32)e0
 ϵzz;               0.0e0 (Fixed)
 ϵxx;               0.0e0 (Fixed)
 ϵzx;              -0.0e0 (Fixed)
 ϵxz;               0.0e0 (Fixed)
 ϵyy;              -0.0e0 (Fixed)
 χzz;                -68.96(22)e0
 χxz;               0.0e0 (Fixed)
 χxx-χyy;              2.16(13)e0
 F;             5.39252e0 (Fixed)
 ρz;                17.314(67)e-3
 ρx;                0.0e0 (Fixed)
 V3;                 220.15(26)e0
 ηz;                0.0e0 (Fixed)
 ηx;                0.0e0 (Fixed)
 DN;                   -8.(66)e-6
 V3N;           517.81e-3 (Fixed)
 V3N;               -1.e0 (Fixed)


 Again, sorry about the name...


