4cl2ftol   @   2024-06-12T21:17:29.855

Control Parameters
mcalc = 6
νmax = 23.0
maxiter = 60
overwrite = true
Irrep = Ir
goal = 1.0
λlm0 = 0.0001
apology = true
Jmax = 16.5
S = 1.5
assign = RAM36
turducken = 1
REJECT = 10.0
TK = 25.0
RUNmode =  EF
vtmax = 0
NFOLD = 3
νmin = 4.0
INTthres = 1.0e-5
%2NDORDER = 

Initial Parameters
 BK;          2316.7376961119053;   1.0
 BN;           768.9389126679982;   1.0
 B⨦;          47.782554383764364;   1.0
 Dab;        -126.06625320897675;   1.0
 T⁰₀(ϵ);                    -0.0;   0.0
 T¹₁(ϵ);                     0.0;   0.0
 T²₀(ϵ);                     0.0;   0.0
 T²₁(ϵ);                    -0.0;   0.0
 T²₂(ϵ);                     0.0;   0.0
 T²₀(χ);      -69.12549148412748;   1.0
 T²₁(χ);                    -0.0;   0.0
 T²₂(χ);      0.9483897457183351;   1.0
 F;            161663.7125406618;   0.0
 -2ρzF;       -5956.278437018139;   1.0
 -ρxF;                      -0.0;   0.0
 V3/2;      3.3587878929662406e6;   1.0
 ηz;                         0.0;   0.0
 ηx;                         0.0;   0.0

 V3N;        -0.29667826807272385;   1.0
 V3N;                        -1.0;   1.0
 DN;        -8.063501517607327e-6;   1.0

Number of lines = 312

Initial RMS = 15.220621039674318 MHz
Initial λ = 1.510652401483447e-6

-------------------------------------

After   1 Iterations:

RMS = 2.3931 MHz, log₁₀(λ) = -5.8208

                        Parameter     Change
  BK;           2317.507573162218;     0.7699
  BN;           768.7963541250949;    -0.1426
  B⨦;          48.108758490817564;     0.3262
  Dab;        -112.94476863254086;    13.1215
  T⁰₀(ϵ);                    -0.0;      Fixed
  T¹₁(ϵ);                     0.0;      Fixed
  T²₀(ϵ);                     0.0;      Fixed
  T²₁(ϵ);                    -0.0;      Fixed
  T²₂(ϵ);                     0.0;      Fixed
  T²₀(χ);        -69.165589666814;    -0.0401
  T²₁(χ);                    -0.0;      Fixed
  T²₂(χ);      0.9637592396391472;     0.0154
  F;            161663.7125406618;      Fixed
  -2ρzF;       -5993.593736985832;   -37.3153
  -ρxF;                      -0.0;      Fixed
  V3/2;      3.3720088826882835e6; 13220.9897
  ηz;                         0.0;      Fixed
  ηx;                         0.0;      Fixed
 V3N;         -0.3679575394571827;    -0.0713
 V3N;                        -1.0;      Fixed
 DN;        -9.523048143236803e-6;    -0.0000

Max Change; V3N, 24.0258%

-------------------------------------

After   2 Iterations:

RMS = 2.0518 MHz, log₁₀(λ) = -6.8946

                        Parameter     Change
  BK;          2315.8016218229936;    -1.7060
  BN;           768.9150672650657;     0.1187
  B⨦;           48.29042899595075;     0.1817
  Dab;          -118.397248020247;    -5.4525
  T⁰₀(ϵ);                    -0.0;      Fixed
  T¹₁(ϵ);                     0.0;      Fixed
  T²₀(ϵ);                     0.0;      Fixed
  T²₁(ϵ);                    -0.0;      Fixed
  T²₂(ϵ);                     0.0;      Fixed
  T²₀(χ);      -69.16681602935299;    -0.0012
  T²₁(χ);                    -0.0;      Fixed
  T²₂(χ);      0.9697123027770856;     0.0060
  F;            161663.7125406618;      Fixed
  -2ρzF;      -5962.6450457947185;    30.9487
  -ρxF;                      -0.0;      Fixed
  V3/2;      3.3620612934042467e6; -9947.5893
  ηz;                         0.0;      Fixed
  ηx;                         0.0;      Fixed
 V3N;        -0.30860096885627786;     0.0594
 V3N;                        -1.0;      Fixed
 DN;         -8.21750201243462e-6;     0.0000

Max Change; V3N, 16.1314%

-------------------------------------

After   3 Iterations:

RMS = 1.9577 MHz, log₁₀(λ) = -7.2343

                        Parameter     Change
  BK;          2314.8517389627477;    -0.9499
  BN;           769.0234671071051;     0.1084
  B⨦;          48.346378911933435;     0.0559
  Dab;        -120.75504012603086;    -2.3578
  T⁰₀(ϵ);                    -0.0;      Fixed
  T¹₁(ϵ);                     0.0;      Fixed
  T²₀(ϵ);                     0.0;      Fixed
  T²₁(ϵ);                    -0.0;      Fixed
  T²₂(ϵ);                     0.0;      Fixed
  T²₀(χ);      -69.18133983719783;    -0.0145
  T²₁(χ);                    -0.0;      Fixed
  T²₂(χ);      0.9739778069238534;     0.0043
  F;            161663.7125406618;      Fixed
  -2ρzF;       -5929.603159837956;    33.0419
  -ρxF;                      -0.0;      Fixed
  V3/2;      3.3557030888338797e6; -6358.2046
  ηz;                         0.0;      Fixed
  ηx;                         0.0;      Fixed
 V3N;        -0.25440104785635737;     0.0542
 V3N;                        -1.0;      Fixed
 DN;        -8.056289580559261e-6;     0.0000

Max Change; V3N, 17.5631%

-------------------------------------

After   4 Iterations:

RMS = 0.7104 MHz, log₁₀(λ) = -8.7318

                        Parameter     Change
  BK;          2314.5462359769313;    -0.3055
  BN;           769.0618804354614;     0.0384
  B⨦;           48.33692223860254;    -0.0095
  Dab;        -120.55269954349883;     0.2023
  T⁰₀(ϵ);                    -0.0;      Fixed
  T¹₁(ϵ);                     0.0;      Fixed
  T²₀(ϵ);                     0.0;      Fixed
  T²₁(ϵ);                    -0.0;      Fixed
  T²₂(ϵ);                     0.0;      Fixed
  T²₀(χ);       -69.1839715543457;    -0.0026
  T²₁(χ);                    -0.0;      Fixed
  T²₂(χ);      0.9731591392935043;    -0.0008
  F;            161663.7125406618;      Fixed
  -2ρzF;       -5909.721696398338;    19.8815
  -ρxF;                      -0.0;      Fixed
  V3/2;       3.352455604891306e6; -3247.4839
  ηz;                         0.0;      Fixed
  ηx;                         0.0;      Fixed
 V3N;         -0.2351943727605224;     0.0192
 V3N;                        -1.0;      Fixed
 DN;        -8.076268287634113e-6;    -0.0000

Max Change; V3N, 7.5498%

-------------------------------------

After   5 Iterations:

RMS = 0.0727 MHz, log₁₀(λ) = -10.6489

                        Parameter     Change
  BK;           2314.558265473024;     0.0120
  BN;           769.0574170251957;    -0.0045
  B⨦;           48.31549939592382;    -0.0214
  Dab;        -119.80942213127284;     0.7433
  T⁰₀(ϵ);                    -0.0;      Fixed
  T¹₁(ϵ);                     0.0;      Fixed
  T²₀(ϵ);                     0.0;      Fixed
  T²₁(ϵ);                    -0.0;      Fixed
  T²₂(ϵ);                     0.0;      Fixed
  T²₀(χ);      -69.18029007210042;     0.0037
  T²₁(χ);                    -0.0;      Fixed
  T²₂(χ);      0.9712433180348171;    -0.0019
  F;            161663.7125406618;      Fixed
  -2ρzF;       -5903.209454483074;     6.5122
  -ρxF;                      -0.0;      Fixed
  V3/2;       3.351425768035815e6; -1029.8369
  ηz;                         0.0;      Fixed
  ηx;                         0.0;      Fixed
 V3N;         -0.2374262466143482;    -0.0022
 V3N;                        -1.0;      Fixed
 DN;        -8.085223859113776e-6;    -0.0000

Max Change; V3N, 0.9489%

-------------------------------------

After   6 Iterations:

RMS = 0.0288 MHz, log₁₀(λ) = -13.1160

                        Parameter     Change
  BK;            2314.55668463925;    -0.0016
  BN;           769.0589900561159;     0.0016
  B⨦;           48.31905637218699;     0.0036
  Dab;        -119.89800896117266;    -0.0886
  T⁰₀(ϵ);                    -0.0;      Fixed
  T¹₁(ϵ);                     0.0;      Fixed
  T²₀(ϵ);                     0.0;      Fixed
  T²₁(ϵ);                    -0.0;      Fixed
  T²₂(ϵ);                     0.0;      Fixed
  T²₀(χ);      -69.18100034516006;    -0.0007
  T²₁(χ);                    -0.0;      Fixed
  T²₂(χ);      0.9714266311855261;     0.0002
  F;            161663.7125406618;      Fixed
  -2ρzF;       -5904.226736021168;    -1.0173
  -ρxF;                      -0.0;      Fixed
  V3/2;       3.351595615159435e6;   169.8471
  ηz;                         0.0;      Fixed
  ηx;                         0.0;      Fixed
 V3N;        -0.23662851849443958;     0.0008
 V3N;                        -1.0;      Fixed
 DN;        -8.086749090776656e-6;    -0.0000

Max Change; V3N, 0.3360%

-------------------------------------

After   7 Iterations:

RMS = 0.0282 MHz, log₁₀(λ) = -13.7910

                        Parameter     Change
  BK;           2314.560927611435;     0.0042
  BN;            769.057448351027;    -0.0015
  B⨦;           48.31680392431585;    -0.0023
  Dab;        -119.82448766141854;     0.0735
  T⁰₀(ϵ);                    -0.0;      Fixed
  T¹₁(ϵ);                     0.0;      Fixed
  T²₀(ϵ);                     0.0;      Fixed
  T²₁(ϵ);                    -0.0;      Fixed
  T²₂(ϵ);                     0.0;      Fixed
  T²₀(χ);       -69.1803887303042;     0.0006
  T²₁(χ);                    -0.0;      Fixed
  T²₂(χ);      0.9712443210243116;    -0.0002
  F;            161663.7125406618;      Fixed
  -2ρzF;       -5903.738539173074;     0.4882
  -ρxF;                      -0.0;      Fixed
  V3/2;      3.3515023957214933e6;   -93.2194
  ηz;                         0.0;      Fixed
  ηx;                         0.0;      Fixed
 V3N;           -0.23740519527593;    -0.0008
 V3N;                        -1.0;      Fixed
 DN;        -8.082826923081049e-6;     0.0000

Max Change; V3N, 0.3282%

-------------------------------------

After   8 Iterations:

RMS = 0.0156 MHz, log₁₀(λ) = -14.6753

                        Parameter     Change
  BK;           2314.559539816737;    -0.0014
  BN;           769.0577619392311;     0.0003
  B⨦;            48.3180524327645;     0.0012
  Dab;          -119.863923433604;    -0.0394
  T⁰₀(ϵ);                    -0.0;      Fixed
  T¹₁(ϵ);                     0.0;      Fixed
  T²₀(ϵ);                     0.0;      Fixed
  T²₁(ϵ);                    -0.0;      Fixed
  T²₂(ϵ);                     0.0;      Fixed
  T²₀(χ);      -69.18065781780835;    -0.0003
  T²₁(χ);                    -0.0;      Fixed
  T²₂(χ);       0.971339967318819;     0.0001
  F;            161663.7125406618;      Fixed
  -2ρzF;        -5904.06562792232;    -0.3271
  -ρxF;                      -0.0;      Fixed
  V3/2;       3.351557631146972e6;    55.2354
  ηz;                         0.0;      Fixed
  ηx;                         0.0;      Fixed
 V3N;        -0.23699956567371183;     0.0004
 V3N;                        -1.0;      Fixed
 DN;        -8.083568815912775e-6;    -0.0000

Max Change; V3N, 0.1709%

-------------------------------------

After   9 Iterations:

RMS = 0.0095 MHz, log₁₀(λ) = -14.6023

                        Parameter     Change
  BK;          2314.5603729787936;     0.0008
  BN;           769.0574838472487;    -0.0003
  B⨦;           48.31735030738852;    -0.0007
  Dab;        -119.84164644783891;     0.0223
  T⁰₀(ϵ);                    -0.0;      Fixed
  T¹₁(ϵ);                     0.0;      Fixed
  T²₀(ϵ);                     0.0;      Fixed
  T²₁(ϵ);                    -0.0;      Fixed
  T²₂(ϵ);                     0.0;      Fixed
  T²₀(χ);      -69.18050126662045;     0.0002
  T²₁(χ);                    -0.0;      Fixed
  T²₂(χ);      0.9712871430690627;    -0.0001
  F;            161663.7125406618;      Fixed
  -2ρzF;       -5903.885316053792;     0.1803
  -ρxF;                      -0.0;      Fixed
  V3/2;      3.3515265533487974e6;   -31.0778
  ηz;                         0.0;      Fixed
  ηx;                         0.0;      Fixed
 V3N;        -0.23720430632868914;    -0.0002
 V3N;                        -1.0;      Fixed
 DN;         -8.08304220278025e-6;     0.0000

Max Change; V3N, 0.0864%

-------------------------------------

After  10 Iterations:

RMS = 0.0085 MHz, log₁₀(λ) = -15.0909

                        Parameter     Change
  BK;          2314.5599391361125;    -0.0004
  BN;           769.0575169160469;     0.0000
  B⨦;           48.31770993361514;     0.0004
  Dab;        -119.85295944833933;    -0.0113
  T⁰₀(ϵ);                    -0.0;      Fixed
  T¹₁(ϵ);                     0.0;      Fixed
  T²₀(ϵ);                     0.0;      Fixed
  T²₁(ϵ);                    -0.0;      Fixed
  T²₂(ϵ);                     0.0;      Fixed
  T²₀(χ);       -69.1805821829126;    -0.0001
  T²₁(χ);                    -0.0;      Fixed
  T²₂(χ);      0.9713142167657864;     0.0000
  F;            161663.7125406618;      Fixed
  -2ρzF;       -5903.977134120107;    -0.0918
  -ρxF;                      -0.0;      Fixed
  V3/2;       3.351542408894864e6;    15.8555
  ηz;                         0.0;      Fixed
  ηx;                         0.0;      Fixed
 V3N;        -0.23704208944403682;     0.0002
 V3N;                        -1.0;      Fixed
 DN;        -8.083328473152971e-6;    -0.0000

Max Change; V3N, 0.0684%

-------------------------------------

After  11 Iterations:

RMS = 0.0072 MHz, log₁₀(λ) = -14.8107

                        Parameter     Change
  BK;           2314.560239309033;     0.0003
  BN;            769.057472645856;    -0.0000
  B⨦;            48.3174449346848;    -0.0003
  Dab;        -119.84438317565365;     0.0086
  T⁰₀(ϵ);                    -0.0;      Fixed
  T¹₁(ϵ);                     0.0;      Fixed
  T²₀(ϵ);                     0.0;      Fixed
  T²₁(ϵ);                    -0.0;      Fixed
  T²₂(ϵ);                     0.0;      Fixed
  T²₀(χ);      -69.18052474477821;     0.0001
  T²₁(χ);                    -0.0;      Fixed
  T²₂(χ);      0.9712940774649155;    -0.0000
  F;            161663.7125406618;      Fixed
  -2ρzF;        -5903.90791791616;     0.0692
  -ρxF;                      -0.0;      Fixed
  V3/2;       3.351530625238354e6;   -11.7837
  ηz;                         0.0;      Fixed
  ηx;                         0.0;      Fixed
 V3N;        -0.23714165936752013;    -0.0001
 V3N;                        -1.0;      Fixed
 DN;         -8.08317016864509e-6;     0.0000

Max Change; V3N, 0.0420%

-------------------------------------

After  12 Iterations:

RMS = 0.0065 MHz, log₁₀(λ) = -14.5568

                        Parameter     Change
  BK;          2314.5600662719835;    -0.0002
  BN;           769.0575117874193;     0.0000
  B⨦;           48.31760571513528;     0.0002
  Dab;        -119.84950367824737;    -0.0051
  T⁰₀(ϵ);                    -0.0;      Fixed
  T¹₁(ϵ);                     0.0;      Fixed
  T²₀(ϵ);                     0.0;      Fixed
  T²₁(ϵ);                    -0.0;      Fixed
  T²₂(ϵ);                     0.0;      Fixed
  T²₀(χ);      -69.18055920114251;    -0.0000
  T²₁(χ);                    -0.0;      Fixed
  T²₂(χ);       0.971306101456224;     0.0000
  F;            161663.7125406618;      Fixed
  -2ρzF;       -5903.950294681459;    -0.0424
  -ρxF;                      -0.0;      Fixed
  V3/2;       3.351537810965086e6;     7.1857
  ηz;                         0.0;      Fixed
  ηx;                         0.0;      Fixed
 V3N;        -0.23708840716035354;     0.0001
 V3N;                        -1.0;      Fixed
 DN;        -8.083260993498493e-6;    -0.0000

Max Change; V3N, 0.0225%

-------------------------------------

After  13 Iterations:

RMS = 0.0062 MHz, log₁₀(λ) = -15.7747

                        Parameter     Change
  BK;           2314.560170588968;     0.0001
  BN;           769.0574243797817;    -0.0001
  B⨦;          48.317515283736014;    -0.0001
  Dab;        -119.84663679020159;     0.0029
  T⁰₀(ϵ);                    -0.0;      Fixed
  T¹₁(ϵ);                     0.0;      Fixed
  T²₀(ϵ);                     0.0;      Fixed
  T²₁(ϵ);                    -0.0;      Fixed
  T²₂(ϵ);                     0.0;      Fixed
  T²₀(χ);      -69.18053926566418;     0.0000
  T²₁(χ);                    -0.0;      Fixed
  T²₂(χ);      0.9712993008290026;    -0.0000
  F;            161663.7125406618;      Fixed
  -2ρzF;        -5903.92689999825;     0.0234
  -ρxF;                      -0.0;      Fixed
  V3/2;      3.3515337982172314e6;    -4.0127
  ηz;                         0.0;      Fixed
  ηx;                         0.0;      Fixed
 V3N;        -0.23708809135641143;     0.0000
 V3N;                        -1.0;      Fixed
 DN;        -8.083197731490858e-6;     0.0000

Max Change;  Dab, 0.0024%

-------------------------------------

After  14 Iterations:

RMS = 0.0062 MHz, log₁₀(λ) = -6.7348

                        Parameter     Change
  BK;           2314.560187996189;     0.0000
  BN;           769.0574282805362;     0.0000
  B⨦;          48.317518912002505;     0.0000
  Dab;        -119.84662682865341;     0.0000
  T⁰₀(ϵ);                    -0.0;      Fixed
  T¹₁(ϵ);                     0.0;      Fixed
  T²₀(ϵ);                     0.0;      Fixed
  T²₁(ϵ);                    -0.0;      Fixed
  T²₂(ϵ);                     0.0;      Fixed
  T²₀(χ);      -69.18054120473612;    -0.0000
  T²₁(χ);                    -0.0;      Fixed
  T²₂(χ);      0.9712994949588455;     0.0000
  F;            161663.7125406618;      Fixed
  -2ρzF;       -5903.928740785226;    -0.0018
  -ρxF;                      -0.0;      Fixed
  V3/2;       3.351534220764724e6;     0.4225
  ηz;                         0.0;      Fixed
  ηx;                         0.0;      Fixed
 V3N;        -0.23708614097907593;     0.0000
 V3N;                        -1.0;      Fixed
 DN;        -8.083235076614379e-6;    -0.0000

Max Change; V3N, 0.0008%

-------------------------------------

After  15 Iterations:

RMS = 0.0062 MHz, log₁₀(λ) = -8.2119

                        Parameter     Change
  BK;          2314.5601624593573;    -0.0000
  BN;           769.0574296304119;     0.0000
  B⨦;           48.31751853861278;    -0.0000
  Dab;        -119.84661215763495;     0.0000
  T⁰₀(ϵ);                    -0.0;      Fixed
  T¹₁(ϵ);                     0.0;      Fixed
  T²₀(ϵ);                     0.0;      Fixed
  T²₁(ϵ);                    -0.0;      Fixed
  T²₂(ϵ);                     0.0;      Fixed
  T²₀(χ);      -69.18054079850535;     0.0000
  T²₁(χ);                    -0.0;      Fixed
  T²₂(χ);      0.9712994066798887;    -0.0000
  F;            161663.7125406618;      Fixed
  -2ρzF;       -5903.927274754444;     0.0015
  -ρxF;                      -0.0;      Fixed
  V3/2;       3.351533923815937e6;    -0.2969
  ηz;                         0.0;      Fixed
  ηx;                         0.0;      Fixed
 V3N;        -0.23708546604112266;     0.0000
 V3N;                        -1.0;      Fixed
 DN;         -8.08321954273448e-6;     0.0000

Max Change; V3N, 0.0003%

-------------------------------------

 It would appear step size has converged.

After  15 iterations:

Final RMS = 0.0062 MHz
Final log₁₀(λ) = -8.2119


                         Parameter                   Uncertainty
 A;             3029.715023730741;             0.193339318490217
 B;             865.6924667076374;           0.05046842457777801
 C;             672.4223925531863;           0.05046842457777801
 Dab;         -119.84661215763495;            0.8673049108492338
 ϵzz;                         0.0;                           0.0
 ϵxx;                         0.0;                           0.0
 ϵzx;                        -0.0;                           0.0
 ϵxz;                         0.0;                           0.0
 ϵyy;                        -0.0;                           0.0
 χzz;          -69.18054079850535;           0.05965039211232505
 χxz;                         0.0;                           0.0
 χxx-χyy;       2.379187933833774;           0.03621652381390669
 F;            5.3925209999999995;                           0.0
 ρz;           0.0182599025531765;          1.847406720830441e-5
 ρx;                          0.0;                           0.0
 V3;           223.59027616471505;            0.0726517481461056
 ηz;                          0.0;                           0.0
 ηx;                          0.0;                           0.0
 V3N;        -0.23708546604112266;                          -0.0
 V3N;                        -1.0;                           0.0
 DN;         -8.08321954273448e-6;           1.80193347106505e-7


Journal Formatted Values
 A;                 3.02972(19)e3
 B;                  865.692(5)e0
 C;                  672.422(5)e0
 Dab;               -119.85(87)e0
 ϵzz;               0.0e0 (Fixed)
 ϵxx;               0.0e0 (Fixed)
 ϵzx;              -0.0e0 (Fixed)
 ϵxz;               0.0e0 (Fixed)
 ϵyy;              -0.0e0 (Fixed)
 χzz;                -69.181(6)e0
 χxz;               0.0e0 (Fixed)
 χxx-χyy;             2.379(36)e0
 F;             5.39252e0 (Fixed)
 ρz;                 18.26(18)e-3
 ρx;                0.0e0 (Fixed)
 V3;                 223.59(73)e0
 ηz;                0.0e0 (Fixed)
 ηx;                0.0e0 (Fixed)
 V3N;          -237.09e-3 (Fixed)
 V3N;               -1.e0 (Fixed)
 DN;                 -8.08(18)e-6


 Again, sorry about the name...


