2ba   @   2024-06-06T22:45:40.594

Control Parameters
mcalc = 8
νmax = 20.0
maxiter = 60
overwrite = false
Irrep = Ir
λlm0 = 0.0001
apology = true
Jmax = 16
S = 0.0
assign = RAM36
turducken = 1
REJECT = 10.0
TK = 25.0
RUNmode =  ESF
INTThresh = 0.0
vtmax = 0
NFOLD = 3
νmin = 0.0
INTthres = 1.0e-5
LIMIT = 100

Initial Parameters
 BK;           10497.17271263465;   1.0
 BN;           1639.883354759931;   1.0
 B⨦;          55.651263349423516;   1.0
 Dab;         -16.18461087425677;   1.0
 T⁰₀(ϵ);                    -0.0;   0.0
 T¹₁(ϵ);                     0.0;   0.0
 T²₀(ϵ);                     0.0;   0.0
 T²₁(ϵ);                    -0.0;   0.0
 T²₂(ϵ);                     0.0;   0.0
 T²₀(χ);                     0.0;   0.0
 T²₁(χ);                    -0.0;   0.0
 T²₂(χ);                     0.0;   0.0
 F;                169682.531228;   0.0
 -2ρzF;      -24274.340880572883;   1.0
 -ρxF;                      -0.0;   0.0
 V3/2;        15124.431658569421;   1.0
 ηz;                         0.0;   0.0
 ηx;                         0.0;   0.0

 ΔN;        -4.402405057456455e-5;   1.0
 ΔNK;       -0.011351739054314018;   1.0
 ΔK;       -0.0026469867549884563;   1.0
 δN;        -2.401140834054208e-5;   1.0
 δK;        -3.079262928000889e-5;   1.0
 FN;         -0.03725320153281369;   1.0
 ρN;          0.03520510802749599;   1.0
 ρK;         0.015040668736100242;   1.0
 ρbc;      -0.0007493433017866414;   1.0

Number of lines = 89

Initial RMS = 7.655482991106175 MHz
Initial λ = 7.626402407108781e-7

-------------------------------------

After   1 Iterations:

RMS = 0.0026 MHz, log₁₀(λ) = -6.1177

                        Parameter     Change
  BK;          10497.172837945203;     0.0001
  BN;          1640.8833434907033;     1.0000
  B⨦;           55.65125111681511;    -0.0000
  Dab;         -16.18500895168776;    -0.0004
  T⁰₀(ϵ);                    -0.0;      Fixed
  T¹₁(ϵ);                     0.0;      Fixed
  T²₀(ϵ);                     0.0;      Fixed
  T²₁(ϵ);                    -0.0;      Fixed
  T²₂(ϵ);                     0.0;      Fixed
  T²₀(χ);                     0.0;      Fixed
  T²₁(χ);                    -0.0;      Fixed
  T²₂(χ);                     0.0;      Fixed
  F;                169682.531228;      Fixed
  -2ρzF;      -24274.341931460913;    -0.0011
  -ρxF;                      -0.0;      Fixed
  V3/2;        15124.950360617804;     0.5187
  ηz;                         0.0;      Fixed
  ηx;                         0.0;      Fixed
 ΔN;        -4.367077201187884e-5;     0.0000
 ΔNK;       -0.011352074614735122;    -0.0000
 ΔK;       -0.0026390623684159763;     0.0000
 δN;       -2.3665303146329546e-5;     0.0000
 δK;        -2.990586802809115e-5;     0.0000
 FN;         -0.03725612121896732;    -0.0000
 ρN;          0.03520364316012575;    -0.0000
 ρK;         0.015020952863212257;    -0.0000
 ρbc;      -0.0007518811837076559;    -0.0000

Max Change; δK, 2.8798%

-------------------------------------

After   2 Iterations:

RMS = 0.0026 MHz, log₁₀(λ) = -11.0558

                        Parameter     Change
  BK;          10497.172840054433;     0.0000
  BN;          1640.8833503408716;     0.0000
  B⨦;           55.65125121260269;     0.0000
  Dab;        -16.185027536211752;    -0.0000
  T⁰₀(ϵ);                    -0.0;      Fixed
  T¹₁(ϵ);                     0.0;      Fixed
  T²₀(ϵ);                     0.0;      Fixed
  T²₁(ϵ);                    -0.0;      Fixed
  T²₂(ϵ);                     0.0;      Fixed
  T²₀(χ);                     0.0;      Fixed
  T²₁(χ);                    -0.0;      Fixed
  T²₂(χ);                     0.0;      Fixed
  F;                169682.531228;      Fixed
  -2ρzF;      -24274.341923421878;     0.0000
  -ρxF;                      -0.0;      Fixed
  V3/2;        15124.947968751425;    -0.0024
  ηz;                         0.0;      Fixed
  ηx;                         0.0;      Fixed
 ΔN;        -4.374547741062247e-5;    -0.0000
 ΔNK;       -0.011352363292794133;    -0.0000
 ΔK;        -0.002636762206989206;     0.0000
 δN;        -2.366587753361513e-5;    -0.0000
 δK;        -2.992513536555634e-5;    -0.0000
 FN;         -0.03725853868121044;    -0.0000
 ρN;          0.03520414784665407;     0.0000
 ρK;         0.015013359769985381;    -0.0000
 ρbc;       -0.000752007902665661;    -0.0000

Max Change; ΔN, 0.1711%

-------------------------------------

 It would appear step size has converged.

After   2 iterations:

Final RMS = 0.0026 MHz
Final log₁₀(λ) = -11.0558


                         Parameter                   Uncertainty
 A;            11269.900123369996;         0.0010843693143309672
 B;             1752.185852766077;        0.00014907448450194533
 C;            1529.5808479156663;        0.00014907448450194533
 Dab;         -16.185027536211752;          0.004787980145176402
 ϵzz;                         0.0;                           0.0
 ϵxx;                         0.0;                           0.0
 ϵzx;                        -0.0;                           0.0
 ϵxz;                         0.0;                           0.0
 ϵyy;                        -0.0;                           0.0
 χzz;                         0.0;                           0.0
 χxz;                         0.0;                           0.0
 χxx-χyy;                     0.0;                           0.0
 F;                          5.66;                           0.0
 ρz;          0.07152870053195043;          3.729280245215329e-8
 ρx;                          0.0;                           0.0
 V3;           1.0090279168231393;        0.00040990087756402133
 ηz;                          0.0;                           0.0
 ηx;                          0.0;                           0.0
 ΔN;        -4.374547741062247e-5;         1.6876043769899835e-6
 ΔNK;       -0.011352363292794133;          9.683207316124334e-6
 ΔK;        -0.002636762206989206;         0.0002096179743035282
 δN;        -2.366587753361513e-5;         1.2709477219351606e-6
 δK;        -2.992513536555634e-5;          3.711239225841362e-6
 FN;         -0.03725853868121044;          9.588944010242873e-5
 ρN;          0.03520414784665407;           3.53231987039573e-5
 ρK;         0.015013359769985381;         0.0007437186780149592
 ρbc;       -0.000752007902665661;           6.23428159492515e-5


Journal Formatted Values
 A;              11.2699001(11)e3
 B;              1.75218585(15)e3
 C;              1.52958085(15)e3
 Dab;               -16.185(48)e0
 ϵzz;               0.0e0 (Fixed)
 ϵxx;               0.0e0 (Fixed)
 ϵzx;              -0.0e0 (Fixed)
 ϵxz;               0.0e0 (Fixed)
 ϵyy;              -0.0e0 (Fixed)
 χzz;               0.0e0 (Fixed)
 χxz;               0.0e0 (Fixed)
 χxx-χyy;           0.0e0 (Fixed)
 F;                5.66e0 (Fixed)
 ρz;             71.528701(37)e-3
 ρx;                0.0e0 (Fixed)
 V3;                1.00903(41)e0
 ηz;                0.0e0 (Fixed)
 ηx;                0.0e0 (Fixed)
 ΔN;                 -43.7(17)e-6
 ΔNK;             -11.3524(97)e-3
 ΔK;                 -2.64(21)e-3
 δN;                 -23.7(13)e-6
 δK;                 -29.9(37)e-6
 FN;               -37.259(96)e-3
 ρN;                35.204(35)e-3
 ρK;                 15.01(74)e-3
 ρbc;               -752.0(62)e-6


 Again, sorry about the name...


