4cl2ftol-pert   @   2024-06-12T23:17:13.807

Control Parameters
mcalc = 5
νmax = 23.0
maxiter = 60
overwrite = false
Irrep = Ir
goal = 1.0
λlm0 = 0.0001
apology = true
Jmax = 16.5
S = 1.5
assign = RAM36
turducken = 3
REJECT = 10.0
TK = 25.0
RUNmode =  EF
vtmax = 0
NFOLD = 3
νmin = 4.0
INTthres = 1.0e-5
%2NDORDER = 

Initial Parameters
 BK;          2316.7376961119053;   1.0
 BN;           768.9389126679982;   1.0
 B⨦;          47.782554383764364;   1.0
 Dab;        -126.06625320897675;   1.0
 T⁰₀(ϵ);                    -0.0;   0.0
 T¹₁(ϵ);                     0.0;   0.0
 T²₀(ϵ);                     0.0;   0.0
 T²₁(ϵ);                    -0.0;   0.0
 T²₂(ϵ);                     0.0;   0.0
 T²₀(χ);      -69.12549148412748;   1.0
 T²₁(χ);                    -0.0;   0.0
 T²₂(χ);      0.9483897457183351;   1.0
 F;            161663.7125406618;   0.0
 -2ρzF;       -5956.278437018139;   1.0
 -ρxF;                      -0.0;   0.0
 V3/2;      3.3587878929662406e6;   1.0
 ηz;                         0.0;   0.0
 ηx;                         0.0;   0.0

 DN;        -8.063501517607327e-6;   1.0
 V3N;        -0.38067826807272387;   1.0
 V3N;                        -1.0;   0.0

Number of lines = 312

Initial RMS = 14.922481869684985 MHz
Initial λ = 1.4812778680954325e-6

-------------------------------------

After   1 Iterations:

RMS = 0.0148 MHz, log₁₀(λ) = -5.8294

                        Parameter     Change
  BK;          2315.8786560157096;    -0.8590
  BN;           768.7650834715431;    -0.1738
  B⨦;           48.16665482085399;     0.3841
  Dab;        -114.24052009829707;    11.8257
  T⁰₀(ϵ);                    -0.0;      Fixed
  T¹₁(ϵ);                     0.0;      Fixed
  T²₀(ϵ);                     0.0;      Fixed
  T²₁(ϵ);                    -0.0;      Fixed
  T²₂(ϵ);                     0.0;      Fixed
  T²₀(χ);      -69.36664753549053;    -0.2412
  T²₁(χ);                    -0.0;      Fixed
  T²₂(χ);      0.9209210736324067;    -0.0275
  F;            161663.7125406618;      Fixed
  -2ρzF;        -5926.70672928448;    29.5717
  -ρxF;                      -0.0;      Fixed
  V3/2;       3.355746446555039e6; -3041.4464
  ηz;                         0.0;      Fixed
  ηx;                         0.0;      Fixed
 DN;        -8.094330046814737e-6;    -0.0000
 V3N;          -0.277243775871869;     0.1034
 V3N;                        -1.0;      Fixed

Max Change; V3N, 27.1711%

-------------------------------------

After   2 Iterations:

RMS = 0.0077 MHz, log₁₀(λ) = -10.3082

                        Parameter     Change
  BK;          2314.5493444638164;    -1.3293
  BN;           769.4294601614192;     0.6644
  B⨦;           48.48746699542699;     0.3208
  Dab;        -125.82719069905046;   -11.5867
  T⁰₀(ϵ);                    -0.0;      Fixed
  T¹₁(ϵ);                     0.0;      Fixed
  T²₀(ϵ);                     0.0;      Fixed
  T²₁(ϵ);                    -0.0;      Fixed
  T²₂(ϵ);                     0.0;      Fixed
  T²₀(χ);      -69.44353095919516;    -0.0769
  T²₁(χ);                    -0.0;      Fixed
  T²₂(χ);       0.946281953128674;     0.0254
  F;            161663.7125406618;      Fixed
  -2ρzF;       -5959.342365051904;   -32.6356
  -ρxF;                      -0.0;      Fixed
  V3/2;      3.3607499943937557e6;  5003.5478
  ηz;                         0.0;      Fixed
  ηx;                         0.0;      Fixed
 DN;         -8.06846309695321e-6;     0.0000
 V3N;        -0.37480430823209826;    -0.0976
 V3N;                        -1.0;      Fixed

Max Change; V3N, 35.1894%

-------------------------------------

After   3 Iterations:

RMS = 0.0074 MHz, log₁₀(λ) = -12.0673

                        Parameter     Change
  BK;          2314.5485525696954;    -0.0008
  BN;           769.4306327105826;     0.0012
  B⨦;           48.48803717270191;     0.0006
  Dab;        -125.85091649749607;    -0.0237
  T⁰₀(ϵ);                    -0.0;      Fixed
  T¹₁(ϵ);                     0.0;      Fixed
  T²₀(ϵ);                     0.0;      Fixed
  T²₁(ϵ);                    -0.0;      Fixed
  T²₂(ϵ);                     0.0;      Fixed
  T²₀(χ);      -69.44374700628805;    -0.0002
  T²₁(χ);                    -0.0;      Fixed
  T²₂(χ);      0.9463469019266906;     0.0001
  F;            161663.7125406618;      Fixed
  -2ρzF;       -5959.484063491199;    -0.1417
  -ρxF;                      -0.0;      Fixed
  V3/2;      3.3607842202073606e6;    34.2258
  ηz;                         0.0;      Fixed
  ηx;                         0.0;      Fixed
 DN;        -8.069153770660252e-6;    -0.0000
 V3N;         -0.3749441323116386;    -0.0001
 V3N;                        -1.0;      Fixed

Max Change; V3N, 0.0373%

-------------------------------------

 The RMS has stopped decreasing. Hopefully it is low.

After   3 iterations:

Final RMS = 0.0074 MHz
Final log₁₀(λ) = -13.5632


                         Parameter                   Uncertainty
 A;            3029.0573822595898;           0.24416401133351223
 B;             866.4067070559864;           0.11174310885481842
 C;             672.4545583651787;           0.11174310885481842
 Dab;         -125.85091649749607;            1.3336598279603908
 ϵzz;                         0.0;                           0.0
 ϵxx;                         0.0;                           0.0
 ϵzx;                        -0.0;                           0.0
 ϵxz;                         0.0;                           0.0
 ϵyy;                        -0.0;                           0.0
 χzz;          -69.44374700628805;            0.0715406556234085
 χxz;                         0.0;                           0.0
 χxx-χyy;      2.3180670293840664;           0.04330174078895326
 F;            5.3925209999999995;                           0.0
 ρz;         0.018431730812789125;          3.039718936667162e-5
 ρx;                          0.0;                           0.0
 V3;           224.20738951393903;           0.11379318230343324
 ηz;                          0.0;                           0.0
 ηx;                          0.0;                           0.0
 DN;        -8.069153770660252e-6;         2.1395770720033834e-7
 V3N;         -0.3749441323116386;          0.018347075634249747
 V3N;                        -1.0;                           0.0


Journal Formatted Values
 A;                 3.02906(24)e3
 B;                  866.41(11)e0
 C;                  672.45(11)e0
 Dab;                -125.9(13)e0
 ϵzz;               0.0e0 (Fixed)
 ϵxx;               0.0e0 (Fixed)
 ϵzx;              -0.0e0 (Fixed)
 ϵxz;               0.0e0 (Fixed)
 ϵyy;              -0.0e0 (Fixed)
 χzz;               -69.444(72)e0
 χxz;               0.0e0 (Fixed)
 χxx-χyy;             2.318(43)e0
 F;             5.39252e0 (Fixed)
 ρz;                 18.432(3)e-3
 ρx;                0.0e0 (Fixed)
 V3;                 224.21(11)e0
 ηz;                0.0e0 (Fixed)
 ηx;                0.0e0 (Fixed)
 DN;                 -8.07(21)e-6
 V3N;               -375.0(18)e-3
 V3N;               -1.e0 (Fixed)


 Again, sorry about the name...


