2ba   @   2024-06-02T15:34:15.516

Control Parameters
mcalc = 8
νmax = 20.0
maxiter = 60
overwrite = false
Irrep = Ir
λlm0 = 0.0001
apology = true
Jmax = 16
S = 0.0
assign = RAM36
turducken = 2
REJECT = 10.0
TK = 25.0
RUNmode =  EF
INTThresh = 0.0
vtmax = 0
NFOLD = 3
νmin = 0.0
INTthres = 1.0e-5
LIMIT = 100

Initial Parameters
 BK;           10497.17271263465;   1.0
 BN;           1639.883354759931;   1.0
 B⨦;          55.651263349423516;   1.0
 Dab;         -16.18461087425677;   1.0
 T¹₁(ϵ);                    -0.0;   0.0
 T⁰₀(ϵ);                     0.0;   0.0
 T²₀(ϵ);                     0.0;   0.0
 T²₁(ϵ);                    -0.0;   0.0
 T²₂(ϵ);                     0.0;   0.0
 T²₀(χ);                     0.0;   0.0
 T²₁(χ);                    -0.0;   0.0
 T²₂(χ);                     0.0;   0.0
 F;                169682.531228;   0.0
 -2ρzF;      -24274.340880572883;   1.0
 -ρxF;                      -0.0;   0.0
 V3/2;        15124.431658569421;   1.0
 ηz;                         0.0;   0.0
 ηx;                         0.0;   0.0

 ΔN;        -4.402405057456455e-5;   1.0
 ΔNK;       -0.011351739054314018;   1.0
 ΔK;       -0.0026469867549884563;   1.0
 δN;        -2.401140834054208e-5;   1.0
 δK;        -3.079262928000889e-5;   1.0
 FN;         -0.03725320153281369;   1.0
 ρN;          0.03520510802749599;   1.0
 ρK;         0.015040668736100242;   1.0
 ρbc;      -0.0007493433017866414;   1.0

Number of lines = 89

Initial RMS = 16061.785130669517 MHz
Initial λ = 0.0008501587308225336

-------------------------------------

After   1 Iterations:

RMS = 6868.1174 MHz, log₁₀(λ) = 1.7460

                        Parameter     Change
  BK;          10500.825113885005;     3.6524
  BN;          1645.0378557892939;     5.1545
  B⨦;           56.42676809306682;     0.7755
  Dab;        -169.27811705376095;  -153.0935
  T¹₁(ϵ);                    -0.0;      Fixed
  T⁰₀(ϵ);                     0.0;      Fixed
  T²₀(ϵ);                     0.0;      Fixed
  T²₁(ϵ);                    -0.0;      Fixed
  T²₂(ϵ);                     0.0;      Fixed
  T²₀(χ);                     0.0;      Fixed
  T²₁(χ);                    -0.0;      Fixed
  T²₂(χ);                     0.0;      Fixed
  F;                169682.531228;      Fixed
  -2ρzF;      -24190.259133454194;    84.0817
  -ρxF;                      -0.0;      Fixed
  V3/2;    -3.8900800744026505e10; -38900815868.4582
  ηz;                         0.0;      Fixed
  ηx;                         0.0;      Fixed
 ΔN;         0.031851676635029996;     0.0319
 ΔNK;          1.2195600178243133;     1.2309
 ΔK;          0.23600176649967516;     0.2386
 δN;           0.0338302241619989;     0.0339
 δK;         -0.24475843715868678;    -0.2447
 FN;           0.9661526814429354;     1.0034
 ρN;          0.04016295437030992;     0.0050
 ρK;          -1.1704859254678568;    -1.1855
 ρbc;        -0.10630855762355862;    -0.1056

Max Change;  V3/2, 257205141.6320%

-------------------------------------

After   2 Iterations:

RMS = 6729.4795 MHz, log₁₀(λ) = 1.7333

                        Parameter     Change
  BK;          10519.898781579002;    19.0737
  BN;          1636.7139649783358;    -8.3239
  B⨦;            58.0690709169903;     1.6423
  Dab;        -465.48434816413453;  -296.2062
  T¹₁(ϵ);                    -0.0;      Fixed
  T⁰₀(ϵ);                     0.0;      Fixed
  T²₀(ϵ);                     0.0;      Fixed
  T²₁(ϵ);                    -0.0;      Fixed
  T²₂(ϵ);                     0.0;      Fixed
  T²₀(χ);                     0.0;      Fixed
  T²₁(χ);                    -0.0;      Fixed
  T²₂(χ);                     0.0;      Fixed
  F;                169682.531228;      Fixed
  -2ρzF;       -24178.15757594713;    12.1016
  -ρxF;                      -0.0;      Fixed
  V3/2;     2.3094703052672356e10; 61995503796.6989
  ηz;                         0.0;      Fixed
  ηx;                         0.0;      Fixed
 ΔN;          -0.2608448195297844;    -0.2927
 ΔNK;          1.6613881482757127;     0.4418
 ΔK;           0.9918812830271722;     0.7559
 δN;          0.10029562652328065;     0.0665
 δK;          -0.7013683157992252;    -0.4566
 FN;           1.8730019144268315;     0.9068
 ρN;           0.7271987016546099;     0.6870
 ρK;           -4.230748566557222;    -3.0603
 ρbc;          -1.928448430600155;    -1.8221

Max Change; ρbc, 1714.0105%

-------------------------------------

After   3 Iterations:

RMS = 6533.9153 MHz, log₁₀(λ) = 2.0544

                        Parameter     Change
  BK;          10529.219844358791;     9.3211
  BN;          1632.1588691890965;    -4.5551
  B⨦;           58.56339563739137;     0.4943
  Dab;         -559.7146023882239;   -94.2303
  T¹₁(ϵ);                    -0.0;      Fixed
  T⁰₀(ϵ);                     0.0;      Fixed
  T²₀(ϵ);                     0.0;      Fixed
  T²₁(ϵ);                    -0.0;      Fixed
  T²₂(ϵ);                     0.0;      Fixed
  T²₀(χ);                     0.0;      Fixed
  T²₁(χ);                    -0.0;      Fixed
  T²₂(χ);                     0.0;      Fixed
  F;                169682.531228;      Fixed
  -2ρzF;      -24171.699181798027;     6.4584
  -ρxF;                      -0.0;      Fixed
  V3/2;      5.680711891522491e10; 33712415862.5525
  ηz;                         0.0;      Fixed
  ηx;                         0.0;      Fixed
 ΔN;         -0.41106660677520057;    -0.1502
 ΔNK;          1.8611246918448021;     0.1997
 ΔK;           1.3421735835083952;     0.3503
 δN;          0.12123978635502305;     0.0209
 δK;          -0.8461823948441498;    -0.1448
 FN;            1.265580765654377;    -0.6074
 ρN;           1.4547553656890742;     0.7276
 ρK;           -6.561980232733285;    -2.3312
 ρbc;          -3.931722447956724;    -2.0033

Max Change;  V3/2, 145.9747%

-------------------------------------

After   4 Iterations:

RMS = 6523.6980 MHz, log₁₀(λ) = 1.7699

                        Parameter     Change
  BK;          10546.598948793884;    17.3791
  BN;          1624.2326541142013;    -7.9262
  B⨦;            59.1784580546302;     0.6151
  Dab;          -670.173207966189;  -110.4586
  T¹₁(ϵ);                    -0.0;      Fixed
  T⁰₀(ϵ);                     0.0;      Fixed
  T²₀(ϵ);                     0.0;      Fixed
  T²₁(ϵ);                    -0.0;      Fixed
  T²₂(ϵ);                     0.0;      Fixed
  T²₀(χ);                     0.0;      Fixed
  T²₁(χ);                    -0.0;      Fixed
  T²₂(χ);                     0.0;      Fixed
  F;                169682.531228;      Fixed
  -2ρzF;        -24158.1368836577;    13.5623
  -ρxF;                      -0.0;      Fixed
  V3/2;     1.1462996482125092e11; 57822845906.0260
  ηz;                         0.0;      Fixed
  ηx;                         0.0;      Fixed
 ΔN;          -0.6686468131508888;    -0.2576
 ΔNK;           2.251407925346737;     0.3903
 ΔK;           1.9787569841884405;     0.6366
 δN;          0.14890764054893543;     0.0277
 δK;          -1.0398273121427377;    -0.1936
 FN;           1.9153313594189674;     0.6498
 ρN;           3.4879439651261226;     2.0332
 ρK;          -13.762316299895838;    -7.2003
 ρbc;          -9.070826497805964;    -5.1391

Max Change; ρN, 139.7615%

-------------------------------------

After   5 Iterations:

RMS = 6363.0987 MHz, log₁₀(λ) = 1.4963

                        Parameter     Change
  BK;          10578.135136252513;    31.5362
  BN;          1608.1828434384997;   -16.0498
  B⨦;          59.708245677976024;     0.5298
  Dab;         -764.7087984875459;   -94.5356
  T¹₁(ϵ);                    -0.0;      Fixed
  T⁰₀(ϵ);                     0.0;      Fixed
  T²₀(ϵ);                     0.0;      Fixed
  T²₁(ϵ);                    -0.0;      Fixed
  T²₂(ϵ);                     0.0;      Fixed
  T²₀(χ);                     0.0;      Fixed
  T²₁(χ);                    -0.0;      Fixed
  T²₂(χ);                     0.0;      Fixed
  F;                169682.531228;      Fixed
  -2ρzF;      -24134.062329443164;    24.0746
  -ρxF;                      -0.0;      Fixed
  V3/2;     2.3143505166296497e11; 116805086841.7141
  ηz;                         0.0;      Fixed
  ηx;                         0.0;      Fixed
 ΔN;           -1.165349120146333;    -0.4967
 ΔNK;          2.8512010801838836;     0.5998
 ΔK;           3.0346781601161075;     1.0559
 δN;          0.17760485490540873;     0.0287
 δK;          -1.2462904132587544;    -0.2065
 FN;           1.1917199513406933;    -0.7236
 ρN;            8.162558098857092;     4.6746
 ρK;          -31.116654178265463;   -17.3543
 ρbc;         -21.280225646444663;   -12.2094

Max Change; ρbc, 134.6007%

-------------------------------------

