mcltol   @   2023-06-17T20:04:57.013

Control Parameters
mcalc = 5
νmax = 40.0
maxiter = 100
λlm0 = 0.0001
apology = true
Jmax = 7.5
S = 1.5
assign = expect
turducken = 2
REJECT = 10.0
TK = 25.0
RUNmode =  F
vtmax = 0
NFOLD = 3
νmin = 0.01
INTthres = 1.0e-5

Initial Parameters
 BN;           2036.913253434659;   1.0
 BK;           1138.097614718121;   1.0
 B⨦;          127.79657839044592;   1.0
 Dab;         -626.6518960768658;   1.0
 T⁰₀(ϵ);                    -0.0;   0.0
 T²₀(ϵ);                     0.0;   0.0
 T²₁(ϵ);                     0.0;   0.0
 T²₂(ϵ);                     0.0;   0.0
 T²₀(χ);     -33.249694575390336;   1.0
 T²₁(χ);      -42.11854402752837;   1.0
 T²₂(χ);     -13.329638339588037;   1.0
 F;           157932.28605346568;   0.0
 -2ρF;         -5253.96455228607;   1.0
 V3/2;             36754.5553508;   0.0
 η;                          0.0;   0.0

 V6;           -41269.02873433861;   1.0
 V6;                         -1.0;   0.0
 DN;        -3.058081446496504e-5;   1.0
 DNK;       0.0010115614603573918;   1.0
 DK;       -0.0032244042550109565;   1.0

Number of lines = 336

Initial RMS = 0.06733804368429465 MHz
Initial λ = 6.733577663088999e-9

-------------------------------------

After   1 Iterations:

RMS = 0.0669 MHz, log₁₀(λ) = -1.5491

                        Parameter     Change
 BN;           2036.9168380158892;     0.0036
 BK;           1138.0981430005488;     0.0005
 B⨦;           127.79687920088766;     0.0003
 Dab;          -626.6529761165953;    -0.0011
 T⁰₀(ϵ);                     -0.0;      Fixed
 T²₀(ϵ);                      0.0;      Fixed
 T²₁(ϵ);                      0.0;      Fixed
 T²₂(ϵ);                      0.0;      Fixed
 T²₀(χ);       -33.24851291398618;     0.0012
 T²₁(χ);      -42.122679719366836;    -0.0041
 T²₂(χ);       -13.32702923439652;     0.0026
 F;            157932.28605346568;      Fixed
 -2ρF;         -5254.256280617485;    -0.2917
 V3/2;              36754.5553508;      Fixed
 η;                           0.0;      Fixed
 V6;           -52135.94886049819; -10866.9201
 V6;                         -1.0;      Fixed
 DN;       -3.0511830975607246e-5;     0.0000
 DNK;        0.001001126122190608;    -0.0000
 DK;        -0.003175148459629447;     0.0000

Max Change; V6, 26.3319%

-------------------------------------

After   2 Iterations:

RMS = 0.0668 MHz, log₁₀(λ) = -1.0466

                        Parameter     Change
 BN;           2036.9173388049053;     0.0005
 BK;           1138.0982683671025;     0.0001
 B⨦;           127.79694131120355;     0.0001
 Dab;          -626.6533003355573;    -0.0003
 T⁰₀(ϵ);                     -0.0;      Fixed
 T²₀(ϵ);                      0.0;      Fixed
 T²₁(ϵ);                      0.0;      Fixed
 T²₂(ϵ);                      0.0;      Fixed
 T²₀(χ);        -33.2489101474006;    -0.0004
 T²₁(χ);       -42.12227226031834;     0.0004
 T²₂(χ);      -13.326873409362607;     0.0002
 F;            157932.28605346568;      Fixed
 -2ρF;         -5254.360619262621;    -0.1043
 V3/2;              36754.5553508;      Fixed
 η;                           0.0;      Fixed
 V6;           -54944.53706389479; -2808.5882
 V6;                         -1.0;      Fixed
 DN;       -3.0501331281015164e-5;     0.0000
 DNK;       0.0010000202650727688;    -0.0000
 DK;        -0.003173274670628649;     0.0000

Max Change; V6, 5.3870%

-------------------------------------

After   3 Iterations:

RMS = 0.0667 MHz, log₁₀(λ) = -1.1446

                        Parameter     Change
 BN;           2036.9180069949814;     0.0007
 BK;           1138.0984014845592;     0.0001
 B⨦;           127.79700730861728;     0.0001
 Dab;          -626.6536483790313;    -0.0003
 T⁰₀(ϵ);                     -0.0;      Fixed
 T²₀(ϵ);                      0.0;      Fixed
 T²₁(ϵ);                      0.0;      Fixed
 T²₂(ϵ);                      0.0;      Fixed
 T²₀(χ);      -33.249359047870605;    -0.0004
 T²₁(χ);       -42.12181117451841;     0.0005
 T²₂(χ);       -13.32667830454416;     0.0002
 F;            157932.28605346568;      Fixed
 -2ρF;         -5254.482860489645;    -0.1222
 V3/2;              36754.5553508;      Fixed
 η;                           0.0;      Fixed
 V6;           -58951.60228307115; -4007.0652
 V6;                         -1.0;      Fixed
 DN;        -3.050953872970058e-5;    -0.0000
 DNK;       0.0009992160634291756;    -0.0000
 DK;       -0.0031725722067050283;     0.0000

Max Change; V6, 7.2929%

-------------------------------------

After   4 Iterations:

RMS = 0.0666 MHz, log₁₀(λ) = -0.6397

                        Parameter     Change
 BN;           2036.9182433424282;     0.0002
 BK;           1138.0984389840326;     0.0000
 B⨦;           127.79702519905042;     0.0000
 Dab;          -626.6537483016718;    -0.0001
 T⁰₀(ϵ);                     -0.0;      Fixed
 T²₀(ϵ);                      0.0;      Fixed
 T²₁(ϵ);                      0.0;      Fixed
 T²₂(ϵ);                      0.0;      Fixed
 T²₀(χ);       -33.24959120942235;    -0.0002
 T²₁(χ);       -42.12152219792682;     0.0003
 T²₂(χ);       -13.32660528450876;     0.0001
 F;            157932.28605346568;      Fixed
 -2ρF;         -5254.528691696772;    -0.0458
 V3/2;              36754.5553508;      Fixed
 η;                           0.0;      Fixed
 V6;           -59798.24863932807;  -846.6464
 V6;                         -1.0;      Fixed
 DN;       -3.0519794882048905e-5;    -0.0000
 DNK;       0.0009994672606996372;     0.0000
 DK;       -0.0031735097896514563;    -0.0000

Max Change; V6, 1.4362%

-------------------------------------

After   5 Iterations:

RMS = 0.0666 MHz, log₁₀(λ) = -0.7371

                        Parameter     Change
 BN;           2036.9185454460949;     0.0003
 BK;           1138.0984827249754;     0.0000
 B⨦;           127.79704662577223;     0.0000
 Dab;           -626.653865674712;    -0.0001
 T⁰₀(ϵ);                     -0.0;      Fixed
 T²₀(ϵ);                      0.0;      Fixed
 T²₁(ϵ);                      0.0;      Fixed
 T²₂(ϵ);                      0.0;      Fixed
 T²₀(χ);      -33.249776433971434;    -0.0002
 T²₁(χ);       -42.12134591386726;     0.0002
 T²₂(χ);      -13.326505276096336;     0.0001
 F;            157932.28605346568;      Fixed
 -2ρF;        -5254.5786336713845;    -0.0499
 V3/2;              36754.5553508;      Fixed
 η;                           0.0;      Fixed
 V6;           -61262.10210181139; -1463.8535
 V6;                         -1.0;      Fixed
 DN;       -3.0531920440570696e-5;    -0.0000
 DNK;        0.000999450844949334;    -0.0000
 DK;       -0.0031743647839153426;    -0.0000

Max Change; V6, 2.4480%

-------------------------------------

After   6 Iterations:

RMS = 0.0666 MHz, log₁₀(λ) = -0.8341

                        Parameter     Change
 BN;           2036.9189234324008;     0.0004
 BK;            1138.098533520662;     0.0001
 B⨦;           127.79707135787078;     0.0000
 Dab;          -626.6540013331554;    -0.0001
 T⁰₀(ϵ);                     -0.0;      Fixed
 T²₀(ϵ);                      0.0;      Fixed
 T²₁(ϵ);                      0.0;      Fixed
 T²₂(ϵ);                      0.0;      Fixed
 T²₀(χ);      -33.249988955627416;    -0.0002
 T²₁(χ);       -42.12111622093667;     0.0002
 T²₂(χ);      -13.326414520218925;     0.0001
 F;            157932.28605346568;      Fixed
 -2ρF;         -5254.641570272432;    -0.0629
 V3/2;              36754.5553508;      Fixed
 η;                           0.0;      Fixed
 V6;           -63069.83434502417; -1807.7322
 V6;                         -1.0;      Fixed
 DN;        -3.054726344625273e-5;    -0.0000
 DNK;       0.0009995427436390741;     0.0000
 DK;        -0.003175385561031079;    -0.0000

Max Change; V6, 2.9508%

-------------------------------------

After   7 Iterations:

RMS = 0.0666 MHz, log₁₀(λ) = -0.9311

                        Parameter     Change
 BN;           2036.9194129328025;     0.0005
 BK;            1138.098591454805;     0.0001
 B⨦;           127.79709943171761;     0.0000
 Dab;          -626.6541568550024;    -0.0002
 T⁰₀(ϵ);                     -0.0;      Fixed
 T²₀(ϵ);                      0.0;      Fixed
 T²₁(ϵ);                      0.0;      Fixed
 T²₂(ϵ);                      0.0;      Fixed
 T²₀(χ);      -33.250229581821344;    -0.0002
 T²₁(χ);       -42.12084963610908;     0.0003
 T²₂(χ);      -13.326315442445457;     0.0001
 F;            157932.28605346568;      Fixed
 -2ρF;         -5254.721399251623;    -0.0798
 V3/2;              36754.5553508;      Fixed
 η;                           0.0;      Fixed
 V6;           -65273.15916623267; -2203.3248
 V6;                         -1.0;      Fixed
 DN;        -3.056792597220844e-5;    -0.0000
 DNK;       0.0009997540014212692;     0.0000
 DK;        -0.003176836906593907;    -0.0000

Max Change; V6, 3.4935%

-------------------------------------

After   8 Iterations:

RMS = 0.0666 MHz, log₁₀(λ) = -0.4260

                        Parameter     Change
 BN;           2036.9195723355351;     0.0002
 BK;           1138.0986085159616;     0.0000
 B⨦;           127.79710720755736;     0.0000
 Dab;          -626.6542028283882;    -0.0000
 T⁰₀(ϵ);                     -0.0;      Fixed
 T²₀(ϵ);                      0.0;      Fixed
 T²₁(ϵ);                      0.0;      Fixed
 T²₂(ϵ);                      0.0;      Fixed
 T²₀(χ);       -33.25035938989087;    -0.0001
 T²₁(χ);       -42.12066661180784;     0.0002
 T²₂(χ);      -13.326293279291995;     0.0000
 F;            157932.28605346568;      Fixed
 -2ρF;         -5254.751075440435;    -0.0297
 V3/2;              36754.5553508;      Fixed
 η;                           0.0;      Fixed
 V6;           -65707.86079328666;  -434.7016
 V6;                         -1.0;      Fixed
 DN;        -3.057627121640319e-5;    -0.0000
 DNK;       0.0010000821532440726;     0.0000
 DK;       -0.0031777221242005934;    -0.0000

Max Change; V6, 0.6660%

-------------------------------------

After   9 Iterations:

RMS = 0.0666 MHz, log₁₀(λ) = -0.5232

                        Parameter     Change
 BN;           2036.9197871305594;     0.0002
 BK;             1138.09862869652;     0.0000
 B⨦;            127.7971170767575;     0.0000
 Dab;          -626.6542586379611;    -0.0001
 T⁰₀(ϵ);                     -0.0;      Fixed
 T²₀(ϵ);                      0.0;      Fixed
 T²₁(ϵ);                      0.0;      Fixed
 T²₂(ϵ);                      0.0;      Fixed
 T²₀(χ);       -33.25044743587879;    -0.0001
 T²₁(χ);       -42.12059634399004;     0.0001
 T²₂(χ);      -13.326226829820442;     0.0001
 F;            157932.28605346568;      Fixed
 -2ρF;         -5254.783018321738;    -0.0319
 V3/2;              36754.5553508;      Fixed
 η;                           0.0;      Fixed
 V6;           -66532.17204253128;  -824.3112
 V6;                         -1.0;      Fixed
 DN;       -3.0587310036959746e-5;    -0.0000
 DNK;        0.001000192659430159;     0.0000
 DK;       -0.0031786358105016376;    -0.0000

Max Change; V6, 1.2545%

-------------------------------------

After  10 Iterations:

RMS = 0.0665 MHz, log₁₀(λ) = -0.6202

                        Parameter     Change
 BN;           2036.9200446355035;     0.0003
 BK;           1138.0986529868828;     0.0000
 B⨦;           127.79712874761468;     0.0000
 Dab;          -626.6543245955642;    -0.0001
 T⁰₀(ϵ);                     -0.0;      Fixed
 T²₀(ϵ);                      0.0;      Fixed
 T²₁(ϵ);                      0.0;      Fixed
 T²₂(ϵ);                      0.0;      Fixed
 T²₀(χ);       -33.25055042258753;    -0.0001
 T²₁(χ);       -42.12048869271421;     0.0001
 T²₂(χ);      -13.326179610744031;     0.0000
 F;            157932.28605346568;      Fixed
 -2ρF;         -5254.822939183275;    -0.0399
 V3/2;              36754.5553508;      Fixed
 η;                           0.0;      Fixed
 V6;           -67564.74933658206; -1032.5773
 V6;                         -1.0;      Fixed
 DN;        -3.059864091147408e-5;    -0.0000
 DNK;       0.0010003565383652855;     0.0000
 DK;       -0.0031795831895026056;    -0.0000

Max Change; V6, 1.5520%

-------------------------------------

After  11 Iterations:

RMS = 0.0665 MHz, log₁₀(λ) = -0.7171

                        Parameter     Change
 BN;           2036.9203676634938;     0.0003
 BK;           1138.0986817491457;     0.0000
 B⨦;           127.79714254213742;     0.0000
 Dab;           -626.654402748767;    -0.0001
 T⁰₀(ϵ);                     -0.0;      Fixed
 T²₀(ϵ);                      0.0;      Fixed
 T²₁(ϵ);                      0.0;      Fixed
 T²₂(ϵ);                      0.0;      Fixed
 T²₀(χ);       -33.25066840157102;    -0.0001
 T²₁(χ);       -42.12035702243206;     0.0001
 T²₂(χ);      -13.326132107630535;     0.0000
 F;            157932.28605346568;      Fixed
 -2ρF;         -5254.873190155541;    -0.0503
 V3/2;              36754.5553508;      Fixed
 η;                           0.0;      Fixed
 V6;           -68838.31081299673; -1273.5615
 V6;                         -1.0;      Fixed
 DN;       -3.0612257426301824e-5;    -0.0000
 DNK;        0.001000573156422494;     0.0000
 DK;        -0.003180690504020045;    -0.0000

Max Change; V6, 1.8849%

-------------------------------------

After  12 Iterations:

RMS = 0.0665 MHz, log₁₀(λ) = -0.8141

                        Parameter     Change
 BN;           2036.9207789936684;     0.0004
 BK;           1138.0987153794754;     0.0000
 B⨦;           127.79715864020956;     0.0000
 Dab;           -626.654494335453;    -0.0001
 T⁰₀(ϵ);                     -0.0;      Fixed
 T²₀(ϵ);                      0.0;      Fixed
 T²₁(ϵ);                      0.0;      Fixed
 T²₂(ϵ);                      0.0;      Fixed
 T²₀(χ);         -33.250802682053;    -0.0001
 T²₁(χ);       -42.12020479454525;     0.0002
 T²₂(χ);      -13.326079412476663;     0.0001
 F;            157932.28605346568;      Fixed
 -2ρF;         -5254.936551564033;    -0.0634
 V3/2;              36754.5553508;      Fixed
 η;                           0.0;      Fixed
 V6;            -70402.8186859504; -1564.5079
 V6;                         -1.0;      Fixed
 DN;        -3.062874477417163e-5;    -0.0000
 DNK;       0.0010008485113703694;     0.0000
 DK;        -0.003182029357488135;    -0.0000

Max Change; V6, 2.2727%

-------------------------------------

After  13 Iterations:

RMS = 0.0665 MHz, log₁₀(λ) = -0.3089

                        Parameter     Change
 BN;           2036.9209078480117;     0.0001
 BK;           1138.0987255029495;     0.0000
 B⨦;            127.7971630385392;     0.0000
 Dab;          -626.6545215143638;    -0.0000
 T⁰₀(ϵ);                     -0.0;      Fixed
 T²₀(ϵ);                      0.0;      Fixed
 T²₁(ϵ);                      0.0;      Fixed
 T²₂(ϵ);                      0.0;      Fixed
 T²₀(χ);       -33.25088876615667;    -0.0001
 T²₁(χ);      -42.120070234288406;     0.0001
 T²₂(χ);       -13.32607789320349;     0.0000
 F;            157932.28605346568;      Fixed
 -2ρF;          -5254.95995711175;    -0.0234
 V3/2;              36754.5553508;      Fixed
 η;                           0.0;      Fixed
 V6;           -70697.71395489712;  -294.8953
 V6;                         -1.0;      Fixed
 DN;        -3.063440029279346e-5;    -0.0000
 DNK;       0.0010011355788647426;     0.0000
 DK;       -0.0031826982373648976;    -0.0000

Max Change; V6, 0.4189%

-------------------------------------

After  14 Iterations:

RMS = 0.0665 MHz, log₁₀(λ) = -0.4061

                        Parameter     Change
 BN;           2036.9210875467438;     0.0002
 BK;           1138.0987373843304;     0.0000
 B⨦;           127.79716893236706;     0.0000
 Dab;          -626.6545551554343;    -0.0000
 T⁰₀(ϵ);                     -0.0;      Fixed
 T²₀(ϵ);                      0.0;      Fixed
 T²₁(ϵ);                      0.0;      Fixed
 T²₂(ϵ);                      0.0;      Fixed
 T²₀(χ);      -33.250937263006065;    -0.0000
 T²₁(χ);       -42.12004160741928;     0.0000
 T²₂(χ);       -13.32602715862884;     0.0001
 F;            157932.28605346568;      Fixed
 -2ρF;        -5254.9851527424225;    -0.0252
 V3/2;              36754.5553508;      Fixed
 η;                           0.0;      Fixed
 V6;           -71286.89666548715;  -589.1827
 V6;                         -1.0;      Fixed
 DN;        -3.064332479255077e-5;    -0.0000
 DNK;        0.001001240689398706;     0.0000
 DK;       -0.0031834265183539254;    -0.0000

Max Change; V6, 0.8334%

-------------------------------------

After  15 Iterations:

RMS = 0.0665 MHz, log₁₀(λ) = -0.5030

                        Parameter     Change
 BN;            2036.921300506409;     0.0002
 BK;           1138.0987519373693;     0.0000
 B⨦;            127.7971758638699;     0.0000
 Dab;          -626.6545952273083;    -0.0000
 T⁰₀(ϵ);                     -0.0;      Fixed
 T²₀(ϵ);                      0.0;      Fixed
 T²₁(ϵ);                      0.0;      Fixed
 T²₂(ϵ);                      0.0;      Fixed
 T²₀(χ);       -33.25099663278805;    -0.0001
 T²₁(χ);       -42.11998387526144;     0.0001
 T²₂(χ);      -13.325996060173976;     0.0000
 F;            157932.28605346568;      Fixed
 -2ρF;          -5255.01653662432;    -0.0314
 V3/2;              36754.5553508;      Fixed
 η;                           0.0;      Fixed
 V6;            -72030.3509806163;  -743.4543
 V6;                         -1.0;      Fixed
 DN;        -3.065175079230899e-5;    -0.0000
 DNK;       0.0010013839373228539;     0.0000
 DK;       -0.0031841909391456427;    -0.0000

Max Change; V6, 1.0429%

-------------------------------------

After  16 Iterations:

RMS = 0.0665 MHz, log₁₀(λ) = -0.5999

                        Parameter     Change
 BN;            2036.921563817719;     0.0003
 BK;           1138.0987694142866;     0.0000
 B⨦;           127.79718417331028;     0.0000
 Dab;           -626.654643222583;    -0.0000
 T⁰₀(ϵ);                     -0.0;      Fixed
 T²₀(ϵ);                      0.0;      Fixed
 T²₁(ϵ);                      0.0;      Fixed
 T²₂(ϵ);                      0.0;      Fixed
 T²₀(χ);      -33.251065894465825;    -0.0001
 T²₁(χ);       -42.11990700737012;     0.0001
 T²₂(χ);      -13.325968492372448;     0.0000
 F;            157932.28605346568;      Fixed
 -2ρF;         -5255.055932473415;    -0.0394
 V3/2;              36754.5553508;      Fixed
 η;                           0.0;      Fixed
 V6;            -72951.5074485222;  -921.1565
 V6;                         -1.0;      Fixed
 DN;        -3.066150292472086e-5;    -0.0000
 DNK;       0.0010015663611605348;     0.0000
 DK;       -0.0031850525475046903;    -0.0000

Max Change; V6, 1.2788%

-------------------------------------

After  17 Iterations:

RMS = 0.0665 MHz, log₁₀(λ) = -0.0948

                        Parameter     Change
 BN;           2036.9216328696066;     0.0001
 BK;           1138.0987748108896;     0.0000
 B⨦;           127.79718615557294;     0.0000
 Dab;           -626.654658893249;    -0.0000
 T⁰₀(ϵ);                     -0.0;      Fixed
 T²₀(ϵ);                      0.0;      Fixed
 T²₁(ϵ);                      0.0;      Fixed
 T²₂(ϵ);                      0.0;      Fixed
 T²₀(χ);       -33.25112109233106;    -0.0001
 T²₁(χ);       -42.11980894823085;     0.0001
 T²₂(χ);      -13.325988001452117;    -0.0000
 F;            157932.28605346568;      Fixed
 -2ρF;         -5255.070528848414;    -0.0146
 V3/2;              36754.5553508;      Fixed
 η;                           0.0;      Fixed
 V6;           -73116.49599541965;  -164.9885
 V6;                         -1.0;      Fixed
 DN;        -3.066351942816906e-5;    -0.0000
 DNK;        0.001001737057548398;     0.0000
 DK;       -0.0031855801367608083;    -0.0000

Max Change; V6, 0.2262%

-------------------------------------

After  18 Iterations:

RMS = 0.0665 MHz, log₁₀(λ) = -0.1918

                        Parameter     Change
 BN;           2036.9217533426097;     0.0001
 BK;           1138.0987811907682;     0.0000
 B⨦;           127.79718961593635;     0.0000
 Dab;          -626.6546758172867;    -0.0000
 T⁰₀(ϵ);                     -0.0;      Fixed
 T²₀(ϵ);                      0.0;      Fixed
 T²₁(ϵ);                      0.0;      Fixed
 T²₂(ϵ);                      0.0;      Fixed
 T²₀(χ);       -33.25114121185284;    -0.0000
 T²₁(χ);      -42.119806100514424;     0.0000
 T²₂(χ);      -13.325949346090436;     0.0000
 F;            157932.28605346568;      Fixed
 -2ρF;         -5255.086051815136;    -0.0155
 V3/2;              36754.5553508;      Fixed
 η;                           0.0;      Fixed
 V6;           -73469.39169125662;  -352.8957
 V6;                         -1.0;      Fixed
 DN;        -3.066956763268412e-5;    -0.0000
 DNK;       0.0010018179492030088;     0.0000
 DK;       -0.0031858489032998384;    -0.0000

Max Change; V6, 0.4826%

-------------------------------------

After  19 Iterations:

RMS = 0.0665 MHz, log₁₀(λ) = -0.2887

                        Parameter     Change
 BN;           2036.9218908913333;     0.0001
 BK;           1138.0987890911952;     0.0000
 B⨦;           127.79719341511964;     0.0000
 Dab;          -626.6546976921394;    -0.0000
 T⁰₀(ϵ);                     -0.0;      Fixed
 T²₀(ϵ);                      0.0;      Fixed
 T²₁(ϵ);                      0.0;      Fixed
 T²₂(ϵ);                      0.0;      Fixed
 T²₀(χ);        -33.2511711742969;    -0.0000
 T²₁(χ);       -42.11978255138939;     0.0000
 T²₂(χ);      -13.325925110589841;     0.0000
 F;            157932.28605346568;      Fixed
 -2ρF;         -5255.105425974828;    -0.0194
 V3/2;              36754.5553508;      Fixed
 η;                           0.0;      Fixed
 V6;           -73912.75889342224;  -443.3672
 V6;                         -1.0;      Fixed
 DN;         -3.06749144208862e-5;    -0.0000
 DNK;         0.00100190462169713;     0.0000
 DK;        -0.003186308937243004;    -0.0000

Max Change; V6, 0.6035%

-------------------------------------

After  20 Iterations:

RMS = 0.0665 MHz, log₁₀(λ) = -0.3856

                        Parameter     Change
 BN;           2036.9220572371557;     0.0002
 BK;           1138.0987987396836;     0.0000
 B⨦;           127.79719798543461;     0.0000
 Dab;          -626.6547243656157;    -0.0000
 T⁰₀(ϵ);                     -0.0;      Fixed
 T²₀(ϵ);                      0.0;      Fixed
 T²₁(ϵ);                      0.0;      Fixed
 T²₂(ϵ);                      0.0;      Fixed
 T²₀(χ);       -33.25120933649167;    -0.0000
 T²₁(χ);      -42.119743684391466;     0.0000
 T²₂(χ);      -13.325907184879084;     0.0000
 F;            157932.28605346568;      Fixed
 -2ρF;         -5255.129706709893;    -0.0243
 V3/2;              36754.5553508;      Fixed
 η;                           0.0;      Fixed
 V6;             -74463.989664414;  -551.2308
 V6;                         -1.0;      Fixed
 DN;        -3.068079034244974e-5;    -0.0000
 DNK;       0.0010020154576076388;     0.0000
 DK;       -0.0031868514215614516;    -0.0000

Max Change; V6, 0.7458%

-------------------------------------

After  21 Iterations:

RMS = 0.0665 MHz, log₁₀(λ) = -0.4825

                        Parameter     Change
 BN;            2036.922263827552;     0.0002
 BK;           1138.0988104366045;     0.0000
 B⨦;           127.79720351973262;     0.0000
 Dab;          -626.6547566864284;    -0.0000
 T⁰₀(ϵ);                     -0.0;      Fixed
 T²₀(ϵ);                      0.0;      Fixed
 T²₁(ϵ);                      0.0;      Fixed
 T²₂(ϵ);                      0.0;      Fixed
 T²₀(χ);       -33.25125470397434;    -0.0000
 T²₁(χ);       -42.11969267934512;     0.0001
 T²₂(χ);      -13.325889934656143;     0.0000
 F;            157932.28605346568;      Fixed
 -2ρF;        -5255.1601595094035;    -0.0305
 V3/2;              36754.5553508;      Fixed
 η;                           0.0;      Fixed
 V6;           -75147.89943192489;  -683.9098
 V6;                         -1.0;      Fixed
 DN;        -3.068773312092689e-5;    -0.0000
 DNK;       0.0010021539293325072;     0.0000
 DK;        -0.003187483555795417;    -0.0000

Max Change; V6, 0.9184%

-------------------------------------

After  22 Iterations:

RMS = 0.0665 MHz, log₁₀(λ) = 0.0226

                        Parameter     Change
 BN;           2036.9223120026484;     0.0000
 BK;           1138.0988140652446;     0.0000
 B⨦;           127.79720462547925;     0.0000
 Dab;          -626.6547682274596;    -0.0000
 T⁰₀(ϵ);                     -0.0;      Fixed
 T²₀(ϵ);                      0.0;      Fixed
 T²₁(ϵ);                      0.0;      Fixed
 T²₂(ϵ);                      0.0;      Fixed
 T²₀(χ);       -33.25129757776411;    -0.0000
 T²₁(χ);       -42.11961216752097;     0.0001
 T²₂(χ);      -13.325913630859162;    -0.0000
 F;            157932.28605346568;      Fixed
 -2ρF;         -5255.171448795765;    -0.0113
 V3/2;              36754.5553508;      Fixed
 η;                           0.0;      Fixed
 V6;           -75266.40907572689;  -118.5096
 V6;                         -1.0;      Fixed
 DN;        -3.068858479173261e-5;    -0.0000
 DNK;        0.001002273942737226;     0.0000
 DK;       -0.0031879700733136894;    -0.0000

Max Change; V6, 0.1577%

-------------------------------------

After  23 Iterations:

RMS = 0.0665 MHz, log₁₀(λ) = -0.0744

                        Parameter     Change
 BN;           2036.9224088719886;     0.0001
 BK;           1138.0988184201185;     0.0000
 B⨦;           127.79720713816207;     0.0000
 Dab;          -626.6547788195077;    -0.0000
 T⁰₀(ϵ);                     -0.0;      Fixed
 T²₀(ϵ);                      0.0;      Fixed
 T²₁(ϵ);                      0.0;      Fixed
 T²₂(ϵ);                      0.0;      Fixed
 T²₀(χ);      -33.251308758416855;    -0.0000
 T²₁(χ);      -42.119614272046476;    -0.0000
 T²₂(χ);      -13.325883850748841;     0.0000
 F;            157932.28605346568;      Fixed
 -2ρF;         -5255.183415233464;    -0.0120
 V3/2;              36754.5553508;      Fixed
 η;                           0.0;      Fixed
 V6;            -75529.6680775695;  -263.2590
 V6;                         -1.0;      Fixed
 DN;       -3.0693143055686674e-5;    -0.0000
 DNK;       0.0010023480345187955;     0.0000
 DK;       -0.0031880543487765407;    -0.0000

Max Change; V6, 0.3498%

-------------------------------------

After  24 Iterations:

RMS = 0.0665 MHz, log₁₀(λ) = -0.1713

                        Parameter     Change
 BN;           2036.9225180195467;     0.0001
 BK;            1138.098823783008;     0.0000
 B⨦;           127.79720976465472;     0.0000
 Dab;          -626.6547936857669;    -0.0000
 T⁰₀(ϵ);                     -0.0;      Fixed
 T²₀(ϵ);                      0.0;      Fixed
 T²₁(ϵ);                      0.0;      Fixed
 T²₂(ϵ);                      0.0;      Fixed
 T²₀(χ);      -33.251327228591805;    -0.0000
 T²₁(χ);       -42.11960257349363;     0.0000
 T²₂(χ);       -13.32586323217678;     0.0000
 F;            157932.28605346568;      Fixed
 -2ρF;         -5255.198355382189;    -0.0149
 V3/2;              36754.5553508;      Fixed
 η;                           0.0;      Fixed
 V6;            -75860.2284555241;  -330.5604
 V6;                         -1.0;      Fixed
 DN;        -3.069725317072412e-5;    -0.0000
 DNK;        0.001002413035382684;     0.0000
 DK;       -0.0031883767882629663;    -0.0000

Max Change; V6, 0.4377%

-------------------------------------

After  25 Iterations:

RMS = 0.0665 MHz, log₁₀(λ) = -0.2682

                        Parameter     Change
 BN;            2036.922648995192;     0.0001
 BK;           1138.0988303829452;     0.0000
 B⨦;            127.7972128863368;     0.0000
 Dab;          -626.6548120600177;    -0.0000
 T⁰₀(ϵ);                     -0.0;      Fixed
 T²₀(ϵ);                      0.0;      Fixed
 T²₁(ϵ);                      0.0;      Fixed
 T²₂(ϵ);                      0.0;      Fixed
 T²₀(χ);       -33.25135265376642;    -0.0000
 T²₁(χ);       -42.11957866997601;     0.0000
 T²₂(χ);      -13.325848678403835;     0.0000
 F;            157932.28605346568;      Fixed
 -2ρF;         -5255.217064989951;    -0.0187
 V3/2;              36754.5553508;      Fixed
 η;                           0.0;      Fixed
 V6;           -76271.87907429958;  -411.6506
 V6;                         -1.0;      Fixed
 DN;        -3.070158925214152e-5;    -0.0000
 DNK;       0.0010024943773981193;     0.0000
 DK;        -0.003188782122655894;    -0.0000

Max Change; V6, 0.5426%

-------------------------------------

After  26 Iterations:

RMS = 0.0665 MHz, log₁₀(λ) = -0.3651

                        Parameter     Change
 BN;            2036.922810442585;     0.0002
 BK;           1138.0988384442558;     0.0000
 B⨦;           127.79721668555518;     0.0000
 Dab;          -626.6548344613033;    -0.0000
 T⁰₀(ϵ);                     -0.0;      Fixed
 T²₀(ϵ);                      0.0;      Fixed
 T²₁(ϵ);                      0.0;      Fixed
 T²₂(ϵ);                      0.0;      Fixed
 T²₀(χ);       -33.25138392469364;    -0.0000
 T²₁(χ);      -42.119544785312364;     0.0000
 T²₂(χ);      -13.325836060635844;     0.0000
 F;            157932.28605346568;      Fixed
 -2ρF;         -5255.240509729725;    -0.0234
 V3/2;              36754.5553508;      Fixed
 η;                           0.0;      Fixed
 V6;            -76783.5679742037;  -511.6889
 V6;                         -1.0;      Fixed
 DN;        -3.070663017711292e-5;    -0.0000
 DNK;       0.0010025970549819346;     0.0000
 DK;       -0.0031892576566078593;    -0.0000

Max Change; V6, 0.6709%

-------------------------------------

After  27 Iterations:

RMS = 0.0665 MHz, log₁₀(λ) = 0.1400

                        Parameter     Change
 BN;           2036.9228428735116;     0.0000
 BK;            1138.098840917646;     0.0000
 B⨦;           127.79721725172243;     0.0000
 Dab;          -626.6548435059035;    -0.0000
 T⁰₀(ϵ);                     -0.0;      Fixed
 T²₀(ϵ);                      0.0;      Fixed
 T²₁(ϵ);                      0.0;      Fixed
 T²₂(ϵ);                      0.0;      Fixed
 T²₀(χ);      -33.251417950402846;    -0.0000
 T²₁(χ);      -42.119479557057865;     0.0001
 T²₂(χ);      -13.325859714623313;    -0.0000
 F;            157932.28605346568;      Fixed
 -2ρF;         -5255.249202538059;    -0.0087
 V3/2;              36754.5553508;      Fixed
 η;                           0.0;      Fixed
 V6;            -76870.2217657235;   -86.6538
 V6;                         -1.0;      Fixed
 DN;         -3.07068873324228e-5;    -0.0000
 DNK;       0.0010026746350324611;     0.0000
 DK;        -0.003189728971964649;    -0.0000

Max Change; V6, 0.1129%

-------------------------------------

After  28 Iterations:

RMS = 0.0665 MHz, log₁₀(λ) = 0.0431

                        Parameter     Change
 BN;           2036.9229199535735;     0.0001
 BK;           1138.0988440157548;     0.0000
 B⨦;           127.79721911838583;     0.0000
 Dab;          -626.6548499975316;    -0.0000
 T⁰₀(ϵ);                     -0.0;      Fixed
 T²₀(ϵ);                      0.0;      Fixed
 T²₁(ϵ);                      0.0;      Fixed
 T²₂(ϵ);                      0.0;      Fixed
 T²₀(χ);       -33.25142470080891;    -0.0000
 T²₁(χ);      -42.119481464588056;    -0.0000
 T²₂(χ);      -13.325838457166139;     0.0000
 F;            157932.28605346568;      Fixed
 -2ρF;         -5255.258408027501;    -0.0092
 V3/2;              36754.5553508;      Fixed
 η;                           0.0;      Fixed
 V6;           -77067.32209773343;  -197.1003
 V6;                         -1.0;      Fixed
 DN;        -3.071010997734036e-5;    -0.0000
 DNK;       0.0010027449486569844;     0.0000
 DK;        -0.003189687081409591;     0.0000

Max Change; V6, 0.2564%

-------------------------------------

After  29 Iterations:

RMS = 0.0665 MHz, log₁₀(λ) = -0.0539

                        Parameter     Change
 BN;           2036.9230058872517;     0.0001
 BK;           1138.0988477476333;     0.0000
 B⨦;           127.79722101252425;     0.0000
 Dab;          -626.6548602374245;    -0.0000
 T⁰₀(ϵ);                     -0.0;      Fixed
 T²₀(ϵ);                      0.0;      Fixed
 T²₁(ϵ);                      0.0;      Fixed
 T²₂(ϵ);                      0.0;      Fixed
 T²₀(χ);       -33.25143624716869;    -0.0000
 T²₁(χ);       -42.11947620608221;     0.0000
 T²₂(χ);      -13.325820965501238;     0.0000
 F;            157932.28605346568;      Fixed
 -2ρF;         -5255.269893971461;    -0.0115
 V3/2;              36754.5553508;      Fixed
 η;                           0.0;      Fixed
 V6;           -77315.24604969512;  -247.9240
 V6;                         -1.0;      Fixed
 DN;        -3.071334450181243e-5;    -0.0000
 DNK;        0.001002795340821567;     0.0000
 DK;        -0.003189900646346302;    -0.0000

Max Change; V6, 0.3217%

-------------------------------------

After  30 Iterations:

RMS = 0.0665 MHz, log₁₀(λ) = -0.1508

                        Parameter     Change
 BN;           2036.9231084942635;     0.0001
 BK;            1138.098852370668;     0.0000
 B⨦;            127.7972232100382;     0.0000
 Dab;          -626.6548731795488;    -0.0000
 T⁰₀(ϵ);                     -0.0;      Fixed
 T²₀(ϵ);                      0.0;      Fixed
 T²₁(ϵ);                      0.0;      Fixed
 T²₂(ϵ);                      0.0;      Fixed
 T²₀(χ);       -33.25145336496878;    -0.0000
 T²₁(χ);      -42.119461847016325;     0.0000
 T²₂(χ);      -13.325808316980622;     0.0000
 F;            157932.28605346568;      Fixed
 -2ρF;          -5255.28426812979;    -0.0144
 V3/2;              36754.5553508;      Fixed
 η;                           0.0;      Fixed
 V6;           -77624.48136463061;  -309.2353
 V6;                         -1.0;      Fixed
 DN;        -3.071663162673848e-5;    -0.0000
 DNK;       0.0010028551874349796;     0.0000
 DK;       -0.0031902012444585586;    -0.0000

Max Change; V6, 0.4000%

-------------------------------------

After  31 Iterations:

RMS = 0.0665 MHz, log₁₀(λ) = 0.3544

                        Parameter     Change
 BN;            2036.923123384135;     0.0000
 BK;           1138.0988536894913;     0.0000
 B⨦;           127.79722336746867;     0.0000
 Dab;          -626.6548797572498;    -0.0000
 T⁰₀(ϵ);                     -0.0;      Fixed
 T²₀(ϵ);                      0.0;      Fixed
 T²₁(ϵ);                      0.0;      Fixed
 T²₂(ϵ);                      0.0;      Fixed
 T²₀(χ);       -33.25147588324463;    -0.0000
 T²₁(χ);       -42.11942172275946;     0.0000
 T²₂(χ);      -13.325824826941481;    -0.0000
 F;            157932.28605346568;      Fixed
 -2ρF;         -5255.289569545029;    -0.0053
 V3/2;              36754.5553508;      Fixed
 η;                           0.0;      Fixed
 V6;           -77677.91046209235;   -53.4291
 V6;                         -1.0;      Fixed
 DN;       -3.0716828908155936e-5;    -0.0000
 DNK;        0.001002878574583003;     0.0000
 DK;       -0.0031906384287934686;    -0.0000

Max Change; V6, 0.0688%

-------------------------------------

After  32 Iterations:

RMS = 0.0665 MHz, log₁₀(λ) = 0.2574

                        Parameter     Change
 BN;           2036.9231720497114;     0.0000
 BK;           1138.0988556267685;     0.0000
 B⨦;           127.79722446434556;     0.0000
 Dab;          -626.6548827303902;    -0.0000
 T⁰₀(ϵ);                     -0.0;      Fixed
 T²₀(ϵ);                      0.0;      Fixed
 T²₁(ϵ);                      0.0;      Fixed
 T²₂(ϵ);                      0.0;      Fixed
 T²₀(χ);      -33.251480061080514;    -0.0000
 T²₁(χ);       -42.11941779404311;     0.0000
 T²₂(χ);      -13.325816245638729;     0.0000
 F;            157932.28605346568;      Fixed
 -2ρF;         -5255.295249198319;    -0.0057
 V3/2;              36754.5553508;      Fixed
 η;                           0.0;      Fixed
 V6;           -77795.00080342752;  -117.0903
 V6;                         -1.0;      Fixed
 DN;        -3.071812715510235e-5;    -0.0000
 DNK;        0.001002939828752253;     0.0000
 DK;        -0.003190522695219428;     0.0000

Max Change; V6, 0.1507%

-------------------------------------

After  33 Iterations:

RMS = 0.0665 MHz, log₁₀(λ) = 0.1605

                        Parameter     Change
 BN;           2036.9232265820058;     0.0001
 BK;            1138.098857810137;     0.0000
 B⨦;            127.7972256680066;     0.0000
 Dab;          -626.6548882944204;    -0.0000
 T⁰₀(ϵ);                     -0.0;      Fixed
 T²₀(ϵ);                      0.0;      Fixed
 T²₁(ϵ);                      0.0;      Fixed
 T²₂(ϵ);                      0.0;      Fixed
 T²₀(χ);       -33.25148636621149;    -0.0000
 T²₁(χ);       -42.11941664280433;     0.0000
 T²₂(χ);      -13.325804099498464;     0.0000
 F;            157932.28605346568;      Fixed
 -2ρF;         -5255.302288378159;    -0.0070
 V3/2;              36754.5553508;      Fixed
 η;                           0.0;      Fixed
 V6;           -77944.86524672418;  -149.8644
 V6;                         -1.0;      Fixed
 DN;        -3.072028858541199e-5;    -0.0000
 DNK;       0.0010029768636980253;     0.0000
 DK;        -0.003190601054531735;    -0.0000

Max Change; V6, 0.1926%

-------------------------------------

After  34 Iterations:

RMS = 0.0665 MHz, log₁₀(λ) = 0.0636

                        Parameter     Change
 BN;           2036.9232912177786;     0.0001
 BK;           1138.0988605158768;     0.0000
 B⨦;             127.797227005891;     0.0000
 Dab;          -626.6548958078239;    -0.0000
 T⁰₀(ϵ);                     -0.0;      Fixed
 T²₀(ϵ);                      0.0;      Fixed
 T²₁(ϵ);                      0.0;      Fixed
 T²₂(ϵ);                      0.0;      Fixed
 T²₀(χ);      -33.251495326010314;    -0.0000
 T²₁(χ);       -42.11941103251157;     0.0000
 T²₂(χ);      -13.325793544315287;     0.0000
 F;            157932.28605346568;      Fixed
 -2ρF;         -5255.311084898124;    -0.0088
 V3/2;              36754.5553508;      Fixed
 η;                           0.0;      Fixed
 V6;           -78132.47992165825;  -187.6147
 V6;                         -1.0;      Fixed
 DN;        -3.072250646122634e-5;    -0.0000
 DNK;         0.00100301392665297;     0.0000
 DK;       -0.0031907710541605803;    -0.0000

Max Change; V6, 0.2407%

-------------------------------------

After  35 Iterations:

RMS = 0.0665 MHz, log₁₀(λ) = -0.0333

                        Parameter     Change
 BN;           2036.9233697406578;     0.0001
 BK;           1138.0988638737929;     0.0000
 B⨦;           127.79722859826566;     0.0000
 Dab;           -626.654905233185;    -0.0000
 T⁰₀(ϵ);                     -0.0;      Fixed
 T²₀(ϵ);                      0.0;      Fixed
 T²₁(ϵ);                      0.0;      Fixed
 T²₂(ϵ);                      0.0;      Fixed
 T²₀(χ);       -33.25150775947859;    -0.0000
 T²₁(χ);       -42.11940022941077;     0.0000
 T²₂(χ);      -13.325784814482626;     0.0000
 F;            157932.28605346568;      Fixed
 -2ρF;         -5255.322091049583;    -0.0110
 V3/2;              36754.5553508;      Fixed
 η;                           0.0;      Fixed
 V6;           -78366.54528155556;  -234.0654
 V6;                         -1.0;      Fixed
 DN;        -3.072491465793739e-5;    -0.0000
 DNK;        0.001003059106657753;     0.0000
 DK;       -0.0031909956696289424;    -0.0000

Max Change; V6, 0.2996%

-------------------------------------

After  36 Iterations:

RMS = 0.0665 MHz, log₁₀(λ) = 0.4719

                        Parameter     Change
 BN;           2036.9233794319762;     0.0000
 BK;            1138.098864767017;     0.0000
 B⨦;           127.79722866223817;     0.0000
 Dab;          -626.6549106069483;    -0.0000
 T⁰₀(ϵ);                     -0.0;      Fixed
 T²₀(ϵ);                      0.0;      Fixed
 T²₁(ϵ);                      0.0;      Fixed
 T²₂(ϵ);                      0.0;      Fixed
 T²₀(χ);       -33.25152522855791;    -0.0000
 T²₁(χ);       -42.11937100234204;     0.0000
 T²₂(χ);      -13.325797339023092;    -0.0000
 F;            157932.28605346568;      Fixed
 -2ρF;         -5255.326119637474;    -0.0040
 V3/2;              36754.5553508;      Fixed
 η;                           0.0;      Fixed
 V6;            -78408.3140364246;   -41.7688
 V6;                         -1.0;      Fixed
 DN;       -3.0725212435335105e-5;    -0.0000
 DNK;       0.0010030658002868494;     0.0000
 DK;        -0.003191384338610345;    -0.0000

Max Change; V6, 0.0533%

-------------------------------------

After  37 Iterations:

RMS = 0.0665 MHz, log₁₀(λ) = 0.3749

                        Parameter     Change
 BN;           2036.9234161395557;     0.0000
 BK;           1138.0988662432485;     0.0000
 B⨦;           127.79722941638836;     0.0000
 Dab;          -626.6549126293002;    -0.0000
 T⁰₀(ϵ);                     -0.0;      Fixed
 T²₀(ϵ);                      0.0;      Fixed
 T²₁(ϵ);                      0.0;      Fixed
 T²₂(ϵ);                      0.0;      Fixed
 T²₀(χ);      -33.251528585704996;    -0.0000
 T²₁(χ);       -42.11936424947417;     0.0000
 T²₂(χ);      -13.325793964947529;     0.0000
 F;            157932.28605346568;      Fixed
 -2ρF;         -5255.330497381752;    -0.0044
 V3/2;              36754.5553508;      Fixed
 η;                           0.0;      Fixed
 V6;           -78495.34596479654;   -87.0319
 V6;                         -1.0;      Fixed
 DN;        -3.072576566342662e-5;    -0.0000
 DNK;       0.0010031177218897702;     0.0000
 DK;       -0.0031912833201362375;     0.0000

Max Change; V6, 0.1110%

-------------------------------------

After  38 Iterations:

RMS = 0.0665 MHz, log₁₀(λ) = 0.2780

                        Parameter     Change
 BN;           2036.9234584438557;     0.0000
 BK;           1138.0988678594542;     0.0000
 B⨦;           127.79723033213936;     0.0000
 Dab;          -626.6549164321498;    -0.0000
 T⁰₀(ϵ);                     -0.0;      Fixed
 T²₀(ϵ);                      0.0;      Fixed
 T²₁(ϵ);                      0.0;      Fixed
 T²₂(ϵ);                      0.0;      Fixed
 T²₀(χ);       -33.25153333668023;    -0.0000
 T²₁(χ);        -42.1193629830423;     0.0000
 T²₂(χ);      -13.325785515773559;     0.0000
 F;            157932.28605346568;      Fixed
 -2ρF;         -5255.335891442127;    -0.0054
 V3/2;              36754.5553508;      Fixed
 η;                           0.0;      Fixed
 V6;           -78608.49275084332;  -113.1468
 V6;                         -1.0;      Fixed
 DN;        -3.072734172615844e-5;    -0.0000
 DNK;         0.00100315066976719;     0.0000
 DK;       -0.0031913098614999085;    -0.0000

Max Change; V6, 0.1441%

-------------------------------------

After  39 Iterations:

RMS = 0.0665 MHz, log₁₀(λ) = 0.1811

                        Parameter     Change
 BN;           2036.9235085593893;     0.0001
 BK;             1138.09886983776;     0.0000
 B⨦;           127.79723134781725;     0.0000
 Dab;          -626.6549218215092;    -0.0000
 T⁰₀(ϵ);                     -0.0;      Fixed
 T²₀(ϵ);                      0.0;      Fixed
 T²₁(ϵ);                      0.0;      Fixed
 T²₂(ϵ);                      0.0;      Fixed
 T²₀(χ);        -33.2515395073163;    -0.0000
 T²₁(χ);       -42.11935965801744;     0.0000
 T²₂(χ);      -13.325776928241359;     0.0000
 F;            157932.28605346568;      Fixed
 -2ρF;         -5255.342624052995;    -0.0067
 V3/2;              36754.5553508;      Fixed
 η;                           0.0;      Fixed
 V6;           -78750.57774402172;  -142.0850
 V6;                         -1.0;      Fixed
 DN;       -3.0729100823912116e-5;    -0.0000
 DNK;        0.001003180349105433;     0.0000
 DK;       -0.0031914212239750727;    -0.0000

Max Change; V6, 0.1808%

-------------------------------------

After  40 Iterations:

RMS = 0.0665 MHz, log₁₀(λ) = 0.0842

                        Parameter     Change
 BN;           2036.9235693716703;     0.0001
 BK;           1138.0988723003736;     0.0000
 B⨦;           127.79723253380433;     0.0000
 Dab;          -626.6549287282086;    -0.0000
 T⁰₀(ϵ);                     -0.0;      Fixed
 T²₀(ϵ);                      0.0;      Fixed
 T²₁(ϵ);                      0.0;      Fixed
 T²₂(ϵ);                      0.0;      Fixed
 T²₀(χ);       -33.25154813439751;    -0.0000
 T²₁(χ);       -42.11935279375317;     0.0000
 T²₂(χ);        -13.3257693184635;     0.0000
 F;            157932.28605346568;      Fixed
 -2ρF;         -5255.351043605127;    -0.0084
 V3/2;              36754.5553508;      Fixed
 η;                           0.0;      Fixed
 V6;           -78928.06458811213;  -177.4868
 V6;                         -1.0;      Fixed
 DN;        -3.073098952986164e-5;    -0.0000
 DNK;       0.0010032146027127073;     0.0000
 DK;        -0.003191585392382714;    -0.0000

Max Change; V6, 0.2254%

-------------------------------------

After  41 Iterations:

RMS = 0.0664 MHz, log₁₀(λ) = 0.5894

                        Parameter     Change
 BN;           2036.9235761253688;     0.0000
 BK;            1138.098872902581;     0.0000
 B⨦;            127.7972325684791;     0.0000
 Dab;          -626.6549330471703;    -0.0000
 T⁰₀(ϵ);                     -0.0;      Fixed
 T²₀(ϵ);                      0.0;      Fixed
 T²₁(ϵ);                      0.0;      Fixed
 T²₂(ϵ);                      0.0;      Fixed
 T²₀(χ);      -33.251561399359574;    -0.0000
 T²₁(χ);       -42.11933277208156;     0.0000
 T²₂(χ);      -13.325777758748613;    -0.0000
 F;            157932.28605346568;      Fixed
 -2ρF;        -5255.3540925754105;    -0.0030
 V3/2;              36754.5553508;      Fixed
 η;                           0.0;      Fixed
 V6;           -78961.32861478726;   -33.2640
 V6;                         -1.0;      Fixed
 DN;       -3.0731421900106927e-5;    -0.0000
 DNK;       0.0010032115746963712;    -0.0000
 DK;       -0.0031919147351493564;    -0.0000

Max Change; V6, 0.0421%

-------------------------------------

After  42 Iterations:

RMS = 0.0664 MHz, log₁₀(λ) = 0.4924

                        Parameter     Change
 BN;           2036.9236033692944;     0.0000
 BK;           1138.0988740236176;     0.0000
 B⨦;           127.79723306705745;     0.0000
 Dab;          -626.6549346095878;    -0.0000
 T⁰₀(ϵ);                     -0.0;      Fixed
 T²₀(ϵ);                      0.0;      Fixed
 T²₁(ϵ);                      0.0;      Fixed
 T²₂(ϵ);                      0.0;      Fixed
 T²₀(χ);       -33.25156407235847;    -0.0000
 T²₁(χ);       -42.11932487455544;     0.0000
 T²₂(χ);      -13.325777238131504;     0.0000
 F;            157932.28605346568;      Fixed
 -2ρF;         -5255.357467127234;    -0.0034
 V3/2;              36754.5553508;      Fixed
 η;                           0.0;      Fixed
 V6;           -79025.93536828243;   -64.6068
 V6;                         -1.0;      Fixed
 DN;        -3.073155492118102e-5;    -0.0000
 DNK;       0.0010032521404751131;     0.0000
 DK;       -0.0031918496022865753;     0.0000

Max Change; V6, 0.0818%

-------------------------------------

After  43 Iterations:

RMS = 0.0664 MHz, log₁₀(λ) = 0.3955

                        Parameter     Change
 BN;           2036.9236361539265;     0.0000
 BK;           1138.0988752468656;     0.0000
 B⨦;           127.79723375175344;     0.0000
 Dab;          -626.6549372188663;    -0.0000
 T⁰₀(ϵ);                     -0.0;      Fixed
 T²₀(ϵ);                      0.0;      Fixed
 T²₁(ϵ);                      0.0;      Fixed
 T²₂(ϵ);                      0.0;      Fixed
 T²₀(χ);       -33.25156774072822;    -0.0000
 T²₁(χ);       -42.11932298318747;     0.0000
 T²₂(χ);      -13.325771767608968;     0.0000
 F;            157932.28605346568;      Fixed
 -2ρF;         -5255.361600727826;    -0.0041
 V3/2;              36754.5553508;      Fixed
 η;                           0.0;      Fixed
 V6;            -79111.3170575128;   -85.3817
 V6;                         -1.0;      Fixed
 DN;       -3.0732611991371124e-5;    -0.0000
 DNK;        0.001003281467693126;     0.0000
 DK;       -0.0031918463088213872;     0.0000

Max Change; V6, 0.1080%

-------------------------------------

After  44 Iterations:

RMS = 0.0664 MHz, log₁₀(λ) = 0.2986

                        Parameter     Change
 BN;           2036.9236750360205;     0.0000
 BK;            1138.098876712366;     0.0000
 B⨦;           127.79723453270289;     0.0000
 Dab;          -626.6549410698298;    -0.0000
 T⁰₀(ϵ);                     -0.0;      Fixed
 T²₀(ϵ);                      0.0;      Fixed
 T²₁(ϵ);                      0.0;      Fixed
 T²₂(ϵ);                      0.0;      Fixed
 T²₀(χ);      -33.251572337599185;    -0.0000
 T²₁(χ);       -42.11932102336723;     0.0000
 T²₂(χ);       -13.32576498661318;     0.0000
 F;            157932.28605346568;      Fixed
 -2ρF;          -5255.36675104718;    -0.0052
 V3/2;              36754.5553508;      Fixed
 η;                           0.0;      Fixed
 V6;           -79219.02783592987;  -107.7108
 V6;                         -1.0;      Fixed
 DN;        -3.073398961304508e-5;    -0.0000
 DNK;       0.0010033060921757274;     0.0000
 DK;       -0.0031919135115135934;    -0.0000

Max Change; V6, 0.1362%

-------------------------------------

After  45 Iterations:

RMS = 0.0664 MHz, log₁₀(λ) = 0.2017

                        Parameter     Change
 BN;           2036.9237221396947;     0.0000
 BK;            1138.098878533423;     0.0000
 B⨦;           127.79723543294197;     0.0000
 Dab;          -626.6549461351985;    -0.0000
 T⁰₀(ϵ);                     -0.0;      Fixed
 T²₀(ϵ);                      0.0;      Fixed
 T²₁(ϵ);                      0.0;      Fixed
 T²₂(ϵ);                      0.0;      Fixed
 T²₀(χ);       -33.25157843791925;    -0.0000
 T²₁(χ);      -42.119316820346775;     0.0000
 T²₂(χ);      -13.325758410488993;     0.0000
 F;            157932.28605346568;      Fixed
 -2ρF;         -5255.373187888314;    -0.0064
 V3/2;              36754.5553508;      Fixed
 η;                           0.0;      Fixed
 V6;           -79353.78898991199;  -134.7612
 V6;                         -1.0;      Fixed
 DN;        -3.073549604012131e-5;    -0.0000
 DNK;       0.0010033326304959651;     0.0000
 DK;       -0.0031920298772289304;    -0.0000

Max Change; V6, 0.1701%

-------------------------------------

 The RMS has stopped decreasing. Hopefully it is low.

After  45 iterations:

Final RMS = 0.0664 MHz
Final log₁₀(λ) = 0.2017


                         Parameter                   Uncertainty
 A;             3131.302997743693;          0.020083250693884544
 B;             1393.693349399307;          0.003932071307109288
 C;              882.504407667539;          0.003932071307109288
 Dab;          -626.6549461351985;          0.007401628840905556
 ϵzz;                         0.0;                           0.0
 ϵxx;                         0.0;                           0.0
 ϵxz;                        -0.0;                           0.0
 ϵyy;                        -0.0;                           0.0
 χzz;          -33.25157843791925;            0.5309845326844953
 χxz;            51.5854172622372;            0.7319268409217672
 χxx-χyy;      -32.64130854129945;            0.5680576191456482
 F;                    5.26805401;                           0.0
 ρ;          0.016638058370500582;          8.087507835443977e-6
 V3;                        2.452;                           0.0
 η;                           0.0;                           0.0
 V6;           -79353.78898991199;            128193.90304015443
 V6;                         -1.0;                           0.0
 DN;        -3.073549604012131e-5;          4.954601685737638e-6
 DNK;       0.0010033326304959651;        0.00013257972744150487
 DK;       -0.0031920298772289304;        0.00047658017664424653


Journal Formatted Values
 A;                 3.131303(2)e3
 B;               1.3936933(39)e3
 C;                882.5044(39)e0
 Dab;             -626.6549(74)e0
 ϵzz;               0.0e0 (Fixed)
 ϵxx;               0.0e0 (Fixed)
 ϵxz;              -0.0e0 (Fixed)
 ϵyy;              -0.0e0 (Fixed)
 χzz;                -33.25(53)e0
 χxz;                 51.59(73)e0
 χxx-χyy;            -32.64(57)e0
 F;             5.26805e0 (Fixed)
 ρ;                16.6381(81)e-3
 V3;              2.452e0 (Fixed)
 η;                 0.0e0 (Fixed)
 V6;          -80e3(Undetermined)
 V6;                -1.e0 (Fixed)
 DN;                  -30.7(5)e-6
 DNK;                   1.(13)e-3
 DK;                 -3.19(48)e-3


 Again, sorry about the name...


