mcltol   @   2024-08-02T21:49:48.076

Control Parameters
mcalc = 5
νmax = 40.0
maxiter = 60
overwrite = true
Irrep = Ir
goal = 1.0
λlm0 = 0.0001
apology = true
Jmax = 7.5
S = 1.5
assign = RAM36
turducken = 1
REJECT = 10.0
TK = 25.0
RUNmode =  F
vtmax = 0
NFOLD = 3
νmin = 0.01
INTthres = 1.0e-5

Initial Parameters
 BK;          2036.8273485797004;   1.0
 BN;          1138.1364728200165;   1.0
 B⨦;          127.81754967707386;   1.0
 Dab;          -626.748588032949;   1.0
 T⁰₀(ϵ);                    -0.0;   0.0
 T¹₁(ϵ);                     0.0;   0.0
 T²₀(ϵ);                     0.0;   0.0
 T²₁(ϵ);                    -0.0;   0.0
 T²₂(ϵ);                     0.0;   0.0
 T²₀(χ);     -33.033246322533344;   1.0
 T²₁(χ);      -42.38750905461065;   1.0
 T²₂(χ);      -13.39634232132531;   1.0
 F;           157932.28605346568;   0.0
 -2ρzF;       -5244.889594977644;   1.0
 -ρxF;                      -0.0;   0.0
 V3/2;        17139.944389115193;   1.0
 ηz;                         0.0;   0.0
 ηx;                         0.0;   0.0

 V6;           125983.05870442996;   0.0
 V6;                         -1.0;   0.0
 DN;      -0.00011737939646873331;   1.0
 DNK;       0.0018072802717594017;   1.0
 DK;         -0.00587462979450476;   1.0
 d1;           -7.615908427698e-5;   1.0
 d2;         2.650701100272684e-5;   1.0

Number of lines = 334

Initial RMS = 0.012307298840030545 MHz
Initial λ = 1.2307223106160254e-9

-------------------------------------

After   1 Iterations:

RMS = 0.0123 MHz, log₁₀(λ) = -8.9098

                        Parameter     Change
  BK;           2036.827049748514;    -0.0003
  BN;           1138.136533104983;     0.0001
  B⨦;          127.81758124720257;     0.0000
  Dab;         -626.7487319113864;    -0.0001
  T⁰₀(ϵ);                    -0.0;      Fixed
  T¹₁(ϵ);                     0.0;      Fixed
  T²₀(ϵ);                     0.0;      Fixed
  T²₁(ϵ);                    -0.0;      Fixed
  T²₂(ϵ);                     0.0;      Fixed
  T²₀(χ);     -33.033416096523084;    -0.0002
  T²₁(χ);     -42.387325179878616;     0.0002
  T²₂(χ);     -13.396291600335912;     0.0001
  F;           157932.28605346568;      Fixed
  -2ρzF;       -5244.856855510177;     0.0327
  -ρxF;                      -0.0;      Fixed
  V3/2;        17079.080023677907;   -60.8644
  ηz;                         0.0;      Fixed
  ηx;                         0.0;      Fixed
 V6;           125983.05870442996;      Fixed
 V6;                         -1.0;      Fixed
 DN;      -0.00011721396553796278;     0.0000
 DNK;       0.0018028636624474992;    -0.0000
 DK;        -0.005861627485501824;     0.0000
 d1;        -7.606790763219705e-5;     0.0000
 d2;        2.6438353288103094e-5;    -0.0000

Max Change;  V3/2, 0.3551%

-------------------------------------

After   2 Iterations:

RMS = 0.0123 MHz, log₁₀(λ) = -10.3870

                        Parameter     Change
  BK;          2036.8270497473727;    -0.0000
  BN;          1138.1365331054142;     0.0000
  B⨦;          127.81758124746509;     0.0000
  Dab;         -626.7487319123317;    -0.0000
  T⁰₀(ϵ);                    -0.0;      Fixed
  T¹₁(ϵ);                     0.0;      Fixed
  T²₀(ϵ);                     0.0;      Fixed
  T²₁(ϵ);                    -0.0;      Fixed
  T²₂(ϵ);                     0.0;      Fixed
  T²₀(χ);      -33.03341612381638;    -0.0000
  T²₁(χ);      -42.38732516123982;     0.0000
  T²₂(χ);     -13.396291581537447;     0.0000
  F;           157932.28605346568;      Fixed
  -2ρzF;       -5244.856855329935;     0.0000
  -ρxF;                      -0.0;      Fixed
  V3/2;        17078.971733007027;    -0.1083
  ηz;                         0.0;      Fixed
  ηx;                         0.0;      Fixed
 V6;           125983.05870442996;      Fixed
 V6;                         -1.0;      Fixed
 DN;      -0.00011721396391523836;     0.0000
 DNK;       0.0018028636237257388;    -0.0000
 DK;        -0.005861627369313244;     0.0000
 d1;        -7.606790728882815e-5;     0.0000
 d2;        2.6438352412938312e-5;    -0.0000

Max Change;  V3/2, 0.0006%

-------------------------------------

 The RMS has stopped decreasing. Hopefully it is low.

After   2 iterations:

Final RMS = 0.0123 MHz
Final log₁₀(λ) = -11.8641


                         Parameter                   Uncertainty
 A;            3131.4187762139645;         0.0022757191303245015
 B;            1393.7716956003444;         0.0007898484369167415
 C;              882.501370610484;         0.0007898484369167415
 Dab;          -626.7487319123317;         0.0014115268256073429
 ϵzz;                         0.0;                           0.0
 ϵxx;                         0.0;                           0.0
 ϵzx;                        -0.0;                           0.0
 ϵxz;                         0.0;                           0.0
 ϵyy;                        -0.0;                           0.0
 χzz;          -33.03341612381638;           0.09853377989710387
 χxz;           51.91365910323613;           0.13579938171038167
 χxx-χyy;     -32.814078820308616;           0.10539351731047841
 F;                    5.26805401;                           0.0
 ρz;         0.016604764568387127;          5.696967704108457e-7
 ρx;                          0.0;                           0.0
 V3;           1.1393863506070607;          0.021854620182427405
 ηz;                          0.0;                           0.0
 ηx;                          0.0;                           0.0
 V6;           125983.05870442996;                           0.0
 V6;                         -1.0;                           0.0
 DN;      -0.00011721396391523836;         3.0667613900424867e-6
 DNK;       0.0018028636237257388;           5.50524181993396e-5
 DK;        -0.005861627369313244;        0.00017497660682106635
 d1;        -7.606790728882815e-5;         2.8988697386035686e-6
 d2;        2.6438352412938312e-5;         1.5587997722259581e-6


Journal Formatted Values
 A;               3.1314188(23)e3
 B;               1.3937717(79)e3
 C;               882.50137(79)e0
 Dab;             -626.7487(14)e0
 ϵzz;               0.0e0 (Fixed)
 ϵxx;               0.0e0 (Fixed)
 ϵzx;              -0.0e0 (Fixed)
 ϵxz;               0.0e0 (Fixed)
 ϵyy;              -0.0e0 (Fixed)
 χzz;               -33.033(99)e0
 χxz;                 51.91(14)e0
 χxx-χyy;            -32.81(11)e0
 F;             5.26805e0 (Fixed)
 ρz;              16.60476(57)e-3
 ρx;                0.0e0 (Fixed)
 V3;                  1.139(22)e0
 ηz;                0.0e0 (Fixed)
 ηx;                0.0e0 (Fixed)
 V6;        125.9830587e3 (Fixed)
 V6;                -1.e0 (Fixed)
 DN;                -117.2(31)e-6
 DNK;                1.803(55)e-3
 DK;                 -5.86(17)e-3
 d1;                 -76.1(29)e-6
 d2;                  26.4(16)e-6


 Again, sorry about the name...


