mcltol-a   @   2023-06-12T10:48:49.637

Control Parameters
NFOLD = 0  
S = 1.5
TK = 25.0
RUNmode = ESF
turducken = 2
mcalc = 0
vtmax = 0
Jmax = 12.5
νmin =   0.0

Initial Parameters
BN;                 2297.4490975;   1.0
BK;                 1036.9287975;   1.0
B⨦;            77.21372874999997;   1.0
Dab;                         0.0;   0.0
T⁰₀(ϵ);                     -0.0;   0.0
T²₀(ϵ);                      0.0;   0.0
T²₁(ϵ);                     -0.0;   0.0
T²₂(ϵ);                      0.0;   0.0
T²₀(χ);               -60.324449;   1.0
T²₁(χ);      -26.981292816072894;   1.0
T²₂(χ);       -2.430424547618516;   1.0
F;                           0.0;   0.0
-2ρF;                       -0.0;   0.0
V3/2;                        0.0;   0.0
η;                           0.0;   0.0


Number of lines = 240

Initial RMS = 38.17073778146986 MHz
Initial λ = 3.7469020246117588e-6

-------------------------------------

After   1 Iterations:

RMS = 0.0250 MHz, log₁₀(λ) = -5.4263

                        Parameter     Change
BN;            2334.415330029684;    36.9662
BK;           1038.9151866566706;     1.9864
B⨦;            78.20833885282939;     0.9946
Dab;                         0.0;      Fixed
T⁰₀(ϵ);                     -0.0;      Fixed
T²₀(ϵ);                      0.0;      Fixed
T²₁(ϵ);                     -0.0;      Fixed
T²₂(ϵ);                      0.0;      Fixed
T²₀(χ);       59.897338692582586;   120.2218
T²₁(χ);      -25.411959044097443;     1.5693
T²₂(χ);       2.4331726635569506;     4.8636
F;                           0.0;      Fixed
-2ρF;                       -0.0;      Fixed
V3/2;                        0.0;      Fixed
η;                           0.0;      Fixed

Max Change; T²₂(χ), 200.1131%

-------------------------------------

After   2 Iterations:

RMS = 0.0248 MHz, log₁₀(λ) = -8.6998

                        Parameter     Change
BN;            2334.412697944238;    -0.0026
BK;           1038.9151770655042;    -0.0000
B⨦;             78.2083035643111;    -0.0000
Dab;                         0.0;      Fixed
T⁰₀(ϵ);                     -0.0;      Fixed
T²₀(ϵ);                      0.0;      Fixed
T²₁(ϵ);                     -0.0;      Fixed
T²₂(ϵ);                      0.0;      Fixed
T²₀(χ);        59.89734262045566;     0.0000
T²₁(χ);       -26.34827596701098;    -0.9363
T²₂(χ);        2.433044320487389;    -0.0001
F;                           0.0;      Fixed
-2ρF;                       -0.0;      Fixed
V3/2;                        0.0;      Fixed
η;                           0.0;      Fixed

Max Change; T²₁(χ), 3.6846%

-------------------------------------

 The RMS has stopped decreasing. Hopefully it is low.

After   2 iterations:

Final RMS = 0.0248 MHz
Final log₁₀(λ) = 2.6391

A;               3.3733279(23)e3
B;              1.19533178(25)e3
C;               882.49857(25)e0
Dab;               0.0e0 (Fixed)
ϵzz;               0.0e0 (Fixed)
ϵxx;               0.0e0 (Fixed)
ϵxz;               0.0e0 (Fixed)
ϵyy;              -0.0e0 (Fixed)
χzz;                59.897(58)e0
χxz;                 32.27(88)e0
χxx-χyy;              5.96(78)e0
F;                 0.0e0 (Fixed)
ρ;                 0.0e0 (Fixed)
V3;                0.0e0 (Fixed)
η;                 0.0e0 (Fixed)


 Again, sorry about the name...


