mcltol   @   2023-06-17T14:19:08.426

Control Parameters
NFOLD = 3
S = 1.5
TK = 25.0
RUNmode = F
mcalc = 5
turducken = 2
maxiter = 100
vtmax = 0
Jmax = 7.5
νmin =  0.01

Initial Parameters
 BN;          2036.9149443205556;   1.0
 BK;          1138.1312518893164;   1.0
 B⨦;          127.81427364423621;   1.0
 Dab;         -626.7347316513587;   1.0
 T⁰₀(ϵ);                    -0.0;   0.0
 T²₀(ϵ);                     0.0;   0.0
 T²₁(ϵ);                     0.0;   0.0
 T²₂(ϵ);                     0.0;   0.0
 T²₀(χ);     -33.198779744178125;   1.0
 T²₁(χ);     -42.196079427622855;   1.0
 T²₂(χ);     -13.345560472035517;   1.0
 F;           157932.28605346568;   0.0
 -2ρF;        -5256.673208075441;   1.0
 V3/2;        1809.2315862347784;   0.0
 η;                          0.0;   0.0

V6;            237953.2280945887;   1.0
V6;                         -1.0;   0.0
DN;       -2.0813198057716266e-5;   1.0
DNK;          0.0001447424995174;   1.0
DK;       -0.0007865850776127497;   1.0

Number of lines = 336

Initial RMS = 0.02959718538859249 MHz
Initial λ = 2.9596747404864116e-9

-------------------------------------

After   1 Iterations:

RMS = 0.0296 MHz, log₁₀(λ) = -8.5288

                        Parameter     Change
 BN;          2036.9149265500241;    -0.000018
 BK;          1138.1312526079755;     0.000001
 B⨦;          127.81427403795479;     0.000000
 Dab;          -626.734733072854;    -0.000001
 T⁰₀(ϵ);                    -0.0;        Fixed
 T²₀(ϵ);                     0.0;        Fixed
 T²₁(ϵ);                     0.0;        Fixed
 T²₂(ϵ);                     0.0;        Fixed
 T²₀(χ);      -33.19876863159983;     0.000011
 T²₁(χ);       -42.1960920737752;    -0.000013
 T²₂(χ);     -13.345564547184315;    -0.000004
 F;           157932.28605346568;        Fixed
 -2ρF;       -5256.6708461070175;     0.002362
 V3/2;        1809.2315862347784;        Fixed
 η;                          0.0;        Fixed
V6;           237940.76179088512;   -12.466304
V6;                         -1.0;        Fixed
DN;        -2.081271736484712e-5;     0.000000
DNK;      0.00014470923157270242;    -0.000000
DK;       -0.0007864978157625959;     0.000000

Max Change; DNK, 0.0230%

-------------------------------------

 The RMS has stopped decreasing. Hopefully it is low.

After   1 iterations:

Final RMS = 0.0296 MHz
Final log₁₀(λ) = -8.6257


A;            3131.3049830498194;          0.017860305165170363
B;             1393.759800683885;         0.0016520050589135297
C;              882.502704532066;         0.0016520050589135297
Dab;           -626.734733072854;         0.0031124717824671665
ϵzz;                         0.0;                           0.0
ϵxx;                         0.0;                           0.0
ϵxz;                        -0.0;                           0.0
ϵyy;                        -0.0;                           0.0
χzz;          -33.19876863159983;           0.23638555675435405
χxz;           51.67944736012345;            0.3257797238429788
χxx-χyy;     -32.689823469978805;            0.2529153685859855
F;                    5.26805401;                           0.0
ρ;           0.01664216664453096;          7.097282640855138e-6
V3;          0.12069893941326425;                           0.0
η;                           0.0;                           0.0
V6;           237940.76179088512;            11769.634029643541
V6;                         -1.0;                           0.0
DN;        -2.081271736484712e-5;         2.2045516769267833e-6
DNK;      0.00014470923157270242;          5.903351739511819e-5
DK;       -0.0007864978157625959;        0.00021171641094576128


A;                3.131305(18)e3
B;               1.3937598(17)e3
C;                882.5027(17)e0
Dab;             -626.7347(31)e0
ϵzz;               0.0e0 (Fixed)
ϵxx;               0.0e0 (Fixed)
ϵxz;              -0.0e0 (Fixed)
ϵyy;              -0.0e0 (Fixed)
χzz;                 -33.2(24)e0
χxz;                 51.68(33)e0
χxx-χyy;            -32.69(25)e0
F;             5.26805e0 (Fixed)
ρ;                16.6422(71)e-3
V3;             120.7e-3 (Fixed)
η;                 0.0e0 (Fixed)
V6;                  238.0(12)e3
V6;                -1.e0 (Fixed)
DN;                 -20.8(22)e-6
DNK;                145.0(59)e-6
DK;                -790.0(21)e-6


 Again, sorry about the name...


