mcltol   @   2023-06-17T17:15:58.345

Control Parameters
NFOLD = 3
S = 1.5
TK = 25.0
RUNmode = F
mcalc = 5
turducken = 2
maxiter = 100
vtmax = 0
Jmax = 7.5

Initial Parameters
 BN;           2036.817382913267;   1.0
 BK;           1138.130252775722;   1.0
 B⨦;          127.81375618267964;   1.0
 Dab;         -626.7320948540481;   1.0
 T⁰₀(ϵ);                    -0.0;   0.0
 T²₀(ϵ);                     0.0;   0.0
 T²₁(ϵ);                     0.0;   0.0
 T²₂(ϵ);                     0.0;   0.0
 T²₀(χ);      -33.19880270098182;   1.0
 T²₁(χ);      -42.19593354693842;   1.0
 T²₂(χ);     -13.345575909896807;   1.0
 F;           157932.28605346568;   0.0
 -2ρF;        -5243.657891732434;   1.0
 V3/2;        14402.523383842534;   1.0
 η;                          0.0;   0.0

V6;           125983.05870442996;   0.0
V6;                         -1.0;   0.0
DN;        -2.107356377148553e-5;   1.0
DNK;       0.0001611406641336438;   1.0
DK;       -0.0008380593085481509;   1.0

Number of lines = 336

Initial RMS = 0.029478235471057202 MHz
Initial λ = 2.947780100068138e-9

-------------------------------------

After   1 Iterations:

RMS = 0.0295 MHz, log₁₀(λ) = -8.5305

                        Parameter     Change
 BN;          2036.8155616771573;    -0.001821
 BK;          1138.1306976864105;     0.000445
 B⨦;          127.81398916656686;     0.000233
 Dab;         -626.7331910008178;    -0.001096
 T⁰₀(ϵ);                    -0.0;        Fixed
 T²₀(ϵ);                     0.0;        Fixed
 T²₁(ϵ);                     0.0;        Fixed
 T²₂(ϵ);                     0.0;        Fixed
 T²₀(χ);      -33.19796822092261;     0.000834
 T²₁(χ);      -42.19708757919891;    -0.001154
 T²₂(χ);     -13.345899142410598;    -0.000323
 F;           157932.28605346568;        Fixed
 -2ρF;        -5243.455997988592;     0.201894
 V3/2;        13958.078414979003;  -444.444969
 η;                          0.0;        Fixed
V6;           125983.05870442996;        Fixed
V6;                         -1.0;        Fixed
DN;        -2.095506269192059e-5;     0.000000
DNK;      0.00014995823989721334;    -0.000011
DK;       -0.0008074155844102926;     0.000031

Max Change; DNK, 6.9395%

-------------------------------------

After   2 Iterations:

RMS = 0.0295 MHz, log₁₀(λ) = -8.6276

                        Parameter     Change
 BN;          2036.8155616773422;     0.000000
 BK;           1138.130697686502;     0.000000
 B⨦;          127.81398916711868;     0.000000
 Dab;         -626.7331910015756;    -0.000000
 T⁰₀(ϵ);                    -0.0;        Fixed
 T²₀(ϵ);                     0.0;        Fixed
 T²₁(ϵ);                     0.0;        Fixed
 T²₂(ϵ);                     0.0;        Fixed
 T²₀(χ);      -33.19796830848407;    -0.000000
 T²₁(χ);       -42.1970875103023;     0.000000
 T²₂(χ);      -13.34589911892242;     0.000000
 F;           157932.28605346568;        Fixed
 -2ρF;        -5243.455997146397;     0.000001
 V3/2;        13957.866902874126;    -0.211512
 η;                          0.0;        Fixed
V6;           125983.05870442996;        Fixed
V6;                         -1.0;        Fixed
DN;       -2.0955057010794775e-5;     0.000000
DNK;      0.00014995813422939488;    -0.000000
DK;       -0.0008074153150429002;     0.000000

Max Change;  V3/2, 0.0015%

-------------------------------------

 The RMS has stopped decreasing. Hopefully it is low.

After   2 iterations:

Final RMS = 0.0295 MHz
Final log₁₀(λ) = -8.6276


A;            3131.4247105389527;          0.005269112536830506
B;            1393.7586760207391;         0.0016996988613524413
C;             882.5027193522645;         0.0016996988613524413
Dab;          -626.7331910015756;          0.003199456766768899
ϵzz;                         0.0;                           0.0
ϵxx;                         0.0;                           0.0
ϵxz;                        -0.0;                           0.0
ϵyy;                        -0.0;                           0.0
χzz;          -33.19796830848407;           0.23534062750396023
χxz;           51.68066651590482;           0.32434054137144747
χxx-χyy;      -32.69064300001952;            0.2517972570908483
F;                    5.26805401;                           0.0
ρ;          0.016600329572166457;         1.3048764438723255e-6
V3;           0.9311686488706881;          0.059120106916973426
η;                           0.0;                           0.0
V6;           125983.05870442996;                           0.0
V6;                         -1.0;                           0.0
DN;       -2.0955057010794775e-5;         2.1962740162200996e-6
DNK;      0.00014995813422939488;         5.8810446795593864e-5
DK;       -0.0008074153150429002;        0.00021112713781940988


A;               3.1314247(53)e3
B;               1.3937587(17)e3
C;                882.5027(17)e0
Dab;             -626.7332(32)e0
ϵzz;               0.0e0 (Fixed)
ϵxx;               0.0e0 (Fixed)
ϵxz;              -0.0e0 (Fixed)
ϵyy;              -0.0e0 (Fixed)
χzz;                 -33.2(24)e0
χxz;                 51.68(32)e0
χxx-χyy;            -32.69(25)e0
F;             5.26805e0 (Fixed)
ρ;                16.6003(13)e-3
V3;                 931.0(59)e-3
η;                 0.0e0 (Fixed)
V6;        125.9830587e3 (Fixed)
V6;                -1.e0 (Fixed)
DN;                 -21.0(22)e-6
DNK;                150.0(59)e-6
DK;                -810.0(21)e-6


 Again, sorry about the name...


