mcltol   @   2023-06-17T21:03:01.851

Control Parameters
mcalc = 5
νmax = 40.0
maxiter = 100
λlm0 = 0.0001
apology = true
Jmax = 7.5
S = 1.5
assign = expect
turducken = 2
REJECT = 10.0
TK = 25.0
RUNmode =  F
vtmax = 0
NFOLD = 3
νmin = 0.01
INTthres = 1.0e-5

Initial Parameters
 BN;          2036.8432733540694;   1.0
 BK;          1138.1308008936667;   1.0
 B⨦;          127.81404173576993;   1.0
 Dab;         -626.7334939038998;   1.0
 T⁰₀(ϵ);                    -0.0;   0.0
 T²₀(ϵ);                     0.0;   0.0
 T²₁(ϵ);                     0.0;   0.0
 T²₂(ϵ);                     0.0;   0.0
 T²₀(χ);      -33.19827227736182;   1.0
 T²₁(χ);      -42.19669412676022;   1.0
 T²₂(χ);      -13.34577433271743;   1.0
 F;           157932.28605346568;   0.0
 -2ρF;        -5247.144770172086;   1.0
 V3/2;        13246.789565586158;   1.0
 η;                          0.0;   0.0

 V6;              -164750.9452939;   0.0
 V6;                         -1.0;   0.0
 DN;       -2.0930873392460332e-5;   1.0
 DNK;       0.0001498407150367224;   1.0
 DK;       -0.0008053563850034074;   1.0

Number of lines = 336

Initial RMS = 0.029500692153169725 MHz
Initial λ = 2.950025702058768e-9

-------------------------------------

After   1 Iterations:

RMS = 0.0295 MHz, log₁₀(λ) = -8.5302

                        Parameter     Change
 BN;            2036.843272861423;    -0.0000
 BK;            1138.130801016965;     0.0000
 B⨦;           127.81404180195418;     0.0000
 Dab;          -626.7334941685888;    -0.0000
 T⁰₀(ϵ);                     -0.0;      Fixed
 T²₀(ϵ);                      0.0;      Fixed
 T²₁(ϵ);                      0.0;      Fixed
 T²₂(ϵ);                      0.0;      Fixed
 T²₀(χ);       -33.19827107041217;     0.0000
 T²₁(χ);       -42.19669568166593;    -0.0000
 T²₂(χ);      -13.345774810952959;    -0.0000
 F;            157932.28605346568;      Fixed
 -2ρF;         -5247.144709215065;     0.0001
 V3/2;           13246.6115635745;    -0.1780
 η;                           0.0;      Fixed
 V6;              -164750.9452939;      Fixed
 V6;                         -1.0;      Fixed
 DN;       -2.0930805134981497e-5;     0.0000
 DNK;      0.00014983599648859064;    -0.0000
 DK;       -0.0008053438866788185;     0.0000

Max Change; DNK, 0.0031%

-------------------------------------

 The RMS has stopped decreasing. Hopefully it is low.

After   1 iterations:

Final RMS = 0.0295 MHz
Final log₁₀(λ) = -8.5302


                         Parameter                   Uncertainty
 A;             3131.391269678804;         0.0052881593668198225
 B;            1393.7588846208735;          0.001701795185799246
 C;             882.5027174130566;          0.001701795185799246
 Dab;          -626.7334941685888;         0.0032034124526513844
 ϵzz;                         0.0;                           0.0
 ϵxx;                         0.0;                           0.0
 ϵxz;                        -0.0;                           0.0
 ϵyy;                        -0.0;                           0.0
 χzz;          -33.19827107041217;           0.23561164633156348
 χxz;          51.680186625791954;           0.32471307614345774
 χxx-χyy;     -32.690338508923375;           0.25208753873697476
 F;                    5.26805401;                           0.0
 ρ;          0.016612007716518204;         1.3122058163909076e-6
 V3;           0.8837188001290213;           0.07876609514125738
 η;                           0.0;                           0.0
 V6;              -164750.9452939;                           0.0
 V6;                         -1.0;                           0.0
 DN;       -2.0930805134981497e-5;         2.1988219667471062e-6
 DNK;      0.00014983599648859064;         5.8879553315837596e-5
 DK;       -0.0008053438866788185;        0.00021137305084715304


Journal Formatted Values
 A;               3.1313913(53)e3
 B;               1.3937589(17)e3
 C;                882.5027(17)e0
 Dab;             -626.7335(32)e0
 ϵzz;               0.0e0 (Fixed)
 ϵxx;               0.0e0 (Fixed)
 ϵxz;              -0.0e0 (Fixed)
 ϵyy;              -0.0e0 (Fixed)
 χzz;                 -33.2(24)e0
 χxz;                 51.68(32)e0
 χxx-χyy;            -32.69(25)e0
 F;             5.26805e0 (Fixed)
 ρ;                 16.612(13)e-3
 V3;                 884.0(79)e-3
 η;                 0.0e0 (Fixed)
 V6;      -164.75094529e3 (Fixed)
 V6;                -1.e0 (Fixed)
 DN;                 -20.9(22)e-6
 DNK;                150.0(59)e-6
 DK;                -810.0(21)e-6


 Again, sorry about the name...


