ipfp   @   2023-06-17T20:59:44.644

Control Parameters
mcalc = 0
νmax = 23.0
maxiter = 60
λlm0 = 0.0001
apology = true
Jmax = 11.5
S = 2.5
assign = eeo
turducken = 2
REJECT = 10.0
TK = 25.0
RUNmode =  F
vtmax = 0
NFOLD = 0
νmin = 4.7
INTthres = 1.0e-5

Initial Parameters
 BN;          1181.4831195000002;   1.0
 BK;          390.64484649999997;   1.0
 B⨦;           3.906860750000007;   1.0
 Dab;                        0.0;   0.0
 T⁰₀(ϵ);   -0.002540341184434354;   0.1
 T²₀(ϵ);   0.0008858987903065829;   0.1
 T²₁(ϵ);                    -0.0;   0.0
 T²₂(ϵ); -0.00019499999999999997;   0.1
 T²₀(χ);              -1798.4013;   1.0
 T²₁(χ);       809.7243949861953;   0.1
 T²₂(χ);      -149.5106077006411;   1.0
 F;                          0.0;   0.0
 -2ρF;                      -0.0;   0.0
 V3/2;                       0.0;   0.0
 η;                          0.0;   0.0

 DN;                    -8.305e-6;   1.0
 DNK;                    -9.86e-6;   1.0
 DK;                    -5.172e-5;   1.0
 d1;                      3.94e-7;   1.0
 d2;                     -2.77e-8;   1.0

Number of lines = 776

Initial RMS = 0.01796695130718238 MHz
Initial λ = 1.7966789904412656e-9

-------------------------------------

After   1 Iterations:

RMS = 0.0049 MHz, log₁₀(λ) = -8.7455

                        Parameter     Change
 BN;           1181.4832371954599;     0.0001
 BK;            390.6449033817491;     0.0001
 B⨦;           3.9068621505622945;     0.0000
 Dab;                         0.0;      Fixed
 T⁰₀(ϵ);    -0.002512705226094016;     0.0000
 T²₀(ϵ);    0.0008313390925553334;    -0.0001
 T²₁(ϵ);                     -0.0;      Fixed
 T²₂(ϵ);  -0.00020476413143259194;    -0.0000
 T²₀(χ);      -1798.4056784402787;    -0.0044
 T²₁(χ);        809.7239407875492;    -0.0005
 T²₂(χ);      -149.50575759814436;     0.0049
 F;                           0.0;      Fixed
 -2ρF;                       -0.0;      Fixed
 V3/2;                        0.0;      Fixed
 η;                           0.0;      Fixed
 DN;        -8.407760187586285e-6;    -0.0000
 DNK;      -1.0234059421831407e-5;    -0.0000
 DK;       -5.1608253749751074e-5;     0.0000
 d1;        -8.294820729291834e-7;    -0.0000
 d2;         8.865505522226374e-8;     0.0000

Max Change; d2, 420.0544%

-------------------------------------

After   2 Iterations:

RMS = 0.0049 MHz, log₁₀(λ) = -9.4078

                        Parameter     Change
 BN;           1181.4832371956543;     0.0000
 BK;           390.64490338190967;     0.0000
 B⨦;            3.906862150683847;     0.0000
 Dab;                         0.0;      Fixed
 T⁰₀(ϵ);   -0.0024903255157168744;     0.0000
 T²₀(ϵ);     0.000787147174553597;    -0.0000
 T²₁(ϵ);                     -0.0;      Fixed
 T²₂(ϵ);  -0.00021267730614566823;    -0.0000
 T²₀(χ);      -1798.4056784452475;    -0.0000
 T²₁(χ);        809.7235729118147;    -0.0004
 T²₂(χ);      -149.50575763205342;    -0.0000
 F;                           0.0;      Fixed
 -2ρF;                       -0.0;      Fixed
 V3/2;                        0.0;      Fixed
 η;                           0.0;      Fixed
 DN;        -8.407760402944977e-6;    -0.0000
 DNK;      -1.0234060040543176e-5;    -0.0000
 DK;        -5.160824957551949e-5;     0.0000
 d1;        -8.294822861249447e-7;    -0.0000
 d2;         8.865501753101295e-8;    -0.0000

Max Change; T²₀(ϵ), 5.3158%

-------------------------------------

After   3 Iterations:

RMS = 0.0049 MHz, log₁₀(λ) = -10.7094

                        Parameter     Change
 BN;           1181.4832371958273;     0.0000
 BK;           390.64490338205024;     0.0000
 B⨦;           3.9068621508017425;     0.0000
 Dab;                         0.0;      Fixed
 T⁰₀(ϵ);    -0.002472197854378463;     0.0000
 T²₀(ϵ);    0.0007513518169707695;    -0.0000
 T²₁(ϵ);                     -0.0;      Fixed
 T²₂(ϵ);    -0.000219087332713896;    -0.0000
 T²₀(χ);      -1798.4056784505585;    -0.0000
 T²₁(χ);        809.7232749329454;    -0.0003
 T²₂(χ);      -149.50575765286146;    -0.0000
 F;                           0.0;      Fixed
 -2ρF;                       -0.0;      Fixed
 V3/2;                        0.0;      Fixed
 η;                           0.0;      Fixed
 DN;        -8.407760597349074e-6;    -0.0000
 DNK;      -1.0234060574500975e-5;    -0.0000
 DK;       -5.1608246543686756e-5;     0.0000
 d1;        -8.294825386189954e-7;    -0.0000
 d2;         8.865505292757465e-8;     0.0000

Max Change; T²₀(ϵ), 4.5475%

-------------------------------------

After   4 Iterations:

RMS = 0.0049 MHz, log₁₀(λ) = -12.0109

                        Parameter     Change
 BN;           1181.4832371959087;     0.0000
 BK;            390.6449033821604;     0.0000
 B⨦;            3.906862150892723;     0.0000
 Dab;                         0.0;      Fixed
 T⁰₀(ϵ);    -0.002457514368586353;     0.0000
 T²₀(ϵ);    0.0007223576494981859;    -0.0000
 T²₁(ϵ);                     -0.0;      Fixed
 T²₂(ϵ);  -0.00022427974250029952;    -0.0000
 T²₀(χ);      -1798.4056784550605;    -0.0000
 T²₁(χ);        809.7230335704631;    -0.0002
 T²₂(χ);      -149.50575767558894;    -0.0000
 F;                           0.0;      Fixed
 -2ρF;                       -0.0;      Fixed
 V3/2;                        0.0;      Fixed
 η;                           0.0;      Fixed
 DN;        -8.407760755150106e-6;    -0.0000
 DNK;      -1.0234060920328488e-5;    -0.0000
 DK;        -5.160824348359472e-5;     0.0000
 d1;        -8.294827250542513e-7;    -0.0000
 d2;         8.865507782167963e-8;     0.0000

Max Change; T²₀(ϵ), 3.8589%

-------------------------------------

After   5 Iterations:

RMS = 0.0049 MHz, log₁₀(λ) = -13.3123

                        Parameter     Change
 BN;            1181.483237196021;     0.0000
 BK;            390.6449033822582;     0.0000
 B⨦;           3.9068621509677706;     0.0000
 Dab;                         0.0;      Fixed
 T⁰₀(ϵ);   -0.0024456206838739444;     0.0000
 T²₀(ϵ);    0.0006988724359242447;    -0.0000
 T²₁(ϵ);                     -0.0;      Fixed
 T²₂(ϵ);  -0.00022848583187990533;    -0.0000
 T²₀(χ);       -1798.405678458236;    -0.0000
 T²₁(χ);        809.7228380671222;    -0.0002
 T²₂(χ);      -149.50575769200813;    -0.0000
 F;                           0.0;      Fixed
 -2ρF;                       -0.0;      Fixed
 V3/2;                        0.0;      Fixed
 η;                           0.0;      Fixed
 DN;        -8.407760892754239e-6;    -0.0000
 DNK;      -1.0234061268678865e-5;    -0.0000
 DK;        -5.160824147072569e-5;     0.0000
 d1;         -8.29482889340158e-7;    -0.0000
 d2;         8.865509975902127e-8;     0.0000

Max Change; T²₀(ϵ), 3.2512%

-------------------------------------

 It would appear step size has converged.

After   5 iterations:

Final RMS = 0.0049 MHz
Final log₁₀(λ) = -13.3123


                         Parameter                   Uncertainty
 A;            1572.1281405782793;        0.00010633663939260889
 B;            398.45862768419374;          3.500915448600545e-5
 C;             382.8311790803226;          3.500915448600545e-5
 Dab;                         0.0;                           0.0
 ϵzz;       0.0019826067146071157;        0.00015365164784319197
 ϵxx;       0.0008981804510720445;        0.00014669748641972508
 ϵxz;                         0.0;                           0.0
 ϵyy;        0.001355152114831855;        0.00014669748641972508
 χzz;          -1798.405678458236;          0.005686190545606267
 χxz;            -991.70389317135;          0.004278809161617362
 χxx-χyy;      -366.2128199536011;          0.025869591070433316
 F;                           0.0;                           0.0
 ρ;                           0.0;                           0.0
 V3;                          0.0;                           0.0
 η;                           0.0;                           0.0
 DN;        -8.407760892754239e-6;          3.753856199121482e-8
 DNK;      -1.0234061268678865e-5;         1.1227051139460484e-7
 DK;        -5.160824147072569e-5;         1.1813223772743548e-6
 d1;         -8.29482889340158e-7;           2.49148847663494e-8
 d2;         8.865509975902127e-8;          5.221290429966897e-9


Journal Formatted Values
 A;              1.57212814(11)e3
 B;              398.458628(35)e0
 C;              382.831179(35)e0
 Dab;               0.0e0 (Fixed)
 ϵzz;                 1.98(15)e-3
 ϵxx;                900.0(15)e-6
 ϵxz;               0.0e0 (Fixed)
 ϵyy;                 1.36(15)e-3
 χzz;            -1.7984057(57)e3
 χxz;             -991.7039(43)e0
 χxx-χyy;          -366.213(26)e0
 F;                 0.0e0 (Fixed)
 ρ;                 0.0e0 (Fixed)
 V3;                0.0e0 (Fixed)
 η;                 0.0e0 (Fixed)
 DN;                -8.408(38)e-6
 DNK;               -10.23(11)e-6
 DK;                 -51.6(12)e-6
 d1;                -829.0(25)e-9
 d2;                  88.7(52)e-9


 Again, sorry about the name...


