4cl2ftol   @   2024-06-12T18:13:06.878

Control Parameters
mcalc = 6
νmax = 23.0
maxiter = 60
overwrite = false
Irrep = Ir
goal = 1.0
λlm0 = 0.1
apology = true
Jmax = 1.5
S = 1.5
assign = RAM36
turducken = 3
REJECT = 10.0
TK = 25.0
RUNmode =  EF
vtmax = 0
NFOLD = 3
νmin = 4.0
INTthres = 1.0e-5

Initial Parameters
 BK;          2314.4671312962264;   1.0
 BN;           769.3802420470164;   1.0
 B⨦;           48.46225519287128;   1.0
 Dab;        -126.68112589973111;   1.0
 T⁰₀(ϵ);                    -0.0;   0.0
 T¹₁(ϵ);                     0.0;   0.0
 T²₀(ϵ);                     0.0;   0.0
 T²₁(ϵ);                    -0.0;   0.0
 T²₂(ϵ);                     0.0;   0.0
 T²₀(χ);      -69.21833687588034;   1.0
 T²₁(χ);                    -0.0;   0.0
 T²₂(χ);      0.9871639007786803;   1.0
 F;            161663.7125406618;   0.0
 -2ρzF;        -5957.39596217072;   1.0
 -ρxF;                      -0.0;   0.0
 V3/2;       3.358818303872564e6;   1.0
 ηz;                         0.0;   0.0
 ηx;                         0.0;   0.0

 DN;        -8.097205890036752e-7;   1.0
 V3N;         -0.3798687828662461;   1.0

Number of lines = 312

Initial RMS = 4.821796289481163 MHz
Initial λ = 0.000481022721348027

-------------------------------------

After   1 Iterations:

RMS = 0.0227 MHz, log₁₀(λ) = -3.3178

                        Parameter     Change
  BK;           2313.359702625252;    -1.1074
  BN;            769.444535595252;     0.0643
  B⨦;          48.433753379492394;    -0.0285
  Dab;        -123.97502908383102;     2.7061
  T⁰₀(ϵ);                    -0.0;      Fixed
  T¹₁(ϵ);                     0.0;      Fixed
  T²₀(ϵ);                     0.0;      Fixed
  T²₁(ϵ);                    -0.0;      Fixed
  T²₂(ϵ);                     0.0;      Fixed
  T²₀(χ);      -69.27829068452216;    -0.0600
  T²₁(χ);                    -0.0;      Fixed
  T²₂(χ);      0.9799309828807334;    -0.0072
  F;            161663.7125406618;      Fixed
  -2ρzF;       -5876.656856398024;    80.7391
  -ρxF;                      -0.0;      Fixed
  V3/2;      3.3486971582019124e6; -10121.1457
  ηz;                         0.0;      Fixed
  ηx;                         0.0;      Fixed
 DN;        -8.211049182216493e-6;    -0.0000
 V3N;         -0.2747279129824555;     0.1051

Max Change; DN, 914.0596%

-------------------------------------

After   2 Iterations:

RMS = 0.0053 MHz, log₁₀(λ) = -7.1212

                        Parameter     Change
  BK;          2314.3194095122017;     0.9597
  BN;           769.1197581983644;    -0.3248
  B⨦;            48.5230626427483;     0.0893
  Dab;        -127.04882538904981;    -3.0738
  T⁰₀(ϵ);                    -0.0;      Fixed
  T¹₁(ϵ);                     0.0;      Fixed
  T²₀(ϵ);                     0.0;      Fixed
  T²₁(ϵ);                    -0.0;      Fixed
  T²₂(ϵ);                     0.0;      Fixed
  T²₀(χ);      -69.22088343664822;     0.0574
  T²₁(χ);                    -0.0;      Fixed
  T²₂(χ);      0.9880206420185186;     0.0081
  F;            161663.7125406618;      Fixed
  -2ρzF;       -5958.332722029367;   -81.6759
  -ρxF;                      -0.0;      Fixed
  V3/2;       3.360458887976245e6; 11761.7298
  ηz;                         0.0;      Fixed
  ηx;                         0.0;      Fixed
 DN;        -8.096483280610965e-6;     0.0000
 V3N;         0.38277538388644794;     0.6575

Max Change; V3N, 239.3289%

-------------------------------------

After   3 Iterations:

RMS = 0.0053 MHz, log₁₀(λ) = -9.2326

                        Parameter     Change
  BK;           2314.367233830027;     0.0478
  BN;           769.1003047416448;    -0.0195
  B⨦;           48.51221547373407;    -0.0108
  Dab;        -126.67977078977994;     0.3691
  T⁰₀(ϵ);                    -0.0;      Fixed
  T¹₁(ϵ);                     0.0;      Fixed
  T²₀(ϵ);                     0.0;      Fixed
  T²₁(ϵ);                    -0.0;      Fixed
  T²₂(ϵ);                     0.0;      Fixed
  T²₀(χ);      -69.21837699785476;     0.0025
  T²₁(χ);                    -0.0;      Fixed
  T²₂(χ);      0.9871542353346464;    -0.0009
  F;            161663.7125406618;      Fixed
  -2ρzF;       -5957.388408127642;     0.9443
  -ρxF;                      -0.0;      Fixed
  V3/2;      3.3603156712569655e6;  -143.2167
  ηz;                         0.0;      Fixed
  ηx;                         0.0;      Fixed
 DN;        -8.097237028467462e-6;    -0.0000
 V3N;         0.37985457229428965;    -0.0029

Max Change; V3N, 0.7631%

-------------------------------------

 The RMS has stopped decreasing. Hopefully it is low.

After   3 iterations:

Final RMS = 0.0053 MHz
Final log₁₀(λ) = -10.7110


                         Parameter                   Uncertainty
 A;             3028.584355314998;           0.17392342558786775
 B;             866.1247356891129;            0.0747228509410786
 C;             672.0758737941767;            0.0747228509410786
 Dab;         -126.67977078977994;            0.9475224061290944
 ϵzz;                         0.0;                           0.0
 ϵxx;                         0.0;                           0.0
 ϵzx;                        -0.0;                           0.0
 ϵxz;                         0.0;                           0.0
 ϵyy;                        -0.0;                           0.0
 χzz;          -69.21837699785476;          0.050514785229747686
 χxz;                         0.0;                           0.0
 χxx-χyy;      2.4180241739971877;          0.030916622428297454
 F;            5.3925209999999995;                           0.0
 ρz;         0.018425249286011646;         2.1702341470567978e-5
 ρx;                          0.0;                           0.0
 V3;           224.17613129260013;            0.0814991385121103
 ηz;                          0.0;                           0.0
 ηx;                          0.0;                           0.0
 DN;        -8.097237028467462e-6;         1.5223834372843729e-7
 V3N;         0.37985457229428965;          0.012399901913686857


Journal Formatted Values
 A;                 3.02858(17)e3
 B;                 866.125(75)e0
 C;                 672.076(75)e0
 Dab;               -126.68(95)e0
 ϵzz;               0.0e0 (Fixed)
 ϵxx;               0.0e0 (Fixed)
 ϵzx;              -0.0e0 (Fixed)
 ϵxz;               0.0e0 (Fixed)
 ϵyy;              -0.0e0 (Fixed)
 χzz;               -69.218(51)e0
 χxz;               0.0e0 (Fixed)
 χxx-χyy;             2.418(31)e0
 F;             5.39252e0 (Fixed)
 ρz;                18.425(22)e-3
 ρx;                0.0e0 (Fixed)
 V3;                224.176(81)e0
 ηz;                0.0e0 (Fixed)
 ηx;                0.0e0 (Fixed)
 DN;                  -8.1(15)e-6
 V3N;                380.0(12)e-3


 Again, sorry about the name...


