ipfp   @   2024-06-05T18:18:27.983

Control Parameters
mcalc = 0
νmax = 23.0
maxiter = 60
overwrite = false
Irrep = Ir
λlm0 = 0.0001
apology = true
Jmax = 11.5
S = 2.5
assign = eeo
turducken = 1
REJECT = 10.0
TK = 25.0
RUNmode =  F
vtmax = 0
NFOLD = 0
νmin = 4.7
INTthres = 1.0e-5

Initial Parameters
 BK;          1181.4832374272805;   1.0
 BN;          390.64490335034054;   1.0
 B⨦;          3.9068622350930298;   1.0
 Dab;                        0.0;   0.0
 T⁰₀(ϵ);   -0.002273529887481162;   0.0
 T¹₁(ϵ);                     0.0;   0.0
 T²₀(ϵ);   0.0006972502801807348;   0.0
 T²₁(ϵ);  -0.0013828649636890042;   0.0
 T²₂(ϵ); -0.00014355224592396795;   0.0
 T²₀(χ);     -1798.4056774090704;   1.0
 T²₁(χ);      -809.7229002512146;   1.0
 T²₂(χ);      -149.5057819847673;   1.0
 F;                          0.0;   0.0
 -2ρzF;                     -0.0;   0.0
 -ρxF;                      -0.0;   0.0
 V3/2;                       0.0;   0.0
 ηz;                         0.0;   0.0
 ηx;                         0.0;   0.0

 DN;         -8.40768806861068e-6;   1.0
 DNK;      -1.0234189190122182e-5;   1.0
 DK;        -5.161032234931983e-5;   1.0
 d1;        -8.296066917184415e-7;   1.0
 d2;          8.86492085265363e-8;   1.0

Number of lines = 776

Initial RMS = 9523.390851509785 MHz
Initial λ = 0.0005214182223303777

-------------------------------------

