4cl2ftol   @   2024-09-26T10:16:03.691

Control Parameters
mcalc = 5
νmax = 23.0
maxiter = 60
overwrite = false
Irrep = Ir
stages = 2
goal = 1.0
λlm0 = 0.1
apology = true
Jmax = 16.5
S = 1.5
assign = RAM36
turducken = 3
REJECT = 10.0
TK = 25.0
RUNmode =  F
mmax = 6
vtmax = 0
NFOLD = 3
νmin = 4.0
INTthres = 1.0e-5

Initial Parameters
 BK;          2316.7376961119053;   1.0
 BN;           768.9389126679982;   1.0
 B⨦;          47.782554383764364;   1.0
 Dab;        -126.06625320897675;   1.0
 T⁰₀(ϵ);                    -0.0;   0.0
 T¹₁(ϵ);                     0.0;   0.0
 T²₀(ϵ);                     0.0;   0.0
 T²₁(ϵ);                    -0.0;   0.0
 T²₂(ϵ);                     0.0;   0.0
 T²₀(χ);      -61.12549148412748;   1.0
 T²₁(χ);                    -0.0;   0.0
 T²₂(χ);      0.8667400876255625;   1.0
 F;            161663.7125406618;   0.0
 -2ρzF;       -5956.278437018139;   1.0
 -ρxF;                      -0.0;   0.0
 V3/2;      3.3138190242662407e6;   1.0
 ηz;                         0.0;   0.0
 ηx;                         0.0;   0.0

 DN;        -8.063501517607327e-6;   1.0
 V3N;        -0.38067826807272387;   1.0
 V3N;                        -1.0;   0.0

Number of lines = 310

Initial RMS = 14.861448302522378 MHz
Initial λ = 0.0014752634116104143

-------------------------------------

 The RMS has stopped decreasing. Hopefully it is low.

After   5 iterations:

Final RMS = 0.0053 MHz
Final log₁₀(λ) = -12.4599


                         Parameter                   Uncertainty
 A;            3028.9895824807363;            0.1670622555353445
 B;              866.478505206478;            0.0754459159871527
 C;             672.4553765791001;            0.0754459159871527
 Dab;         -126.45989876435372;            0.9004015032171677
 ϵzz;                         0.0;                           0.0
 ϵxx;                         0.0;                           0.0
 ϵzx;                        -0.0;                           0.0
 ϵxz;                         0.0;                           0.0
 ϵyy;                        -0.0;                           0.0
 χzz;          -69.21731326690968;           0.05062503567975516
 χxz;                         0.0;                           0.0
 χxx-χyy;       2.417763357340956;           0.03125233032569068
 F;            5.3925209999999995;                           0.0
 ρz;         0.018425039314331457;         2.0822099165348457e-5
 ρx;                          0.0;                           0.0
 V3;           224.17547944944266;           0.07705355158850288
 ηz;                          0.0;                           0.0
 ηx;                          0.0;                           0.0
 DN;        -8.091404695398052e-6;         1.5317420181267026e-7
 V3N;         -0.3783612444037243;          0.012415493932628013
 V3N;                        -1.0;                           0.0


Journal Formatted Values
 A;                 3.02899(17)e3
 B;                 866.479(75)e0
 C;                 672.455(75)e0
 Dab;                -126.46(9)e0
 ϵzz;               0.0e0 (Fixed)
 ϵxx;               0.0e0 (Fixed)
 ϵzx;              -0.0e0 (Fixed)
 ϵxz;               0.0e0 (Fixed)
 ϵyy;              -0.0e0 (Fixed)
 χzz;               -69.217(51)e0
 χxz;               0.0e0 (Fixed)
 χxx-χyy;             2.418(31)e0
 F;             5.39252e0 (Fixed)
 ρz;                18.425(21)e-3
 ρx;                0.0e0 (Fixed)
 V3;                224.175(77)e0
 ηz;                0.0e0 (Fixed)
 ηx;                0.0e0 (Fixed)
 DN;                 -8.09(15)e-6
 V3N;               -378.0(12)e-3
 V3N;               -1.e0 (Fixed)


 Again, sorry about the name...


