This is pdfTeX, Version 3.14159265-2.6-1.40.21 (MiKTeX 20.10) (preloaded format=pdflatex 2021.9.13)  24 AUG 2022 16:26
entering extended mode
**./notes.tex
(notes.tex
LaTeX2e <2021-06-01> patch level 1
L3 programming layer <2021-08-27>
(/usr/local/share/miktex-texmf/tex/latex/base/article.cls
Document Class: article 2021/02/12 v1.4n Standard LaTeX document class
(/usr/local/share/miktex-texmf/tex/latex/base/size10.clo
File: size10.clo 2021/02/12 v1.4n Standard LaTeX file (size option)
)
\c@part=\count182
\c@section=\count183
\c@subsection=\count184
\c@subsubsection=\count185
\c@paragraph=\count186
\c@subparagraph=\count187
\c@figure=\count188
\c@table=\count189
\abovecaptionskip=\skip47
\belowcaptionskip=\skip48
\bibindent=\dimen138
)
(/usr/local/share/miktex-texmf/tex/latex/mhchem/mhchem.sty
Package: mhchem 2018/06/22 v4.08 for typesetting chemical formulae

(/usr/local/share/miktex-texmf/tex/latex/l3kernel/expl3.sty
Package: expl3 2021-08-27 L3 programming layer (loader) 

(/usr/local/share/miktex-texmf/tex/latex/l3backend/l3backend-pdftex.def
File: l3backend-pdftex.def 2021-08-04 L3 backend support: PDF output (pdfTeX)
\l__color_backend_stack_int=\count190
\l__pdf_internal_box=\box50
))
(/usr/local/share/miktex-texmf/tex/latex/l3packages/l3keys2e/l3keys2e.sty
Package: l3keys2e 2021-08-27 LaTeX2e option processing using LaTeX3 keys
)
(/usr/local/share/miktex-texmf/tex/latex/tools/calc.sty
Package: calc 2017/05/25 v4.3 Infix arithmetic (KKT,FJ)
\calc@Acount=\count191
\calc@Bcount=\count192
\calc@Adimen=\dimen139
\calc@Bdimen=\dimen140
\calc@Askip=\skip49
\calc@Bskip=\skip50
LaTeX Info: Redefining \setlength on input line 80.
LaTeX Info: Redefining \addtolength on input line 81.
\calc@Ccount=\count193
\calc@Cskip=\skip51
)
(/usr/local/share/miktex-texmf/tex/latex/amsmath/amsmath.sty
Package: amsmath 2021/04/20 v2.17j AMS math features
\@mathmargin=\skip52

For additional information on amsmath, use the `?' option.
(/usr/local/share/miktex-texmf/tex/latex/amsmath/amstext.sty
Package: amstext 2000/06/29 v2.01 AMS text

(/usr/local/share/miktex-texmf/tex/latex/amsmath/amsgen.sty
File: amsgen.sty 1999/11/30 v2.0 generic functions
\@emptytoks=\toks16
\ex@=\dimen141
))
(/usr/local/share/miktex-texmf/tex/latex/amsmath/amsbsy.sty
Package: amsbsy 1999/11/29 v1.2d Bold Symbols
\pmbraise@=\dimen142
)
(/usr/local/share/miktex-texmf/tex/latex/amsmath/amsopn.sty
Package: amsopn 2016/03/08 v2.02 operator names
)
\inf@bad=\count194
LaTeX Info: Redefining \frac on input line 234.
\uproot@=\count195
\leftroot@=\count196
LaTeX Info: Redefining \overline on input line 399.
\classnum@=\count197
\DOTSCASE@=\count198
LaTeX Info: Redefining \ldots on input line 496.
LaTeX Info: Redefining \dots on input line 499.
LaTeX Info: Redefining \cdots on input line 620.
\Mathstrutbox@=\box51
\strutbox@=\box52
\big@size=\dimen143
LaTeX Font Info:    Redeclaring font encoding OML on input line 743.
LaTeX Font Info:    Redeclaring font encoding OMS on input line 744.
\macc@depth=\count199
\c@MaxMatrixCols=\count266
\dotsspace@=\muskip16
\c@parentequation=\count267
\dspbrk@lvl=\count268
\tag@help=\toks17
\row@=\count269
\column@=\count270
\maxfields@=\count271
\andhelp@=\toks18
\eqnshift@=\dimen144
\alignsep@=\dimen145
\tagshift@=\dimen146
\tagwidth@=\dimen147
\totwidth@=\dimen148
\lineht@=\dimen149
\@envbody=\toks19
\multlinegap=\skip53
\multlinetaggap=\skip54
\mathdisplay@stack=\toks20
LaTeX Info: Redefining \[ on input line 2923.
LaTeX Info: Redefining \] on input line 2924.
)
(/home/wes/.miktex/texmfs/install/tex/latex/chemgreek/chemgreek.sty
(/usr/local/share/miktex-texmf/tex/latex/l3packages/xparse/xparse.sty
Package: xparse 2021-08-27 L3 Experimental document command parser
)
Package: chemgreek 2020/01/16 v1.1a interface for upright Greek letters for use
 in chemistry (CN)
\l__chemgreek_tmpa_int=\count272
\g__chemgreek_tmpa_int=\count273
)
(/usr/local/share/miktex-texmf/tex/latex/graphics/graphics.sty
Package: graphics 2021/03/04 v1.4d Standard LaTeX Graphics (DPC,SPQR)

(/usr/local/share/miktex-texmf/tex/latex/graphics/trig.sty
Package: trig 2016/01/03 v1.10 sin cos tan (DPC)
)
(/usr/local/share/miktex-texmf/tex/latex/graphics-cfg/graphics.cfg
File: graphics.cfg 2016/06/04 v1.11 sample graphics configuration
)
Package graphics Info: Driver file: pdftex.def on input line 107.

(/usr/local/share/miktex-texmf/tex/latex/graphics-def/pdftex.def
File: pdftex.def 2020/10/05 v1.2a Graphics/color driver for pdftex
))
\l__mhchem_ce_distanceFromLastComma_int=\count274
\__mhchem_arrow_extPgfLength_skip=\skip55
\mhchem@minispace@tmp=\skip56
\mhchem@minibackspace@tmp=\skip57
\mhchem@bondwidth=\skip58
\mhchem@bondheight=\skip59
\mhchem@smallbondwidth@tmpA=\skip60
\mhchem@smallbondwidth@tmpB=\skip61
\mhchem@smallbondwidth=\skip62
\mhchem@bondtmp@minussidebearingleft=\skip63
\mhchem@bondtmp@minussidebearingright=\skip64
\l__mhchem_option_version_int=\count275
\mhchem@option@minusmathsidebearingleft=\dimen150
\mhchem@option@minusmathsidebearingright=\dimen151
\mhchem@option@minustextsidebearingleft=\dimen152
\mhchem@option@minustextsidebearingright=\dimen153
)
(/usr/local/share/miktex-texmf/tex/latex/base/fontenc.sty
Package: fontenc 2021/04/29 v2.0v Standard LaTeX package
)
(/home/wes/.miktex/texmfs/install/tex/latex/natbib/natbib.sty
Package: natbib 2010/09/13 8.31b (PWD, AO)
\bibhang=\skip65
\bibsep=\skip66
LaTeX Info: Redefining \cite on input line 694.
\c@NAT@ctr=\count276
)
(/usr/local/share/miktex-texmf/tex/latex/siunitx/siunitx.sty
Package: siunitx 2021-08-27 v3.0.28 A comprehensive (SI) units package
\l__siunitx_angle_tmp_dim=\dimen154
\l__siunitx_angle_marker_box=\box53
\l__siunitx_angle_unit_box=\box54
\l__siunitx_compound_count_int=\count277

(/home/wes/.miktex/texmfs/install/tex/latex/translations/translations.sty
Package: translations 2021/01/17 v1.10a internationalization of LaTeX2e package
s (CN)

(/usr/local/share/miktex-texmf/tex/latex/etoolbox/etoolbox.sty
Package: etoolbox 2020/10/05 v2.5k e-TeX tools for LaTeX (JAW)
\etb@tempcnta=\count278
)
(/usr/local/share/miktex-texmf/tex/generic/pdftexcmds/pdftexcmds.sty
Package: pdftexcmds 2020-06-27 v0.33 Utility functions of pdfTeX for LuaTeX (HO
)

(/home/wes/.miktex/texmfs/install/tex/generic/infwarerr/infwarerr.sty
Package: infwarerr 2019/12/03 v1.5 Providing info/warning/error messages (HO)
)
(/usr/local/share/miktex-texmf/tex/generic/iftex/iftex.sty
Package: iftex 2020/03/06 v1.0d TeX engine tests
)
(/home/wes/.miktex/texmfs/install/tex/generic/ltxcmds/ltxcmds.sty
Package: ltxcmds 2020-05-10 v1.25 LaTeX kernel commands for general use (HO)
)
Package pdftexcmds Info: \pdf@primitive is available.
Package pdftexcmds Info: \pdf@ifprimitive is available.
Package pdftexcmds Info: \pdfdraftmode found.
))
\l__siunitx_number_exponent_fixed_int=\count279
\l__siunitx_number_min_decimal_int=\count280
\l__siunitx_number_min_integer_int=\count281
\l__siunitx_number_round_precision_int=\count282
\l__siunitx_number_group_minimum_int=\count283

(/usr/local/share/miktex-texmf/tex/latex/graphics/color.sty
Package: color 2020/02/24 v1.2b Standard LaTeX Color (DPC)

(/usr/local/share/miktex-texmf/tex/latex/graphics-cfg/color.cfg
File: color.cfg 2016/01/02 v1.6 sample color configuration
)
Package color Info: Driver file: pdftex.def on input line 149.
)
\l__siunitx_table_tmp_box=\box55
\l__siunitx_table_tmp_dim=\dimen155
\l__siunitx_table_column_width_dim=\dimen156
\l__siunitx_table_integer_box=\box56
\l__siunitx_table_decimal_box=\box57
\l__siunitx_table_before_box=\box58
\l__siunitx_table_after_box=\box59
\l__siunitx_table_before_dim=\dimen157
\l__siunitx_table_carry_dim=\dimen158
\l__siunitx_unit_tmp_int=\count284
\l__siunitx_unit_position_int=\count285
\l__siunitx_unit_total_int=\count286

(/usr/local/share/miktex-texmf/tex/latex/tools/array.sty
Package: array 2021/04/20 v2.5e Tabular extension package (FMi)
\col@sep=\dimen159
\ar@mcellbox=\box60
\extrarowheight=\dimen160
\NC@list=\toks21
\extratabsurround=\skip67
\backup@length=\skip68
\ar@cellbox=\box61
))
(/usr/local/share/miktex-texmf/tex/latex/base/textcomp.sty
Package: textcomp 2020/02/02 v2.0n Standard LaTeX package
)
(/home/wes/.miktex/texmfs/install/tex/latex/paralist/paralist.sty
Package: paralist 2017/01/22 v2.7 Extended list environments
\pltopsep=\skip69
\plpartopsep=\skip70
\plitemsep=\skip71
\plparsep=\skip72
\pl@lab=\toks22
)
(/usr/local/share/miktex-texmf/tex/latex/xcolor/xcolor.sty
Package: xcolor 2016/05/11 v2.12 LaTeX color extensions (UK)

(/usr/local/share/miktex-texmf/tex/latex/graphics-cfg/color.cfg
File: color.cfg 2016/01/02 v1.6 sample color configuration
)
Package xcolor Info: Driver file: pdftex.def on input line 225.
LaTeX Info: Redefining \color on input line 709.
Package xcolor Info: Model `cmy' substituted by `cmy0' on input line 1348.
Package xcolor Info: Model `hsb' substituted by `rgb' on input line 1352.
Package xcolor Info: Model `RGB' extended on input line 1364.
Package xcolor Info: Model `HTML' substituted by `rgb' on input line 1366.
Package xcolor Info: Model `Hsb' substituted by `hsb' on input line 1367.
Package xcolor Info: Model `tHsb' substituted by `hsb' on input line 1368.
Package xcolor Info: Model `HSB' substituted by `hsb' on input line 1369.
Package xcolor Info: Model `Gray' substituted by `gray' on input line 1370.
Package xcolor Info: Model `wave' substituted by `hsb' on input line 1371.
)
(/home/wes/.miktex/texmfs/install/tex/latex/chemfig/chemfig.sty
(/usr/local/share/miktex-texmf/tex/latex/pgf/frontendlayer/tikz.sty
(/usr/local/share/miktex-texmf/tex/latex/pgf/basiclayer/pgf.sty
(/usr/local/share/miktex-texmf/tex/latex/pgf/utilities/pgfrcs.sty
(/usr/local/share/miktex-texmf/tex/generic/pgf/utilities/pgfutil-common.tex
\pgfutil@everybye=\toks23
\pgfutil@tempdima=\dimen161
\pgfutil@tempdimb=\dimen162

(/usr/local/share/miktex-texmf/tex/generic/pgf/utilities/pgfutil-common-lists.t
ex)) (/usr/local/share/miktex-texmf/tex/generic/pgf/utilities/pgfutil-latex.def
\pgfutil@abb=\box62
) (/usr/local/share/miktex-texmf/tex/generic/pgf/utilities/pgfrcs.code.tex
(/usr/local/share/miktex-texmf/tex/generic/pgf/pgf.revision.tex)
Package: pgfrcs 2021/05/15 v3.1.9a (3.1.9a)
))
Package: pgf 2021/05/15 v3.1.9a (3.1.9a)

(/usr/local/share/miktex-texmf/tex/latex/pgf/basiclayer/pgfcore.sty
(/usr/local/share/miktex-texmf/tex/latex/graphics/graphicx.sty
Package: graphicx 2020/12/05 v1.2c Enhanced LaTeX Graphics (DPC,SPQR)

(/usr/local/share/miktex-texmf/tex/latex/graphics/keyval.sty
Package: keyval 2014/10/28 v1.15 key=value parser (DPC)
\KV@toks@=\toks24
)
\Gin@req@height=\dimen163
\Gin@req@width=\dimen164
)
(/usr/local/share/miktex-texmf/tex/latex/pgf/systemlayer/pgfsys.sty
(/usr/local/share/miktex-texmf/tex/generic/pgf/systemlayer/pgfsys.code.tex
Package: pgfsys 2021/05/15 v3.1.9a (3.1.9a)

(/usr/local/share/miktex-texmf/tex/generic/pgf/utilities/pgfkeys.code.tex
\pgfkeys@pathtoks=\toks25
\pgfkeys@temptoks=\toks26

(/usr/local/share/miktex-texmf/tex/generic/pgf/utilities/pgfkeysfiltered.code.t
ex
\pgfkeys@tmptoks=\toks27
))
\pgf@x=\dimen165
\pgf@y=\dimen166
\pgf@xa=\dimen167
\pgf@ya=\dimen168
\pgf@xb=\dimen169
\pgf@yb=\dimen170
\pgf@xc=\dimen171
\pgf@yc=\dimen172
\pgf@xd=\dimen173
\pgf@yd=\dimen174
\w@pgf@writea=\write3
\r@pgf@reada=\read2
\c@pgf@counta=\count287
\c@pgf@countb=\count288
\c@pgf@countc=\count289
\c@pgf@countd=\count290
\t@pgf@toka=\toks28
\t@pgf@tokb=\toks29
\t@pgf@tokc=\toks30
\pgf@sys@id@count=\count291
 (/usr/local/share/miktex-texmf/tex/generic/pgf/systemlayer/pgf.cfg
File: pgf.cfg 2021/05/15 v3.1.9a (3.1.9a)
)
Driver file for pgf: pgfsys-pdftex.def

(/usr/local/share/miktex-texmf/tex/generic/pgf/systemlayer/pgfsys-pdftex.def
File: pgfsys-pdftex.def 2021/05/15 v3.1.9a (3.1.9a)

(/usr/local/share/miktex-texmf/tex/generic/pgf/systemlayer/pgfsys-common-pdf.de
f
File: pgfsys-common-pdf.def 2021/05/15 v3.1.9a (3.1.9a)
)))
(/usr/local/share/miktex-texmf/tex/generic/pgf/systemlayer/pgfsyssoftpath.code.
tex
File: pgfsyssoftpath.code.tex 2021/05/15 v3.1.9a (3.1.9a)
\pgfsyssoftpath@smallbuffer@items=\count292
\pgfsyssoftpath@bigbuffer@items=\count293
)
(/usr/local/share/miktex-texmf/tex/generic/pgf/systemlayer/pgfsysprotocol.code.
tex
File: pgfsysprotocol.code.tex 2021/05/15 v3.1.9a (3.1.9a)
))
(/usr/local/share/miktex-texmf/tex/generic/pgf/basiclayer/pgfcore.code.tex
Package: pgfcore 2021/05/15 v3.1.9a (3.1.9a)

(/usr/local/share/miktex-texmf/tex/generic/pgf/math/pgfmath.code.tex
(/usr/local/share/miktex-texmf/tex/generic/pgf/math/pgfmathcalc.code.tex
(/usr/local/share/miktex-texmf/tex/generic/pgf/math/pgfmathutil.code.tex)
(/usr/local/share/miktex-texmf/tex/generic/pgf/math/pgfmathparser.code.tex
\pgfmath@dimen=\dimen175
\pgfmath@count=\count294
\pgfmath@box=\box63
\pgfmath@toks=\toks31
\pgfmath@stack@operand=\toks32
\pgfmath@stack@operation=\toks33
)
(/usr/local/share/miktex-texmf/tex/generic/pgf/math/pgfmathfunctions.code.tex
(/usr/local/share/miktex-texmf/tex/generic/pgf/math/pgfmathfunctions.basic.code
.tex)
(/usr/local/share/miktex-texmf/tex/generic/pgf/math/pgfmathfunctions.trigonomet
ric.code.tex)
(/usr/local/share/miktex-texmf/tex/generic/pgf/math/pgfmathfunctions.random.cod
e.tex)
(/usr/local/share/miktex-texmf/tex/generic/pgf/math/pgfmathfunctions.comparison
.code.tex)
(/usr/local/share/miktex-texmf/tex/generic/pgf/math/pgfmathfunctions.base.code.
tex)
(/usr/local/share/miktex-texmf/tex/generic/pgf/math/pgfmathfunctions.round.code
.tex)
(/usr/local/share/miktex-texmf/tex/generic/pgf/math/pgfmathfunctions.misc.code.
tex)
(/usr/local/share/miktex-texmf/tex/generic/pgf/math/pgfmathfunctions.integerari
thmetics.code.tex)))
(/usr/local/share/miktex-texmf/tex/generic/pgf/math/pgfmathfloat.code.tex
\c@pgfmathroundto@lastzeros=\count295
))
(/usr/local/share/miktex-texmf/tex/generic/pgf/math/pgfint.code.tex)
(/usr/local/share/miktex-texmf/tex/generic/pgf/basiclayer/pgfcorepoints.code.te
x
File: pgfcorepoints.code.tex 2021/05/15 v3.1.9a (3.1.9a)
\pgf@picminx=\dimen176
\pgf@picmaxx=\dimen177
\pgf@picminy=\dimen178
\pgf@picmaxy=\dimen179
\pgf@pathminx=\dimen180
\pgf@pathmaxx=\dimen181
\pgf@pathminy=\dimen182
\pgf@pathmaxy=\dimen183
\pgf@xx=\dimen184
\pgf@xy=\dimen185
\pgf@yx=\dimen186
\pgf@yy=\dimen187
\pgf@zx=\dimen188
\pgf@zy=\dimen189
)
(/usr/local/share/miktex-texmf/tex/generic/pgf/basiclayer/pgfcorepathconstruct.
code.tex
File: pgfcorepathconstruct.code.tex 2021/05/15 v3.1.9a (3.1.9a)
\pgf@path@lastx=\dimen190
\pgf@path@lasty=\dimen191
)
(/usr/local/share/miktex-texmf/tex/generic/pgf/basiclayer/pgfcorepathusage.code
.tex
File: pgfcorepathusage.code.tex 2021/05/15 v3.1.9a (3.1.9a)
\pgf@shorten@end@additional=\dimen192
\pgf@shorten@start@additional=\dimen193
)
(/usr/local/share/miktex-texmf/tex/generic/pgf/basiclayer/pgfcorescopes.code.te
x
File: pgfcorescopes.code.tex 2021/05/15 v3.1.9a (3.1.9a)
\pgfpic=\box64
\pgf@hbox=\box65
\pgf@layerbox@main=\box66
\pgf@picture@serial@count=\count296
)
(/usr/local/share/miktex-texmf/tex/generic/pgf/basiclayer/pgfcoregraphicstate.c
ode.tex
File: pgfcoregraphicstate.code.tex 2021/05/15 v3.1.9a (3.1.9a)
\pgflinewidth=\dimen194
)
(/usr/local/share/miktex-texmf/tex/generic/pgf/basiclayer/pgfcoretransformation
s.code.tex
File: pgfcoretransformations.code.tex 2021/05/15 v3.1.9a (3.1.9a)
\pgf@pt@x=\dimen195
\pgf@pt@y=\dimen196
\pgf@pt@temp=\dimen197
)
(/usr/local/share/miktex-texmf/tex/generic/pgf/basiclayer/pgfcorequick.code.tex
File: pgfcorequick.code.tex 2021/05/15 v3.1.9a (3.1.9a)
)
(/usr/local/share/miktex-texmf/tex/generic/pgf/basiclayer/pgfcoreobjects.code.t
ex
File: pgfcoreobjects.code.tex 2021/05/15 v3.1.9a (3.1.9a)
)
(/usr/local/share/miktex-texmf/tex/generic/pgf/basiclayer/pgfcorepathprocessing
.code.tex
File: pgfcorepathprocessing.code.tex 2021/05/15 v3.1.9a (3.1.9a)
)
(/usr/local/share/miktex-texmf/tex/generic/pgf/basiclayer/pgfcorearrows.code.te
x
File: pgfcorearrows.code.tex 2021/05/15 v3.1.9a (3.1.9a)
\pgfarrowsep=\dimen198
)
(/usr/local/share/miktex-texmf/tex/generic/pgf/basiclayer/pgfcoreshade.code.tex
File: pgfcoreshade.code.tex 2021/05/15 v3.1.9a (3.1.9a)
\pgf@max=\dimen199
\pgf@sys@shading@range@num=\count297
\pgf@shadingcount=\count298
)
(/usr/local/share/miktex-texmf/tex/generic/pgf/basiclayer/pgfcoreimage.code.tex
File: pgfcoreimage.code.tex 2021/05/15 v3.1.9a (3.1.9a)

(/usr/local/share/miktex-texmf/tex/generic/pgf/basiclayer/pgfcoreexternal.code.
tex
File: pgfcoreexternal.code.tex 2021/05/15 v3.1.9a (3.1.9a)
\pgfexternal@startupbox=\box67
))
(/usr/local/share/miktex-texmf/tex/generic/pgf/basiclayer/pgfcorelayers.code.te
x
File: pgfcorelayers.code.tex 2021/05/15 v3.1.9a (3.1.9a)
)
(/usr/local/share/miktex-texmf/tex/generic/pgf/basiclayer/pgfcoretransparency.c
ode.tex
File: pgfcoretransparency.code.tex 2021/05/15 v3.1.9a (3.1.9a)
)
(/usr/local/share/miktex-texmf/tex/generic/pgf/basiclayer/pgfcorepatterns.code.
tex
File: pgfcorepatterns.code.tex 2021/05/15 v3.1.9a (3.1.9a)
)
(/usr/local/share/miktex-texmf/tex/generic/pgf/basiclayer/pgfcorerdf.code.tex
File: pgfcorerdf.code.tex 2021/05/15 v3.1.9a (3.1.9a)
)))
(/usr/local/share/miktex-texmf/tex/generic/pgf/modules/pgfmoduleshapes.code.tex
File: pgfmoduleshapes.code.tex 2021/05/15 v3.1.9a (3.1.9a)
\pgfnodeparttextbox=\box68
) (/usr/local/share/miktex-texmf/tex/generic/pgf/modules/pgfmoduleplot.code.tex
File: pgfmoduleplot.code.tex 2021/05/15 v3.1.9a (3.1.9a)
)
(/usr/local/share/miktex-texmf/tex/latex/pgf/compatibility/pgfcomp-version-0-65
.sty
Package: pgfcomp-version-0-65 2021/05/15 v3.1.9a (3.1.9a)
\pgf@nodesepstart=\dimen256
\pgf@nodesepend=\dimen257
)
(/usr/local/share/miktex-texmf/tex/latex/pgf/compatibility/pgfcomp-version-1-18
.sty
Package: pgfcomp-version-1-18 2021/05/15 v3.1.9a (3.1.9a)
)) (/usr/local/share/miktex-texmf/tex/latex/pgf/utilities/pgffor.sty
(/usr/local/share/miktex-texmf/tex/latex/pgf/utilities/pgfkeys.sty
(/usr/local/share/miktex-texmf/tex/generic/pgf/utilities/pgfkeys.code.tex))
(/usr/local/share/miktex-texmf/tex/latex/pgf/math/pgfmath.sty
(/usr/local/share/miktex-texmf/tex/generic/pgf/math/pgfmath.code.tex))
(/usr/local/share/miktex-texmf/tex/generic/pgf/utilities/pgffor.code.tex
Package: pgffor 2021/05/15 v3.1.9a (3.1.9a)

(/usr/local/share/miktex-texmf/tex/generic/pgf/math/pgfmath.code.tex)
\pgffor@iter=\dimen258
\pgffor@skip=\dimen259
\pgffor@stack=\toks34
\pgffor@toks=\toks35
))
(/usr/local/share/miktex-texmf/tex/generic/pgf/frontendlayer/tikz/tikz.code.tex
Package: tikz 2021/05/15 v3.1.9a (3.1.9a)

(/usr/local/share/miktex-texmf/tex/generic/pgf/libraries/pgflibraryplothandlers
.code.tex
File: pgflibraryplothandlers.code.tex 2021/05/15 v3.1.9a (3.1.9a)
\pgf@plot@mark@count=\count299
\pgfplotmarksize=\dimen260
)
\tikz@lastx=\dimen261
\tikz@lasty=\dimen262
\tikz@lastxsaved=\dimen263
\tikz@lastysaved=\dimen264
\tikz@lastmovetox=\dimen265
\tikz@lastmovetoy=\dimen266
\tikzleveldistance=\dimen267
\tikzsiblingdistance=\dimen268
\tikz@figbox=\box69
\tikz@figbox@bg=\box70
\tikz@tempbox=\box71
\tikz@tempbox@bg=\box72
\tikztreelevel=\count300
\tikznumberofchildren=\count301
\tikznumberofcurrentchild=\count302
\tikz@fig@count=\count303

(/usr/local/share/miktex-texmf/tex/generic/pgf/modules/pgfmodulematrix.code.tex
File: pgfmodulematrix.code.tex 2021/05/15 v3.1.9a (3.1.9a)
\pgfmatrixcurrentrow=\count304
\pgfmatrixcurrentcolumn=\count305
\pgf@matrix@numberofcolumns=\count306
)
\tikz@expandcount=\count307

(/usr/local/share/miktex-texmf/tex/generic/pgf/frontendlayer/tikz/libraries/tik
zlibrarytopaths.code.tex
File: tikzlibrarytopaths.code.tex 2021/05/15 v3.1.9a (3.1.9a)
)))
(/home/wes/.miktex/texmfs/install/tex/generic/chemfig/chemfig.tex
(/home/wes/.miktex/texmfs/install/tex/generic/simplekv/simplekv.tex
Package: simplekv 2020/04/27 v0.2 Simple keyval package (CT)
)
(/usr/local/share/miktex-texmf/tex/generic/pgf/libraries/pgflibraryarrows.meta.
code.tex
File: pgflibraryarrows.meta.code.tex 2021/05/15 v3.1.9a (3.1.9a)
\pgfarrowinset=\dimen269
\pgfarrowlength=\dimen270
\pgfarrowwidth=\dimen271
\pgfarrowlinewidth=\dimen272
)
\CF_cntatomgroup=\count308
\CF_cntgroup=\count309
\CF_cntatom=\count310
\CF_cntcycle=\count311
\CF_cntcyclebonds=\count312
\CF_cntcompound=\count313
\CF_dim=\dimen273
\CF_arrowsize=\dimen274
\CF_zero=\dimen275
\CF_box=\box73
\CF_boxstuff=\box74
\CF_testbox=\box75
\CF_chargebox=\box76
\CF_substtoks=\toks36
)
Package: chemfig 2021/08/01 v1.6b Draw molecule with an easy syntax (CT)
) (/home/wes/.miktex/texmfs/install/tex/latex/geometry/geometry.sty
Package: geometry 2020/01/02 v5.9 Page Geometry

(/usr/local/share/miktex-texmf/tex/generic/iftex/ifvtex.sty
Package: ifvtex 2019/10/25 v1.7 ifvtex legacy package. Use iftex instead.
)
\Gm@cnth=\count314
\Gm@cntv=\count315
\c@Gm@tempcnt=\count316
\Gm@bindingoffset=\dimen276
\Gm@wd@mp=\dimen277
\Gm@odd@mp=\dimen278
\Gm@even@mp=\dimen279
\Gm@layoutwidth=\dimen280
\Gm@layoutheight=\dimen281
\Gm@layouthoffset=\dimen282
\Gm@layoutvoffset=\dimen283
\Gm@dimlist=\toks37

(/home/wes/.miktex/texmfs/install/tex/latex/geometry/geometry.cfg))
(/home/wes/.miktex/texmfs/install/tex/latex/float/float.sty
Package: float 2001/11/08 v1.3d Float enhancements (AL)
\c@float@type=\count317
\float@exts=\toks38
\float@box=\box77
\@float@everytoks=\toks39
\@floatcapt=\box78
)
\@float@every@table=\toks40

(/home/wes/.miktex/texmfs/install/tex/latex/booktabs/booktabs.sty
Package: booktabs 2020/01/12 v1.61803398 Publication quality tables
\heavyrulewidth=\dimen284
\lightrulewidth=\dimen285
\cmidrulewidth=\dimen286
\belowrulesep=\dimen287
\belowbottomsep=\dimen288
\aboverulesep=\dimen289
\abovetopsep=\dimen290
\cmidrulesep=\dimen291
\cmidrulekern=\dimen292
\defaultaddspace=\dimen293
\@cmidla=\count318
\@cmidlb=\count319
\@aboverulesep=\dimen294
\@belowrulesep=\dimen295
\@thisruleclass=\count320
\@lastruleclass=\count321
\@thisrulewidth=\dimen296
)
(/usr/local/share/miktex-texmf/tex/latex/tools/verbatim.sty
Package: verbatim 2020-07-07 v1.5u LaTeX2e package for verbatim enhancements
\every@verbatim=\toks41
\verbatim@line=\toks42
\verbatim@in@stream=\read3
)
(/home/wes/.miktex/texmfs/install/tex/latex/was/gensymb.sty
Package: gensymb 2003/07/02 v1.0 (WaS)
)
(/home/wes/.miktex/texmfs/install/tex/latex/jknappen/mathrsfs.sty
Package: mathrsfs 1996/01/01 Math RSFS package v1.0 (jk)
\symrsfs=\mathgroup4
)
(/usr/local/share/miktex-texmf/tex/latex/graphics/rotating.sty
Package: rotating 2016/08/11 v2.16d rotated objects in LaTeX

(/usr/local/share/miktex-texmf/tex/latex/base/ifthen.sty
Package: ifthen 2020/11/24 v1.1c Standard LaTeX ifthen package (DPC)
)
\c@r@tfl@t=\count322
\rotFPtop=\skip73
\rotFPbot=\skip74
\rot@float@box=\box79
\rot@mess@toks=\toks43
)
(/home/wes/.miktex/texmfs/install/tex/latex/comment/comment.sty
\CommentStream=\write4

Excluding comment 'comment')
(/usr/local/share/miktex-texmf/tex/latex/listings/listings.sty
\lst@mode=\count323
\lst@gtempboxa=\box80
\lst@token=\toks44
\lst@length=\count324
\lst@currlwidth=\dimen297
\lst@column=\count325
\lst@pos=\count326
\lst@lostspace=\dimen298
\lst@width=\dimen299
\lst@newlines=\count327
\lst@lineno=\count328
\lst@maxwidth=\dimen300

(/usr/local/share/miktex-texmf/tex/latex/listings/lstmisc.sty
File: lstmisc.sty 2020/03/24 1.8d (Carsten Heinz)
\c@lstnumber=\count329
\lst@skipnumbers=\count330
\lst@framebox=\box81
)
(/usr/local/share/miktex-texmf/tex/latex/listings/listings.cfg
File: listings.cfg 2020/03/24 1.8d listings configuration
))
Package: listings 2020/03/24 1.8d (Carsten Heinz)
Package translations Info: No language package found. I am going to use `englis
h' as default language. on input line 29.
 (notes.aux

LaTeX Warning: Label `rt1' multiply defined.

)
\openout1 = `notes.aux'.

LaTeX Font Info:    Checking defaults for OML/cmm/m/it on input line 29.
LaTeX Font Info:    ... okay on input line 29.
LaTeX Font Info:    Checking defaults for OMS/cmsy/m/n on input line 29.
LaTeX Font Info:    ... okay on input line 29.
LaTeX Font Info:    Checking defaults for OT1/cmr/m/n on input line 29.
LaTeX Font Info:    ... okay on input line 29.
LaTeX Font Info:    Checking defaults for T1/cmr/m/n on input line 29.
LaTeX Font Info:    ... okay on input line 29.
LaTeX Font Info:    Checking defaults for TS1/cmr/m/n on input line 29.
LaTeX Font Info:    ... okay on input line 29.
LaTeX Font Info:    Checking defaults for OMX/cmex/m/n on input line 29.
LaTeX Font Info:    ... okay on input line 29.
LaTeX Font Info:    Checking defaults for U/cmr/m/n on input line 29.
LaTeX Font Info:    ... okay on input line 29.

Package chemgreek Info: Activating mapping `default' on line 29.

 (/usr/local/share/miktex-texmf/tex/context/base/mkii/supp-pdf.mkii
[Loading MPS to PDF converter (version 2006.09.02).]
\scratchcounter=\count331
\scratchdimen=\dimen301
\scratchbox=\box82
\nofMPsegments=\count332
\nofMParguments=\count333
\everyMPshowfont=\toks45
\MPscratchCnt=\count334
\MPscratchDim=\dimen302
\MPnumerator=\count335
\makeMPintoPDFobject=\count336
\everyMPtoPDFconversion=\toks46
) (/usr/local/share/miktex-texmf/tex/latex/epstopdf-pkg/epstopdf-base.sty
Package: epstopdf-base 2020-01-24 v2.11 Base part for package epstopdf
Package epstopdf-base Info: Redefining graphics rule for `.eps' on input line 4
85.

(/usr/local/share/miktex-texmf/tex/latex/00miktex/epstopdf-sys.cfg
File: epstopdf-sys.cfg 2021/03/18 v2.0 Configuration of epstopdf for MiKTeX
))
(/home/wes/.miktex/texmfs/install/tex/latex/translations/dicts/translations-bas
ic-dictionary-english.trsl
File: translations-basic-dictionary-english.trsl (english translation file `tra
nslations-basic-dictionary')
)
Package translations Info: loading dictionary `translations-basic-dictionary' f
or `english'. on input line 29.

*geometry* driver: auto-detecting
*geometry* detected driver: pdftex
*geometry* verbose mode - [ preamble ] result:
* driver: pdftex
* paper: letterpaper
* layout: <same size as paper>
* layoutoffset:(h,v)=(0.0pt,0.0pt)
* modes: 
* h-part:(L,W,R)=(36.135pt, 542.02501pt, 36.135pt)
* v-part:(T,H,B)=(36.135pt, 722.7pt, 36.135pt)
* \paperwidth=614.295pt
* \paperheight=794.96999pt
* \textwidth=542.02501pt
* \textheight=722.7pt
* \oddsidemargin=-36.135pt
* \evensidemargin=-36.135pt
* \topmargin=-73.135pt
* \headheight=12.0pt
* \headsep=25.0pt
* \topskip=10.0pt
* \footskip=30.0pt
* \marginparwidth=65.0pt
* \marginparsep=11.0pt
* \columnsep=10.0pt
* \skip\footins=9.0pt plus 4.0pt minus 2.0pt
* \hoffset=0.0pt
* \voffset=0.0pt
* \mag=1000
* \@twocolumnfalse
* \@twosidefalse
* \@mparswitchfalse
* \@reversemarginfalse
* (1in=72.27pt=25.4mm, 1cm=28.453pt)

\symgns@font=\mathgroup5
LaTeX Font Info:    Overwriting symbol font `gns@font' in version `bold'
(Font)                  TS1/cmr/m/n --> TS1/cmr/b/n on input line 29.
Package gensymb Info: Math companion symbols declared on input line 29.
LaTeX Info: Redefining \degree on input line 29.
LaTeX Info: Redefining \celsius on input line 29.
Package gensymb Info: Using text companion symbols for \degree, \celsius and \p
erthousand on input line 29.
LaTeX Info: Redefining \ohm on input line 29.
Package gensymb Info: Using \textohm for \ohm on input line 29.
LaTeX Info: Redefining \micro on input line 29.
Package gensymb Info: Using \textmu for \micro on input line 29.
\c@lstlisting=\count337
LaTeX Font Info:    Trying to load font information for U+rsfs on input line 30
.
(/home/wes/.miktex/texmfs/install/tex/latex/jknappen/ursfs.fd
File: ursfs.fd 1998/03/24 rsfs font definition file (jk)
) [1

{/home/wes/.miktex/texmfs/data/pdftex/config/pdftex.map}] [2] [3] [4] [5] [6] [
7] [8]
[9] [10] [11] [12]
Overfull \hbox (62.35779pt too wide) detected at line 1226
[]
 []

[13] [14] [15] (notes.aux)

LaTeX Warning: There were multiply-defined labels.

 ) 
Here is how much of TeX's memory you used:
 21247 strings out of 478938
 443084 string characters out of 2859864
 1019820 words of memory out of 3000000
 38756 multiletter control sequences out of 15000+600000
 415851 words of font info for 62 fonts, out of 8000000 for 9000
 1141 hyphenation exceptions out of 8191
 102i,13n,108p,679b,515s stack positions out of 5000i,500n,10000p,200000b,80000s
 </home/wes/.miktex/texmfs/data/fonts/pk/ljfour/jknappen/ec/dpi600/ecbx1000.p
k> </home/wes/.miktex/texmfs/data/fonts/pk/ljfour/jknappen/ec/dpi600/ecrm1000.p
k> </home/wes/.miktex/texmfs/data/fonts/pk/ljfour/jknappen/ec/dpi600/ecbx1440.p
k> </home/wes/.miktex/texmfs/data/fonts/pk/ljfour/jknappen/ec/dpi600/ecrm1200.p
k> </home/wes/.miktex/texmfs/data/fonts/pk/ljfour/jknappen/ec/dpi600/ecrm1728.p
k></usr/local/share/miktex-texmf/fonts/type1/public/amsfonts/cm/cmbx10.pfb></us
r/local/share/miktex-texmf/fonts/type1/public/amsfonts/cm/cmex10.pfb></usr/loca
l/share/miktex-texmf/fonts/type1/public/amsfonts/cmextra/cmex7.pfb></usr/local/
share/miktex-texmf/fonts/type1/public/amsfonts/cm/cmmi10.pfb></usr/local/share/
miktex-texmf/fonts/type1/public/amsfonts/cm/cmmi5.pfb></usr/local/share/miktex-
texmf/fonts/type1/public/amsfonts/cm/cmmi7.pfb></usr/local/share/miktex-texmf/f
onts/type1/public/amsfonts/cm/cmr10.pfb></usr/local/share/miktex-texmf/fonts/ty
pe1/public/amsfonts/cm/cmr5.pfb></usr/local/share/miktex-texmf/fonts/type1/publ
ic/amsfonts/cm/cmr7.pfb></usr/local/share/miktex-texmf/fonts/type1/public/amsfo
nts/cm/cmsy10.pfb></usr/local/share/miktex-texmf/fonts/type1/public/amsfonts/cm
/cmsy5.pfb></usr/local/share/miktex-texmf/fonts/type1/public/amsfonts/cm/cmsy7.
pfb></usr/local/share/miktex-texmf/fonts/type1/public/rsfs/rsfs10.pfb>
Output written on notes.pdf (15 pages, 279783 bytes).
PDF statistics:
 287 PDF objects out of 1000 (max. 8388607)
 0 named destinations out of 1000 (max. 500000)
 13 words of extra memory for PDF output out of 10000 (max. 10000000)

