4cl2ftol   @   2023-10-30T17:08:27.875

Control Parameters
mcalc = 5
νmax = 23.0
maxiter = 60
overwrite = false
λlm0 = 0.0001
apology = true
Jmax = 6.5
S = 1.5
assign = RAM36
turducken = 1
REJECT = 10.0
TK = 25.0
RUNmode =  EF
vtmax = 0
NFOLD = 3
νmin = 4.0
INTthres = 1.0e-5

Initial Parameters
 BN;          2315.8591228717546;   1.0
 BK;           768.4514833471549;   1.0
 B⨦;           48.15058315893907;   1.0
 Dab;        -113.65398387812922;   1.0
 T⁰₀(ϵ);                    -0.0;   0.0
 T²₀(ϵ);                     0.0;   0.0
 T²₁(ϵ);                     0.0;   0.0
 T²₂(ϵ);                     0.0;   0.0
 T²₀(χ);       -70.2293904713714;   1.0
 T²₁(χ);       9.846888511723208;   1.0
 T²₂(χ);      1.4811696021548737;   1.0
 F;            161663.7125406618;   0.0
 -2ρF;        -5920.035048159003;   1.0
 V3/2;       3.353943044978072e6;   1.0
 η;                          0.0;   0.0

 DN;        -8.212062523085302e-6;   1.0
 V3N;         0.28279061404455114;   1.0

Number of lines = 312

Initial RMS = 52.98759852909981 MHz
Initial λ = 5.165439878306147e-6

-------------------------------------

After   1 Iterations:

RMS = 52.9725 MHz, log₁₀(λ) = 0.1316

                        Parameter     Change
 BN;            2315.517904199504;    -0.3412
 BK;            768.4908245081991;     0.0393
 B⨦;           48.125902730275214;    -0.0247
 Dab;         -112.73708121141625;     0.9169
 T⁰₀(ϵ);                     -0.0;      Fixed
 T²₀(ϵ);                      0.0;      Fixed
 T²₁(ϵ);                      0.0;      Fixed
 T²₂(ϵ);                      0.0;      Fixed
 T²₀(χ);        -34.9474891461614;    35.2819
 T²₁(χ);       -260.8768831242943;  -270.7238
 T²₂(χ);       -2.297358777664834;    -3.7785
 F;             161663.7125406618;      Fixed
 -2ρF;         -5941.797850042526;   -21.7628
 V3/2;       3.1203181608422548e6; -233624.8841
 η;                           0.0;      Fixed
 DN;        -7.286730359583111e-5;    -0.0001
 V3N;          0.3345654536814416;     0.0518

Max Change; T²₁(χ), 2749.3332%

-------------------------------------

 The RMS has stopped decreasing. Hopefully it is low.

After   1 iterations:

Final RMS = 52.9725 MHz
Final log₁₀(λ) = 5.4532


                         Parameter                   Uncertainty
 A;               3029.4124294889;            1813.3572266728015
 B;             864.7426299687495;             765.7158142959847
 C;             672.2390190476488;             765.7158142959847
 Dab;         -112.73708121141625;            10846.876590131566
 ϵzz;                         0.0;                           0.0
 ϵxx;                         0.0;                           0.0
 ϵxz;                        -0.0;                           0.0
 ϵyy;                        -0.0;                           0.0
 χzz;           -34.9474891461614;             817.8817647976477
 χxz;           319.5076246711024;             7601.719372847574
 χxx-χyy;       -5.62735676138291;             874.4120438645812
 F;            5.3925209999999995;                           0.0
 ρ;          0.018377030184024878;             0.223124687181496
 V3;            208.1652208103417;             845.8024959519313
 η;                           0.0;                           0.0
 DN;        -7.286730359583111e-5;         0.0015380640209408925
 V3N;          0.3345654536814416;            130.29810386195268


Journal Formatted Values
 A;                      3.(18)e3
 B;                   860.0(77)e0
 C;           670e0(Undetermined)
 Dab;         -0.e0(Undetermined)
 ϵzz;               0.0e0 (Fixed)
 ϵxx;               0.0e0 (Fixed)
 ϵxz;              -0.0e0 (Fixed)
 ϵyy;              -0.0e0 (Fixed)
 χzz;         -30e0(Undetermined)
 χxz;         300e0(Undetermined)
 χxx-χyy;     -10e0(Undetermined)
 F;             5.39252e0 (Fixed)
 ρ;          20.e-3(Undetermined)
 V3;          210e0(Undetermined)
 η;                 0.0e0 (Fixed)
 DN;         -10e-6(Undetermined)
 V3N;         0.0e0(Undetermined)


 Again, sorry about the name...


