ipfp   @   2024-02-16T18:57:39.823

Control Parameters
mcalc = 0
νmax = 23.0
maxiter = 60
λlm0 = 0.0001
apology = true
Jmax = 11.5
S = 2.5
assign = eeo
turducken = 2
REJECT = 10.0
TK = 25.0
RUNmode =  F
vtmax = 0
NFOLD = 0
νmin = 4.7
INTthres = 1.0e-5

Initial Parameters
 BN;          1181.4827651537598;   1.0
 BK;           390.6449019516093;   1.0
 B⨦;          3.9068838246821542;   1.0
 Dab;                        0.0;   0.0
 T⁰₀(ϵ);    -0.00240780861245052;   0.1
 T²₀(ϵ);   0.0008908021998417463;   0.1
 T²₁(ϵ);   -0.001192896317525385;   0.0
 T²₂(ϵ);  -0.0003071085643331411;   0.1
 T²₀(χ);     -1798.3967106217356;   1.0
 T²₁(χ);       -809.743122525575;   0.1
 T²₂(χ);     -149.52182822598024;   1.0
 F;                          0.0;   0.0
 -2ρF;                      -0.0;   0.0
 V3/2;                       0.0;   0.0
 η;                          0.0;   0.0

 DN;        -8.433593168073596e-6;   1.0
 DNK;      -1.0196526389717844e-5;   1.0
 DK;       -5.0160129999284355e-5;   1.0
 d1;        -8.856269398205518e-7;   1.0
 d2;         8.824430392596355e-8;   1.0

Number of lines = 776

Initial RMS = 0.00651913851156644 MHz
Initial λ = 6.519117262121503e-10

-------------------------------------

 It would appear step size has converged.

After   0 iterations:

Final RMS = 0.0065 MHz
Final log₁₀(λ) = 1.6513


                         Parameter                   Uncertainty
 A;            1572.1276671053693;        0.00017364082641616851
 B;             398.4586696009736;           5.71700746986109e-5
 C;              382.831134302245;           5.71700746986109e-5
 Dab;                         0.0;                           0.0
 ϵzz;         0.00211748590100909;         0.0002509034905826391
 ϵxx;       0.0007193719109954246;        0.00023957574444974472
 ϵxz;        0.001192896317525385;                           0.0
 ϵyy;        0.001333589039661707;        0.00023957574444974472
 χzz;         -1798.3967106217356;          0.009285202980010595
 χxz;           991.7287364578091;          0.006986980064295621
 χxx-χyy;     -366.25218456172684;          0.042244021093319026
 F;                           0.0;                           0.0
 ρ;                           0.0;                           0.0
 V3;                          0.0;                           0.0
 η;                           0.0;                           0.0
 DN;        -8.433593168073596e-6;          6.129788538779673e-8
 DNK;      -1.0196526389717844e-5;         1.8332817557862624e-7
 DK;       -5.0160129999284355e-5;          1.929011629871993e-6
 d1;        -8.856269398205518e-7;          4.068229766900871e-8
 d2;         8.824430392596355e-8;          8.528646094556984e-9


Journal Formatted Values
 A;              1.57212767(17)e3
 B;               398.45867(57)e0
 C;              382.831134(57)e0
 Dab;               0.0e0 (Fixed)
 ϵzz;                 2.12(25)e-3
 ϵxx;                720.0(24)e-6
 ϵxz;             1.19e-3 (Fixed)
 ϵyy;                 1.33(24)e-3
 χzz;            -1.7983967(93)e3
 χxz;               991.7287(7)e0
 χxx-χyy;          -366.252(42)e0
 F;                 0.0e0 (Fixed)
 ρ;                 0.0e0 (Fixed)
 V3;                0.0e0 (Fixed)
 η;                 0.0e0 (Fixed)
 DN;                -8.434(61)e-6
 DNK;                -10.2(18)e-6
 DK;                 -50.2(19)e-6
 d1;                -886.0(41)e-9
 d2;                  88.2(85)e-9


 Again, sorry about the name...


