2ba   @   2024-05-31T22:26:36.707

Control Parameters
mcalc = 8
νmax = 20.0
maxiter = 60
overwrite = true
Irrep = Ir
λlm0 = 0.0001
apology = true
Jmax = 16
S = 0.0
assign = RAM36
turducken = 2
REJECT = 10.0
TK = 25.0
RUNmode =  EF
INTThresh = 0.0
vtmax = 0
NFOLD = 3
νmin = 0.0
INTthres = 1.0e-5
LIMIT = 100

Initial Parameters
 BK;           10497.17271263465;   1.0
 BN;           1640.883354759931;   1.0
 B⨦;          55.651263349423516;   1.0
 Dab;         -16.18461087425677;   1.0
 T⁰₀(ϵ);                    -0.0;   0.0
 T²₀(ϵ);                     0.0;   0.0
 T²₁(ϵ);                     0.0;   0.0
 T²₂(ϵ);                     0.0;   0.0
 T²₀(χ);                     0.0;   0.0
 T²₁(χ);                    -0.0;   0.0
 T²₂(χ);                     0.0;   0.0
 F;                169682.531228;   0.0
 -2ρF;       -24274.340880572883;   1.0
 V3/2;        15124.431658569421;   1.0
 η;                          0.0;   0.0

 ΔN;        -4.402405057456455e-5;   1.0
 ΔNK;       -0.011351739054314018;   1.0
 ΔK;       -0.0026469867549884563;   1.0
 δN;        -2.401140834054208e-5;   1.0
 δK;        -3.079262928000889e-5;   1.0
 FN;         -0.03725320153281369;   1.0
 ρN;          0.03520510802749599;   1.0
 ρK;         0.015040668736100242;   1.0
 ρbc;      -0.0007493433017866414;   1.0

Number of lines = 89

Initial RMS = 0.002623026115369737 MHz
Initial λ = 2.62302267524576e-10

-------------------------------------

K;           10497.172712645419;     0.0000
 BN;           1640.8833547594159;    -0.0000
 B⨦;            55.65126334854862;    -0.0000
 Dab;         -16.184610794354704;     0.0000
 T⁰₀(ϵ);                     -0.0;      Fixed
 T²₀(ϵ);                      0.0;      Fixed
 T²₁(ϵ);                      0.0;      Fixed
 T²₂(ϵ);                      0.0;      Fixed
 T²₀(χ);                      0.0;      Fixed
 T²₁(χ);                     -0.0;      Fixed
 T²₂(χ);                      0.0;      Fixed
 F;                 169682.531228;      Fixed
 -2ρF;         -24274.34088076408;    -0.0000
 V3/2;         15124.431745684518;     0.0001
 η;                           0.0;      Fixed
 ΔN;        -4.402403979304124e-5;     0.0000
 ΔNK;       -0.011351738768139243;     0.0000
 ΔK;        -0.002646989165929749;    -0.0000
 δN;       -2.4011390539103892e-5;     0.0000
 δK;       -3.0792595061811945e-5;     0.0000
 FN;        -0.037253201386220576;     0.0000
 ρN;          0.03520510821971321;     0.0000
 ρK;         0.015040678618850329;     0.0000
 ρbc;      -0.0007493426550447417;     0.0000

Max Change; δK, 0.0001%

-------------------------------------

 The RMS has stopped decreasing. Hopefully it is low.

After   1 iterations:

Final RMS = 0.0026 MHz
Final log₁₀(λ) = -9.5812


                         Parameter                   Uncertainty
 A;            11269.900074959485;         0.0010809330313260705
 B;             1752.185881456513;         0.0001492767147014345
 C;            1529.5808280623187;         0.0001492767147014345
 Dab;         -16.184610794354704;         0.0047560018033480644
 ϵzz;                         0.0;                           0.0
 ϵxx;                         0.0;                           0.0
 ϵxz;                        -0.0;                           0.0
 ϵyy;                        -0.0;                           0.0
 χzz;                         0.0;                           0.0
 χxz;                         0.0;                           0.0
 χxx-χyy;                     0.0;                           0.0
 F;                          5.66;                           0.0
 ρ;            0.0715286974595723;          3.715443145953455e-8
 V3;           1.0089934781270926;         0.0004083503259625894
 η;                           0.0;                           0.0
 ΔN;        -4.402403979304124e-5;         1.6870558348800609e-6
 ΔNK;       -0.011351738768139243;          9.631744347312218e-6
 ΔK;        -0.002646989165929749;        0.00020796269472163264
 δN;       -2.4011390539103892e-5;         1.2923644477549437e-6
 δK;       -3.0792595061811945e-5;         3.7723553109189325e-6
 FN;        -0.037253201386220576;          9.542285978911372e-5
 ρN;          0.03520510821971321;         3.5131033158295004e-5
 ρK;         0.015040678618850329;         0.0007378866506374644
 ρbc;      -0.0007493426550447417;          6.198037636778576e-5


Journal Formatted Values
 A;              11.2699001(11)e3
 B;              1.75218588(15)e3
 C;              1.52958083(15)e3
 Dab;              -16.1846(48)e0
 ϵzz;               0.0e0 (Fixed)
 ϵxx;               0.0e0 (Fixed)
 ϵxz;              -0.0e0 (Fixed)
 ϵyy;              -0.0e0 (Fixed)
 χzz;               0.0e0 (Fixed)
 χxz;               0.0e0 (Fixed)
 χxx-χyy;           0.0e0 (Fixed)
 F;                5.66e0 (Fixed)
 ρ;              71.528697(37)e-3
 V3;                1.00899(41)e0
 η;                 0.0e0 (Fixed)
 ΔN;                 -44.0(17)e-6
 ΔNK;             -11.3517(96)e-3
 ΔK;                 -2.65(21)e-3
 δN;                 -24.0(13)e-6
 δK;                 -30.8(38)e-6
 FN;               -37.253(95)e-3
 ρN;                35.205(35)e-3
 ρK;                 15.04(74)e-3
 ρbc;               -749.0(62)e-6


 Again, sorry about the name...


