ocltol   @   2023-06-10T01:06:17.563

Control Parameters
NFOLD = 3
S = 1.5
TK = 25.0
RUNmode = F
mcalc = 5
vtmax = 0
turducken = 2
Jmax = 1.5
νmin = 4.7
νmax = 23.0
%2NDORDER

Initial Parameters
BN;           1606.6735590576643;   1.0
BK;           1273.2765811270367;   1.0
B⨦;            131.7007781091614;   1.0
Dab;          25.921137794414424;   1.0
T⁰₀(ϵ);                     -0.0;   0.0
T²₀(ϵ);                      0.0;   0.0
T²₁(ϵ);                     -0.0;   0.0
T²₂(ϵ);                      0.0;   0.0
T²₀(χ);                -67.97044;   1.0
T²₁(χ);       -11.85553035507058;   1.0
T²₂(χ);        2.790601601880259;   1.0
F;            157932.28605346568;   1.0
-2ρF;         -4576.089695603747;   1.0
V3/2;        7.213443472727379e6;   1.0
η;                           0.0;   0.0


Number of lines = 524

Initial RMS = 35.4471413080477 MHz, Initial λ = 3.484039868605089e-6

-------------------------------------


BN;           1607.0779203863876;     0.4044
BK;           1271.9469387807742;    -1.3296
B⨦;           133.28895797098153;     1.5882
Dab;          17.275529083054828;    -8.6456
T⁰₀(ϵ);                     -0.0;      Fixed
T²₀(ϵ);                      0.0;      Fixed
T²₁(ϵ);                     -0.0;      Fixed
T²₂(ϵ);                      0.0;      Fixed
T²₀(χ);        74.03167888553533;   142.0021
T²₁(χ);        103.0342007482966;   114.8897
T²₂(χ);       -4.458387827558145;    -7.2490
F;            175111.09131564337; 17178.8053
-2ρF;         -4436.799032652458;   139.2907
V3/2;        8.009071587326666e6; 795628.1146
η;                           0.0;      Fixed

Max Change; T²₁(χ), 969.0813%

-------------------------------------

After   2 Iterations:

RMS = 0.3247 MHz, log₁₀(λ) = -0.9139

                        Parameter     Change
BN;           1607.1406091567878;     0.0627
BK;           1271.9505180178235;     0.0036
B⨦;           133.29052598843853;     0.0016
Dab;          17.168447920185624;    -0.1071
T⁰₀(ϵ);                     -0.0;      Fixed
T²₀(ϵ);                      0.0;      Fixed
T²₁(ϵ);                     -0.0;      Fixed
T²₂(ϵ);                      0.0;      Fixed
T²₀(χ);        74.22846052546019;     0.1968
T²₁(χ);        163.0400245770246;    60.0058
T²₂(χ);       -4.322374292262158;     0.1360
F;            175406.73685947066;   295.6455
-2ρF;         -4432.465054226505;     4.3340
V3/2;        8.035318226636897e6; 26246.6393
η;                           0.0;      Fixed

Max Change; T²₁(χ), 58.2387%

-------------------------------------

