ibnz   @   2023-06-09T23:28:25.049

Control Parameters
NFOLD = 0
S = 2.5
TK = 25.0
RUNmode = F
mcalc = 0
vtmax = 0
Jmax = 11.5
νmin = 4.7
νmax = 23.0
%2NDORDER

Initial Parameters
BN;                 4962.6007575;   1.0
BK;                  706.5252425;   1.0
B⨦;            21.94454024999999;   1.0
Dab;                         0.0;   0.0
T⁰₀(ϵ);    -0.001962990915244728;   1.0
T²₀(ϵ);      6.94022093788568e-5;   1.0
T²₁(ϵ);                     -0.0;   0.0
T²₂(ϵ);  -0.00019499999999999997;   1.0
T²₀(χ);               -1892.0398;   1.0
T²₁(χ);                     -0.0;   0.0
T²₂(χ);       27.036120561482193;   1.0
F;                           0.0;   0.0
-2ρF;                       -0.0;   0.0
V3/2;                        0.0;   0.0
η;                           0.0;   0.0

DN;                    -8.305e-6;   1.0
DNK;                    -9.86e-6;   1.0
DK;                    -5.172e-5;   1.0
d1;                      3.94e-7;   1.0
d2;                     -2.77e-8;   1.0

Number of lines = 125

Initial RMS = 133.23966247062316 MHz, Initial λ = 1.2540689406196107e-5

-------------------------------------

BN;           2058.2371544239736; -2904.3636
BK;            707.2543421507389;     0.7291
B⨦;           23.190653119495266;     1.2461
Dab;                         0.0;      Fixed
T⁰₀(ϵ);       -14.14846638869519;   -14.1465
T²₀(ϵ);        10.69930548126906;    10.6992
T²₁(ϵ);                     -0.0;      Fixed
T²₂(ϵ);     -0.42789776837257815;    -0.4277
T²₀(χ);       1607.6710253828783;  3499.7108
T²₁(χ);                     -0.0;      Fixed
T²₂(χ);       20.813034991120613;    -6.2231
F;                           0.0;      Fixed
-2ρF;                       -0.0;      Fixed
V3/2;                        0.0;      Fixed
η;                           0.0;      Fixed
DN;        -0.032324543830554296;    -0.0323
DNK;          0.1040752879407895;     0.1041
DK;             1430.44868373941;  1430.4487
d1;        -0.017862917799934548;    -0.0179
d2;          0.02667149683220738;     0.0267

Max Change; DK, 2765755482.3268%

-------------------------------------

After   2 Iterations:

RMS = 58.3718 MHz, log₁₀(λ) = -5.1102

                        Parameter     Change
BN;           2047.9857804417204;   -10.2514
BK;            706.3995436173687;    -0.8548
B⨦;            21.99276528800526;    -1.1979
Dab;                         0.0;      Fixed
T⁰₀(ϵ);        -2.61992189897172;    11.5285
T²₀(ϵ);        3.237264942623095;    -7.4620
T²₁(ϵ);                     -0.0;      Fixed
T²₂(ϵ);      0.39516709336499517;     0.8231
T²₀(χ);        1843.934209918271;   236.2632
T²₁(χ);                     -0.0;      Fixed
T²₂(χ);       -9.559958892159223;   -30.3730
F;                           0.0;      Fixed
-2ρF;                       -0.0;      Fixed
V3/2;                        0.0;      Fixed
η;                           0.0;      Fixed
DN;         0.009825164200191548;     0.0421
DNK;        0.004343964775160955;    -0.0997
DK;             734.883772674848;  -695.5649
d1;      -0.00048099789206807256;     0.0174
d2;        -0.009229874740752115;    -0.0359

Max Change; T²₂(ϵ), 192.3508%

-------------------------------------

After   3 Iterations:

RMS = 31.4523 MHz, log₁₀(λ) = -5.4398

                        Parameter     Change
BN;            3649.301499482728;  1601.3157
BK;            706.2604684955782;    -0.1391
B⨦;           21.656009930406125;    -0.3368
Dab;                         0.0;      Fixed
T⁰₀(ϵ);      -0.7379198603780135;     1.8820
T²₀(ϵ);       1.0611791236872272;    -2.1761
T²₁(ϵ);                     -0.0;      Fixed
T²₂(ϵ);      0.21794800492789912;    -0.1772
T²₀(χ);       1881.1385662894104;    37.2044
T²₁(χ);                     -0.0;      Fixed
T²₂(χ);       -32.20778463681815;   -22.6478
F;                           0.0;      Fixed
-2ρF;                       -0.0;      Fixed
V3/2;                        0.0;      Fixed
η;                           0.0;      Fixed
DN;         0.004696697927626418;    -0.0051
DNK;         0.06545417656247249;     0.0611
DK;           246.04035459153835;  -488.8434
d1;        0.0060284162524667515;     0.0065
d2;       -0.0032672906412007634;     0.0060

Max Change; DNK, 1406.7842%

-------------------------------------

After   4 Iterations:

RMS = 6.0723 MHz, log₁₀(λ) = -4.5956

                        Parameter     Change
BN;            4847.280744410358;  1197.9792
BK;            706.4275115560545;     0.1670
B⨦;           21.844423495406826;     0.1884
Dab;                         0.0;      Fixed
T⁰₀(ϵ);     -0.21480623538203258;     0.5231
T²₀(ϵ);      0.32139589892019405;    -0.7398
T²₁(ϵ);                     -0.0;      Fixed
T²₂(ϵ);     0.047423733358447795;    -0.1705
T²₀(χ);        1889.281453855532;     8.1429
T²₁(χ);                     -0.0;      Fixed
T²₂(χ);       -30.65573394187778;     1.5521
F;                           0.0;      Fixed
-2ρF;                       -0.0;      Fixed
V3/2;                        0.0;      Fixed
η;                           0.0;      Fixed
DN;         0.001175278498132893;    -0.0035
DNK;        0.030371061480535658;    -0.0351
DK;           17.342295158459535;  -228.6981
d1;         0.001845962162896412;    -0.0042
d2;        -0.000671435838000133;     0.0026

Max Change; DK, 92.9514%

-------------------------------------

After   5 Iterations:

RMS = 0.0510 MHz, log₁₀(λ) = -5.4015

                        Parameter     Change
BN;             4986.77806106552;   139.4973
BK;            706.5262687308783;     0.0988
B⨦;           21.940027626414576;     0.0956
Dab;                         0.0;      Fixed
T⁰₀(ϵ);    -0.034355094751177484;     0.1805
T²₀(ϵ);      0.05367392201180693;    -0.2677
T²₁(ϵ);                     -0.0;      Fixed
T²₂(ϵ);    0.0021556908451933407;    -0.0453
T²₀(χ);       1891.5488712477122;     2.2674
T²₁(χ);                     -0.0;      Fixed
T²₂(χ);       -27.39301483192653;     3.2627
F;                           0.0;      Fixed
-2ρF;                       -0.0;      Fixed
V3/2;                        0.0;      Fixed
η;                           0.0;      Fixed
DN;       0.00022437893614271306;    -0.0010
DNK;      -0.0013625877863668034;    -0.0317
DK;          -12.422401193982289;   -29.7647
d1;         7.721324968295901e-5;    -0.0018
d2;       -0.0002465802323319851;     0.0004

Max Change; DK, 171.6307%

-------------------------------------

After   6 Iterations:

RMS = 0.0493 MHz, log₁₀(λ) = -5.1642

                        Parameter     Change
BN;            4971.847549798933;   -14.9305
BK;             706.524622294962;    -0.0016
B⨦;            21.94297792893528;     0.0030
Dab;                         0.0;      Fixed
T⁰₀(ϵ);    -0.009575816707660795;     0.0248
T²₀(ϵ);     0.005775640498228728;    -0.0479
T²₁(ϵ);                     -0.0;      Fixed
T²₂(ϵ);   -0.0014561348612823445;    -0.0036
T²₀(χ);       1891.9425157812161;     0.3936
T²₁(χ);                     -0.0;      Fixed
T²₂(χ);        -26.8906686595923;     0.5023
F;                           0.0;      Fixed
-2ρF;                       -0.0;      Fixed
V3/2;                        0.0;      Fixed
η;                           0.0;      Fixed
DN;         9.365435781438623e-5;    -0.0001
DNK;      -0.0006102046121060525;     0.0008
DK;            -5.16622398266104;     7.2562
d1;        2.8685691041495464e-5;    -0.0000
d2;       -0.0001109683465889792;     0.0001

Max Change; T²₂(ϵ), 167.5484%

-------------------------------------

After   7 Iterations:

RMS = 0.0332 MHz, log₁₀(λ) = -5.2760

                        Parameter     Change
BN;            4965.497583687881;    -6.3500
BK;            706.5250520006306;     0.0004
B⨦;           21.944258183336814;     0.0013
Dab;                         0.0;      Fixed
T⁰₀(ϵ);     -0.00502735694374593;     0.0045
T²₀(ϵ);   -0.0007166304113215508;    -0.0065
T²₁(ϵ);                     -0.0;      Fixed
T²₂(ϵ);   -0.0025832066202376596;    -0.0011
T²₀(χ);       1892.0190956131607;     0.0766
T²₁(χ);                     -0.0;      Fixed
T²₂(χ);      -26.790427110232596;     0.1002
F;                           0.0;      Fixed
-2ρF;                       -0.0;      Fixed
V3/2;                        0.0;      Fixed
η;                           0.0;      Fixed
DN;        1.4274352130228926e-5;    -0.0001
DNK;     -0.00032836193477611876;     0.0003
DK;          -1.5775567706332545;     3.5887
d1;        2.5028113891581365e-6;    -0.0000
d2;        -3.421092064091131e-5;     0.0001

Max Change; T²₀(ϵ), 112.4078%

-------------------------------------

After   8 Iterations:

RMS = 0.0325 MHz, log₁₀(λ) = -5.5455

                        Parameter     Change
BN;            4962.988946507179;    -2.5086
BK;            706.5251818799927;     0.0001
B⨦;           21.944528656894544;     0.0003
Dab;                         0.0;      Fixed
T⁰₀(ϵ);    -0.004198694927368098;     0.0008
T²₀(ϵ);   -0.0011383667449836187;    -0.0004
T²₁(ϵ);                     -0.0;      Fixed
T²₂(ϵ);    -0.002313536985018799;     0.0003
T²₀(χ);       1892.0350148083726;     0.0159
T²₁(χ);                     -0.0;      Fixed
T²₂(χ);      -26.770180373448575;     0.0202
F;                           0.0;      Fixed
-2ρF;                       -0.0;      Fixed
V3/2;                        0.0;      Fixed
η;                           0.0;      Fixed
DN;       -1.4354180719229358e-5;    -0.0000
DNK;     -0.00018640599105101003;     0.0001
DK;          -0.2161504561646186;     1.3614
d1;         -4.87092188533906e-6;    -0.0000
d2;        -6.056672388374567e-6;     0.0000

Max Change; d1, 294.6180%

-------------------------------------

After   9 Iterations:

RMS = 0.0325 MHz, log₁₀(λ) = 0.9710

                        Parameter     Change
BN;            4962.990016612001;     0.0011
BK;            706.5251801948277;    -0.0000
B⨦;           21.944528218979944;    -0.0000
Dab;                         0.0;      Fixed
T⁰₀(ϵ);    -0.004175604355907013;     0.0000
T²₀(ϵ);    -0.001109816514519793;     0.0000
T²₁(ϵ);                     -0.0;      Fixed
T²₂(ϵ);   -0.0023095137631025217;     0.0000
T²₀(χ);       1892.0352244145815;     0.0002
T²₁(χ);                     -0.0;      Fixed
T²₂(χ);       -26.77001669179167;     0.0002
F;                           0.0;      Fixed
-2ρF;                       -0.0;      Fixed
V3/2;                        0.0;      Fixed
η;                           0.0;      Fixed
DN;       -1.4363079564212916e-5;    -0.0000
DNK;     -0.00018712866266637734;    -0.0000
DK;         -0.21627315445546472;    -0.0001
d1;        -4.873490137008367e-6;    -0.0000
d2;         -6.06166657810379e-6;    -0.0000

Max Change; T²₀(ϵ), 2.5080%

-------------------------------------

After  10 Iterations:

RMS = 0.0325 MHz, log₁₀(λ) = 0.8741

                        Parameter     Change
BN;            4962.991330330351;     0.0013
BK;            706.5251788172983;    -0.0000
B⨦;           21.944527598369046;    -0.0000
Dab;                         0.0;      Fixed
T⁰₀(ϵ);    -0.004155077586900996;     0.0000
T²₀(ϵ);   -0.0010845154189409337;     0.0000
T²₁(ϵ);                     -0.0;      Fixed
T²₂(ϵ);    -0.002306172316843241;     0.0000
T²₀(χ);       1892.0354763880277;     0.0003
T²₁(χ);                     -0.0;      Fixed
T²₂(χ);      -26.769834120137354;     0.0002
F;                           0.0;      Fixed
-2ρF;                       -0.0;      Fixed
V3/2;                        0.0;      Fixed
η;                           0.0;      Fixed
DN;       -1.4370500908155887e-5;    -0.0000
DNK;     -0.00018779519406684236;    -0.0000
DK;          -0.2163347274489083;    -0.0001
d1;        -4.877863869282923e-6;    -0.0000
d2;        -6.063892189642551e-6;    -0.0000

Max Change; T²₀(ϵ), 2.2798%

-------------------------------------

