4cl2ftol   @   2026-03-16T11:36:36.465

Control Parameters
overwrite = false
maxiter = 60
assign = RAM36
REJECT = 10.0
RUNmode =  EF
νmin = 4.0
INTthres = 1.0e-5
Irrep = Ir
stages = 2
mmax = 6
Jmax = 16.5
turducken = 3
sobk = [0, 0]
apology = true
bold = 0
vtmax = 0
NFOLD = 3
%2NDORDER = 
mcalc = 8
νmax = 23.0
goal = 1.0
λlm0 = 0.0001
ctbk = [2, 17]
S = 1.5
ResPrint = 0
TK = 25.0
opbk = [0, 0]

Initial Parameters
 BK;          2316.7376961119053;   1.0
 BN;           768.9389126679982;   1.0
 B⨦;          47.782554383764364;   1.0
 Dab;        -126.06625320897675;   1.0
 T⁰₀(ϵ);                    -0.0;   0.0
 T¹₁(ϵ);                     0.0;   0.0
 T²₀(ϵ);                     0.0;   0.0
 T²₁(ϵ);                    -0.0;   0.0
 T²₂(ϵ);                     0.0;   0.0
 T²₀(χ);      -69.12549148412748;   1.0
 T²₁(χ);                    -0.0;   0.0
 T²₂(χ);      0.9483897457183351;   1.0
 F;            161663.7125406618;   0.0
 -2ρzF;       -5956.278437018139;   1.0
 -ρxF;                      -0.0;   0.0
 V3/2;      3.3587878929662406e6;   1.0
 ηz;                         0.0;   0.0
 ηx;                         0.0;   0.0

 DN;        -8.063501517607327e-6;   1.0
 V3N;        -0.38067826807272387;   1.0
 V3N;                        -1.0;   0.0

Number of lines = 312

Initial RMS = 15.626757927619654 MHz
Initial λ = 1.5506538781450887e-6

-------------------------------------

After   1 Iterations:

RMS = 10.2342 MHz, log₁₀(λ) = -5.8095

                        Parameter     Change
  BK;           2316.891727114116;     0.4460
  BN;           768.8650378808973;    -0.2139
  B⨦;           47.90804362464067;     0.3634
  Dab;        -121.97657140300635;    11.8431
  T⁰₀(ϵ);                    -0.0;      Fixed
  T¹₁(ϵ);                     0.0;      Fixed
  T²₀(ϵ);                     0.0;      Fixed
  T²₁(ϵ);                    -0.0;      Fixed
  T²₂(ϵ);                     0.0;      Fixed
  T²₀(χ);      -69.14289569108878;    -0.0504
  T²₁(χ);                    -0.0;      Fixed
  T²₂(χ);      0.9546932862782995;     0.0183
  F;            161663.7125406618;      Fixed
  -2ρzF;       -5967.274383094909;   -31.8425
  -ρxF;                      -0.0;      Fixed
  V3/2;       3.363013422660059e6; 12236.4565
  ηz;                         0.0;      Fixed
  ηx;                         0.0;      Fixed
 DN;       -1.1852106763413785e-5;    -0.0000
 V3N;         -0.4445324834193689;    -0.1849
 V3N;                        -1.0;      Fixed

Max Change; DN, 136.0599%

-------------------------------------

After   2 Iterations:

RMS = 0.0326 MHz, log₁₀(λ) = -7.2932

                        Parameter     Change
  BK;          2315.3657829276294;    -1.5259
  BN;           769.2379361021418;     0.3729
  B⨦;           48.39599865282058;     0.4880
  Dab;        -122.70711056873085;    -0.7305
  T⁰₀(ϵ);                    -0.0;      Fixed
  T¹₁(ϵ);                     0.0;      Fixed
  T²₀(ϵ);                     0.0;      Fixed
  T²₁(ϵ);                    -0.0;      Fixed
  T²₂(ϵ);                     0.0;      Fixed
  T²₀(χ);      -69.21102143364061;    -0.0681
  T²₁(χ);                    -0.0;      Fixed
  T²₂(χ);      0.9798867664771055;     0.0252
  F;            161663.7125406618;      Fixed
  -2ρzF;       -5972.553605309414;    -5.2792
  -ρxF;                      -0.0;      Fixed
  V3/2;       3.365339597871395e6;  2326.1752
  ηz;                         0.0;      Fixed
  ηx;                         0.0;      Fixed
 DN;         -1.73612589693258e-5;    -0.0000
 V3N;          -0.676094998334833;    -0.2316
 V3N;                        -1.0;      Fixed

Max Change; V3N, 52.0912%

-------------------------------------

After   3 Iterations:

RMS = 0.0285 MHz, log₁₀(λ) = -11.0887

                        Parameter     Change
  BK;          2314.6134316086377;    -0.7524
  BN;           769.4202346312932;     0.1823
  B⨦;           48.48345605090139;     0.0875
  Dab;        -125.74592419635272;    -3.0388
  T⁰₀(ϵ);                    -0.0;      Fixed
  T¹₁(ϵ);                     0.0;      Fixed
  T²₀(ϵ);                     0.0;      Fixed
  T²₁(ϵ);                    -0.0;      Fixed
  T²₂(ϵ);                     0.0;      Fixed
  T²₀(χ);      -69.21651320847408;    -0.0055
  T²₁(χ);                    -0.0;      Fixed
  T²₂(χ);      0.9853653853503659;     0.0055
  F;            161663.7125406618;      Fixed
  -2ρzF;        -5961.10360853041;    11.4500
  -ρxF;                      -0.0;      Fixed
  V3/2;      3.3615552632141486e6; -3784.3347
  ηz;                         0.0;      Fixed
  ηx;                         0.0;      Fixed
 DN;       -1.6485977762739798e-5;     0.0000
 V3N;         -0.7392073901673228;    -0.0631
 V3N;                        -1.0;      Fixed

Max Change; V3N, 9.3348%

-------------------------------------

After   4 Iterations:

RMS = 0.0120 MHz, log₁₀(λ) = -12.4486

                        Parameter     Change
  BK;          2314.4282311558613;    -0.1852
  BN;           769.4653081197844;     0.0451
  B⨦;           48.50508774788785;     0.0216
  Dab;        -126.45602157672715;    -0.7101
  T⁰₀(ϵ);                    -0.0;      Fixed
  T¹₁(ϵ);                     0.0;      Fixed
  T²₀(ϵ);                     0.0;      Fixed
  T²₁(ϵ);                    -0.0;      Fixed
  T²₂(ϵ);                     0.0;      Fixed
  T²₀(χ);      -69.21787897495322;    -0.0014
  T²₁(χ);                    -0.0;      Fixed
  T²₂(χ);      0.9867174517232431;     0.0014
  F;            161663.7125406618;      Fixed
  -2ρzF;       -5958.309504766395;     2.7941
  -ρxF;                      -0.0;      Fixed
  V3/2;      3.3606244300443646e6;  -930.8332
  ηz;                         0.0;      Fixed
  ηx;                         0.0;      Fixed
 DN;       -1.6267634620415706e-5;     0.0000
 V3N;         -0.7546400924226468;    -0.0154
 V3N;                        -1.0;      Fixed

Max Change; V3N, 2.0877%

-------------------------------------

After   5 Iterations:

RMS = 0.0058 MHz, log₁₀(λ) = -14.1261

                        Parameter     Change
  BK;           2314.382302966309;    -0.0459
  BN;           769.4765300157692;     0.0112
  B⨦;          48.510473915157746;     0.0054
  Dab;        -126.62497169036628;    -0.1690
  T⁰₀(ϵ);                    -0.0;      Fixed
  T¹₁(ϵ);                     0.0;      Fixed
  T²₀(ϵ);                     0.0;      Fixed
  T²₁(ϵ);                    -0.0;      Fixed
  T²₂(ϵ);                     0.0;      Fixed
  T²₀(χ);      -69.21822276480103;    -0.0003
  T²₁(χ);                    -0.0;      Fixed
  T²₂(χ);      0.9870530208893115;     0.0003
  F;            161663.7125406618;      Fixed
  -2ρzF;       -5957.622177079252;     0.6873
  -ρxF;                      -0.0;      Fixed
  V3/2;       3.360393364020053e6;  -231.0660
  ηz;                         0.0;      Fixed
  ηx;                         0.0;      Fixed
 DN;        -1.621265358658554e-5;     0.0000
 V3N;          -0.758465321844845;    -0.0038
 V3N;                        -1.0;      Fixed

Max Change; V3N, 0.5069%

-------------------------------------

After   6 Iterations:

RMS = 0.0053 MHz, log₁₀(λ) = -15.7392

                        Parameter     Change
  BK;          2314.3708906669717;    -0.0114
  BN;            769.479318642081;     0.0028
  B⨦;          48.511812157118094;     0.0013
  Dab;        -126.66714854361364;    -0.0422
  T⁰₀(ϵ);                    -0.0;      Fixed
  T¹₁(ϵ);                     0.0;      Fixed
  T²₀(ϵ);                     0.0;      Fixed
  T²₁(ϵ);                    -0.0;      Fixed
  T²₂(ϵ);                     0.0;      Fixed
  T²₀(χ);      -69.21830838078792;    -0.0001
  T²₁(χ);                    -0.0;      Fixed
  T²₂(χ);      0.9871363256022231;     0.0001
  F;            161663.7125406618;      Fixed
  -2ρzF;       -5957.451452217926;     0.1707
  -ρxF;                      -0.0;      Fixed
  V3/2;      3.3603358916555513e6;   -57.4724
  ηz;                         0.0;      Fixed
  ηx;                         0.0;      Fixed
 DN;       -1.6198959597951996e-5;     0.0000
 V3N;         -0.7594197458528162;    -0.0010
 V3N;                        -1.0;      Fixed

Max Change; V3N, 0.1258%

-------------------------------------

After   7 Iterations:

RMS = 0.0053 MHz, log₁₀(λ) = -17.0828

                        Parameter     Change
  BK;          2314.3680529405483;    -0.0028
  BN;           769.4800123396071;     0.0007
  B⨦;           48.51214501853663;     0.0003
  Dab;        -126.67764995561735;    -0.0105
  T⁰₀(ϵ);                    -0.0;      Fixed
  T¹₁(ϵ);                     0.0;      Fixed
  T²₀(ϵ);                     0.0;      Fixed
  T²₁(ϵ);                    -0.0;      Fixed
  T²₂(ϵ);                     0.0;      Fixed
  T²₀(χ);      -69.21832978031124;    -0.0000
  T²₁(χ);                    -0.0;      Fixed
  T²₂(χ);      0.9871570311087638;     0.0000
  F;            161663.7125406618;      Fixed
  -2ρzF;       -5957.409047874645;     0.0424
  -ρxF;                      -0.0;      Fixed
  V3/2;      3.3603215927726883e6;   -14.2989
  ηz;                         0.0;      Fixed
  ηx;                         0.0;      Fixed
 DN;        -1.619554595030951e-5;     0.0000
 V3N;         -0.7596578515230398;    -0.0002
 V3N;                        -1.0;      Fixed

Max Change; V3N, 0.0314%

-------------------------------------

After   8 Iterations:

RMS = 0.0053 MHz, log₁₀(λ) = -18.3867

                        Parameter     Change
  BK;          2314.3673473831295;    -0.0007
  BN;           769.4801848979406;     0.0002
  B⨦;          48.512227809354755;     0.0001
  Dab;        -126.68026216413651;    -0.0026
  T⁰₀(ϵ);                    -0.0;      Fixed
  T¹₁(ϵ);                     0.0;      Fixed
  T²₀(ϵ);                     0.0;      Fixed
  T²₁(ϵ);                    -0.0;      Fixed
  T²₂(ϵ);                     0.0;      Fixed
  T²₀(χ);      -69.21833514761917;    -0.0000
  T²₁(χ);                    -0.0;      Fixed
  T²₂(χ);      0.9871621712682113;     0.0000
  F;            161663.7125406618;      Fixed
  -2ρzF;       -5957.398517301472;     0.0105
  -ρxF;                      -0.0;      Fixed
  V3/2;      3.3603180352926496e6;    -3.5575
  ηz;                         0.0;      Fixed
  ηx;                         0.0;      Fixed
 DN;       -1.6194694971577836e-5;     0.0000
 V3N;         -0.7597172350703126;    -0.0001
 V3N;                        -1.0;      Fixed

Max Change; V3N, 0.0078%

-------------------------------------

After   9 Iterations:

RMS = 0.0053 MHz, log₁₀(λ) = -19.6879

                        Parameter     Change
  BK;          2314.3671719757804;    -0.0002
  BN;           769.4802278440878;     0.0000
  B⨦;           48.51224841121801;     0.0000
  Dab;        -126.68091211848778;    -0.0006
  T⁰₀(ϵ);                    -0.0;      Fixed
  T¹₁(ϵ);                     0.0;      Fixed
  T²₀(ϵ);                     0.0;      Fixed
  T²₁(ϵ);                    -0.0;      Fixed
  T²₂(ϵ);                     0.0;      Fixed
  T²₀(χ);      -69.21833643862306;    -0.0000
  T²₁(χ);                    -0.0;      Fixed
  T²₂(χ);      0.9871634506777084;     0.0000
  F;            161663.7125406618;      Fixed
  -2ρzF;       -5957.395906321785;     0.0026
  -ρxF;                      -0.0;      Fixed
  V3/2;       3.360317150862782e6;    -0.8844
  ηz;                         0.0;      Fixed
  ηx;                         0.0;      Fixed
 DN;       -1.6194482760041288e-5;     0.0000
 V3N;         -0.7597320666148567;    -0.0000
 V3N;                        -1.0;      Fixed

Max Change; V3N, 0.0020%

-------------------------------------

After  10 Iterations:

RMS = 0.0053 MHz, log₁₀(λ) = -20.9889

                        Parameter     Change
  BK;          2314.3671283432104;    -0.0000
  BN;           769.4802385105602;     0.0000
  B⨦;           48.51225352840021;     0.0000
  Dab;        -126.68107351753791;    -0.0002
  T⁰₀(ϵ);                    -0.0;      Fixed
  T¹₁(ϵ);                     0.0;      Fixed
  T²₀(ϵ);                     0.0;      Fixed
  T²₁(ϵ);                    -0.0;      Fixed
  T²₂(ϵ);                     0.0;      Fixed
  T²₀(χ);      -69.21833680287652;    -0.0000
  T²₁(χ);                    -0.0;      Fixed
  T²₂(χ);      0.9871637683968719;     0.0000
  F;            161663.7125406618;      Fixed
  -2ρzF;      -5957.3952545369575;     0.0007
  -ρxF;                      -0.0;      Fixed
  V3/2;      3.3603169303645818e6;    -0.2205
  ηz;                         0.0;      Fixed
  ηx;                         0.0;      Fixed
 DN;        -1.619442986591828e-5;     0.0000
 V3N;         -0.7597357445099566;    -0.0000
 V3N;                        -1.0;      Fixed

Max Change; V3N, 0.0005%
 It would appear step size has converged.

After  10 iterations:

Final RMS = 0.0053 MHz
Final log₁₀(λ) = -20.9889


                         Parameter                    Uncertainty    ‰ Uncertainty
 A;             3028.964057450226;           0.17670315508065254;           0.0583
 B;             866.5047455673606;           0.08007490600651783;           0.0924
 C;             672.4557314537598;           0.08007490600651783;           0.1191
 Dab;         -126.68107351753791;            0.9496139783280453;           7.4961
 ϵzz;                         0.0;                           0.0;                -
 ϵxx;                         0.0;                           0.0;                -
 ϵzx;                        -0.0;                           0.0;                -
 ϵxz;                         0.0;                           0.0;                -
 ϵyy;                        -0.0;                           0.0;                -
 χzz;          -69.21833680287652;           0.05051641028206383;           0.7298
 χxz;                         0.0;                           0.0;                -
 χxx-χyy;      2.4180475251353264;          0.030926854424472457;            12.79
 F;            5.3925209999999995;                           0.0;                -
 ρz;         0.018425270460860375;          2.174336630240739e-5;           1.1801
 ρx;                          0.0;                           0.0;                -
 V3;           224.17621529121868;           0.08170736355774107;           0.3645
 ηz;                          0.0;                           0.0;                -
 ηx;                          0.0;                           0.0;                -
 DN;        -1.619442986591828e-5;           3.04471063270212e-7;           18.801
 V3N;         -0.7597357445099566;          0.026182495149340186;          34.4626
 V3N;                        -1.0;                           0.0;                -


Journal Formatted Values
 A;                 3.02896(18)e3
 B;                  866.505(8)e0
 C;                  672.456(8)e0
 Dab;               -126.68(95)e0
 ϵzz;               0.0e0 (Fixed)
 ϵxx;               0.0e0 (Fixed)
 ϵzx;              -0.0e0 (Fixed)
 ϵxz;               0.0e0 (Fixed)
 ϵyy;              -0.0e0 (Fixed)
 χzz;               -69.218(51)e0
 χxz;               0.0e0 (Fixed)
 χxx-χyy;             2.418(31)e0
 F;             5.39252e0 (Fixed)
 ρz;                18.425(22)e-3
 ρx;                0.0e0 (Fixed)
 V3;                224.176(82)e0
 ηz;                0.0e0 (Fixed)
 ηx;                0.0e0 (Fixed)
 DN;                 -16.19(3)e-6
 V3N;               -760.0(26)e-3
 V3N;               -1.e0 (Fixed)


 Again, sorry about the name...


  Correlation matrix:

             1         2         3         4         5

   1       1.0
   2    0.6105       1.0
   3   -0.6344   -0.8996       1.0
   4    0.1636    0.6096   -0.2037       1.0
   5    0.1063     0.098   -0.0727    0.0827       1.0
   6   -0.0174    0.0131   -0.0187   -0.0017    -0.314
   7    0.9985    0.6025    -0.625    0.1622    0.1061
   8    0.2088    0.1352   -0.0974    0.1135    0.0315
   9    0.4958    0.9223   -0.9091    0.4283    0.0532
  10    0.6105       1.0   -0.8995    0.6098    0.0982

             6         7         8         9        10

   6       1.0
   7   -0.0177       1.0
   8   -0.0041    0.2606       1.0
   9      0.02    0.4879    0.1151       1.0
  10     0.013    0.6023    0.1341    0.9223       1.0



