4cl2ftol   @   2023-06-16T12:21:20.152

Control Parameters
NFOLD = 3
S = 1.5
TK = 25.0
RUNmode = EF
mcalc = 3
maxiter = 200
vtmax = 0
turducken = 2
Jmax = 6.5
overwrite = false
νmin = 4.0

Initial Parameters
 BN;          2325.5045512537527;   1.0
 BK;                 765.6929375;   1.0
 B⨦;          46.663486250000005;   1.0
 Dab;                -124.023834;  0.01
 T⁰₀(ϵ);                    -0.0;   0.0
 T²₀(ϵ);                     0.0;   0.0
 T²₁(ϵ);                    -0.0;   0.0
 T²₂(ϵ);                     0.0;   0.0
 T²₀(χ);              -69.836652;   1.0
 T²₁(χ);                    -0.0;   0.0
 T²₂(χ);      -1.191850796110241;   1.0
 F;            161663.7125406618;   0.0
 -2ρF;        -5958.924444248794;   1.0
 V3/2;          3.405942115338e6;   1.0
 η;                          0.0;   0.0

DN;        0.0020290470036744028;   1.0

Number of lines = 310

Initial RMS = 30.12968231622186 MHz
Initial λ = 2.9689059270376172e-6

-------------------------------------

After   1 Iterations:

RMS = 25.7442 MHz, log₁₀(λ) = -5.5274

                        Parameter     Change
 BN;            2360.79534223285;    35.2908
 BK;           766.6906627414734;     0.9977
 B⨦;          47.147200739840706;     0.4837
 Dab;        -122.98189305260367;     1.0419
 T⁰₀(ϵ);                    -0.0;      Fixed
 T²₀(ϵ);                     0.0;      Fixed
 T²₁(ϵ);                    -0.0;      Fixed
 T²₂(ϵ);                     0.0;      Fixed
 T²₀(χ);      29.583439458307083;    99.4201
 T²₁(χ);                    -0.0;      Fixed
 T²₂(χ);     -2.4193321460158703;    -1.2275
 F;            161663.7125406618;      Fixed
 -2ρF;        -5197.877219720339;   761.0472
 V3/2;       3.206184974623204e6; -199757.1407
 η;                          0.0;      Fixed
DN;       -5.2539232221816774e-5;    -0.0021

Max Change;  T²₀(χ), 142.3609%

-------------------------------------

After   2 Iterations:

RMS = 22.2308 MHz, log₁₀(λ) = -4.4876

                        Parameter     Change
 BN;          2321.9433898942552;   -38.8520
 BK;           767.3393436213745;     0.6487
 B⨦;           47.40671748190164;     0.2595
 Dab;        -122.23901480194493;     0.7429
 T⁰₀(ϵ);                    -0.0;      Fixed
 T²₀(ϵ);                     0.0;      Fixed
 T²₁(ϵ);                    -0.0;      Fixed
 T²₂(ϵ);                     0.0;      Fixed
 T²₀(χ);       416.3134181878514;   386.7300
 T²₁(χ);                    -0.0;      Fixed
 T²₂(χ);     -17.001969963684083;   -14.5826
 F;            161663.7125406618;      Fixed
 -2ρF;         744.0111664393116;  5941.8884
 V3/2;      2.2202893515039138e6; -985895.6231
 η;                          0.0;      Fixed
DN;      -0.00019966114198388278;    -0.0001

Max Change;  T²₀(χ), 1307.2516%

-------------------------------------

After   3 Iterations:

RMS = 15.2695 MHz, log₁₀(λ) = -3.4434

                        Parameter     Change
 BN;          2350.1772775886548;    28.2339
 BK;           767.6073281163481;     0.2680
 B⨦;           47.68786801908062;     0.2812
 Dab;        -121.71620925385143;     0.5228
 T⁰₀(ϵ);                    -0.0;      Fixed
 T²₀(ϵ);                     0.0;      Fixed
 T²₁(ϵ);                    -0.0;      Fixed
 T²₂(ϵ);                     0.0;      Fixed
 T²₀(χ);     -456.09632085754004;  -872.4097
 T²₁(χ);                    -0.0;      Fixed
 T²₂(χ);      16.227251062165074;    33.2292
 F;            161663.7125406618;      Fixed
 -2ρF;        -5864.344502875508; -6608.3557
 V3/2;       2.958061239875271e6; 737771.8884
 η;                          0.0;      Fixed
DN;       0.00015420162917500365;     0.0004

Max Change;  -2ρF, 888.2065%

-------------------------------------

After   4 Iterations:

RMS = 10.5444 MHz, log₁₀(λ) = -3.7019

                        Parameter     Change
 BN;          2400.0518724360836;    49.8746
 BK;           767.9465492918226;     0.3392
 B⨦;           47.80372462151691;     0.1159
 Dab;        -121.30574334218876;     0.4105
 T⁰₀(ϵ);                    -0.0;      Fixed
 T²₀(ϵ);                     0.0;      Fixed
 T²₁(ϵ);                    -0.0;      Fixed
 T²₂(ϵ);                     0.0;      Fixed
 T²₀(χ);     -137.71070631998424;   318.3856
 T²₁(χ);                    -0.0;      Fixed
 T²₂(χ);       4.865611961251711;   -11.3616
 F;            161663.7125406618;      Fixed
 -2ρF;        -9308.030185388754; -3443.6857
 V3/2;      3.8928443430310334e6; 934783.1032
 η;                          0.0;      Fixed
DN;         1.739849020365379e-5;    -0.0001

Max Change; DN, 88.7171%

-------------------------------------

After   5 Iterations:

RMS = 8.2053 MHz, log₁₀(λ) = -3.9587

                        Parameter     Change
 BN;          2402.7993948810495;     2.7475
 BK;           768.1771445893269;     0.2306
 B⨦;          47.915780110746205;     0.1121
 Dab;        -120.98338764251797;     0.3224
 T⁰₀(ϵ);                    -0.0;      Fixed
 T²₀(ϵ);                     0.0;      Fixed
 T²₁(ϵ);                    -0.0;      Fixed
 T²₂(ϵ);                     0.0;      Fixed
 T²₀(χ);      -121.9817088630191;    15.7290
 T²₁(χ);                    -0.0;      Fixed
 T²₂(χ);       3.143977717616516;    -1.7216
 F;            161663.7125406618;      Fixed
 -2ρF;        -9413.155066088819;  -105.1249
 V3/2;      3.9047309008858404e6; 11886.5579
 η;                          0.0;      Fixed
DN;         8.329076134571594e-6;    -0.0000

Max Change; DN, 52.1276%

-------------------------------------

After   6 Iterations:

RMS = 6.5003 MHz, log₁₀(λ) = -4.1640

                        Parameter     Change
 BN;          2399.1634837720567;    -3.6359
 BK;           768.3452853419824;     0.1681
 B⨦;           47.99925303161999;     0.0835
 Dab;        -120.72923066475278;     0.2542
 T⁰₀(ϵ);                    -0.0;      Fixed
 T²₀(ϵ);                     0.0;      Fixed
 T²₁(ϵ);                    -0.0;      Fixed
 T²₂(ϵ);                     0.0;      Fixed
 T²₀(χ);      -118.8107841879609;     3.1709
 T²₁(χ);                    -0.0;      Fixed
 T²₂(χ);      2.9976117084772045;    -0.1464
 F;            161663.7125406618;      Fixed
 -2ρF;        -9282.444461155337;   130.7106
 V3/2;       3.883425662547642e6; -21305.2383
 η;                          0.0;      Fixed
DN;          7.52950531336368e-6;    -0.0000

Max Change; DN, 9.5998%

-------------------------------------

After   7 Iterations:

RMS = 5.2997 MHz, log₁₀(λ) = -4.3617

                        Parameter     Change
 BN;           2391.276025504506;    -7.8875
 BK;           768.4642648100315;     0.1190
 B⨦;           48.05788276557607;     0.0586
 Dab;        -120.52407143000417;     0.2052
 T⁰₀(ϵ);                    -0.0;      Fixed
 T²₀(ϵ);                     0.0;      Fixed
 T²₁(ϵ);                    -0.0;      Fixed
 T²₂(ϵ);                     0.0;      Fixed
 T²₀(χ);     -114.60110501100722;     4.2097
 T²₁(χ);                    -0.0;      Fixed
 T²₂(χ);      2.8259282314260203;    -0.1717
 F;            161663.7125406618;      Fixed
 -2ρF;        -8987.319970901166;   295.1245
 V3/2;       3.837865625102642e6; -45560.0374
 η;                          0.0;      Fixed
DN;        6.3723190645047584e-6;    -0.0000

Max Change; DN, 15.3687%

-------------------------------------

After   8 Iterations:

RMS = 4.5266 MHz, log₁₀(λ) = -4.5470

                        Parameter     Change
 BN;           2380.592137606616;   -10.6839
 BK;           768.5435616373544;     0.0793
 B⨦;           48.09611127988649;     0.0382
 Dab;        -120.35221345245476;     0.1719
 T⁰₀(ϵ);                    -0.0;      Fixed
 T²₀(ϵ);                     0.0;      Fixed
 T²₁(ϵ);                    -0.0;      Fixed
 T²₂(ϵ);                     0.0;      Fixed
 T²₀(χ);     -107.33268697339075;     7.2684
 T²₁(χ);                    -0.0;      Fixed
 T²₂(χ);      2.5413696898635956;    -0.2846
 F;            161663.7125406618;      Fixed
 -2ρF;         -8559.38967068038;   427.9303
 V3/2;       3.772601545138816e6; -65264.0800
 η;                          0.0;      Fixed
DN;         4.039982135582981e-6;    -0.0000

Max Change; DN, 36.6011%

-------------------------------------

After   9 Iterations:

RMS = 4.1638 MHz, log₁₀(λ) = -4.7122

                        Parameter     Change
 BN;            2367.94587377277;   -12.6463
 BK;           768.5930468307431;     0.0495
 B⨦;           48.11859968591279;     0.0225
 Dab;        -120.20118693262344;     0.1510
 T⁰₀(ϵ);                    -0.0;      Fixed
 T²₀(ϵ);                     0.0;      Fixed
 T²₁(ϵ);                    -0.0;      Fixed
 T²₂(ϵ);                     0.0;      Fixed
 T²₀(χ);      -95.13532793087364;    12.1974
 T²₁(χ);                    -0.0;      Fixed
 T²₂(χ);      2.0740446313345138;    -0.4673
 F;            161663.7125406618;      Fixed
 -2ρF;        -7992.373158869313;   567.0165
 V3/2;      3.6837833329701764e6; -88818.2122
 η;                          0.0;      Fixed
DN;       -1.3146865896141707e-7;    -0.0000

Max Change; DN, 103.2542%

-------------------------------------

After  10 Iterations:

RMS = 3.3147 MHz, log₁₀(λ) = -4.2433

                        Parameter     Change
 BN;          2363.2223638805713;    -4.7235
 BK;           768.6659541872573;     0.0729
 B⨦;           48.15346408484172;     0.0349
 Dab;        -120.07652364356521;     0.1247
 T⁰₀(ϵ);                    -0.0;      Fixed
 T²₀(ϵ);                     0.0;      Fixed
 T²₁(ϵ);                    -0.0;      Fixed
 T²₂(ϵ);                     0.0;      Fixed
 T²₀(χ);       -86.3420456370491;     8.7933
 T²₁(χ);                    -0.0;      Fixed
 T²₂(χ);      1.7485753642503883;    -0.3255
 F;            161663.7125406618;      Fixed
 -2ρF;         -7901.45605795461;    90.9171
 V3/2;      3.6851912856334583e6;  1407.9527
 η;                          0.0;      Fixed
DN;       -3.3216736715265993e-6;    -0.0000

Max Change; DN, 2426.5898%

-------------------------------------

After  11 Iterations:

RMS = 2.7577 MHz, log₁₀(λ) = -4.4391

                        Parameter     Change
 BN;           2355.449075409456;    -7.7733
 BK;           768.7143810781084;     0.0484
 B⨦;           48.17809444939828;     0.0246
 Dab;        -119.97252007495558;     0.1040
 T⁰₀(ϵ);                    -0.0;      Fixed
 T²₀(ϵ);                     0.0;      Fixed
 T²₁(ϵ);                    -0.0;      Fixed
 T²₂(ϵ);                     0.0;      Fixed
 T²₀(χ);      -89.89398353349138;    -3.5519
 T²₁(χ);                    -0.0;      Fixed
 T²₂(χ);      1.8472162450197114;     0.0986
 F;            161663.7125406618;      Fixed
 -2ρF;        -7642.367156261581;   259.0889
 V3/2;      3.6475282696496574e6; -37663.0160
 η;                          0.0;      Fixed
DN;       -1.7305317243292147e-6;     0.0000

Max Change; DN, 47.9018%

-------------------------------------

After  12 Iterations:

RMS = 2.3973 MHz, log₁₀(λ) = -4.6158

                        Parameter     Change
 BN;          2348.0556061290054;    -7.3935
 BK;           768.7451502421308;     0.0308
 B⨦;           48.19320154512135;     0.0151
 Dab;        -119.88204509734962;     0.0905
 T⁰₀(ϵ);                    -0.0;      Fixed
 T²₀(ϵ);                     0.0;      Fixed
 T²₁(ϵ);                    -0.0;      Fixed
 T²₂(ϵ);                     0.0;      Fixed
 T²₀(χ);      -89.16617821032567;     0.7278
 T²₁(χ);                    -0.0;      Fixed
 T²₂(χ);       1.801322184683587;    -0.0459
 F;            161663.7125406618;      Fixed
 -2ρF;        -7369.727297007968;   272.6399
 V3/2;       3.608150101196488e6; -39378.1685
 η;                          0.0;      Fixed
DN;       -1.7815880385841589e-6;    -0.0000

Max Change;  -2ρF, 3.5675%

-------------------------------------

After  13 Iterations:

RMS = 2.1795 MHz, log₁₀(λ) = -4.7734

                        Parameter     Change
 BN;          2342.1414611486925;    -5.9141
 BK;           768.7623657119951;     0.0172
 B⨦;          48.201393773816015;     0.0082
 Dab;        -119.79985298203144;     0.0822
 T⁰₀(ϵ);                    -0.0;      Fixed
 T²₀(ϵ);                     0.0;      Fixed
 T²₁(ϵ);                    -0.0;      Fixed
 T²₂(ϵ);                     0.0;      Fixed
 T²₀(χ);      -87.40673277889925;     1.7594
 T²₁(χ);                    -0.0;      Fixed
 T²₂(χ);      1.7207383932330376;    -0.0806
 F;            161663.7125406618;      Fixed
 -2ρF;        -7144.209130884426;   225.5182
 V3/2;      3.5761493034675578e6; -32000.7977
 η;                          0.0;      Fixed
DN;        -2.287191884306511e-6;    -0.0000

Max Change; DN, 28.3794%

-------------------------------------

After  14 Iterations:

RMS = 2.0712 MHz, log₁₀(λ) = -4.9117

                        Parameter     Change
 BN;           2338.024365249427;    -4.1171
 BK;            768.769423883898;     0.0071
 B⨦;            48.2045788142931;     0.0032
 Dab;        -119.72216144193422;     0.0777
 T⁰₀(ϵ);                    -0.0;      Fixed
 T²₀(ϵ);                     0.0;      Fixed
 T²₁(ϵ);                    -0.0;      Fixed
 T²₂(ϵ);                     0.0;      Fixed
 T²₀(χ);      -85.85377097808124;     1.5530
 T²₁(χ);                    -0.0;      Fixed
 T²₂(χ);       1.651281359916449;    -0.0695
 F;            161663.7125406618;      Fixed
 -2ρF;         -6985.68100589469;   158.5281
 V3/2;      3.5541384910143046e6; -22010.8125
 η;                          0.0;      Fixed
DN;        -2.778844929264286e-6;    -0.0000

Max Change; DN, 21.4959%

-------------------------------------

After  15 Iterations:

RMS = 2.0453 MHz, log₁₀(λ) = -5.0307

                        Parameter     Change
 BN;          2335.4978859232665;    -2.5265
 BK;           768.7685674558655;    -0.0009
 B⨦;          48.203920527264955;    -0.0007
 Dab;         -119.6461527354105;     0.0760
 T⁰₀(ϵ);                    -0.0;      Fixed
 T²₀(ϵ);                     0.0;      Fixed
 T²₁(ϵ);                    -0.0;      Fixed
 T²₂(ϵ);                     0.0;      Fixed
 T²₀(χ);      -84.79172177124019;     1.0620
 T²₁(χ);                    -0.0;      Fixed
 T²₂(χ);       1.603651685826227;    -0.0476
 F;            161663.7125406618;      Fixed
 -2ρF;        -6888.220628531855;    97.4604
 V3/2;      3.5409740661153686e6; -13164.4249
 η;                          0.0;      Fixed
DN;        -3.135109889446312e-6;    -0.0000

Max Change; DN, 12.8206%

-------------------------------------

After  16 Iterations:

RMS = 1.7151 MHz, log₁₀(λ) = -4.5310

                        Parameter     Change
 BN;           2333.993555236248;    -1.5043
 BK;           768.8013211769633;     0.0328
 B⨦;           48.22004341220152;     0.0161
 Dab;        -119.58042380849622;     0.0657
 T⁰₀(ϵ);                    -0.0;      Fixed
 T²₀(ϵ);                     0.0;      Fixed
 T²₁(ϵ);                    -0.0;      Fixed
 T²₂(ϵ);                     0.0;      Fixed
 T²₀(χ);      -83.45248282575521;     1.3392
 T²₁(χ);                    -0.0;      Fixed
 T²₂(χ);      1.5484113607816727;    -0.0552
 F;            161663.7125406618;      Fixed
 -2ρF;        -6836.137110522586;    52.0835
 V3/2;       3.534610467853959e6; -6363.5983
 η;                          0.0;      Fixed
DN;       -3.5736074595074016e-6;    -0.0000

Max Change; DN, 13.9867%

-------------------------------------

After  17 Iterations:

RMS = 1.4979 MHz, log₁₀(λ) = -4.7043

                        Parameter     Change
 BN;           2331.660826396942;    -2.3327
 BK;           768.8219225804249;     0.0206
 B⨦;           48.23007841625642;     0.0100
 Dab;        -119.52372456809466;     0.0567
 T⁰₀(ϵ);                    -0.0;      Fixed
 T²₀(ϵ);                     0.0;      Fixed
 T²₁(ϵ);                    -0.0;      Fixed
 T²₂(ϵ);                     0.0;      Fixed
 T²₀(χ);      -82.11080486393007;     1.3417
 T²₁(χ);                    -0.0;      Fixed
 T²₂(χ);      1.4910410501494997;    -0.0574
 F;            161663.7125406618;      Fixed
 -2ρF;         -6733.49740796199;   102.6397
 V3/2;      3.5182745948768295e6; -16335.8730
 η;                          0.0;      Fixed
DN;        -3.957741229920352e-6;    -0.0000

Max Change; DN, 10.7492%

-------------------------------------

After  18 Iterations:

RMS = 1.3728 MHz, log₁₀(λ) = -4.8600

                        Parameter     Change
 BN;           2329.666307848552;    -1.9945
 BK;            768.832728101554;     0.0108
 B⨦;          48.235193860401125;     0.0051
 Dab;        -119.47236669161283;     0.0514
 T⁰₀(ϵ);                    -0.0;      Fixed
 T²₀(ϵ);                     0.0;      Fixed
 T²₁(ϵ);                    -0.0;      Fixed
 T²₂(ϵ);                     0.0;      Fixed
 T²₀(χ);      -80.59995541384663;     1.5108
 T²₁(χ);                    -0.0;      Fixed
 T²₂(χ);      1.4294574189744078;    -0.0616
 F;            161663.7125406618;      Fixed
 -2ρF;        -6642.404311508718;    91.0931
 V3/2;       3.503798892722121e6; -14475.7022
 η;                          0.0;      Fixed
DN;       -4.4379952141274195e-6;    -0.0000

Max Change; DN, 12.1345%

-------------------------------------

After  19 Iterations:

RMS = 1.3234 MHz, log₁₀(λ) = -4.9947

                        Parameter     Change
 BN;          2328.3068856238056;    -1.3594
 BK;            768.835484934769;     0.0028
 B⨦;          48.236360428107844;     0.0012
 Dab;         -119.4234152550509;     0.0490
 T⁰₀(ϵ);                    -0.0;      Fixed
 T²₀(ϵ);                     0.0;      Fixed
 T²₁(ϵ);                    -0.0;      Fixed
 T²₂(ϵ);                     0.0;      Fixed
 T²₀(χ);      -79.47443708937563;     1.1255
 T²₁(χ);                    -0.0;      Fixed
 T²₂(χ);      1.3837880600711905;    -0.0457
 F;            161663.7125406618;      Fixed
 -2ρF;        -6579.130992985891;    63.2733
 V3/2;        3.49380392778487e6; -9994.9649
 η;                          0.0;      Fixed
DN;       -4.8108943370231656e-6;    -0.0000

Max Change; DN, 8.4024%

-------------------------------------

After  20 Iterations:

RMS = 1.1033 MHz, log₁₀(λ) = -4.5055

                        Parameter     Change
 BN;           2327.329030048978;    -0.9779
 BK;           768.8568701926366;     0.0214
 B⨦;           48.24683843818646;     0.0105
 Dab;        -119.38121083783427;     0.0422
 T⁰₀(ϵ);                    -0.0;      Fixed
 T²₀(ϵ);                     0.0;      Fixed
 T²₁(ϵ);                    -0.0;      Fixed
 T²₂(ϵ);                     0.0;      Fixed
 T²₀(χ);      -78.28110417972471;     1.1933
 T²₁(χ);                    -0.0;      Fixed
 T²₂(χ);      1.3366595078709265;    -0.0471
 F;            161663.7125406618;      Fixed
 -2ρF;        -6534.974887676368;    44.1561
 V3/2;      3.4867912721491703e6; -7012.6556
 η;                          0.0;      Fixed
DN;        -5.199471420373829e-6;    -0.0000

Max Change; DN, 8.0770%

-------------------------------------

After  21 Iterations:

RMS = 0.9624 MHz, log₁₀(λ) = -4.6813

                        Parameter     Change
 BN;           2325.972763900133;    -1.3563
 BK;           768.8700649273411;     0.0132
 B⨦;           48.25322984884976;     0.0064
 Dab;         -119.3448059725624;     0.0364
 T⁰₀(ϵ);                    -0.0;      Fixed
 T²₀(ϵ);                     0.0;      Fixed
 T²₁(ϵ);                    -0.0;      Fixed
 T²₂(ϵ);                     0.0;      Fixed
 T²₀(χ);      -77.18157157856547;     1.0995
 T²₁(χ);                    -0.0;      Fixed
 T²₂(χ);      1.2917752338894959;    -0.0449
 F;            161663.7125406618;      Fixed
 -2ρF;        -6470.771245438764;    64.2036
 V3/2;      3.4761116722313995e6; -10679.5999
 η;                          0.0;      Fixed
DN;        -5.531058831715447e-6;    -0.0000

Max Change; DN, 6.3773%

-------------------------------------

After  22 Iterations:

RMS = 0.8853 MHz, log₁₀(λ) = -4.8375

                        Parameter     Change
 BN;           2324.848743614416;    -1.1240
 BK;            768.876606523028;     0.0065
 B⨦;           48.25632645461816;     0.0031
 Dab;        -119.31172508302984;     0.0331
 T⁰₀(ϵ);                    -0.0;      Fixed
 T²₀(ϵ);                     0.0;      Fixed
 T²₁(ϵ);                    -0.0;      Fixed
 T²₂(ϵ);                     0.0;      Fixed
 T²₀(χ);      -76.25109909038733;     0.9305
 T²₁(χ);                    -0.0;      Fixed
 T²₂(χ);       1.254034335975922;    -0.0377
 F;            161663.7125406618;      Fixed
 -2ρF;        -6416.928923665579;    53.8423
 V3/2;      3.4672423732190123e6; -8869.2990
 η;                          0.0;      Fixed
DN;         -5.82477127244637e-6;    -0.0000

Max Change; DN, 5.3102%

-------------------------------------

After  23 Iterations:

RMS = 0.8602 MHz, log₁₀(λ) = -4.9707

                        Parameter     Change
 BN;          2324.1340634274634;    -0.7147
 BK;           768.8776090307084;     0.0010
 B⨦;          48.256712719523875;     0.0004
 Dab;        -119.27996745397711;     0.0318
 T⁰₀(ϵ);                    -0.0;      Fixed
 T²₀(ϵ);                     0.0;      Fixed
 T²₁(ϵ);                    -0.0;      Fixed
 T²₂(ϵ);                     0.0;      Fixed
 T²₀(χ);      -75.63534647483498;     0.6158
 T²₁(χ);                    -0.0;      Fixed
 T²₂(χ);      1.2290142195693614;    -0.0250
 F;            161663.7125406618;      Fixed
 -2ρF;        -6382.266068173168;    34.6629
 V3/2;         3.4615927423006e6; -5649.6309
 η;                          0.0;      Fixed
DN;        -6.026952202687365e-6;    -0.0000

Max Change; DN, 3.4711%

-------------------------------------

After  24 Iterations:

RMS = 0.7197 MHz, log₁₀(λ) = -4.4780

                        Parameter     Change
 BN;          2323.6293140092407;    -0.5047
 BK;           768.8912425995235;     0.0136
 B⨦;           48.26341529152263;     0.0067
 Dab;        -119.25247137490062;     0.0275
 T⁰₀(ϵ);                    -0.0;      Fixed
 T²₀(ϵ);                     0.0;      Fixed
 T²₁(ϵ);                    -0.0;      Fixed
 T²₂(ϵ);                     0.0;      Fixed
 T²₀(χ);      -74.99675298179935;     0.6386
 T²₁(χ);                    -0.0;      Fixed
 T²₂(χ);      1.2038176545762822;    -0.0252
 F;            161663.7125406618;      Fixed
 -2ρF;        -6359.249834421191;    23.0162
 V3/2;      3.4578468869372476e6; -3745.8554
 η;                          0.0;      Fixed
DN;        -6.230285748324071e-6;    -0.0000

Max Change; DN, 3.3737%

-------------------------------------

After  25 Iterations:

RMS = 0.6318 MHz, log₁₀(λ) = -4.6524

                        Parameter     Change
 BN;          2322.8258736015396;    -0.8034
 BK;             768.89940291673;     0.0082
 B⨦;           48.26736555527457;     0.0040
 Dab;        -119.22861467361099;     0.0239
 T⁰₀(ϵ);                    -0.0;      Fixed
 T²₀(ϵ);                     0.0;      Fixed
 T²₁(ϵ);                    -0.0;      Fixed
 T²₂(ϵ);                     0.0;      Fixed
 T²₀(χ);      -74.29543371769185;     0.7013
 T²₁(χ);                    -0.0;      Fixed
 T²₂(χ);      1.1752516872425958;    -0.0286
 F;            161663.7125406618;      Fixed
 -2ρF;        -6320.162391227086;    39.0874
 V3/2;        3.45121988217096e6; -6627.0048
 η;                          0.0;      Fixed
DN;        -6.442071173632407e-6;    -0.0000

Max Change; DN, 3.3993%

-------------------------------------

After  26 Iterations:

RMS = 0.5870 MHz, log₁₀(λ) = -4.8058

                        Parameter     Change
 BN;           2322.169714187288;    -0.6562
 BK;           768.9030470872548;     0.0036
 B⨦;            48.2690844339738;     0.0017
 Dab;        -119.20673364773167;     0.0219
 T⁰₀(ϵ);                    -0.0;      Fixed
 T²₀(ϵ);                     0.0;      Fixed
 T²₁(ϵ);                    -0.0;      Fixed
 T²₂(ϵ);                     0.0;      Fixed
 T²₀(χ);      -73.74159305715176;     0.5538
 T²₁(χ);                    -0.0;      Fixed
 T²₂(χ);      1.1527493575752807;    -0.0225
 F;            161663.7125406618;      Fixed
 -2ρF;        -6287.910070091645;    32.2523
 V3/2;       3.445802315074749e6; -5417.5671
 η;                          0.0;      Fixed
DN;         -6.61577651599596e-6;    -0.0000

Max Change; DN, 2.6964%

-------------------------------------

After  27 Iterations:

RMS = 0.5778 MHz, log₁₀(λ) = -4.9347

                        Parameter     Change
 BN;            2321.78550049553;    -0.3842
 BK;            768.902889248284;    -0.0002
 B⨦;           48.26894349840277;    -0.0001
 Dab;         -119.1854657119828;     0.0213
 T⁰₀(ϵ);                    -0.0;      Fixed
 T²₀(ϵ);                     0.0;      Fixed
 T²₁(ϵ);                    -0.0;      Fixed
 T²₂(ϵ);                     0.0;      Fixed
 T²₀(χ);      -73.40886174706563;     0.3327
 T²₁(χ);                    -0.0;      Fixed
 T²₂(χ);      1.1391798493906728;    -0.0136
 F;            161663.7125406618;      Fixed
 -2ρF;        -6268.754478072301;    19.1556
 V3/2;       3.442624781595728e6; -3177.5335
 η;                          0.0;      Fixed
DN;        -6.724886252481803e-6;    -0.0000

Max Change; DN, 1.6492%

-------------------------------------

After  28 Iterations:

RMS = 0.4855 MHz, log₁₀(λ) = -4.4363

                        Parameter     Change
 BN;           2321.518291411702;    -0.2672
 BK;           768.9118285804059;     0.0089
 B⨦;          48.273350446667365;     0.0044
 Dab;        -119.16694223025014;     0.0185
 T⁰₀(ϵ);                    -0.0;      Fixed
 T²₀(ϵ);                     0.0;      Fixed
 T²₁(ϵ);                    -0.0;      Fixed
 T²₂(ϵ);                     0.0;      Fixed
 T²₀(χ);      -73.05632736584816;     0.3525
 T²₁(χ);                    -0.0;      Fixed
 T²₂(χ);      1.1253119772411846;    -0.0139
 F;            161663.7125406618;      Fixed
 -2ρF;        -6256.644841077746;    12.1096
 V3/2;      3.4406265365235484e6; -1998.2451
 η;                          0.0;      Fixed
DN;        -6.834977527899273e-6;    -0.0000

Max Change; DN, 1.6371%

-------------------------------------

After  29 Iterations:

RMS = 0.4294 MHz, log₁₀(λ) = -4.6089

                        Parameter     Change
 BN;           2321.023118495903;    -0.4952
 BK;           768.9169810250603;     0.0052
 B⨦;            48.2758426091814;     0.0025
 Dab;         -119.1507613243674;     0.0162
 T⁰₀(ϵ);                    -0.0;      Fixed
 T²₀(ϵ);                     0.0;      Fixed
 T²₁(ϵ);                    -0.0;      Fixed
 T²₂(ϵ);                     0.0;      Fixed
 T²₀(χ);      -72.59907762868714;     0.4572
 T²₁(χ);                    -0.0;      Fixed
 T²₂(χ);       1.106715845016323;    -0.0186
 F;            161663.7125406618;      Fixed
 -2ρF;        -6232.174761912928;    24.4701
 V3/2;      3.4364343593609496e6; -4192.1772
 η;                          0.0;      Fixed
DN;        -6.973409102701249e-6;    -0.0000

Max Change; DN, 2.0253%

-------------------------------------

After  30 Iterations:

RMS = 0.4034 MHz, log₁₀(λ) = -4.7591

                        Parameter     Change
 BN;           2320.620004984839;    -0.4031
 BK;           768.9189726350479;     0.0020
 B⨦;           48.27677502562506;     0.0009
 Dab;        -119.13576718647255;     0.0150
 T⁰₀(ϵ);                    -0.0;      Fixed
 T²₀(ϵ);                     0.0;      Fixed
 T²₁(ϵ);                    -0.0;      Fixed
 T²₂(ϵ);                     0.0;      Fixed
 T²₀(χ);      -72.25837544463103;     0.3407
 T²₁(χ);                    -0.0;      Fixed
 T²₂(χ);      1.0928464732339556;    -0.0139
 F;            161663.7125406618;      Fixed
 -2ρF;        -6212.015956977029;    20.1588
 V3/2;       3.433005837109258e6; -3428.5223
 η;                          0.0;      Fixed
DN;        -7.079831429530134e-6;    -0.0000

Max Change; DN, 1.5261%

-------------------------------------

After  31 Iterations:

RMS = 0.4022 MHz, log₁₀(λ) = -4.8831

                        Parameter     Change
 BN;          2320.4039986430835;    -0.2160
 BK;           768.9182994037944;    -0.0007
 B⨦;           48.27640413249555;    -0.0004
 Dab;        -119.12100917739109;     0.0148
 T⁰₀(ϵ);                    -0.0;      Fixed
 T²₀(ϵ);                     0.0;      Fixed
 T²₁(ϵ);                    -0.0;      Fixed
 T²₂(ϵ);                     0.0;      Fixed
 T²₀(χ);      -72.07478948605507;     0.1836
 T²₁(χ);                    -0.0;      Fixed
 T²₂(χ);      1.0853261487305188;    -0.0075
 F;            161663.7125406618;      Fixed
 -2ρF;        -6201.008999094168;    11.0070
 V3/2;      3.4311593810743797e6; -1846.4560
 η;                          0.0;      Fixed
DN;        -7.140219002518772e-6;    -0.0000

Max Change; DN, 0.8530%

-------------------------------------

After  32 Iterations:

RMS = 0.3392 MHz, log₁₀(λ) = -4.3792

                        Parameter     Change
 BN;          2320.2573695422375;    -0.1466
 BK;           768.9243862525792;     0.0061
 B⨦;           48.27941147209265;     0.0030
 Dab;        -119.10808413262255;     0.0129
 T⁰₀(ϵ);                    -0.0;      Fixed
 T²₀(ϵ);                     0.0;      Fixed
 T²₁(ϵ);                    -0.0;      Fixed
 T²₂(ϵ);                     0.0;      Fixed
 T²₀(χ);      -71.87084058394652;     0.2039
 T²₁(χ);                    -0.0;      Fixed
 T²₂(χ);      1.0773408029602864;    -0.0080
 F;            161663.7125406618;      Fixed
 -2ρF;        -6194.493982899017;     6.5150
 V3/2;      3.4300775617926214e6; -1081.8193
 η;                          0.0;      Fixed
DN;       -7.2027627393598615e-6;    -0.0000

Max Change; DN, 0.8759%

-------------------------------------

After  33 Iterations:

RMS = 0.3020 MHz, log₁₀(λ) = -4.5501

                        Parameter     Change
 BN;          2319.9388595891805;    -0.3185
 BK;           768.9277681904575;     0.0034
 B⨦;          48.281045911152056;     0.0016
 Dab;        -119.09672663766145;     0.0114
 T⁰₀(ϵ);                    -0.0;      Fixed
 T²₀(ϵ);                     0.0;      Fixed
 T²₁(ϵ);                    -0.0;      Fixed
 T²₂(ϵ);                     0.0;      Fixed
 T²₀(χ);      -71.56155617700473;     0.3093
 T²₁(χ);                    -0.0;      Fixed
 T²₂(χ);      1.0647772334894516;    -0.0126
 F;            161663.7125406618;      Fixed
 -2ρF;        -6178.613920227269;    15.8801
 V3/2;      3.4273428159118327e6; -2734.7459
 η;                          0.0;      Fixed
DN;        -7.296777153228333e-6;    -0.0000

Max Change; DN, 1.3053%

-------------------------------------

After  34 Iterations:

RMS = 0.2864 MHz, log₁₀(λ) = -4.6975

                        Parameter     Change
 BN;           2319.676360524757;    -0.2625
 BK;            768.928872423279;     0.0011
 B⨦;           48.28155719952975;     0.0005
 Dab;        -119.08610814672954;     0.0106
 T⁰₀(ϵ);                    -0.0;      Fixed
 T²₀(ϵ);                     0.0;      Fixed
 T²₁(ϵ);                    -0.0;      Fixed
 T²₂(ϵ);                     0.0;      Fixed
 T²₀(χ);      -71.34217407995757;     0.2194
 T²₁(χ);                    -0.0;      Fixed
 T²₂(χ);      1.0558290965599322;    -0.0089
 F;            161663.7125406618;      Fixed
 -2ρF;        -6165.324343390263;    13.2896
 V3/2;      3.4250629195581092e6; -2279.8964
 η;                          0.0;      Fixed
DN;        -7.365078261991816e-6;    -0.0000

Max Change; DN, 0.9360%

-------------------------------------

After  35 Iterations:

RMS = 0.2388 MHz, log₁₀(λ) = -4.2153

                        Parameter     Change
 BN;          2319.5233729655415;    -0.1530
 BK;           768.9335186011876;     0.0046
 B⨦;            48.2838412134006;     0.0023
 Dab;        -119.07699230383638;     0.0091
 T⁰₀(ϵ);                    -0.0;      Fixed
 T²₀(ϵ);                     0.0;      Fixed
 T²₁(ϵ);                    -0.0;      Fixed
 T²₂(ϵ);                     0.0;      Fixed
 T²₀(χ);      -71.12158178386768;     0.2206
 T²₁(χ);                    -0.0;      Fixed
 T²₂(χ);      1.0470961417359397;    -0.0087
 F;            161663.7125406618;      Fixed
 -2ρF;        -6158.307051161332;     7.0173
 V3/2;       3.423914128018803e6; -1148.7915
 η;                          0.0;      Fixed
DN;        -7.434628190840967e-6;    -0.0000

Max Change; DN, 0.9443%

-------------------------------------

After  36 Iterations:

RMS = 0.2092 MHz, log₁₀(λ) = -4.3912

                        Parameter     Change
 BN;          2319.2547147358564;    -0.2687
 BK;           768.9362757348457;     0.0028
 B⨦;           48.28517300867129;     0.0013
 Dab;        -119.06910384692235;     0.0079
 T⁰₀(ϵ);                    -0.0;      Fixed
 T²₀(ϵ);                     0.0;      Fixed
 T²₁(ϵ);                    -0.0;      Fixed
 T²₂(ϵ);                     0.0;      Fixed
 T²₀(χ);      -70.86604260878514;     0.2555
 T²₁(χ);                    -0.0;      Fixed
 T²₂(χ);      1.0367171506296813;    -0.0104
 F;            161663.7125406618;      Fixed
 -2ρF;       -6144.8284039470755;    13.4786
 V3/2;      3.4215857386440407e6; -2328.3894
 η;                          0.0;      Fixed
DN;        -7.512979772570132e-6;    -0.0000

Max Change; DN, 1.0539%

-------------------------------------

After  37 Iterations:

RMS = 0.1950 MHz, log₁₀(λ) = -4.5456

                        Parameter     Change
 BN;           2319.024463237701;    -0.2303
 BK;           768.9374157602726;     0.0011
 B⨦;           48.28570933814274;     0.0005
 Dab;         -119.0618556673051;     0.0072
 T⁰₀(ϵ);                    -0.0;      Fixed
 T²₀(ϵ);                     0.0;      Fixed
 T²₁(ϵ);                    -0.0;      Fixed
 T²₂(ϵ);                     0.0;      Fixed
 T²₀(χ);      -70.68610002085168;     0.1799
 T²₁(χ);                    -0.0;      Fixed
 T²₂(χ);      1.0293752645014767;    -0.0073
 F;            161663.7125406618;      Fixed
 -2ρF;        -6133.097943622544;    11.7305
 V3/2;      3.4195516860632417e6; -2034.0526
 η;                          0.0;      Fixed
DN;         -7.56819611740439e-6;    -0.0000

Max Change; DN, 0.7349%

-------------------------------------

After  38 Iterations:

RMS = 0.1936 MHz, log₁₀(λ) = -4.6731

                        Parameter     Change
 BN;            2318.89597867959;    -0.1285
 BK;           768.9371821155376;    -0.0002
 B⨦;           48.28557437020805;    -0.0001
 Dab;        -119.05475812366004;     0.0071
 T⁰₀(ϵ);                    -0.0;      Fixed
 T²₀(ϵ);                     0.0;      Fixed
 T²₁(ϵ);                    -0.0;      Fixed
 T²₂(ϵ);                     0.0;      Fixed
 T²₀(χ);      -70.59002835252473;     0.0961
 T²₁(χ);                    -0.0;      Fixed
 T²₂(χ);       1.025429171356303;    -0.0039
 F;            161663.7125406618;      Fixed
 -2ρF;        -6126.437554479117;     6.6604
 V3/2;      3.4184049210635377e6; -1146.7650
 η;                          0.0;      Fixed
DN;       -7.5988335310616045e-6;    -0.0000

Max Change; DN, 0.4048%

-------------------------------------

After  39 Iterations:

RMS = 0.1633 MHz, log₁₀(λ) = -4.1711

                        Parameter     Change
 BN;           2318.830316853436;    -0.0657
 BK;           768.9401158353354;     0.0029
 B⨦;           48.28702348650691;     0.0014
 Dab;        -119.04854980387492;     0.0062
 T⁰₀(ϵ);                    -0.0;      Fixed
 T²₀(ϵ);                     0.0;      Fixed
 T²₁(ϵ);                    -0.0;      Fixed
 T²₂(ϵ);                     0.0;      Fixed
 T²₀(χ);       -70.4891994133092;     0.1008
 T²₁(χ);                    -0.0;      Fixed
 T²₂(χ);      1.0214793038505163;    -0.0039
 F;            161663.7125406618;      Fixed
 -2ρF;        -6123.561712282978;     2.8758
 V3/2;      3.4179337741495613e6;  -471.1469
 η;                          0.0;      Fixed
DN;         -7.62981018686965e-6;    -0.0000

Max Change; DN, 0.4077%

-------------------------------------

After  40 Iterations:

RMS = 0.1457 MHz, log₁₀(λ) = -4.3419

                        Parameter     Change
 BN;          2318.6829635691024;    -0.1474
 BK;           768.9417173748809;     0.0016
 B⨦;           48.28779624621694;     0.0008
 Dab;        -119.04308883443036;     0.0055
 T⁰₀(ϵ);                    -0.0;      Fixed
 T²₀(ϵ);                     0.0;      Fixed
 T²₁(ϵ);                    -0.0;      Fixed
 T²₂(ϵ);                     0.0;      Fixed
 T²₀(χ);      -70.33478075920618;     0.1544
 T²₁(χ);                    -0.0;      Fixed
 T²₂(χ);      1.0152166243671688;    -0.0063
 F;            161663.7125406618;      Fixed
 -2ρF;       -6116.1527360790105;     7.4090
 V3/2;       3.416655153789334e6; -1278.6204
 η;                          0.0;      Fixed
DN;        -7.677521557349576e-6;    -0.0000

Max Change; DN, 0.6253%

-------------------------------------

After  41 Iterations:

RMS = 0.1389 MHz, log₁₀(λ) = -4.4883

                        Parameter     Change
 BN;          2318.5515855926938;    -0.1314
 BK;           768.9421729606293;     0.0005
 B⨦;          48.288004932468354;     0.0002
 Dab;        -119.03796140447004;     0.0051
 T⁰₀(ϵ);                    -0.0;      Fixed
 T²₀(ϵ);                     0.0;      Fixed
 T²₁(ϵ);                    -0.0;      Fixed
 T²₂(ϵ);                     0.0;      Fixed
 T²₀(χ);       -70.2327525527567;     0.1020
 T²₁(χ);                    -0.0;      Fixed
 T²₂(χ);      1.0110410950774076;    -0.0042
 F;            161663.7125406618;      Fixed
 -2ρF;       -6109.3908776893495;     6.7619
 V3/2;       3.415477493172857e6; -1177.6606
 η;                          0.0;      Fixed
DN;        -7.708879371464499e-6;    -0.0000

Max Change;  T²₂(χ), 0.4113%

-------------------------------------

After  42 Iterations:

RMS = 0.1161 MHz, log₁₀(λ) = -4.0040

                        Parameter     Change
 BN;          2318.4883062512818;    -0.0633
 BK;           768.9443941356187;     0.0022
 B⨦;          48.289097808918726;     0.0011
 Dab;        -119.03354769265073;     0.0044
 T⁰₀(ϵ);                    -0.0;      Fixed
 T²₀(ϵ);                     0.0;      Fixed
 T²₁(ϵ);                    -0.0;      Fixed
 T²₂(ϵ);                     0.0;      Fixed
 T²₀(χ);      -70.13214950539204;     0.1006
 T²₁(χ);                    -0.0;      Fixed
 T²₂(χ);       1.007065975686902;    -0.0040
 F;            161663.7125406618;      Fixed
 -2ρF;        -6106.534749709998;     2.8561
 V3/2;      3.4150145152593497e6;  -462.9779
 η;                          0.0;      Fixed
DN;        -7.740414623092713e-6;    -0.0000

Max Change; DN, 0.4091%

-------------------------------------

After  43 Iterations:

RMS = 0.1024 MHz, log₁₀(λ) = -4.1785

                        Parameter     Change
 BN;          2318.3695815044875;    -0.1187
 BK;           768.9456743522637;     0.0013
 B⨦;           48.28971555797635;     0.0006
 Dab;        -119.02971182006644;     0.0038
 T⁰₀(ϵ);                    -0.0;      Fixed
 T²₀(ϵ);                     0.0;      Fixed
 T²₁(ϵ);                    -0.0;      Fixed
 T²₂(ϵ);                     0.0;      Fixed
 T²₀(χ);      -70.00897396216453;     0.1232
 T²₁(χ);                    -0.0;      Fixed
 T²₂(χ);       1.002069899618208;    -0.0050
 F;            161663.7125406618;      Fixed
 -2ρF;        -6100.550100694396;     5.9846
 V3/2;      3.4139807247995865e6; -1033.7905
 η;                          0.0;      Fixed
DN;        -7.778797307903203e-6;    -0.0000

Max Change;  T²₂(χ), 0.4961%

-------------------------------------

After  44 Iterations:

RMS = 0.0963 MHz, log₁₀(λ) = -4.3302

                        Parameter     Change
 BN;          2318.2562845730035;    -0.1133
 BK;            768.946134231422;     0.0005
 B⨦;          48.289930106998916;     0.0002
 Dab;        -119.02615803499604;     0.0036
 T⁰₀(ϵ);                    -0.0;      Fixed
 T²₀(ϵ);                     0.0;      Fixed
 T²₁(ϵ);                    -0.0;      Fixed
 T²₂(ϵ);                     0.0;      Fixed
 T²₀(χ);       -69.9274066385573;     0.0816
 T²₁(χ);                    -0.0;      Fixed
 T²₂(χ);      0.9987291761778929;    -0.0033
 F;            161663.7125406618;      Fixed
 -2ρF;        -6094.698478975746;     5.8516
 V3/2;      3.4129532838409133e6; -1027.4410
 η;                          0.0;      Fixed
DN;        -7.803468451217709e-6;    -0.0000

Max Change;  T²₂(χ), 0.3334%

-------------------------------------

After  45 Iterations:

RMS = 0.0804 MHz, log₁₀(λ) = -3.8515

                        Parameter     Change
 BN;           2318.208236541222;    -0.0480
 BK;           768.9476984161852;     0.0016
 B⨦;           48.29069854310982;     0.0008
 Dab;        -119.02311553237254;     0.0030
 T⁰₀(ϵ);                    -0.0;      Fixed
 T²₀(ϵ);                     0.0;      Fixed
 T²₁(ϵ);                    -0.0;      Fixed
 T²₂(ϵ);                     0.0;      Fixed
 T²₀(χ);      -69.84982621987348;     0.0776
 T²₁(χ);                    -0.0;      Fixed
 T²₂(χ);      0.9956588013016701;    -0.0031
 F;            161663.7125406618;      Fixed
 -2ρF;        -6092.514280211467;     2.1842
 V3/2;      3.4126010941935573e6;  -352.1896
 η;                          0.0;      Fixed
DN;        -7.827849479814045e-6;    -0.0000

Max Change; DN, 0.3124%

-------------------------------------

After  46 Iterations:

RMS = 0.0707 MHz, log₁₀(λ) = -4.0266

                        Parameter     Change
 BN;          2318.1239078167664;    -0.0843
 BK;           768.9486134459138;     0.0009
 B⨦;           48.29113995923208;     0.0004
 Dab;        -119.02048209644221;     0.0026
 T⁰₀(ϵ);                    -0.0;      Fixed
 T²₀(ϵ);                     0.0;      Fixed
 T²₁(ϵ);                    -0.0;      Fixed
 T²₂(ϵ);                     0.0;      Fixed
 T²₀(χ);      -69.76103602474285;     0.0888
 T²₁(χ);                    -0.0;      Fixed
 T²₂(χ);      0.9920575591839019;    -0.0036
 F;            161663.7125406618;      Fixed
 -2ρF;        -6088.257720176516;     4.2566
 V3/2;       3.411866007807612e6;  -735.0864
 η;                          0.0;      Fixed
DN;         -7.85577820877397e-6;    -0.0000

Max Change;  T²₂(χ), 0.3617%

-------------------------------------

After  47 Iterations:

RMS = 0.0663 MHz, log₁₀(λ) = -4.1795

                        Parameter     Change
 BN;          2318.0376929748195;    -0.0862
 BK;           768.9489575515063;     0.0003
 B⨦;           48.29130098051648;     0.0002
 Dab;        -119.01805233648105;     0.0024
 T⁰₀(ϵ);                    -0.0;      Fixed
 T²₀(ϵ);                     0.0;      Fixed
 T²₁(ϵ);                    -0.0;      Fixed
 T²₂(ϵ);                     0.0;      Fixed
 T²₀(χ);      -69.70299772401741;     0.0580
 T²₁(χ);                    -0.0;      Fixed
 T²₂(χ);       0.989676385294408;    -0.0024
 F;            161663.7125406618;      Fixed
 -2ρF;          -6083.7851498177;     4.4726
 V3/2;      3.4110757285801433e6;  -790.2792
 η;                          0.0;      Fixed
DN;         -7.87311246211413e-6;    -0.0000

Max Change;  T²₂(χ), 0.2400%

-------------------------------------

After  48 Iterations:

RMS = 0.0555 MHz, log₁₀(λ) = -3.7021

                        Parameter     Change
 BN;          2318.0040302698103;    -0.0337
 BK;           768.9500317089155;     0.0011
 B⨦;           48.29182844625838;     0.0005
 Dab;        -119.01597543965818;     0.0021
 T⁰₀(ϵ);                    -0.0;      Fixed
 T²₀(ϵ);                     0.0;      Fixed
 T²₁(ϵ);                    -0.0;      Fixed
 T²₂(ϵ);                     0.0;      Fixed
 T²₀(χ);      -69.64837472268219;     0.0546
 T²₁(χ);                    -0.0;      Fixed
 T²₂(χ);       0.987514919554497;    -0.0022
 F;            161663.7125406618;      Fixed
 -2ρF;         -6082.25243792727;     1.5327
 V3/2;      3.4108290684019593e6;  -246.6602
 η;                          0.0;      Fixed
DN;         -7.89014291040664e-6;    -0.0000

Max Change;  T²₂(χ), 0.2184%

-------------------------------------

After  49 Iterations:

RMS = 0.0489 MHz, log₁₀(λ) = -3.8762

                        Parameter     Change
 BN;          2317.9472762841183;    -0.0568
 BK;           768.9506625298426;     0.0006
 B⨦;           48.29213270826847;     0.0003
 Dab;        -119.01417979423161;     0.0018
 T⁰₀(ϵ);                    -0.0;      Fixed
 T²₀(ϵ);                     0.0;      Fixed
 T²₁(ϵ);                    -0.0;      Fixed
 T²₂(ϵ);                     0.0;      Fixed
 T²₀(χ);      -69.58674850952036;     0.0616
 T²₁(χ);                    -0.0;      Fixed
 T²₂(χ);      0.9850157235681621;    -0.0025
 F;            161663.7125406618;      Fixed
 -2ρF;        -6079.388340782268;     2.8641
 V3/2;      3.4103352765867026e6;  -493.7918
 η;                          0.0;      Fixed
DN;         -7.90975342084308e-6;    -0.0000

Max Change;  T²₂(χ), 0.2531%

-------------------------------------

After  50 Iterations:

RMS = 0.0460 MHz, log₁₀(λ) = -4.0281

                        Parameter     Change
 BN;          2317.8851650398724;    -0.0621
 BK;           768.9509011736526;     0.0002
 B⨦;           48.29224442347355;     0.0001
 Dab;         -119.0125245634744;     0.0017
 T⁰₀(ϵ);                    -0.0;      Fixed
 T²₀(ϵ);                     0.0;      Fixed
 T²₁(ϵ);                    -0.0;      Fixed
 T²₂(ϵ);                     0.0;      Fixed
 T²₀(χ);      -69.54695944487703;     0.0398
 T²₁(χ);                    -0.0;      Fixed
 T²₂(χ);      0.9833804809928488;    -0.0016
 F;            161663.7125406618;      Fixed
 -2ρF;        -6076.154699079796;     3.2336
 V3/2;       3.409761331753329e6;  -573.9448
 η;                          0.0;      Fixed
DN;         -7.92155000336559e-6;    -0.0000

Max Change;  T²₂(χ), 0.1660%

-------------------------------------

After  51 Iterations:

RMS = 0.0387 MHz, log₁₀(λ) = -3.5502

                        Parameter     Change
 BN;           2317.862086857707;    -0.0231
 BK;           768.9516335413191;     0.0007
 B⨦;           48.29260403439247;     0.0004
 Dab;        -119.01111018510612;     0.0014
 T⁰₀(ϵ);                    -0.0;      Fixed
 T²₀(ϵ);                     0.0;      Fixed
 T²₁(ϵ);                    -0.0;      Fixed
 T²₂(ϵ);                     0.0;      Fixed
 T²₀(χ);      -69.50959692960824;     0.0374
 T²₁(χ);                    -0.0;      Fixed
 T²₂(χ);      0.9819032677593058;    -0.0015
 F;            161663.7125406618;      Fixed
 -2ρF;        -6075.103398361198;     1.0513
 V3/2;      3.4095921845033797e6;  -169.1472
 η;                          0.0;      Fixed
DN;        -7.933011209511799e-6;    -0.0000

Max Change;  T²₂(χ), 0.1502%

-------------------------------------

After  52 Iterations:

RMS = 0.0343 MHz, log₁₀(λ) = -3.7213

                        Parameter     Change
 BN;            2317.82460901522;    -0.0375
 BK;           768.9520655244006;     0.0004
 B⨦;           48.29281239738587;     0.0002
 Dab;        -119.00988797775244;     0.0012
 T⁰₀(ϵ);                    -0.0;      Fixed
 T²₀(ϵ);                     0.0;      Fixed
 T²₁(ϵ);                    -0.0;      Fixed
 T²₂(ϵ);                     0.0;      Fixed
 T²₀(χ);      -69.46732129929369;     0.0423
 T²₁(χ);                    -0.0;      Fixed
 T²₂(χ);      0.9801890352155733;    -0.0017
 F;            161663.7125406618;      Fixed
 -2ρF;        -6073.214749450587;     1.8886
 V3/2;       3.409267425981839e6;  -324.7585
 η;                          0.0;      Fixed
DN;        -7.946657692165987e-6;    -0.0000

Max Change;  T²₂(χ), 0.1746%

-------------------------------------

After  53 Iterations:

RMS = 0.0323 MHz, log₁₀(λ) = -3.8706

                        Parameter     Change
 BN;           2317.781064254639;    -0.0435
 BK;            768.952231269411;     0.0002
 B⨦;          48.292890063350434;     0.0001
 Dab;        -119.00876239446706;     0.0011
 T⁰₀(ϵ);                    -0.0;      Fixed
 T²₀(ϵ);                     0.0;      Fixed
 T²₁(ϵ);                    -0.0;      Fixed
 T²₂(ϵ);                     0.0;      Fixed
 T²₀(χ);      -69.44017874596949;     0.0271
 T²₁(χ);                    -0.0;      Fixed
 T²₂(χ);      0.9790721167154148;    -0.0011
 F;            161663.7125406618;      Fixed
 -2ρF;        -6070.942697951606;     2.2721
 V3/2;      3.4088630206631594e6;  -404.4053
 η;                          0.0;      Fixed
DN;        -7.954703798150784e-6;    -0.0000

Max Change;  T²₂(χ), 0.1139%

-------------------------------------

After  54 Iterations:

RMS = 0.0323 MHz, log₁₀(λ) = -3.9935

                        Parameter     Change
 BN;          2317.7445711611567;    -0.0365
 BK;           768.9521723642073;    -0.0001
 B⨦;           48.29285792410245;    -0.0000
 Dab;        -119.00765338397692;     0.0011
 T⁰₀(ϵ);                    -0.0;      Fixed
 T²₀(ϵ);                     0.0;      Fixed
 T²₁(ϵ);                    -0.0;      Fixed
 T²₂(ϵ);                     0.0;      Fixed
 T²₀(χ);       -69.4275538044824;     0.0126
 T²₁(χ);                    -0.0;      Fixed
 T²₂(χ);      0.9785383096637257;    -0.0005
 F;            161663.7125406618;      Fixed
 -2ρF;        -6068.998394814388;     1.9443
 V3/2;       3.408511258651216e6;  -351.7620
 η;                          0.0;      Fixed
DN;        -7.957929498977865e-6;    -0.0000

Max Change;  T²₂(χ), 0.0545%

-------------------------------------

After  55 Iterations:

RMS = 0.0280 MHz, log₁₀(λ) = -3.4886

                        Parameter     Change
 BN;           2317.733440677846;    -0.0111
 BK;           768.9526259951857;     0.0005
 B⨦;           48.29308207389461;     0.0002
 Dab;        -119.00668045650436;     0.0010
 T⁰₀(ϵ);                    -0.0;      Fixed
 T²₀(ϵ);                     0.0;      Fixed
 T²₁(ϵ);                    -0.0;      Fixed
 T²₂(ϵ);                     0.0;      Fixed
 T²₀(χ);       -69.4125200257893;     0.0150
 T²₁(χ);                    -0.0;      Fixed
 T²₂(χ);      0.9779538968430402;    -0.0006
 F;            161663.7125406618;      Fixed
 -2ρF;        -6068.505429974524;     0.4930
 V3/2;       3.408429839817897e6;   -81.4188
 η;                          0.0;      Fixed
DN;         -7.96207386649886e-6;    -0.0000

Max Change;  T²₂(χ), 0.0597%

-------------------------------------

After  56 Iterations:

RMS = 0.0255 MHz, log₁₀(λ) = -3.6482

                        Parameter     Change
 BN;           2317.714707218057;    -0.0187
 BK;           768.9528723322198;     0.0002
 B⨦;           48.29320079160228;     0.0001
 Dab;         -119.0058229042863;     0.0009
 T⁰₀(ϵ);                    -0.0;      Fixed
 T²₀(ϵ);                     0.0;      Fixed
 T²₁(ϵ);                    -0.0;      Fixed
 T²₂(ϵ);                     0.0;      Fixed
 T²₀(χ);      -69.38757475341565;     0.0249
 T²₁(χ);                    -0.0;      Fixed
 T²₂(χ);      0.9769442578470022;    -0.0010
 F;            161663.7125406618;      Fixed
 -2ρF;        -6067.570169615524;     0.9353
 V3/2;       3.408271218848317e6;  -158.6210
 η;                          0.0;      Fixed
DN;         -7.97028290318668e-6;    -0.0000

Max Change;  T²₂(χ), 0.1032%

-------------------------------------

After  57 Iterations:

RMS = 0.0246 MHz, log₁₀(λ) = -3.7852

                        Parameter     Change
 BN;          2317.6921753506394;    -0.0225
 BK;           768.9529356768129;     0.0001
 B⨦;           48.29322954636652;     0.0000
 Dab;         -119.0050151543354;     0.0008
 T⁰₀(ϵ);                    -0.0;      Fixed
 T²₀(ϵ);                     0.0;      Fixed
 T²₁(ϵ);                    -0.0;      Fixed
 T²₂(ϵ);                     0.0;      Fixed
 T²₀(χ);      -69.37220029322249;     0.0154
 T²₁(χ);                    -0.0;      Fixed
 T²₂(χ);      0.9763111668429573;    -0.0006
 F;            161663.7125406618;      Fixed
 -2ρF;         -6066.39106788012;     1.1791
 V3/2;       3.408062201249138e6;  -209.0176
 η;                          0.0;      Fixed
DN;        -7.974990566431005e-6;    -0.0000

Max Change;  T²₂(χ), 0.0648%

-------------------------------------

After  58 Iterations:

RMS = 0.0215 MHz, log₁₀(λ) = -3.2955

                        Parameter     Change
 BN;          2317.6838776698455;    -0.0083
 BK;           768.9532838269866;     0.0003
 B⨦;            48.2934009933821;     0.0002
 Dab;        -119.00431882900988;     0.0007
 T⁰₀(ϵ);                    -0.0;      Fixed
 T²₀(ϵ);                     0.0;      Fixed
 T²₁(ϵ);                    -0.0;      Fixed
 T²₂(ϵ);                     0.0;      Fixed
 T²₀(χ);       -69.3571020247816;     0.0151
 T²₁(χ);                    -0.0;      Fixed
 T²₂(χ);       0.975719268382556;    -0.0006
 F;            161663.7125406618;      Fixed
 -2ρF;        -6066.028733021019;     0.3623
 V3/2;       3.408005054889771e6;   -57.1464
 η;                          0.0;      Fixed
DN;         -7.97928170030536e-6;    -0.0000

Max Change;  T²₂(χ), 0.0606%

-------------------------------------

After  59 Iterations:

RMS = 0.0197 MHz, log₁₀(λ) = -3.4511

                        Parameter     Change
 BN;          2317.6705126720676;    -0.0134
 BK;           768.9534886743811;     0.0002
 B⨦;           48.29349990740457;     0.0001
 Dab;        -119.00371416511054;     0.0006
 T⁰₀(ϵ);                    -0.0;      Fixed
 T²₀(ϵ);                     0.0;      Fixed
 T²₁(ϵ);                    -0.0;      Fixed
 T²₂(ϵ);                     0.0;      Fixed
 T²₀(χ);      -69.33731985158225;     0.0198
 T²₁(χ);                    -0.0;      Fixed
 T²₂(χ);      0.9749189282942214;    -0.0008
 F;            161663.7125406618;      Fixed
 -2ρF;        -6065.368548932394;     0.6602
 V3/2;       3.407894546047534e6;  -110.5088
 η;                          0.0;      Fixed
DN;        -7.985985890385774e-6;    -0.0000

Max Change; DN, 0.0840%

-------------------------------------

After  60 Iterations:

RMS = 0.0188 MHz, log₁₀(λ) = -3.5869

                        Parameter     Change
 BN;          2317.6534441339545;    -0.0171
 BK;           768.9535674983352;     0.0001
 B⨦;            48.2935369158094;     0.0000
 Dab;        -119.00315582168557;     0.0006
 T⁰₀(ϵ);                    -0.0;      Fixed
 T²₀(ϵ);                     0.0;      Fixed
 T²₁(ϵ);                    -0.0;      Fixed
 T²₂(ϵ);                     0.0;      Fixed
 T²₀(χ);      -69.32451583176805;     0.0128
 T²₁(χ);                    -0.0;      Fixed
 T²₂(χ);      0.9743932604994711;    -0.0005
 F;            161663.7125406618;      Fixed
 -2ρF;        -6064.480978755782;     0.8876
 V3/2;      3.4077378034580816e6;  -156.7426
 η;                          0.0;      Fixed
DN;        -7.990008908237788e-6;    -0.0000

Max Change;  T²₂(χ), 0.0539%

-------------------------------------

After  61 Iterations:

RMS = 0.0188 MHz, log₁₀(λ) = -3.7024

                        Parameter     Change
 BN;          2317.6361776945987;    -0.0173
 BK;           768.9535382881279;    -0.0000
 B⨦;           48.29352108713667;    -0.0000
 Dab;        -119.00260547144565;     0.0006
 T⁰₀(ϵ);                    -0.0;      Fixed
 T²₀(ϵ);                     0.0;      Fixed
 T²₁(ϵ);                    -0.0;      Fixed
 T²₂(ϵ);                     0.0;      Fixed
 T²₀(χ);      -69.31881892277754;     0.0057
 T²₁(χ);                    -0.0;      Fixed
 T²₂(χ);      0.9741509595164695;    -0.0002
 F;            161663.7125406618;      Fixed
 -2ρF;        -6063.557701004319;     0.9233
 V3/2;      3.4075700969258444e6;  -167.7065
 η;                          0.0;      Fixed
DN;        -7.991461529869662e-6;    -0.0000

Max Change;  T²₂(χ), 0.0249%

-------------------------------------

After  62 Iterations:

RMS = 0.0170 MHz, log₁₀(λ) = -3.1975

                        Parameter     Change
 BN;           2317.630675244384;    -0.0055
 BK;           768.9537630854214;     0.0002
 B⨦;           48.29363221291158;     0.0001
 Dab;        -119.00212267691474;     0.0005
 T⁰₀(ϵ);                    -0.0;      Fixed
 T²₀(ϵ);                     0.0;      Fixed
 T²₁(ϵ);                    -0.0;      Fixed
 T²₂(ϵ);                     0.0;      Fixed
 T²₀(χ);      -69.31161245584757;     0.0072
 T²₁(χ);                    -0.0;      Fixed
 T²₂(χ);      0.9738729919656595;    -0.0003
 F;            161663.7125406618;      Fixed
 -2ρF;        -6063.313705544727;     0.2440
 V3/2;      3.4075296256819665e6;   -40.4712
 η;                          0.0;      Fixed
DN;        -7.993164016150645e-6;    -0.0000

Max Change;  T²₂(χ), 0.0285%

-------------------------------------

After  63 Iterations:

RMS = 0.0160 MHz, log₁₀(λ) = -3.3380

                        Parameter     Change
 BN;          2317.6224032913588;    -0.0083
 BK;             768.95389188672;     0.0001
 B⨦;           48.29369439553785;     0.0001
 Dab;          -119.001698790857;     0.0004
 T⁰₀(ϵ);                    -0.0;      Fixed
 T²₀(ϵ);                     0.0;      Fixed
 T²₁(ϵ);                    -0.0;      Fixed
 T²₂(ϵ);                     0.0;      Fixed
 T²₀(χ);      -69.29910354166518;     0.0125
 T²₁(χ);                    -0.0;      Fixed
 T²₂(χ);      0.9733667054790229;    -0.0005
 F;            161663.7125406618;      Fixed
 -2ρF;        -6062.905809045971;     0.4079
 V3/2;      3.4074614290012666e6;   -68.1967
 η;                          0.0;      Fixed
DN;        -7.997455121026281e-6;    -0.0000

Max Change; DN, 0.0537%

-------------------------------------

After  64 Iterations:

RMS = 0.0156 MHz, log₁₀(λ) = -3.4619

                        Parameter     Change
 BN;          2317.6119522978115;    -0.0105
 BK;            768.953936554942;     0.0000
 B⨦;           48.29371521281971;     0.0000
 Dab;        -119.00130352572006;     0.0004
 T⁰₀(ϵ);                    -0.0;      Fixed
 T²₀(ϵ);                     0.0;      Fixed
 T²₁(ϵ);                    -0.0;      Fixed
 T²₂(ϵ);                     0.0;      Fixed
 T²₀(χ);      -69.29100234198864;     0.0081
 T²₁(χ);                    -0.0;      Fixed
 T²₂(χ);       0.973033925854379;    -0.0003
 F;            161663.7125406618;      Fixed
 -2ρF;        -6062.361874007307;     0.5439
 V3/2;        3.40736553091178e6;   -95.8981
 η;                          0.0;      Fixed
DN;        -8.000056343540728e-6;    -0.0000

Max Change;  T²₂(χ), 0.0342%

-------------------------------------

After  65 Iterations:

RMS = 0.0144 MHz, log₁₀(λ) = -2.9686

                        Parameter     Change
 BN;          2317.6081134029437;    -0.0038
 BK;           768.9541104129954;     0.0002
 B⨦;          48.293800769418574;     0.0001
 Dab;        -119.00096481875649;     0.0003
 T⁰₀(ϵ);                    -0.0;      Fixed
 T²₀(ϵ);                     0.0;      Fixed
 T²₁(ϵ);                    -0.0;      Fixed
 T²₂(ϵ);                     0.0;      Fixed
 T²₀(χ);      -69.28301343552597;     0.0080
 T²₁(χ);                    -0.0;      Fixed
 T²₂(χ);      0.9727226123302841;    -0.0003
 F;            161663.7125406618;      Fixed
 -2ρF;         -6062.19763373257;     0.1642
 V3/2;       3.407340476692341e6;   -25.0542
 η;                          0.0;      Fixed
DN;        -8.002058407548492e-6;    -0.0000

Max Change;  T²₂(χ), 0.0320%

-------------------------------------

After  66 Iterations:

RMS = 0.0137 MHz, log₁₀(λ) = -3.0993

                        Parameter     Change
 BN;          2317.6025901791927;    -0.0055
 BK;           768.9542205095081;     0.0001
 B⨦;           48.29385404541628;     0.0001
 Dab;        -119.00067368911722;     0.0003
 T⁰₀(ϵ);                    -0.0;      Fixed
 T²₀(ϵ);                     0.0;      Fixed
 T²₁(ϵ);                    -0.0;      Fixed
 T²₂(ϵ);                     0.0;      Fixed
 T²₀(χ);      -69.27293816412235;     0.0101
 T²₁(χ);                    -0.0;      Fixed
 T²₂(χ);      0.9723148459873209;    -0.0004
 F;            161663.7125406618;      Fixed
 -2ρF;        -6061.931363877461;     0.2663
 V3/2;       3.407297224286882e6;   -43.2524
 η;                          0.0;      Fixed
DN;        -8.005691035090084e-6;    -0.0000

Max Change; DN, 0.0454%

-------------------------------------

After  67 Iterations:

RMS = 0.0134 MHz, log₁₀(λ) = -3.2175

                        Parameter     Change
 BN;          2317.5954356187035;    -0.0072
 BK;           768.9542755558823;     0.0001
 B⨦;              48.29388029398;     0.0000
 Dab;        -119.00041014694143;     0.0003
 T⁰₀(ϵ);                    -0.0;      Fixed
 T²₀(ϵ);                     0.0;      Fixed
 T²₁(ϵ);                    -0.0;      Fixed
 T²₂(ϵ);                     0.0;      Fixed
 T²₀(χ);      -69.26598916617222;     0.0069
 T²₁(χ);                    -0.0;      Fixed
 T²₂(χ);      0.9720307848948321;    -0.0003
 F;            161663.7125406618;      Fixed
 -2ρF;        -6061.564595290455;     0.3668
 V3/2;      3.4072334751296686e6;   -63.7492
 η;                          0.0;      Fixed
DN;          -8.0080484277262e-6;    -0.0000

Max Change; DN, 0.0294%

-------------------------------------

After  68 Iterations:

RMS = 0.0133 MHz, log₁₀(λ) = -3.3258

                        Parameter     Change
 BN;          2317.5871201841383;    -0.0083
 BK;           768.9542822970981;     0.0000
 B⨦;           48.29388291071937;     0.0000
 Dab;        -119.00015704899663;     0.0003
 T⁰₀(ϵ);                    -0.0;      Fixed
 T²₀(ϵ);                     0.0;      Fixed
 T²₁(ϵ);                    -0.0;      Fixed
 T²₂(ϵ);                     0.0;      Fixed
 T²₀(χ);      -69.26226339351233;     0.0037
 T²₁(χ);                    -0.0;      Fixed
 T²₂(χ);      0.9718747093552883;    -0.0002
 F;            161663.7125406618;      Fixed
 -2ρF;         -6061.12381677045;     0.4408
 V3/2;      3.4071538922370127e6;   -79.5829
 η;                          0.0;      Fixed
DN;        -8.009144423444933e-6;    -0.0000

Max Change;  T²₂(χ), 0.0161%

-------------------------------------

After  69 Iterations:

RMS = 0.0127 MHz, log₁₀(λ) = -2.8240

                        Parameter     Change
 BN;           2317.584312045358;    -0.0028
 BK;           768.9543896005283;     0.0001
 B⨦;           48.29393582468001;     0.0001
 Dab;        -118.99993762858983;     0.0002
 T⁰₀(ϵ);                    -0.0;      Fixed
 T²₀(ϵ);                     0.0;      Fixed
 T²₁(ϵ);                    -0.0;      Fixed
 T²₂(ϵ);                     0.0;      Fixed
 T²₀(χ);      -69.25800240543467;     0.0043
 T²₁(χ);                    -0.0;      Fixed
 T²₂(χ);       0.971711117803447;    -0.0002
 F;            161663.7125406618;      Fixed
 -2ρF;        -6060.998693987677;     0.1251
 V3/2;        3.40713364852356e6;   -20.2437
 η;                          0.0;      Fixed
DN;        -8.009940245488021e-6;    -0.0000

Max Change;  T²₂(χ), 0.0168%

-------------------------------------

After  70 Iterations:

RMS = 0.0124 MHz, log₁₀(λ) = -2.9389

                        Parameter     Change
 BN;          2317.5805756555437;    -0.0037
 BK;           768.9544575682771;     0.0001
 B⨦;          48.293968714740394;     0.0000
 Dab;         -118.9997477458253;     0.0002
 T⁰₀(ϵ);                    -0.0;      Fixed
 T²₀(ϵ);                     0.0;      Fixed
 T²₁(ϵ);                    -0.0;      Fixed
 T²₂(ϵ);                     0.0;      Fixed
 T²₀(χ);      -69.25182530185536;     0.0062
 T²₁(χ);                    -0.0;      Fixed
 T²₂(χ);      0.9714603262302266;    -0.0003
 F;            161663.7125406618;      Fixed
 -2ρF;        -6060.816767026806;     0.1819
 V3/2;      3.4071036041339263e6;   -30.0444
 η;                          0.0;      Fixed
DN;        -8.012221868354703e-6;    -0.0000

Max Change; DN, 0.0285%

-------------------------------------

After  71 Iterations:

RMS = 0.0122 MHz, log₁₀(λ) = -3.0467

                        Parameter     Change
 BN;           2317.575889835887;    -0.0047
 BK;           768.9544913976742;     0.0000
 B⨦;           48.29398483283995;     0.0000
 Dab;        -118.99957501883883;     0.0002
 T⁰₀(ϵ);                    -0.0;      Fixed
 T²₀(ϵ);                     0.0;      Fixed
 T²₁(ϵ);                    -0.0;      Fixed
 T²₂(ϵ);                     0.0;      Fixed
 T²₀(χ);      -69.24751310114766;     0.0043
 T²₁(χ);                    -0.0;      Fixed
 T²₂(χ);      0.9712835096136813;    -0.0002
 F;            161663.7125406618;      Fixed
 -2ρF;       -6060.5758950630225;     0.2409
 V3/2;       3.407061549991291e6;   -42.0541
 η;                          0.0;      Fixed
DN;        -8.013724006475084e-6;    -0.0000

Max Change; DN, 0.0187%

-------------------------------------

After  72 Iterations:

RMS = 0.0122 MHz, log₁₀(λ) = -3.1492

                        Parameter     Change
 BN;          2317.5703847758336;    -0.0055
 BK;           768.9544947936279;     0.0000
 B⨦;            48.2939860574197;     0.0000
 Dab;        -118.99940869716727;     0.0002
 T⁰₀(ϵ);                    -0.0;      Fixed
 T²₀(ϵ);                     0.0;      Fixed
 T²₁(ϵ);                    -0.0;      Fixed
 T²₂(ϵ);                     0.0;      Fixed
 T²₀(χ);      -69.24520679425525;     0.0023
 T²₁(χ);                    -0.0;      Fixed
 T²₂(χ);      0.9711864706227149;    -0.0001
 F;            161663.7125406618;      Fixed
 -2ρF;        -6060.283627942472;     0.2923
 V3/2;      3.4070086432259283e6;   -52.9068
 η;                          0.0;      Fixed
DN;        -8.014420524888129e-6;    -0.0000

Max Change;  T²₂(χ), 0.0100%

-------------------------------------

After  73 Iterations:

RMS = 0.0120 MHz, log₁₀(λ) = -2.6457

                        Parameter     Change
 BN;           2317.568527247853;    -0.0019
 BK;            768.954565141692;     0.0001
 B⨦;           48.29402075441612;     0.0000
 Dab;        -118.99926447711177;     0.0001
 T⁰₀(ϵ);                    -0.0;      Fixed
 T²₀(ϵ);                     0.0;      Fixed
 T²₁(ϵ);                    -0.0;      Fixed
 T²₂(ϵ);                     0.0;      Fixed
 T²₀(χ);      -69.24241997529411;     0.0028
 T²₁(χ);                    -0.0;      Fixed
 T²₂(χ);      0.9710809044658103;    -0.0001
 F;            161663.7125406618;      Fixed
 -2ρF;        -6060.200738068402;     0.0829
 V3/2;      3.4069952571357954e6;   -13.3861
 η;                          0.0;      Fixed
DN;        -8.014751420707242e-6;    -0.0000

Max Change;  T²₂(χ), 0.0109%

-------------------------------------

After  74 Iterations:

RMS = 0.0118 MHz, log₁₀(λ) = -2.7516

                        Parameter     Change
 BN;           2317.566147846713;    -0.0024
 BK;           768.9546105022777;     0.0000
 B⨦;            48.2940427163128;     0.0000
 Dab;        -118.99913979957107;     0.0001
 T⁰₀(ϵ);                    -0.0;      Fixed
 T²₀(ϵ);                     0.0;      Fixed
 T²₁(ϵ);                    -0.0;      Fixed
 T²₂(ϵ);                     0.0;      Fixed
 T²₀(χ);      -69.23836910934946;     0.0041
 T²₁(χ);                    -0.0;      Fixed
 T²₂(χ);       0.970915904389819;    -0.0002
 F;            161663.7125406618;      Fixed
 -2ρF;        -6060.085383713109;     0.1154
 V3/2;      3.4069762668203907e6;   -18.9903
 η;                          0.0;      Fixed
DN;        -8.016334288894555e-6;    -0.0000

Max Change; DN, 0.0197%

-------------------------------------

After  75 Iterations:

RMS = 0.0117 MHz, log₁₀(λ) = -2.8539

                        Parameter     Change
 BN;           2317.563197155991;    -0.0030
 BK;            768.954634117188;     0.0000
 B⨦;          48.294053993916194;     0.0000
 Dab;        -118.99902678352579;     0.0001
 T⁰₀(ϵ);                    -0.0;      Fixed
 T²₀(ϵ);                     0.0;      Fixed
 T²₁(ϵ);                    -0.0;      Fixed
 T²₂(ϵ);                     0.0;      Fixed
 T²₀(χ);      -69.23549650584059;     0.0029
 T²₁(χ);                    -0.0;      Fixed
 T²₂(χ);       0.970797874815496;    -0.0001
 F;            161663.7125406618;      Fixed
 -2ρF;         -6059.93426794923;     0.1511
 V3/2;      3.4069499745583236e6;   -26.2923
 η;                          0.0;      Fixed
DN;        -8.017396169811872e-6;    -0.0000

Max Change; DN, 0.0132%

-------------------------------------

After  76 Iterations:

RMS = 0.0117 MHz, log₁₀(λ) = -2.9536

                        Parameter     Change
 BN;          2317.5596726572276;    -0.0035
 BK;           768.9546382203728;     0.0000
 B⨦;          48.294055722056804;     0.0000
 Dab;        -118.99891854481216;     0.0001
 T⁰₀(ϵ);                    -0.0;      Fixed
 T²₀(ϵ);                     0.0;      Fixed
 T²₁(ϵ);                    -0.0;      Fixed
 T²₂(ϵ);                     0.0;      Fixed
 T²₀(χ);       -69.2339056794612;     0.0016
 T²₁(χ);                    -0.0;      Fixed
 T²₂(χ);      0.9707308468230855;    -0.0001
 F;            161663.7125406618;      Fixed
 -2ρF;        -6059.747559299234;     0.1867
 V3/2;       3.406916234420459e6;   -33.7401
 η;                          0.0;      Fixed
DN;        -8.017919734678774e-6;    -0.0000

Max Change;  T²₂(χ), 0.0069%

-------------------------------------

After  77 Iterations:

RMS = 0.0116 MHz, log₁₀(λ) = -2.4493

                        Parameter     Change
 BN;          2317.5584750008184;    -0.0012
 BK;           768.9546843843486;     0.0000
 B⨦;            48.2940784791041;     0.0000
 Dab;        -118.99882502002798;     0.0001
 T⁰₀(ϵ);                    -0.0;      Fixed
 T²₀(ϵ);                     0.0;      Fixed
 T²₁(ϵ);                    -0.0;      Fixed
 T²₂(ϵ);                     0.0;      Fixed
 T²₀(χ);       -69.2319655664937;     0.0019
 T²₁(χ);                    -0.0;      Fixed
 T²₂(χ);      0.9706586328902601;    -0.0001
 F;            161663.7125406618;      Fixed
 -2ρF;        -6059.694431813576;     0.0531
 V3/2;       3.406907817442442e6;    -8.4170
 η;                          0.0;      Fixed
DN;        -8.017978008000543e-6;    -0.0000

Max Change;  T²₂(χ), 0.0074%

-------------------------------------

After  78 Iterations:

RMS = 0.0115 MHz, log₁₀(λ) = -2.5504

                        Parameter     Change
 BN;          2317.5569780677597;    -0.0015
 BK;             768.95471466234;     0.0000
 B⨦;           48.29409314542617;     0.0000
 Dab;        -118.99874438646694;     0.0001
 T⁰₀(ϵ);                    -0.0;      Fixed
 T²₀(ϵ);                     0.0;      Fixed
 T²₁(ϵ);                    -0.0;      Fixed
 T²₂(ϵ);                     0.0;      Fixed
 T²₀(χ);      -69.22930766940293;     0.0027
 T²₁(χ);                    -0.0;      Fixed
 T²₂(χ);      0.9705495780269512;    -0.0001
 F;            161663.7125406618;      Fixed
 -2ρF;        -6059.622281134826;     0.0722
 V3/2;      3.4068959933101647e6;   -11.8241
 η;                          0.0;      Fixed
DN;        -8.019112344113593e-6;    -0.0000

Max Change; DN, 0.0141%

-------------------------------------

After  79 Iterations:

RMS = 0.0115 MHz, log₁₀(λ) = -2.6498

                        Parameter     Change
 BN;          2317.5551351909885;    -0.0018
 BK;           768.9547311089282;     0.0000
 B⨦;           48.29410101716348;     0.0000
 Dab;        -118.99867164242856;     0.0001
 T⁰₀(ϵ);                    -0.0;      Fixed
 T²₀(ϵ);                     0.0;      Fixed
 T²₁(ϵ);                    -0.0;      Fixed
 T²₂(ϵ);                     0.0;      Fixed
 T²₀(χ);      -69.22740434978442;     0.0019
 T²₁(χ);                    -0.0;      Fixed
 T²₂(χ);      0.9704710972698133;    -0.0001
 F;            161663.7125406618;      Fixed
 -2ρF;        -6059.528308739466;     0.0940
 V3/2;       3.406879701476537e6;   -16.2918
 η;                          0.0;      Fixed
DN;        -8.019881765199899e-6;    -0.0000

Max Change; DN, 0.0096%

-------------------------------------

After  80 Iterations:

RMS = 0.0115 MHz, log₁₀(λ) = -2.7480

                        Parameter     Change
 BN;           2317.552909837802;    -0.0022
 BK;           768.9547351319961;     0.0000
 B⨦;          48.294102808773715;     0.0000
 Dab;        -118.99860240872977;     0.0001
 T⁰₀(ϵ);                    -0.0;      Fixed
 T²₀(ϵ);                     0.0;      Fixed
 T²₁(ϵ);                    -0.0;      Fixed
 T²₂(ϵ);                     0.0;      Fixed
 T²₀(χ);       -69.2263150734521;     0.0011
 T²₁(χ);                    -0.0;      Fixed
 T²₂(χ);      0.9704251042181989;    -0.0000
 F;            161663.7125406618;      Fixed
 -2ρF;        -6059.410741892181;     0.1176
 V3/2;      3.4068584969841503e6;   -21.2045
 η;                          0.0;      Fixed
DN;        -8.020284014533718e-6;    -0.0000

Max Change; DN, 0.0050%

-------------------------------------

After  81 Iterations:

RMS = 0.0114 MHz, log₁₀(λ) = -2.2433

                        Parameter     Change
 BN;          2317.5521499055526;    -0.0008
 BK;           768.9547649150634;     0.0000
 B⨦;           48.29411748072415;     0.0000
 Dab;        -118.99854285384279;     0.0001
 T⁰₀(ϵ);                    -0.0;      Fixed
 T²₀(ϵ);                     0.0;      Fixed
 T²₁(ϵ);                    -0.0;      Fixed
 T²₂(ϵ);                     0.0;      Fixed
 T²₀(χ);      -69.22496250958126;     0.0014
 T²₁(χ);                    -0.0;      Fixed
 T²₂(χ);      0.9703760648074488;    -0.0000
 F;            161663.7125406618;      Fixed
 -2ρF;             -6059.3772729;     0.0335
 V3/2;      3.4068533457685807e6;    -5.1512
 η;                          0.0;      Fixed
DN;        -8.020147462003933e-6;     0.0000

Max Change;  T²₂(χ), 0.0051%

-------------------------------------

After  82 Iterations:

RMS = 0.0114 MHz, log₁₀(λ) = -2.3420

                        Parameter     Change
 BN;          2317.5512157129583;    -0.0009
 BK;           768.9547846961724;     0.0000
 B⨦;           48.29412706575731;     0.0000
 Dab;        -118.99849161614898;     0.0001
 T⁰₀(ϵ);                    -0.0;      Fixed
 T²₀(ϵ);                     0.0;      Fixed
 T²₁(ϵ);                    -0.0;      Fixed
 T²₂(ϵ);                     0.0;      Fixed
 T²₀(χ);       -69.2232561819181;     0.0017
 T²₁(χ);                    -0.0;      Fixed
 T²₂(χ);      0.9703053103893536;    -0.0001
 F;            161663.7125406618;      Fixed
 -2ρF;        -6059.332444114443;     0.0448
 V3/2;      3.4068460073096287e6;    -7.3385
 η;                          0.0;      Fixed
DN;        -8.020978010657678e-6;    -0.0000

Max Change; DN, 0.0104%

-------------------------------------

After  83 Iterations:

RMS = 0.0114 MHz, log₁₀(λ) = -2.4399

                        Parameter     Change
 BN;           2317.550071565534;    -0.0011
 BK;            768.954795769014;     0.0000
 B⨦;           48.29413237382076;     0.0000
 Dab;        -118.99844556314721;     0.0000
 T⁰₀(ϵ);                    -0.0;      Fixed
 T²₀(ϵ);                     0.0;      Fixed
 T²₁(ϵ);                    -0.0;      Fixed
 T²₂(ϵ);                     0.0;      Fixed
 T²₀(χ);      -69.22203027044002;     0.0012
 T²₁(χ);                    -0.0;      Fixed
 T²₂(χ);      0.9702543046889084;    -0.0001
 F;            161663.7125406618;      Fixed
 -2ρF;        -6059.274294122328;     0.0581
 V3/2;      3.4068359369217637e6;   -10.0704
 η;                          0.0;      Fixed
DN;         -8.02154296914492e-6;    -0.0000

Max Change; DN, 0.0070%

-------------------------------------

After  84 Iterations:

RMS = 0.0114 MHz, log₁₀(λ) = -2.5374

                        Parameter     Change
 BN;           2317.548681283166;    -0.0014
 BK;           768.9547990235475;     0.0000
 B⨦;           48.29413385584289;     0.0000
 Dab;        -118.99840194681289;     0.0000
 T⁰₀(ϵ);                    -0.0;      Fixed
 T²₀(ϵ);                     0.0;      Fixed
 T²₁(ϵ);                    -0.0;      Fixed
 T²₂(ϵ);                     0.0;      Fixed
 T²₀(χ);      -69.22131277024901;     0.0007
 T²₁(χ);                    -0.0;      Fixed
 T²₂(χ);      0.9702237833764744;    -0.0000
 F;            161663.7125406618;      Fixed
 -2ρF;        -6059.201003841708;     0.0733
 V3/2;       3.406822730560171e6;   -13.2064
 η;                          0.0;      Fixed
DN;        -8.021851239225253e-6;    -0.0000

Max Change; DN, 0.0038%

-------------------------------------

After  85 Iterations:

RMS = 0.0114 MHz, log₁₀(λ) = -2.0325

                        Parameter     Change
 BN;          2317.5482049384295;    -0.0005
 BK;            768.954817883711;     0.0000
 B⨦;          48.294143140461145;     0.0000
 Dab;        -118.99836460894046;     0.0000
 T⁰₀(ϵ);                    -0.0;      Fixed
 T²₀(ϵ);                     0.0;      Fixed
 T²₁(ϵ);                    -0.0;      Fixed
 T²₂(ϵ);                     0.0;      Fixed
 T²₀(χ);      -69.22037675902011;     0.0009
 T²₁(χ);                    -0.0;      Fixed
 T²₂(χ);       0.970191235399177;    -0.0000
 F;            161663.7125406618;      Fixed
 -2ρF;        -6059.180177273318;     0.0208
 V3/2;      3.4068196531898994e6;    -3.0774
 η;                          0.0;      Fixed
DN;        -8.021574589644463e-6;     0.0000

Max Change; DN, 0.0034%

-------------------------------------

After  86 Iterations:

RMS = 0.0114 MHz, log₁₀(λ) = -2.1301

                        Parameter     Change
 BN;            2317.54762616293;    -0.0006
 BK;           768.9548305250553;     0.0000
 B⨦;           48.29414926812223;     0.0000
 Dab;        -118.99833250930891;     0.0000
 T⁰₀(ϵ);                    -0.0;      Fixed
 T²₀(ϵ);                     0.0;      Fixed
 T²₁(ϵ);                    -0.0;      Fixed
 T²₂(ϵ);                     0.0;      Fixed
 T²₀(χ);      -69.21931048907857;     0.0011
 T²₁(χ);                    -0.0;      Fixed
 T²₂(χ);      0.9701461587781898;    -0.0000
 F;            161663.7125406618;      Fixed
 -2ρF;        -6059.152470151499;     0.0277
 V3/2;      3.4068150953165623e6;    -4.5579
 η;                          0.0;      Fixed
DN;        -8.022198460440663e-6;    -0.0000

Max Change; DN, 0.0078%

-------------------------------------

After  87 Iterations:

RMS = 0.0114 MHz, log₁₀(λ) = -2.2275

                        Parameter     Change
 BN;          2317.5469197000084;    -0.0007
 BK;           768.9548377471783;     0.0000
 B⨦;           48.29415273398977;     0.0000
 Dab;        -118.99830371846122;     0.0000
 T⁰₀(ϵ);                    -0.0;      Fixed
 T²₀(ϵ);                     0.0;      Fixed
 T²₁(ϵ);                    -0.0;      Fixed
 T²₂(ϵ);                     0.0;      Fixed
 T²₀(χ);      -69.21854613173953;     0.0008
 T²₁(χ);                    -0.0;      Fixed
 T²₂(χ);      0.9701137955248346;    -0.0000
 F;            161663.7125406618;      Fixed
 -2ρF;        -6059.116634361469;     0.0358
 V3/2;       3.406808873883844e6;    -6.2214
 η;                          0.0;      Fixed
DN;        -8.022624000773552e-6;    -0.0000

Max Change; DN, 0.0053%

-------------------------------------

After  88 Iterations:

RMS = 0.0113 MHz, log₁₀(λ) = -2.3246

                        Parameter     Change
 BN;           2317.546058145701;    -0.0009
 BK;           768.9548401025211;     0.0000
 B⨦;           48.29415381839092;     0.0000
 Dab;         -118.9982765367654;     0.0000
 T⁰₀(ϵ);                    -0.0;      Fixed
 T²₀(ϵ);                     0.0;      Fixed
 T²₁(ϵ);                    -0.0;      Fixed
 T²₂(ϵ);                     0.0;      Fixed
 T²₀(χ);      -69.21809252550582;     0.0005
 T²₁(χ);                    -0.0;      Fixed
 T²₂(χ);      0.9700942348604523;    -0.0000
 F;            161663.7125406618;      Fixed
 -2ρF;       -6059.0712787659195;     0.0454
 V3/2;       3.406800692400713e6;    -8.1815
 η;                          0.0;      Fixed
DN;        -8.022864351562343e-6;    -0.0000

Max Change; DN, 0.0030%

-------------------------------------

After  89 Iterations:

RMS = 0.0113 MHz, log₁₀(λ) = -1.8196

                        Parameter     Change
 BN;          2317.5457619889958;    -0.0003
 BK;           768.9548518644425;     0.0000
 B⨦;          48.294159603622845;     0.0000
 Dab;        -118.99825339859673;     0.0000
 T⁰₀(ϵ);                    -0.0;      Fixed
 T²₀(ϵ);                     0.0;      Fixed
 T²₁(ϵ);                    -0.0;      Fixed
 T²₂(ϵ);                     0.0;      Fixed
 T²₀(χ);      -69.21744227053118;     0.0007
 T²₁(χ);                    -0.0;      Fixed
 T²₂(χ);      0.9700729286174873;    -0.0000
 F;            161663.7125406618;      Fixed
 -2ρF;        -6059.058435634579;     0.0128
 V3/2;       3.406798912388914e6;    -1.7800
 η;                          0.0;      Fixed
DN;        -8.022495031347662e-6;     0.0000

Max Change; DN, 0.0046%

-------------------------------------

After  90 Iterations:

RMS = 0.0113 MHz, log₁₀(λ) = -1.9168

                        Parameter     Change
 BN;          2317.5454054983184;    -0.0004
 BK;           768.9548598068296;     0.0000
 B⨦;          48.294163456363144;     0.0000
 Dab;        -118.99823348764892;     0.0000
 T⁰₀(ϵ);                    -0.0;      Fixed
 T²₀(ϵ);                     0.0;      Fixed
 T²₁(ϵ);                    -0.0;      Fixed
 T²₂(ϵ);                     0.0;      Fixed
 T²₀(χ);      -69.21679374185108;     0.0006
 T²₁(χ);                    -0.0;      Fixed
 T²₂(χ);      0.9700446715974812;    -0.0000
 F;            161663.7125406618;      Fixed
 -2ρF;        -6059.041374131246;     0.0171
 V3/2;      3.4067960667861416e6;    -2.8456
 η;                          0.0;      Fixed
DN;        -8.022976782537353e-6;    -0.0000

Max Change; DN, 0.0060%

-------------------------------------

After  91 Iterations:

RMS = 0.0113 MHz, log₁₀(λ) = -2.0139

                        Parameter     Change
 BN;          2317.5449711818587;    -0.0004
 BK;           768.9548644135245;     0.0000
 B⨦;           48.29416566896631;     0.0000
 Dab;        -118.99821563698714;     0.0000
 T⁰₀(ϵ);                    -0.0;      Fixed
 T²₀(ϵ);                     0.0;      Fixed
 T²₁(ϵ);                    -0.0;      Fixed
 T²₂(ϵ);                     0.0;      Fixed
 T²₀(χ);      -69.21633317448101;     0.0005
 T²₁(χ);                    -0.0;      Fixed
 T²₂(χ);      0.9700246536749613;    -0.0000
 F;            161663.7125406618;      Fixed
 -2ρF;        -6059.019355665148;     0.0220
 V3/2;       3.406792217512245e6;    -3.8493
 η;                          0.0;      Fixed
DN;         -8.02331024132378e-6;    -0.0000

Max Change; DN, 0.0042%

-------------------------------------

After  92 Iterations:

RMS = 0.0113 MHz, log₁₀(λ) = -2.1109

                        Parameter     Change
 BN;           2317.544440304462;    -0.0005
 BK;           768.9548660174366;     0.0000
 B⨦;            48.2941664121723;     0.0000
 Dab;         -118.9981988105508;     0.0000
 T⁰₀(ϵ);                    -0.0;      Fixed
 T²₀(ϵ);                     0.0;      Fixed
 T²₁(ϵ);                    -0.0;      Fixed
 T²₂(ϵ);                     0.0;      Fixed
 T²₀(χ);      -69.21605769809068;     0.0003
 T²₁(χ);                    -0.0;      Fixed
 T²₂(χ);      0.9700124330740257;    -0.0000
 F;            161663.7125406618;      Fixed
 -2ρF;        -6058.991426434108;     0.0279
 V3/2;       3.406787163321595e6;    -5.0542
 η;                          0.0;      Fixed
DN;         -8.02350358528417e-6;    -0.0000

Max Change; DN, 0.0024%

-------------------------------------

After  93 Iterations:

RMS = 0.0113 MHz, log₁₀(λ) = -1.6058

                        Parameter     Change
 BN;            2317.54425701495;    -0.0002
 BK;           768.9548732677658;     0.0000
 B⨦;          48.294169972545205;     0.0000
 Dab;        -118.99818459421526;     0.0000
 T⁰₀(ϵ);                    -0.0;      Fixed
 T²₀(ϵ);                     0.0;      Fixed
 T²₁(ϵ);                    -0.0;      Fixed
 T²₂(ϵ);                     0.0;      Fixed
 T²₀(χ);      -69.21559744812218;     0.0005
 T²₁(χ);                    -0.0;      Fixed
 T²₂(χ);      0.9699985426739901;    -0.0000
 F;            161663.7125406618;      Fixed
 -2ρF;        -6058.983561016011;     0.0079
 V3/2;      3.4067861826380086e6;    -0.9807
 η;                          0.0;      Fixed
DN;         -8.02308563299719e-6;     0.0000

Max Change; DN, 0.0052%

-------------------------------------

After  94 Iterations:

RMS = 0.0113 MHz, log₁₀(λ) = -1.7028

                        Parameter     Change
 BN;          2317.5440384127633;    -0.0002
 BK;           768.9548781983445;     0.0000
 B⨦;           48.29417236914546;     0.0000
 Dab;        -118.99817232389562;     0.0000
 T⁰₀(ϵ);                    -0.0;      Fixed
 T²₀(ϵ);                     0.0;      Fixed
 T²₁(ϵ);                    -0.0;      Fixed
 T²₂(ϵ);                     0.0;      Fixed
 T²₀(χ);      -69.21521437704942;     0.0004
 T²₁(χ);                    -0.0;      Fixed
 T²₂(χ);      0.9699810155568251;    -0.0000
 F;            161663.7125406618;      Fixed
 -2ρF;       -6058.9730767930405;     0.0105
 V3/2;       3.406784390900977e6;    -1.7917
 η;                          0.0;      Fixed
DN;        -8.023462909416758e-6;    -0.0000

Max Change; DN, 0.0047%

-------------------------------------

After  95 Iterations:

RMS = 0.0113 MHz, log₁₀(λ) = -1.7998

                        Parameter     Change
 BN;          2317.5437722531665;    -0.0003
 BK;           768.9548810982309;     0.0000
 B⨦;            48.2941737627963;     0.0000
 Dab;        -118.99816130911141;     0.0000
 T⁰₀(ϵ);                    -0.0;      Fixed
 T²₀(ϵ);                     0.0;      Fixed
 T²₁(ϵ);                    -0.0;      Fixed
 T²₂(ϵ);                     0.0;      Fixed
 T²₀(χ);      -69.21494834791626;     0.0003
 T²₁(χ);                    -0.0;      Fixed
 T²₂(χ);      0.9699688581411319;    -0.0000
 F;            161663.7125406618;      Fixed
 -2ρF;       -6058.9595734729655;     0.0135
 V3/2;       3.406781998467632e6;    -2.3924
 η;                          0.0;      Fixed
DN;         -8.02373830728851e-6;    -0.0000

Max Change; DN, 0.0034%

-------------------------------------

After  96 Iterations:

RMS = 0.0113 MHz, log₁₀(λ) = -1.8967

                        Parameter     Change
 BN;          2317.5434463905726;    -0.0003
 BK;           768.9548821584558;     0.0000
 B⨦;          48.294174256314435;     0.0000
 Dab;        -118.99815092830013;     0.0000
 T⁰₀(ϵ);                    -0.0;      Fixed
 T²₀(ϵ);                     0.0;      Fixed
 T²₁(ϵ);                    -0.0;      Fixed
 T²₂(ϵ);                     0.0;      Fixed
 T²₀(χ);      -69.21478895021096;     0.0002
 T²₁(χ);                    -0.0;      Fixed
 T²₂(χ);      0.9699613563284615;    -0.0000
 F;            161663.7125406618;      Fixed
 -2ρF;        -6058.942428676511;     0.0171
 V3/2;        3.40677887646141e6;    -3.1220
 η;                          0.0;      Fixed
DN;        -8.023901690148116e-6;    -0.0000

Max Change; DN, 0.0020%

-------------------------------------

After  97 Iterations:

RMS = 0.0113 MHz, log₁₀(λ) = -1.9936

                        Parameter     Change
 BN;           2317.543046421215;    -0.0004
 BK;            768.954881479649;    -0.0000
 B⨦;           48.29417389792509;    -0.0000
 Dab;        -118.99814060030222;     0.0000
 T⁰₀(ϵ);                    -0.0;      Fixed
 T²₀(ϵ);                     0.0;      Fixed
 T²₁(ϵ);                    -0.0;      Fixed
 T²₂(ϵ);                     0.0;      Fixed
 T²₀(χ);      -69.21473057959898;     0.0001
 T²₁(χ);                    -0.0;      Fixed
 T²₂(χ);      0.9699581713046567;    -0.0000
 F;            161663.7125406618;      Fixed
 -2ρF;         -6058.92089006695;     0.0215
 V3/2;       3.406774879442738e6;    -3.9970
 η;                          0.0;      Fixed
DN;        -8.023981210001297e-6;    -0.0000

Max Change; DN, 0.0010%

-------------------------------------

After  98 Iterations:

RMS = 0.0113 MHz, log₁₀(λ) = -1.4885

                        Parameter     Change
 BN;          2317.5429106276006;    -0.0001
 BK;           768.9548855323563;     0.0000
 B⨦;          48.294175891647726;     0.0000
 Dab;        -118.99813170967558;     0.0000
 T⁰₀(ϵ);                    -0.0;      Fixed
 T²₀(ϵ);                     0.0;      Fixed
 T²₁(ϵ);                    -0.0;      Fixed
 T²₂(ϵ);                     0.0;      Fixed
 T²₀(χ);      -69.21449129871006;     0.0002
 T²₁(χ);                    -0.0;      Fixed
 T²₂(χ);      0.9699523081678326;    -0.0000
 F;            161663.7125406618;      Fixed
 -2ρF;        -6058.914730691483;     0.0062
 V3/2;      3.4067740413704044e6;    -0.8381
 η;                          0.0;      Fixed
DN;        -8.023598812162424e-6;     0.0000

Max Change; DN, 0.0048%

-------------------------------------

After  99 Iterations:

RMS = 0.0113 MHz, log₁₀(λ) = -1.5854

                        Parameter     Change
 BN;          2317.5427479072823;    -0.0002
 BK;           768.9548881473498;     0.0000
 B⨦;          48.294177165780816;     0.0000
 Dab;        -118.99812385910944;     0.0000
 T⁰₀(ϵ);                    -0.0;      Fixed
 T²₀(ϵ);                     0.0;      Fixed
 T²₁(ϵ);                    -0.0;      Fixed
 T²₂(ϵ);                     0.0;      Fixed
 T²₀(χ);      -69.21429236673339;     0.0002
 T²₁(χ);                    -0.0;      Fixed
 T²₂(χ);      0.9699427946092922;    -0.0000
 F;            161663.7125406618;      Fixed
 -2ρF;        -6058.906639714763;     0.0081
 V3/2;       3.406772590074095e6;    -1.4513
 η;                          0.0;      Fixed
DN;        -8.023841040137591e-6;    -0.0000

Max Change; DN, 0.0030%

-------------------------------------

After 100 Iterations:

RMS = 0.0113 MHz, log₁₀(λ) = -1.6824

                        Parameter     Change
 BN;          2317.5425488785177;    -0.0002
 BK;           768.9548894758038;     0.0000
 B⨦;          48.294177799594685;     0.0000
 Dab;        -118.99811662294536;     0.0000
 T⁰₀(ϵ);                    -0.0;      Fixed
 T²₀(ϵ);                     0.0;      Fixed
 T²₁(ϵ);                    -0.0;      Fixed
 T²₂(ϵ);                     0.0;      Fixed
 T²₀(χ);       -69.2141637524027;     0.0001
 T²₁(χ);                    -0.0;      Fixed
 T²₂(χ);      0.9699364198011926;    -0.0000
 F;            161663.7125406618;      Fixed
 -2ρF;        -6058.896316040562;     0.0103
 V3/2;       3.406770709288522e6;    -1.8808
 η;                          0.0;      Fixed
DN;         -8.02402704506745e-6;    -0.0000

Max Change; DN, 0.0023%

-------------------------------------

After 101 Iterations:

RMS = 0.0113 MHz, log₁₀(λ) = -1.7793

                        Parameter     Change
 BN;           2317.542304379126;    -0.0002
 BK;           768.9548896023609;     0.0000
 B⨦;           48.29417784417468;     0.0000
 Dab;         -118.9981096051768;     0.0000
 T⁰₀(ϵ);                    -0.0;      Fixed
 T²₀(ϵ);                     0.0;      Fixed
 T²₁(ϵ);                    -0.0;      Fixed
 T²₂(ϵ);                     0.0;      Fixed
 T²₀(χ);      -69.21409946238887;     0.0001
 T²₁(χ);                    -0.0;      Fixed
 T²₂(χ);      0.9699329204133694;    -0.0000
 F;            161663.7125406618;      Fixed
 -2ρF;        -6058.883272990214;     0.0130
 V3/2;      3.4067682952582194e6;    -2.4140
 η;                          0.0;      Fixed
DN;        -8.024135703074449e-6;    -0.0000

Max Change; DN, 0.0014%

-------------------------------------

After 102 Iterations:

RMS = 0.0113 MHz, log₁₀(λ) = -1.2742

                        Parameter     Change
 BN;          2317.5422198398037;    -0.0001
 BK;           768.9548924351184;     0.0000
 B⨦;           48.29417922584964;     0.0000
 Dab;         -118.9981037140343;     0.0000
 T⁰₀(ϵ);                    -0.0;      Fixed
 T²₀(ϵ);                     0.0;      Fixed
 T²₁(ϵ);                    -0.0;      Fixed
 T²₂(ϵ);                     0.0;      Fixed
 T²₀(χ);      -69.21387001071344;     0.0002
 T²₁(χ);                    -0.0;      Fixed
 T²₂(χ);      0.9699274204755952;    -0.0000
 F;            161663.7125406618;      Fixed
 -2ρF;        -6058.879611517511;     0.0037
 V3/2;      3.4067679278087383e6;    -0.3674
 η;                          0.0;      Fixed
DN;        -8.023745914991165e-6;     0.0000

Max Change; DN, 0.0049%

-------------------------------------

After 103 Iterations:

RMS = 0.0113 MHz, log₁₀(λ) = -1.3711

                        Parameter     Change
 BN;           2317.542120314084;    -0.0001
 BK;           768.9548943282225;     0.0000
 B⨦;           48.29418015735769;     0.0000
 Dab;        -118.99809852106233;     0.0000
 T⁰₀(ϵ);                    -0.0;      Fixed
 T²₀(ϵ);                     0.0;      Fixed
 T²₁(ϵ);                    -0.0;      Fixed
 T²₂(ϵ);                     0.0;      Fixed
 T²₀(χ);      -69.21373978459106;     0.0001
 T²₁(χ);                    -0.0;      Fixed
 T²₂(χ);      0.9699207469275495;    -0.0000
 F;            161663.7125406618;      Fixed
 -2ρF;        -6058.874700777653;     0.0049
 V3/2;          3.406767016907e6;    -0.9109
 η;                          0.0;      Fixed
DN;         -8.02395495301383e-6;    -0.0000

Max Change; DN, 0.0026%

-------------------------------------

After 104 Iterations:

RMS = 0.0113 MHz, log₁₀(λ) = -1.4680

                        Parameter     Change
 BN;           2317.541998635601;    -0.0001
 BK;           768.9548953943487;     0.0000
 B⨦;           48.29418066942126;     0.0000
 Dab;        -118.99809376657826;     0.0000
 T⁰₀(ϵ);                    -0.0;      Fixed
 T²₀(ϵ);                     0.0;      Fixed
 T²₁(ϵ);                    -0.0;      Fixed
 T²₂(ϵ);                     0.0;      Fixed
 T²₀(χ);      -69.21366227794418;     0.0001
 T²₁(χ);                    -0.0;      Fixed
 T²₂(χ);      0.9699163762049349;    -0.0000
 F;            161663.7125406618;      Fixed
 -2ρF;        -6058.868426291537;     0.0063
 V3/2;       3.406765851870278e6;    -1.1650
 η;                          0.0;      Fixed
DN;        -8.024140416777252e-6;    -0.0000

Max Change; DN, 0.0023%

-------------------------------------

After 105 Iterations:

RMS = 0.0113 MHz, log₁₀(λ) = -1.5649

                        Parameter     Change
 BN;          2317.5418490501816;    -0.0001
 BK;           768.9548956831759;     0.0000
 B⨦;          48.294180799342094;     0.0000
 Dab;        -118.99808920427391;     0.0000
 T⁰₀(ϵ);                    -0.0;      Fixed
 T²₀(ϵ);                     0.0;      Fixed
 T²₁(ϵ);                    -0.0;      Fixed
 T²₂(ϵ);                     0.0;      Fixed
 T²₀(χ);      -69.21362097262713;     0.0000
 T²₁(χ);                    -0.0;      Fixed
 T²₂(χ);      0.9699138515750896;    -0.0000
 F;            161663.7125406618;      Fixed
 -2ρF;        -6058.860482691869;     0.0079
 V3/2;      3.4067643709380394e6;    -1.4809
 η;                          0.0;      Fixed
DN;         -8.02425979500809e-6;    -0.0000

Max Change; DN, 0.0015%

-------------------------------------

After 106 Iterations:

RMS = 0.0113 MHz, log₁₀(λ) = -1.0598

                        Parameter     Change
 BN;           2317.541796291255;    -0.0001
 BK;           768.9548975229517;     0.0000
 B⨦;          48.294181682625805;     0.0000
 Dab;        -118.99808547591007;     0.0000
 T⁰₀(ϵ);                    -0.0;      Fixed
 T²₀(ϵ);                     0.0;      Fixed
 T²₁(ϵ);                    -0.0;      Fixed
 T²₂(ϵ);                     0.0;      Fixed
 T²₀(χ);       -69.2134235505344;     0.0002
 T²₁(χ);                    -0.0;      Fixed
 T²₂(χ);      0.9699093469970577;    -0.0000
 F;            161663.7125406618;      Fixed
 -2ρF;        -6058.858305267932;     0.0022
 V3/2;      3.4067642646188512e6;    -0.1063
 η;                          0.0;      Fixed
DN;        -8.023888610902156e-6;     0.0000

Max Change; DN, 0.0046%

-------------------------------------

 It would appear step size has converged.

After 106 iterations:

Final RMS = 0.0113 MHz
Final log₁₀(λ) = -1.0598


A;            3029.7279802507337;            0.3877680299944855
B;             865.5432608882033;           0.13403408440979248
C;                672.3665341577;           0.13403408440979248
Dab;         -118.99808547591007;            1.6639910949505503
ϵzz;                         0.0;                           0.0
ϵxx;                         0.0;                           0.0
ϵxz;                         0.0;                           0.0
ϵyy;                        -0.0;                           0.0
χzz;           -69.2134235505344;           0.09806575040804086
χxz;                         0.0;                           0.0
χxx-χyy;      2.3757829968988227;           0.06649130539445498
F;            5.3925209999999995;                           0.0
ρ;          0.018739079444757903;          4.031068040724055e-5
V3;           227.27484789619697;           0.16742468310716907
η;                           0.0;                           0.0
DN;        -8.023888610902156e-6;         3.2854877402885514e-7


A;                 3.02973(39)e3
B;                  865.54(13)e0
C;                  672.37(13)e0
Dab;                -119.0(17)e0
ϵzz;               0.0e0 (Fixed)
ϵxx;               0.0e0 (Fixed)
ϵxz;               0.0e0 (Fixed)
ϵyy;              -0.0e0 (Fixed)
χzz;               -69.213(98)e0
χxz;               0.0e0 (Fixed)
χxx-χyy;             2.376(66)e0
F;             5.39252e0 (Fixed)
ρ;                  18.739(4)e-3
V3;                 227.27(17)e0
η;                 0.0e0 (Fixed)
DN;                 -8.02(33)e-6


 Again, sorry about the name...


